[ 2018-05-21T09:39:16+08:00 ] 127.0.0.1 /index.php/Dxt/Index/getAdList
INFO: [ app_begin ] --START--
INFO: Run Behavior\ReadHtmlCacheBehavior [ RunTime:0.000636s ]
INFO: [ app_begin ] --END-- [ RunTime:0.001073s ]
SQL: SHOW COLUMNS FROM `qs_sqk_sys_config_def` [ RunTime:0.0062s ]
SQL: SELECT * FROM `qs_sqk_sys_config_def`  [ RunTime:0.0018s ]
SQL: SHOW COLUMNS FROM `qs_sqk_seller_info` [ RunTime:0.0040s ]
SQL: SELECT * FROM `qs_sqk_seller_info` WHERE ( 1=1 ) ORDER BY RAND() LIMIT 5   [ RunTime:0.0038s ]

[ 2018-05-21T09:43:10+08:00 ] 127.0.0.1 /index.php/Dxt/Index/getAdList
INFO: [ app_begin ] --START--
INFO: Run Behavior\ReadHtmlCacheBehavior [ RunTime:0.000629s ]
INFO: [ app_begin ] --END-- [ RunTime:0.001066s ]
SQL: SHOW COLUMNS FROM `qs_sqk_sys_config_def` [ RunTime:0.0056s ]
SQL: SELECT * FROM `qs_sqk_sys_config_def`  [ RunTime:0.0018s ]
SQL: SHOW COLUMNS FROM `qs_sqk_seller_info` [ RunTime:0.0048s ]
SQL: SELECT * FROM `qs_sqk_seller_info` WHERE ( 1=1 ) ORDER BY RAND() LIMIT 5   [ RunTime:0.0032s ]

[ 2018-05-21T09:43:11+08:00 ] 127.0.0.1 /index.php/Dxt/Index/getAdList
INFO: [ app_begin ] --START--
INFO: Run Behavior\ReadHtmlCacheBehavior [ RunTime:0.000407s ]
INFO: [ app_begin ] --END-- [ RunTime:0.000778s ]
SQL: SHOW COLUMNS FROM `qs_sqk_sys_config_def` [ RunTime:0.0047s ]
SQL: SELECT * FROM `qs_sqk_sys_config_def`  [ RunTime:0.0021s ]
SQL: SHOW COLUMNS FROM `qs_sqk_seller_info` [ RunTime:0.0056s ]
SQL: SELECT * FROM `qs_sqk_seller_info` WHERE ( 1=1 ) ORDER BY RAND() LIMIT 5   [ RunTime:0.0029s ]

[ 2018-05-21T09:43:11+08:00 ] 127.0.0.1 /index.php/Dxt/Index/getAdList
INFO: [ app_begin ] --START--
INFO: Run Behavior\ReadHtmlCacheBehavior [ RunTime:0.000407s ]
INFO: [ app_begin ] --END-- [ RunTime:0.000750s ]
SQL: SHOW COLUMNS FROM `qs_sqk_sys_config_def` [ RunTime:0.0043s ]
SQL: SELECT * FROM `qs_sqk_sys_config_def`  [ RunTime:0.0028s ]
SQL: SHOW COLUMNS FROM `qs_sqk_seller_info` [ RunTime:0.0062s ]
SQL: SELECT * FROM `qs_sqk_seller_info` WHERE ( 1=1 ) ORDER BY RAND() LIMIT 5   [ RunTime:0.0028s ]

[ 2018-05-21T09:43:12+08:00 ] 127.0.0.1 /index.php/Dxt/Index/getAdList
INFO: [ app_begin ] --START--
INFO: Run Behavior\ReadHtmlCacheBehavior [ RunTime:0.000421s ]
INFO: [ app_begin ] --END-- [ RunTime:0.000797s ]
SQL: SHOW COLUMNS FROM `qs_sqk_sys_config_def` [ RunTime:0.0038s ]
SQL: SELECT * FROM `qs_sqk_sys_config_def`  [ RunTime:0.0018s ]
SQL: SHOW COLUMNS FROM `qs_sqk_seller_info` [ RunTime:0.0060s ]
SQL: SELECT * FROM `qs_sqk_seller_info` WHERE ( 1=1 ) ORDER BY RAND() LIMIT 5   [ RunTime:0.0028s ]

[ 2018-05-21T09:43:12+08:00 ] 127.0.0.1 /index.php/Dxt/Index/getAdList
INFO: [ app_begin ] --START--
INFO: Run Behavior\ReadHtmlCacheBehavior [ RunTime:0.000471s ]
INFO: [ app_begin ] --END-- [ RunTime:0.000909s ]
SQL: SHOW COLUMNS FROM `qs_sqk_sys_config_def` [ RunTime:0.0040s ]
SQL: SELECT * FROM `qs_sqk_sys_config_def`  [ RunTime:0.0039s ]
SQL: SHOW COLUMNS FROM `qs_sqk_seller_info` [ RunTime:0.0054s ]
SQL: SELECT * FROM `qs_sqk_seller_info` WHERE ( 1=1 ) ORDER BY RAND() LIMIT 5   [ RunTime:0.0035s ]

[ 2018-05-21T09:43:13+08:00 ] 127.0.0.1 /index.php/Dxt/Index/getAdList
INFO: [ app_begin ] --START--
INFO: Run Behavior\ReadHtmlCacheBehavior [ RunTime:0.000408s ]
INFO: [ app_begin ] --END-- [ RunTime:0.000777s ]
SQL: SHOW COLUMNS FROM `qs_sqk_sys_config_def` [ RunTime:0.0053s ]
SQL: SELECT * FROM `qs_sqk_sys_config_def`  [ RunTime:0.0017s ]
SQL: SHOW COLUMNS FROM `qs_sqk_seller_info` [ RunTime:0.0048s ]
SQL: SELECT * FROM `qs_sqk_seller_info` WHERE ( 1=1 ) ORDER BY RAND() LIMIT 5   [ RunTime:0.0030s ]

[ 2018-05-21T09:43:13+08:00 ] 127.0.0.1 /index.php/Dxt/Index/getAdList
INFO: [ app_begin ] --START--
INFO: Run Behavior\ReadHtmlCacheBehavior [ RunTime:0.000395s ]
INFO: [ app_begin ] --END-- [ RunTime:0.000773s ]
SQL: SHOW COLUMNS FROM `qs_sqk_sys_config_def` [ RunTime:0.0045s ]
SQL: SELECT * FROM `qs_sqk_sys_config_def`  [ RunTime:0.0016s ]
SQL: SHOW COLUMNS FROM `qs_sqk_seller_info` [ RunTime:0.0041s ]
SQL: SELECT * FROM `qs_sqk_seller_info` WHERE ( 1=1 ) ORDER BY RAND() LIMIT 5   [ RunTime:0.0029s ]

[ 2018-05-21T09:43:14+08:00 ] 127.0.0.1 /index.php/Dxt/Index/getAdList
INFO: [ app_begin ] --START--
INFO: Run Behavior\ReadHtmlCacheBehavior [ RunTime:0.000394s ]
INFO: [ app_begin ] --END-- [ RunTime:0.000760s ]
SQL: SHOW COLUMNS FROM `qs_sqk_sys_config_def` [ RunTime:0.0044s ]
SQL: SELECT * FROM `qs_sqk_sys_config_def`  [ RunTime:0.0016s ]
SQL: SHOW COLUMNS FROM `qs_sqk_seller_info` [ RunTime:0.0052s ]
SQL: SELECT * FROM `qs_sqk_seller_info` WHERE ( 1=1 ) ORDER BY RAND() LIMIT 5   [ RunTime:0.0032s ]

[ 2018-05-21T09:43:14+08:00 ] 127.0.0.1 /index.php/Dxt/Index/getAdList
INFO: [ app_begin ] --START--
INFO: Run Behavior\ReadHtmlCacheBehavior [ RunTime:0.000464s ]
INFO: [ app_begin ] --END-- [ RunTime:0.000841s ]
SQL: SHOW COLUMNS FROM `qs_sqk_sys_config_def` [ RunTime:0.0054s ]
SQL: SELECT * FROM `qs_sqk_sys_config_def`  [ RunTime:0.0016s ]
SQL: SHOW COLUMNS FROM `qs_sqk_seller_info` [ RunTime:0.0060s ]
SQL: SELECT * FROM `qs_sqk_seller_info` WHERE ( 1=1 ) ORDER BY RAND() LIMIT 5   [ RunTime:0.0051s ]

[ 2018-05-21T09:43:15+08:00 ] 127.0.0.1 /index.php/Dxt/Index/getAdList
INFO: [ app_begin ] --START--
INFO: Run Behavior\ReadHtmlCacheBehavior [ RunTime:0.000431s ]
INFO: [ app_begin ] --END-- [ RunTime:0.000821s ]
SQL: SHOW COLUMNS FROM `qs_sqk_sys_config_def` [ RunTime:0.0050s ]
SQL: SELECT * FROM `qs_sqk_sys_config_def`  [ RunTime:0.0017s ]
SQL: SHOW COLUMNS FROM `qs_sqk_seller_info` [ RunTime:0.0047s ]
SQL: SELECT * FROM `qs_sqk_seller_info` WHERE ( 1=1 ) ORDER BY RAND() LIMIT 5   [ RunTime:0.0032s ]

[ 2018-05-21T09:43:15+08:00 ] 127.0.0.1 /index.php/Dxt/Index/getAdList
INFO: [ app_begin ] --START--
INFO: Run Behavior\ReadHtmlCacheBehavior [ RunTime:0.000406s ]
INFO: [ app_begin ] --END-- [ RunTime:0.000766s ]
SQL: SHOW COLUMNS FROM `qs_sqk_sys_config_def` [ RunTime:0.0043s ]
SQL: SELECT * FROM `qs_sqk_sys_config_def`  [ RunTime:0.0021s ]
SQL: SHOW COLUMNS FROM `qs_sqk_seller_info` [ RunTime:0.0047s ]
SQL: SELECT * FROM `qs_sqk_seller_info` WHERE ( 1=1 ) ORDER BY RAND() LIMIT 5   [ RunTime:0.0031s ]

[ 2018-05-21T09:43:16+08:00 ] 127.0.0.1 /index.php/Dxt/Index/getAdList
INFO: [ app_begin ] --START--
INFO: Run Behavior\ReadHtmlCacheBehavior [ RunTime:0.000437s ]
INFO: [ app_begin ] --END-- [ RunTime:0.000845s ]
SQL: SHOW COLUMNS FROM `qs_sqk_sys_config_def` [ RunTime:0.0055s ]
SQL: SELECT * FROM `qs_sqk_sys_config_def`  [ RunTime:0.0030s ]
SQL: SHOW COLUMNS FROM `qs_sqk_seller_info` [ RunTime:0.0049s ]
SQL: SELECT * FROM `qs_sqk_seller_info` WHERE ( 1=1 ) ORDER BY RAND() LIMIT 5   [ RunTime:0.0031s ]

[ 2018-05-21T09:43:19+08:00 ] 127.0.0.1 /index.php/Dxt/Index/getAdList
INFO: [ app_begin ] --START--
INFO: Run Behavior\ReadHtmlCacheBehavior [ RunTime:0.000625s ]
INFO: [ app_begin ] --END-- [ RunTime:0.001065s ]
SQL: SHOW COLUMNS FROM `qs_sqk_sys_config_def` [ RunTime:0.0047s ]
SQL: SELECT * FROM `qs_sqk_sys_config_def`  [ RunTime:0.0017s ]
SQL: SHOW COLUMNS FROM `qs_sqk_seller_info` [ RunTime:0.0039s ]
SQL: SELECT * FROM `qs_sqk_seller_info` WHERE ( 1=1 ) ORDER BY RAND() LIMIT 5   [ RunTime:0.0037s ]

[ 2018-05-21T09:43:20+08:00 ] 127.0.0.1 /index.php/Dxt/Index/getAdList
INFO: [ app_begin ] --START--
INFO: Run Behavior\ReadHtmlCacheBehavior [ RunTime:0.000410s ]
INFO: [ app_begin ] --END-- [ RunTime:0.000861s ]
SQL: SHOW COLUMNS FROM `qs_sqk_sys_config_def` [ RunTime:0.0051s ]
SQL: SELECT * FROM `qs_sqk_sys_config_def`  [ RunTime:0.0020s ]
SQL: SHOW COLUMNS FROM `qs_sqk_seller_info` [ RunTime:0.0045s ]
SQL: SELECT * FROM `qs_sqk_seller_info` WHERE ( 1=1 ) ORDER BY RAND() LIMIT 5   [ RunTime:0.0031s ]

[ 2018-05-21T09:43:22+08:00 ] 127.0.0.1 /index.php/Dxt/Index/getAdList
INFO: [ app_begin ] --START--
INFO: Run Behavior\ReadHtmlCacheBehavior [ RunTime:0.000496s ]
INFO: [ app_begin ] --END-- [ RunTime:0.001094s ]
SQL: SHOW COLUMNS FROM `qs_sqk_sys_config_def` [ RunTime:0.0055s ]
SQL: SELECT * FROM `qs_sqk_sys_config_def`  [ RunTime:0.0019s ]
SQL: SHOW COLUMNS FROM `qs_sqk_seller_info` [ RunTime:0.0053s ]
SQL: SELECT * FROM `qs_sqk_seller_info` WHERE ( 1=1 ) ORDER BY RAND() LIMIT 5   [ RunTime:0.0028s ]

[ 2018-05-21T09:43:23+08:00 ] 127.0.0.1 /index.php/Dxt/Index/getAdList
INFO: [ app_begin ] --START--
INFO: Run Behavior\ReadHtmlCacheBehavior [ RunTime:0.000433s ]
INFO: [ app_begin ] --END-- [ RunTime:0.000942s ]
SQL: SHOW COLUMNS FROM `qs_sqk_sys_config_def` [ RunTime:0.0064s ]
SQL: SELECT * FROM `qs_sqk_sys_config_def`  [ RunTime:0.0021s ]
SQL: SHOW COLUMNS FROM `qs_sqk_seller_info` [ RunTime:0.0049s ]
SQL: SELECT * FROM `qs_sqk_seller_info` WHERE ( 1=1 ) ORDER BY RAND() LIMIT 5   [ RunTime:0.0033s ]

[ 2018-05-21T09:43:24+08:00 ] 127.0.0.1 /index.php/Dxt/Index/getAdList
INFO: [ app_begin ] --START--
INFO: Run Behavior\ReadHtmlCacheBehavior [ RunTime:0.000478s ]
INFO: [ app_begin ] --END-- [ RunTime:0.001098s ]
SQL: SHOW COLUMNS FROM `qs_sqk_sys_config_def` [ RunTime:0.0058s ]
SQL: SELECT * FROM `qs_sqk_sys_config_def`  [ RunTime:0.0018s ]
SQL: SHOW COLUMNS FROM `qs_sqk_seller_info` [ RunTime:0.0042s ]
SQL: SELECT * FROM `qs_sqk_seller_info` WHERE ( 1=1 ) ORDER BY RAND() LIMIT 5   [ RunTime:0.0031s ]

[ 2018-05-21T09:43:26+08:00 ] 127.0.0.1 /index.php/Dxt/Index/getAdList
INFO: [ app_begin ] --START--
INFO: Run Behavior\ReadHtmlCacheBehavior [ RunTime:0.000413s ]
INFO: [ app_begin ] --END-- [ RunTime:0.000896s ]
SQL: SHOW COLUMNS FROM `qs_sqk_sys_config_def` [ RunTime:0.0041s ]
SQL: SELECT * FROM `qs_sqk_sys_config_def`  [ RunTime:0.0016s ]
SQL: SHOW COLUMNS FROM `qs_sqk_seller_info` [ RunTime:0.0061s ]
SQL: SELECT * FROM `qs_sqk_seller_info` WHERE ( 1=1 ) ORDER BY RAND() LIMIT 5   [ RunTime:0.0029s ]

[ 2018-05-21T09:43:27+08:00 ] 127.0.0.1 /index.php/Dxt/Index/getAdList
INFO: [ app_begin ] --START--
INFO: Run Behavior\ReadHtmlCacheBehavior [ RunTime:0.000410s ]
INFO: [ app_begin ] --END-- [ RunTime:0.000905s ]
SQL: SHOW COLUMNS FROM `qs_sqk_sys_config_def` [ RunTime:0.0038s ]
SQL: SELECT * FROM `qs_sqk_sys_config_def`  [ RunTime:0.0017s ]
SQL: SHOW COLUMNS FROM `qs_sqk_seller_info` [ RunTime:0.0047s ]
SQL: SELECT * FROM `qs_sqk_seller_info` WHERE ( 1=1 ) ORDER BY RAND() LIMIT 5   [ RunTime:0.0035s ]

[ 2018-05-21T09:43:29+08:00 ] 127.0.0.1 /index.php/Dxt/Index/getAdList
INFO: [ app_begin ] --START--
INFO: Run Behavior\ReadHtmlCacheBehavior [ RunTime:0.000408s ]
INFO: [ app_begin ] --END-- [ RunTime:0.000854s ]
SQL: SHOW COLUMNS FROM `qs_sqk_sys_config_def` [ RunTime:0.0048s ]
SQL: SELECT * FROM `qs_sqk_sys_config_def`  [ RunTime:0.0021s ]
SQL: SHOW COLUMNS FROM `qs_sqk_seller_info` [ RunTime:0.0042s ]
SQL: SELECT * FROM `qs_sqk_seller_info` WHERE ( 1=1 ) ORDER BY RAND() LIMIT 5   [ RunTime:0.0030s ]

[ 2018-05-21T09:43:30+08:00 ] 127.0.0.1 /index.php/Dxt/Index/getAdList
INFO: [ app_begin ] --START--
INFO: Run Behavior\ReadHtmlCacheBehavior [ RunTime:0.000435s ]
INFO: [ app_begin ] --END-- [ RunTime:0.001012s ]
SQL: SHOW COLUMNS FROM `qs_sqk_sys_config_def` [ RunTime:0.0054s ]
SQL: SELECT * FROM `qs_sqk_sys_config_def`  [ RunTime:0.0030s ]
SQL: SHOW COLUMNS FROM `qs_sqk_seller_info` [ RunTime:0.0044s ]
SQL: SELECT * FROM `qs_sqk_seller_info` WHERE ( 1=1 ) ORDER BY RAND() LIMIT 5   [ RunTime:0.0039s ]

[ 2018-05-21T09:43:33+08:00 ] 127.0.0.1 /index.php/Dxt/Index/getAdList
INFO: [ app_begin ] --START--
INFO: Run Behavior\ReadHtmlCacheBehavior [ RunTime:0.000434s ]
INFO: [ app_begin ] --END-- [ RunTime:0.000971s ]
SQL: SHOW COLUMNS FROM `qs_sqk_sys_config_def` [ RunTime:0.0040s ]
SQL: SELECT * FROM `qs_sqk_sys_config_def`  [ RunTime:0.0017s ]
SQL: SHOW COLUMNS FROM `qs_sqk_seller_info` [ RunTime:0.0059s ]
SQL: SELECT * FROM `qs_sqk_seller_info` WHERE ( 1=1 ) ORDER BY RAND() LIMIT 5   [ RunTime:0.0035s ]

[ 2018-05-21T09:46:44+08:00 ] 127.0.0.1 /index.php/Dxt/Index/getAdList
INFO: [ app_begin ] --START--
INFO: Run Behavior\ReadHtmlCacheBehavior [ RunTime:0.000646s ]
INFO: [ app_begin ] --END-- [ RunTime:0.001138s ]
SQL: SHOW COLUMNS FROM `qs_sqk_sys_config_def` [ RunTime:0.0041s ]
SQL: SELECT * FROM `qs_sqk_sys_config_def`  [ RunTime:0.0016s ]
SQL: SHOW COLUMNS FROM `qs_sqk_seller_info` [ RunTime:0.0046s ]
SQL: SELECT * FROM `qs_sqk_seller_info` WHERE ( 1=1 ) ORDER BY RAND() LIMIT 5   [ RunTime:0.0028s ]

[ 2018-05-21T09:46:47+08:00 ] 127.0.0.1 /index.php/Dxt/Index/getAdList
INFO: [ app_begin ] --START--
INFO: Run Behavior\ReadHtmlCacheBehavior [ RunTime:0.000424s ]
INFO: [ app_begin ] --END-- [ RunTime:0.000854s ]
SQL: SHOW COLUMNS FROM `qs_sqk_sys_config_def` [ RunTime:0.0048s ]
SQL: SELECT * FROM `qs_sqk_sys_config_def`  [ RunTime:0.0019s ]
SQL: SHOW COLUMNS FROM `qs_sqk_seller_info` [ RunTime:0.0058s ]
SQL: SELECT * FROM `qs_sqk_seller_info` WHERE ( 1=1 ) ORDER BY RAND() LIMIT 5   [ RunTime:0.0031s ]

