[ 2018-05-28T16:16:59+08:00 ] 127.0.0.1 /index.php/dxt
INFO: [ app_init ] --START--
INFO: Run Behavior\BuildLiteBehavior [ RunTime:0.000026s ]
INFO: [ app_init ] --END-- [ RunTime:0.000580s ]
INFO: [ app_begin ] --START--
INFO: Run Behavior\ReadHtmlCacheBehavior [ RunTime:0.000984s ]
INFO: [ app_begin ] --END-- [ RunTime:0.001112s ]
SQL: SHOW COLUMNS FROM `qs_sqk_sys_config_def` [ RunTime:0.0040s ]
SQL: SELECT * FROM `qs_sqk_sys_config_def`  [ RunTime:0.0018s ]
INFO: [ view_parse ] --START--
INFO: [ template_filter ] --START--
INFO: Run Behavior\ContentReplaceBehavior [ RunTime:0.000067s ]
INFO: [ template_filter ] --END-- [ RunTime:0.000178s ]
INFO: Run Behavior\ParseTemplateBehavior [ RunTime:0.007733s ]
INFO: [ view_parse ] --END-- [ RunTime:0.007846s ]
INFO: [ view_filter ] --START--
INFO: Run Behavior\WriteHtmlCacheBehavior [ RunTime:0.000784s ]
INFO: [ view_filter ] --END-- [ RunTime:0.000890s ]
INFO: [ app_end ] --START--
INFO: Run Behavior\ShowPageTraceBehavior [ RunTime:0.000907s ]
INFO: [ app_end ] --END-- [ RunTime:0.001026s ]

[ 2018-05-28T16:16:59+08:00 ] 127.0.0.1 /index.php/Dxt/Index/getAdList
INFO: [ app_init ] --START--
INFO: Run Behavior\BuildLiteBehavior [ RunTime:0.000024s ]
INFO: [ app_init ] --END-- [ RunTime:0.000471s ]
INFO: [ app_begin ] --START--
INFO: Run Behavior\ReadHtmlCacheBehavior [ RunTime:0.001027s ]
INFO: [ app_begin ] --END-- [ RunTime:0.001150s ]
SQL: SHOW COLUMNS FROM `qs_sqk_sys_config_def` [ RunTime:0.0056s ]
SQL: SELECT * FROM `qs_sqk_sys_config_def`  [ RunTime:0.0020s ]
SQL: SHOW COLUMNS FROM `qs_sqk_seller_info` [ RunTime:0.0042s ]
SQL: SELECT * FROM `qs_sqk_seller_info` WHERE ( 1=1 ) AND `status` = 1 ORDER BY RAND() LIMIT 5   [ RunTime:0.0031s ]

[ 2018-05-28T16:58:53+08:00 ] 127.0.0.1 /index.php/dxt
INFO: [ app_init ] --START--
INFO: Run Behavior\BuildLiteBehavior [ RunTime:0.000022s ]
INFO: [ app_init ] --END-- [ RunTime:0.000478s ]
INFO: [ app_begin ] --START--
INFO: Run Behavior\ReadHtmlCacheBehavior [ RunTime:0.001057s ]
INFO: [ app_begin ] --END-- [ RunTime:0.001188s ]
SQL: SHOW COLUMNS FROM `qs_sqk_sys_config_def` [ RunTime:0.0057s ]
SQL: SELECT * FROM `qs_sqk_sys_config_def`  [ RunTime:0.0019s ]
INFO: [ view_parse ] --START--
INFO: [ template_filter ] --START--
INFO: Run Behavior\ContentReplaceBehavior [ RunTime:0.000066s ]
INFO: [ template_filter ] --END-- [ RunTime:0.000173s ]
INFO: Run Behavior\ParseTemplateBehavior [ RunTime:0.007829s ]
INFO: [ view_parse ] --END-- [ RunTime:0.007945s ]
INFO: [ view_filter ] --START--
INFO: Run Behavior\WriteHtmlCacheBehavior [ RunTime:0.000774s ]
INFO: [ view_filter ] --END-- [ RunTime:0.000874s ]
INFO: [ app_end ] --START--
INFO: Run Behavior\ShowPageTraceBehavior [ RunTime:0.000888s ]
INFO: [ app_end ] --END-- [ RunTime:0.000994s ]

[ 2018-05-28T16:58:53+08:00 ] 127.0.0.1 /index.php/Dxt/Index/getAdList
INFO: [ app_init ] --START--
INFO: Run Behavior\BuildLiteBehavior [ RunTime:0.000025s ]
INFO: [ app_init ] --END-- [ RunTime:0.000503s ]
INFO: [ app_begin ] --START--
INFO: Run Behavior\ReadHtmlCacheBehavior [ RunTime:0.001286s ]
INFO: [ app_begin ] --END-- [ RunTime:0.001432s ]
SQL: SHOW COLUMNS FROM `qs_sqk_sys_config_def` [ RunTime:0.0046s ]
SQL: SELECT * FROM `qs_sqk_sys_config_def`  [ RunTime:0.0018s ]
SQL: SHOW COLUMNS FROM `qs_sqk_seller_info` [ RunTime:0.0051s ]
SQL: SELECT * FROM `qs_sqk_seller_info` WHERE ( 1=1 ) AND `status` = 1 ORDER BY RAND() LIMIT 5   [ RunTime:0.0028s ]

[ 2018-05-28T16:59:40+08:00 ] 127.0.0.1 /index.php/Dxt/Index/getAdList
INFO: [ app_init ] --START--
INFO: Run Behavior\BuildLiteBehavior [ RunTime:0.000024s ]
INFO: [ app_init ] --END-- [ RunTime:0.000487s ]
INFO: [ app_begin ] --START--
INFO: Run Behavior\ReadHtmlCacheBehavior [ RunTime:0.000914s ]
INFO: [ app_begin ] --END-- [ RunTime:0.001019s ]
SQL: SHOW COLUMNS FROM `qs_sqk_sys_config_def` [ RunTime:0.0048s ]
SQL: SELECT * FROM `qs_sqk_sys_config_def`  [ RunTime:0.0020s ]
SQL: SHOW COLUMNS FROM `qs_sqk_seller_info` [ RunTime:0.0052s ]
SQL: SELECT * FROM `qs_sqk_seller_info` WHERE ( 1=1 ) AND `status` = 1 ORDER BY RAND() LIMIT 5   [ RunTime:0.0035s ]

[ 2018-05-28T16:59:41+08:00 ] 127.0.0.1 /index.php/Dxt/Index/getAdList
INFO: [ app_init ] --START--
INFO: Run Behavior\BuildLiteBehavior [ RunTime:0.000025s ]
INFO: [ app_init ] --END-- [ RunTime:0.000461s ]
INFO: [ app_begin ] --START--
INFO: Run Behavior\ReadHtmlCacheBehavior [ RunTime:0.000894s ]
INFO: [ app_begin ] --END-- [ RunTime:0.000988s ]
SQL: SHOW COLUMNS FROM `qs_sqk_sys_config_def` [ RunTime:0.0045s ]
SQL: SELECT * FROM `qs_sqk_sys_config_def`  [ RunTime:0.0016s ]
SQL: SHOW COLUMNS FROM `qs_sqk_seller_info` [ RunTime:0.0052s ]
SQL: SELECT * FROM `qs_sqk_seller_info` WHERE ( 1=1 ) AND `status` = 1 ORDER BY RAND() LIMIT 5   [ RunTime:0.0028s ]

[ 2018-05-28T17:26:31+08:00 ] 127.0.0.1 /index.php/dxt
INFO: [ app_init ] --START--
INFO: Run Behavior\BuildLiteBehavior [ RunTime:0.000022s ]
INFO: [ app_init ] --END-- [ RunTime:0.000473s ]
INFO: [ app_begin ] --START--
INFO: Run Behavior\ReadHtmlCacheBehavior [ RunTime:0.001441s ]
INFO: [ app_begin ] --END-- [ RunTime:0.001577s ]
SQL: SHOW COLUMNS FROM `qs_sqk_sys_config_def` [ RunTime:0.0040s ]
SQL: SELECT * FROM `qs_sqk_sys_config_def`  [ RunTime:0.0019s ]
INFO: [ view_parse ] --START--
INFO: [ template_filter ] --START--
INFO: Run Behavior\ContentReplaceBehavior [ RunTime:0.000069s ]
INFO: [ template_filter ] --END-- [ RunTime:0.000176s ]
INFO: Run Behavior\ParseTemplateBehavior [ RunTime:0.007847s ]
INFO: [ view_parse ] --END-- [ RunTime:0.007964s ]
INFO: [ view_filter ] --START--
INFO: Run Behavior\WriteHtmlCacheBehavior [ RunTime:0.000783s ]
INFO: [ view_filter ] --END-- [ RunTime:0.000881s ]
INFO: [ app_end ] --START--
INFO: Run Behavior\ShowPageTraceBehavior [ RunTime:0.000984s ]
INFO: [ app_end ] --END-- [ RunTime:0.001090s ]

[ 2018-05-28T17:26:32+08:00 ] 127.0.0.1 /index.php/Dxt/Index/getAdList
INFO: [ app_init ] --START--
INFO: Run Behavior\BuildLiteBehavior [ RunTime:0.000026s ]
INFO: [ app_init ] --END-- [ RunTime:0.000523s ]
INFO: [ app_begin ] --START--
INFO: Run Behavior\ReadHtmlCacheBehavior [ RunTime:0.000940s ]
INFO: [ app_begin ] --END-- [ RunTime:0.001055s ]
SQL: SHOW COLUMNS FROM `qs_sqk_sys_config_def` [ RunTime:0.0041s ]
SQL: SELECT * FROM `qs_sqk_sys_config_def`  [ RunTime:0.0019s ]
SQL: SHOW COLUMNS FROM `qs_sqk_seller_info` [ RunTime:0.0056s ]
SQL: SELECT * FROM `qs_sqk_seller_info` WHERE ( 1=1 ) AND `status` = 1 ORDER BY RAND() LIMIT 5   [ RunTime:0.0030s ]

