[ 2018-06-05T11:34:27+08:00 ] 127.0.0.1 /index.php/dxt
INFO: [ app_init ] --START--
INFO: Run Behavior\BuildLiteBehavior [ RunTime:0.000030s ]
INFO: [ app_init ] --END-- [ RunTime:0.000573s ]
INFO: [ app_begin ] --START--
INFO: Run Behavior\ReadHtmlCacheBehavior [ RunTime:0.000665s ]
INFO: [ app_begin ] --END-- [ RunTime:0.000806s ]
SQL: SHOW COLUMNS FROM `qs_sqk_sys_config_def` [ RunTime:0.0039s ]
SQL: SELECT * FROM `qs_sqk_sys_config_def`  [ RunTime:0.0016s ]
INFO: [ view_parse ] --START--
INFO: [ template_filter ] --START--
INFO: Run Behavior\ContentReplaceBehavior [ RunTime:0.000078s ]
INFO: [ template_filter ] --END-- [ RunTime:0.000224s ]
INFO: Run Behavior\ParseTemplateBehavior [ RunTime:0.007841s ]
INFO: [ view_parse ] --END-- [ RunTime:0.007994s ]
INFO: [ view_filter ] --START--
INFO: Run Behavior\WriteHtmlCacheBehavior [ RunTime:0.000659s ]
INFO: [ view_filter ] --END-- [ RunTime:0.000766s ]
INFO: [ app_end ] --START--
INFO: Run Behavior\ShowPageTraceBehavior [ RunTime:0.000709s ]
INFO: [ app_end ] --END-- [ RunTime:0.000835s ]

[ 2018-06-05T11:34:28+08:00 ] 127.0.0.1 /index.php/Dxt/Index/getAdList
INFO: [ app_init ] --START--
INFO: Run Behavior\BuildLiteBehavior [ RunTime:0.000028s ]
INFO: [ app_init ] --END-- [ RunTime:0.000426s ]
INFO: [ app_begin ] --START--
INFO: Run Behavior\ReadHtmlCacheBehavior [ RunTime:0.000528s ]
INFO: [ app_begin ] --END-- [ RunTime:0.000637s ]
SQL: SHOW COLUMNS FROM `qs_sqk_sys_config_def` [ RunTime:0.0048s ]
SQL: SELECT * FROM `qs_sqk_sys_config_def`  [ RunTime:0.0017s ]
SQL: SHOW COLUMNS FROM `qs_sqk_seller_info` [ RunTime:0.0050s ]
SQL: SELECT * FROM `qs_sqk_seller_info` WHERE ( 1=1 ) AND `status` = 1 ORDER BY RAND() LIMIT 5   [ RunTime:0.0029s ]

[ 2018-06-05T11:34:59+08:00 ] 127.0.0.1 /index.php/Dxt/Index/getCardUserInfo
INFO: [ app_init ] --START--
INFO: Run Behavior\BuildLiteBehavior [ RunTime:0.000028s ]
INFO: [ app_init ] --END-- [ RunTime:0.000405s ]
INFO: [ app_begin ] --START--
INFO: Run Behavior\ReadHtmlCacheBehavior [ RunTime:0.000574s ]
INFO: [ app_begin ] --END-- [ RunTime:0.000679s ]
SQL: SHOW COLUMNS FROM `qs_sqk_sys_config_def` [ RunTime:0.0053s ]
SQL: SELECT * FROM `qs_sqk_sys_config_def`  [ RunTime:0.0020s ]
SQL: SHOW COLUMNS FROM `qs_sqk_sys_userapp_info` [ RunTime:0.0042s ]
SQL: SELECT * FROM `qs_sqk_sys_userapp_info` WHERE `iccard_num` = '1363783069' AND `is_enable` = 1 LIMIT 1   [ RunTime:0.0041s ]

[ 2018-06-05T11:34:59+08:00 ] 127.0.0.1 /index.php/Dxt/Index/main?address_id=0&user_id=129
INFO: [ app_init ] --START--
INFO: Run Behavior\BuildLiteBehavior [ RunTime:0.000028s ]
INFO: [ app_init ] --END-- [ RunTime:0.000502s ]
INFO: [ app_begin ] --START--
INFO: Run Behavior\ReadHtmlCacheBehavior [ RunTime:0.000600s ]
INFO: [ app_begin ] --END-- [ RunTime:0.000718s ]
SQL: SHOW COLUMNS FROM `qs_sqk_sys_config_def` [ RunTime:0.0051s ]
SQL: SELECT * FROM `qs_sqk_sys_config_def`  [ RunTime:0.0016s ]
SQL: SHOW COLUMNS FROM `qs_sqk_sys_userapp_info` [ RunTime:0.0057s ]
SQL: SELECT * FROM `qs_sqk_sys_userapp_info` WHERE `id` = 129 LIMIT 1   [ RunTime:0.0028s ]
NOTIC: [8] Undefined index: type E:\wamp\www\qskj_project_sqk_debug_git\qskj_sqk\sqk\Application\Dxt\Controller\IndexController.class.php 第 197 行.
INFO: [ view_parse ] --START--
INFO: [ template_filter ] --START--
INFO: Run Behavior\ContentReplaceBehavior [ RunTime:0.000077s ]
INFO: [ template_filter ] --END-- [ RunTime:0.000192s ]
INFO: Run Behavior\ParseTemplateBehavior [ RunTime:0.009463s ]
INFO: [ view_parse ] --END-- [ RunTime:0.009604s ]
INFO: [ view_filter ] --START--
INFO: Run Behavior\WriteHtmlCacheBehavior [ RunTime:0.000604s ]
INFO: [ view_filter ] --END-- [ RunTime:0.000720s ]
INFO: [ app_end ] --START--
INFO: Run Behavior\ShowPageTraceBehavior [ RunTime:0.000767s ]
INFO: [ app_end ] --END-- [ RunTime:0.000877s ]

[ 2018-06-05T11:35:00+08:00 ] 127.0.0.1 /index.php/Dxt/Index/login/user_id/129
INFO: [ app_init ] --START--
INFO: Run Behavior\BuildLiteBehavior [ RunTime:0.000031s ]
INFO: [ app_init ] --END-- [ RunTime:0.000585s ]
INFO: [ app_begin ] --START--
INFO: Run Behavior\ReadHtmlCacheBehavior [ RunTime:0.000589s ]
INFO: [ app_begin ] --END-- [ RunTime:0.000717s ]
SQL: SHOW COLUMNS FROM `qs_sqk_sys_config_def` [ RunTime:0.0038s ]
SQL: SELECT * FROM `qs_sqk_sys_config_def`  [ RunTime:0.0020s ]

[ 2018-06-05T11:35:00+08:00 ] 127.0.0.1 /index.php/Dxt/Index/getAdList
INFO: [ app_init ] --START--
INFO: Run Behavior\BuildLiteBehavior [ RunTime:0.000026s ]
INFO: [ app_init ] --END-- [ RunTime:0.000535s ]
INFO: [ app_begin ] --START--
INFO: Run Behavior\ReadHtmlCacheBehavior [ RunTime:0.000647s ]
INFO: [ app_begin ] --END-- [ RunTime:0.000752s ]
SQL: SHOW COLUMNS FROM `qs_sqk_sys_config_def` [ RunTime:0.0047s ]
SQL: SELECT * FROM `qs_sqk_sys_config_def`  [ RunTime:0.0016s ]
SQL: SHOW COLUMNS FROM `qs_sqk_seller_info` [ RunTime:0.0062s ]
SQL: SELECT * FROM `qs_sqk_seller_info` WHERE ( 1=1 ) AND `status` = 1 ORDER BY RAND() LIMIT 5   [ RunTime:0.0033s ]

[ 2018-06-05T11:35:00+08:00 ] 127.0.0.1 /index.php/Dxt/Login/login.html
INFO: [ app_init ] --START--
INFO: Run Behavior\BuildLiteBehavior [ RunTime:0.000027s ]
INFO: [ app_init ] --END-- [ RunTime:0.000416s ]
INFO: [ app_begin ] --START--
INFO: Run Behavior\ReadHtmlCacheBehavior [ RunTime:0.000615s ]
INFO: [ app_begin ] --END-- [ RunTime:0.000853s ]
SQL: SHOW COLUMNS FROM `qs_sqk_sys_config_def` [ RunTime:0.0041s ]
SQL: SELECT * FROM `qs_sqk_sys_config_def`  [ RunTime:0.0022s ]
SQL: SHOW COLUMNS FROM `qs_sqk_sys_userapp_info` [ RunTime:0.0055s ]
SQL: SELECT `id`,`address_id` FROM `qs_sqk_sys_userapp_info` WHERE ( id=129 ) LIMIT 1   [ RunTime:0.0019s ]

[ 2018-06-05T11:35:00+08:00 ] 127.0.0.1 /index.php/Dxt/Activity/activity_list.html
INFO: [ app_init ] --START--
INFO: Run Behavior\BuildLiteBehavior [ RunTime:0.000026s ]
INFO: [ app_init ] --END-- [ RunTime:0.000555s ]
INFO: [ app_begin ] --START--
INFO: Run Behavior\ReadHtmlCacheBehavior [ RunTime:0.001313s ]
INFO: [ app_begin ] --END-- [ RunTime:0.001447s ]
SQL: SHOW COLUMNS FROM `qs_sqk_sys_config_def` [ RunTime:0.0046s ]
SQL: SELECT * FROM `qs_sqk_sys_config_def`  [ RunTime:0.0024s ]
SQL: SHOW COLUMNS FROM `qs_sqk_activ_cat` [ RunTime:0.0044s ]
SQL: SELECT * FROM `qs_sqk_activ_cat` WHERE ( is_enable=1 )  [ RunTime:0.0054s ]
NOTIC: [8] Undefined variable: sliderData E:\wamp\www\qskj_project_sqk_debug_git\qskj_sqk\sqk\Application\Dxt\Controller\ActivityController.class.php 第 32 行.
INFO: [ view_parse ] --START--
INFO: [ template_filter ] --START--
INFO: Run Behavior\ContentReplaceBehavior [ RunTime:0.000090s ]
INFO: [ template_filter ] --END-- [ RunTime:0.000202s ]
INFO: Run Behavior\ParseTemplateBehavior [ RunTime:0.022406s ]
INFO: [ view_parse ] --END-- [ RunTime:0.022529s ]
INFO: [ view_filter ] --START--
INFO: Run Behavior\WriteHtmlCacheBehavior [ RunTime:0.000650s ]
INFO: [ view_filter ] --END-- [ RunTime:0.000755s ]
INFO: [ app_end ] --START--
INFO: Run Behavior\ShowPageTraceBehavior [ RunTime:0.000812s ]
INFO: [ app_end ] --END-- [ RunTime:0.000930s ]

[ 2018-06-05T11:35:00+08:00 ] 127.0.0.1 /index.php/Dxt/Activity/getList
INFO: [ app_init ] --START--
INFO: Run Behavior\BuildLiteBehavior [ RunTime:0.000026s ]
INFO: [ app_init ] --END-- [ RunTime:0.000433s ]
INFO: [ app_begin ] --START--
INFO: Run Behavior\ReadHtmlCacheBehavior [ RunTime:0.000601s ]
INFO: [ app_begin ] --END-- [ RunTime:0.000708s ]
SQL: SHOW COLUMNS FROM `qs_sqk_sys_config_def` [ RunTime:0.0052s ]
SQL: SELECT * FROM `qs_sqk_sys_config_def`  [ RunTime:0.0017s ]
SQL: SHOW COLUMNS FROM `qs_sqk_activ_cat` [ RunTime:0.0062s ]
SQL: SELECT * FROM `qs_sqk_activ_cat` WHERE ( is_enable=1 )  [ RunTime:0.0019s ]
NOTIC: [8] Undefined variable: str E:\wamp\www\qskj_project_sqk_debug_git\qskj_sqk\sqk\Application\Dxt\Controller\ActivityController.class.php 第 382 行.
SQL: SHOW COLUMNS FROM `qs_sqk_activ_info` [ RunTime:0.0043s ]
SQL: SELECT * FROM `qs_sqk_activ_info` WHERE `is_publish` = 1 AND `cat_id` IN ('0','1','2') ORDER BY id desc LIMIT 4   [ RunTime:0.0022s ]
SQL: SELECT COUNT(*) AS tp_count FROM `qs_sqk_activ_info` WHERE `is_publish` = 1 AND `cat_id` IN ('0','1','2') LIMIT 1   [ RunTime:0.0013s ]
SQL: SELECT * FROM `qs_sqk_activ_cat` WHERE ( id=2 ) LIMIT 1   [ RunTime:0.0007s ]
SQL: SELECT * FROM `qs_sqk_activ_info` WHERE ( id=23 ) LIMIT 1   [ RunTime:0.0016s ]
SQL: SELECT * FROM `qs_sqk_activ_info` WHERE ( id=23 ) LIMIT 1   [ RunTime:0.0016s ]
SQL: SHOW COLUMNS FROM `qs_sqk_sys_all_attach` [ RunTime:0.0037s ]
SQL: SELECT * FROM `qs_sqk_sys_all_attach` WHERE ( module_name="activity" and module_info_id=23 )  [ RunTime:0.0015s ]
SQL: SELECT * FROM `qs_sqk_activ_cat` WHERE ( id=2 ) LIMIT 1   [ RunTime:0.0015s ]
SQL: SELECT * FROM `qs_sqk_activ_info` WHERE ( id=22 ) LIMIT 1   [ RunTime:0.0016s ]
SQL: SELECT * FROM `qs_sqk_activ_info` WHERE ( id=22 ) LIMIT 1   [ RunTime:0.0025s ]
SQL: SELECT * FROM `qs_sqk_sys_all_attach` WHERE ( module_name="activity" and module_info_id=22 )  [ RunTime:0.0016s ]

[ 2018-06-05T11:35:00+08:00 ] 127.0.0.1 /index.php/Dxt/login/checkIsLogin
INFO: [ app_init ] --START--
INFO: Run Behavior\BuildLiteBehavior [ RunTime:0.000057s ]
INFO: [ app_init ] --END-- [ RunTime:0.000766s ]
INFO: [ app_begin ] --START--
INFO: Run Behavior\ReadHtmlCacheBehavior [ RunTime:0.000417s ]
INFO: [ app_begin ] --END-- [ RunTime:0.000562s ]
SQL: SHOW COLUMNS FROM `qs_sqk_sys_config_def` [ RunTime:0.0051s ]
SQL: SELECT * FROM `qs_sqk_sys_config_def`  [ RunTime:0.0020s ]
SQL: SHOW COLUMNS FROM `qs_sqk_notice_cat` [ RunTime:0.0043s ]
SQL: SELECT * FROM `qs_sqk_notice_cat` WHERE ( is_enable=1 )  [ RunTime:0.0025s ]
NOTIC: [8] Undefined variable: str E:\wamp\www\qskj_project_sqk_debug_git\qskj_sqk\sqk\Application\Dxt\Controller\NoticeController.class.php 第 181 行.
SQL: SHOW COLUMNS FROM `qs_sqk_notice_info` [ RunTime:0.0037s ]
SQL: SELECT COUNT(*) AS tp_count FROM `qs_sqk_notice_info` WHERE ( is_publish=1 and read_ids not like "%,129,%" and cat_id in (0,1,2,3) and address_id in (0,1) ) LIMIT 1   [ RunTime:0.0015s ]
SQL: SELECT * FROM `qs_sqk_sys_config_def`  [ RunTime:0.0009s ]
SQL: SHOW COLUMNS FROM `qs_sqk_activ_cat` [ RunTime:0.0046s ]
SQL: SELECT * FROM `qs_sqk_activ_cat` WHERE ( is_enable=1 )  [ RunTime:0.0015s ]
NOTIC: [8] Undefined variable: str E:\wamp\www\qskj_project_sqk_debug_git\qskj_sqk\sqk\Application\Dxt\Controller\ActivityController.class.php 第 382 行.
SQL: SHOW COLUMNS FROM `qs_sqk_activ_info` [ RunTime:0.0057s ]
SQL: SELECT COUNT(*) AS tp_count FROM `qs_sqk_activ_info` WHERE ( is_publish=1 and read_ids not like "%,129,%" and cat_id in (0,1,2) ) LIMIT 1   [ RunTime:0.0011s ]

[ 2018-06-05T11:35:03+08:00 ] 127.0.0.1 /index.php/Dxt/SellerIntegralGoods/item_list?type=0
INFO: [ app_init ] --START--
INFO: Run Behavior\BuildLiteBehavior [ RunTime:0.000025s ]
INFO: [ app_init ] --END-- [ RunTime:0.000441s ]
INFO: [ app_begin ] --START--
INFO: Run Behavior\ReadHtmlCacheBehavior [ RunTime:0.000477s ]
INFO: [ app_begin ] --END-- [ RunTime:0.000587s ]
SQL: SHOW COLUMNS FROM `qs_sqk_sys_config_def` [ RunTime:0.0048s ]
SQL: SELECT * FROM `qs_sqk_sys_config_def`  [ RunTime:0.0031s ]
SQL: SELECT * FROM `qs_sqk_sys_config_def`  [ RunTime:0.0017s ]
SQL: SHOW COLUMNS FROM `qs_sqk_seller_prom_info` [ RunTime:0.0056s ]
SQL: SELECT * FROM `qs_sqk_seller_prom_info` WHERE ( status=1 )  [ RunTime:0.0026s ]
NOTIC: [8] Undefined variable: str E:\wamp\www\qskj_project_sqk_debug_git\qskj_sqk\sqk\Application\Dxt\Controller\SellerController.class.php 第 343 行.
SQL: SHOW COLUMNS FROM `qs_sqk_sys_all_attach` [ RunTime:0.0044s ]
SQL: SELECT * FROM `qs_sqk_sys_all_attach` WHERE ( module_name="sellerProm" and module_info_id in (40,41) ) ORDER BY id desc  [ RunTime:0.0017s ]
SQL: SHOW COLUMNS FROM `qs_sqk_sys_userapp_info` [ RunTime:0.0033s ]
SQL: SELECT `integral_num` FROM `qs_sqk_sys_userapp_info` WHERE `id` = 129 LIMIT 1   [ RunTime:0.0009s ]
INFO: [ view_parse ] --START--
INFO: [ template_filter ] --START--
INFO: Run Behavior\ContentReplaceBehavior [ RunTime:0.000118s ]
INFO: [ template_filter ] --END-- [ RunTime:0.000228s ]
INFO: Run Behavior\ParseTemplateBehavior [ RunTime:0.009006s ]
INFO: [ view_parse ] --END-- [ RunTime:0.009133s ]
INFO: [ view_filter ] --START--
INFO: Run Behavior\WriteHtmlCacheBehavior [ RunTime:0.000596s ]
INFO: [ view_filter ] --END-- [ RunTime:0.000696s ]
INFO: [ app_end ] --START--
INFO: Run Behavior\ShowPageTraceBehavior [ RunTime:0.000826s ]
INFO: [ app_end ] --END-- [ RunTime:0.000935s ]

[ 2018-06-05T11:35:04+08:00 ] 127.0.0.1 /index.php/Dxt/SellerIntegralGoods/getList
INFO: [ app_init ] --START--
INFO: Run Behavior\BuildLiteBehavior [ RunTime:0.000028s ]
INFO: [ app_init ] --END-- [ RunTime:0.000423s ]
INFO: [ app_begin ] --START--
INFO: Run Behavior\ReadHtmlCacheBehavior [ RunTime:0.000493s ]
INFO: [ app_begin ] --END-- [ RunTime:0.000588s ]
SQL: SHOW COLUMNS FROM `qs_sqk_sys_config_def` [ RunTime:0.0055s ]
SQL: SELECT * FROM `qs_sqk_sys_config_def`  [ RunTime:0.0024s ]
SQL: SHOW COLUMNS FROM `qs_sqk_seller_integral_goods` [ RunTime:0.0047s ]
NOTIC: [8] Use of undefined constant LEFT - assumed 'LEFT' E:\wamp\www\qskj_project_sqk_debug_git\qskj_sqk\sqk\Application\Admin\Model\BaseModel.class.php 第 93 行.
NOTIC: [8] Use of undefined constant LEFT - assumed 'LEFT' E:\wamp\www\qskj_project_sqk_debug_git\qskj_sqk\sqk\Application\Admin\Model\BaseModel.class.php 第 93 行.
SQL: SELECT qs_sqk_seller_integral_goods.*,qs_sqk_seller_info.name as seller_name,qs_sqk_sys_community_info.com_name FROM `qs_sqk_seller_integral_goods` LEFT JOIN qs_sqk_seller_info ON qs_sqk_seller_info.id=qs_sqk_seller_integral_goods.seller_id LEFT JOIN qs_sqk_sys_community_info ON qs_sqk_sys_community_info.id=qs_sqk_seller_integral_goods.address_id  WHERE qs_sqk_seller_integral_goods.status = 1 ORDER BY qs_sqk_seller_integral_goods.id desc LIMIT 4   [ RunTime:0.0050s ]
NOTIC: [8] Use of undefined constant LEFT - assumed 'LEFT' E:\wamp\www\qskj_project_sqk_debug_git\qskj_sqk\sqk\Application\Admin\Model\BaseModel.class.php 第 93 行.
NOTIC: [8] Use of undefined constant LEFT - assumed 'LEFT' E:\wamp\www\qskj_project_sqk_debug_git\qskj_sqk\sqk\Application\Admin\Model\BaseModel.class.php 第 93 行.
SQL: SELECT COUNT(*) AS tp_count FROM `qs_sqk_seller_integral_goods` LEFT JOIN qs_sqk_seller_info ON qs_sqk_seller_info.id=qs_sqk_seller_integral_goods.seller_id LEFT JOIN qs_sqk_sys_community_info ON qs_sqk_sys_community_info.id=qs_sqk_seller_integral_goods.address_id  WHERE qs_sqk_seller_integral_goods.status = 1 LIMIT 1   [ RunTime:0.0014s ]

[ 2018-06-05T11:35:04+08:00 ] 127.0.0.1 /index.php/Dxt/login/checkIsLogin
INFO: [ app_init ] --START--
INFO: Run Behavior\BuildLiteBehavior [ RunTime:0.000024s ]
INFO: [ app_init ] --END-- [ RunTime:0.000401s ]
INFO: [ app_begin ] --START--
INFO: Run Behavior\ReadHtmlCacheBehavior [ RunTime:0.000432s ]
INFO: [ app_begin ] --END-- [ RunTime:0.000529s ]
SQL: SHOW COLUMNS FROM `qs_sqk_sys_config_def` [ RunTime:0.0043s ]
SQL: SELECT * FROM `qs_sqk_sys_config_def`  [ RunTime:0.0026s ]
SQL: SHOW COLUMNS FROM `qs_sqk_notice_cat` [ RunTime:0.0062s ]
SQL: SELECT * FROM `qs_sqk_notice_cat` WHERE ( is_enable=1 )  [ RunTime:0.0015s ]
NOTIC: [8] Undefined variable: str E:\wamp\www\qskj_project_sqk_debug_git\qskj_sqk\sqk\Application\Dxt\Controller\NoticeController.class.php 第 181 行.
SQL: SHOW COLUMNS FROM `qs_sqk_notice_info` [ RunTime:0.0031s ]
SQL: SELECT COUNT(*) AS tp_count FROM `qs_sqk_notice_info` WHERE ( is_publish=1 and read_ids not like "%,129,%" and cat_id in (0,1,2,3) and address_id in (0,1) ) LIMIT 1   [ RunTime:0.0008s ]
SQL: SELECT * FROM `qs_sqk_sys_config_def`  [ RunTime:0.0019s ]
SQL: SHOW COLUMNS FROM `qs_sqk_activ_cat` [ RunTime:0.0046s ]
SQL: SELECT * FROM `qs_sqk_activ_cat` WHERE ( is_enable=1 )  [ RunTime:0.0018s ]
NOTIC: [8] Undefined variable: str E:\wamp\www\qskj_project_sqk_debug_git\qskj_sqk\sqk\Application\Dxt\Controller\ActivityController.class.php 第 382 行.
SQL: SHOW COLUMNS FROM `qs_sqk_activ_info` [ RunTime:0.0036s ]
SQL: SELECT COUNT(*) AS tp_count FROM `qs_sqk_activ_info` WHERE ( is_publish=1 and read_ids not like "%,129,%" and cat_id in (0,1,2) ) LIMIT 1   [ RunTime:0.0009s ]

[ 2018-06-05T11:35:05+08:00 ] 127.0.0.1 /index.php/Dxt/SellerIntegralGoods/goods_detail?id=33
INFO: [ app_init ] --START--
INFO: Run Behavior\BuildLiteBehavior [ RunTime:0.000024s ]
INFO: [ app_init ] --END-- [ RunTime:0.000393s ]
INFO: [ app_begin ] --START--
INFO: Run Behavior\ReadHtmlCacheBehavior [ RunTime:0.000409s ]
INFO: [ app_begin ] --END-- [ RunTime:0.000521s ]
SQL: SHOW COLUMNS FROM `qs_sqk_sys_config_def` [ RunTime:0.0038s ]
SQL: SELECT * FROM `qs_sqk_sys_config_def`  [ RunTime:0.0015s ]
SQL: SHOW COLUMNS FROM `qs_sqk_seller_integral_goods` [ RunTime:0.0058s ]
SQL: SELECT * FROM `qs_sqk_seller_integral_goods` WHERE `id` = '33' LIMIT 1   [ RunTime:0.0039s ]
SQL: SHOW COLUMNS FROM `qs_sqk_seller_info` [ RunTime:0.0045s ]
SQL: SELECT * FROM `qs_sqk_seller_info` WHERE ( id=58 ) LIMIT 1   [ RunTime:0.0018s ]
INFO: [ view_parse ] --START--
INFO: [ template_filter ] --START--
INFO: Run Behavior\ContentReplaceBehavior [ RunTime:0.000093s ]
INFO: [ template_filter ] --END-- [ RunTime:0.000206s ]
INFO: Run Behavior\ParseTemplateBehavior [ RunTime:0.010099s ]
INFO: [ view_parse ] --END-- [ RunTime:0.010226s ]
INFO: [ view_filter ] --START--
INFO: Run Behavior\WriteHtmlCacheBehavior [ RunTime:0.000550s ]
INFO: [ view_filter ] --END-- [ RunTime:0.000650s ]
INFO: [ app_end ] --START--
INFO: Run Behavior\ShowPageTraceBehavior [ RunTime:0.000698s ]
INFO: [ app_end ] --END-- [ RunTime:0.000805s ]

[ 2018-06-05T11:35:05+08:00 ] 127.0.0.1 /index.php/Dxt/login/checkIsLogin
INFO: [ app_init ] --START--
INFO: Run Behavior\BuildLiteBehavior [ RunTime:0.000025s ]
INFO: [ app_init ] --END-- [ RunTime:0.000412s ]
INFO: [ app_begin ] --START--
INFO: Run Behavior\ReadHtmlCacheBehavior [ RunTime:0.000419s ]
INFO: [ app_begin ] --END-- [ RunTime:0.000521s ]
SQL: SHOW COLUMNS FROM `qs_sqk_sys_config_def` [ RunTime:0.0060s ]
SQL: SELECT * FROM `qs_sqk_sys_config_def`  [ RunTime:0.0027s ]
SQL: SHOW COLUMNS FROM `qs_sqk_notice_cat` [ RunTime:0.0055s ]
SQL: SELECT * FROM `qs_sqk_notice_cat` WHERE ( is_enable=1 )  [ RunTime:0.0015s ]
NOTIC: [8] Undefined variable: str E:\wamp\www\qskj_project_sqk_debug_git\qskj_sqk\sqk\Application\Dxt\Controller\NoticeController.class.php 第 181 行.
SQL: SHOW COLUMNS FROM `qs_sqk_notice_info` [ RunTime:0.0031s ]
SQL: SELECT COUNT(*) AS tp_count FROM `qs_sqk_notice_info` WHERE ( is_publish=1 and read_ids not like "%,129,%" and cat_id in (0,1,2,3) and address_id in (0,1) ) LIMIT 1   [ RunTime:0.0010s ]
SQL: SELECT * FROM `qs_sqk_sys_config_def`  [ RunTime:0.0011s ]
SQL: SHOW COLUMNS FROM `qs_sqk_activ_cat` [ RunTime:0.0043s ]
SQL: SELECT * FROM `qs_sqk_activ_cat` WHERE ( is_enable=1 )  [ RunTime:0.0011s ]
NOTIC: [8] Undefined variable: str E:\wamp\www\qskj_project_sqk_debug_git\qskj_sqk\sqk\Application\Dxt\Controller\ActivityController.class.php 第 382 行.
SQL: SHOW COLUMNS FROM `qs_sqk_activ_info` [ RunTime:0.0045s ]
SQL: SELECT COUNT(*) AS tp_count FROM `qs_sqk_activ_info` WHERE ( is_publish=1 and read_ids not like "%,129,%" and cat_id in (0,1,2) ) LIMIT 1   [ RunTime:0.0009s ]

[ 2018-06-05T11:35:05+08:00 ] 127.0.0.1 /index.php/Dxt/SellerIntegralGoods/getGoodsInfoSync
INFO: [ app_init ] --START--
INFO: Run Behavior\BuildLiteBehavior [ RunTime:0.000028s ]
INFO: [ app_init ] --END-- [ RunTime:0.000449s ]
INFO: [ app_begin ] --START--
INFO: Run Behavior\ReadHtmlCacheBehavior [ RunTime:0.000550s ]
INFO: [ app_begin ] --END-- [ RunTime:0.000659s ]
SQL: SHOW COLUMNS FROM `qs_sqk_sys_config_def` [ RunTime:0.0038s ]
SQL: SELECT * FROM `qs_sqk_sys_config_def`  [ RunTime:0.0015s ]
ERR: 非法操作:getGoodsInfoSync

[ 2018-06-05T11:36:35+08:00 ] 127.0.0.1 /index.php/Dxt/SellerIntegralGoods/goods_detail?id=33
INFO: [ app_init ] --START--
INFO: Run Behavior\BuildLiteBehavior [ RunTime:0.000026s ]
INFO: [ app_init ] --END-- [ RunTime:0.000474s ]
INFO: [ app_begin ] --START--
INFO: Run Behavior\ReadHtmlCacheBehavior [ RunTime:0.000654s ]
INFO: [ app_begin ] --END-- [ RunTime:0.000779s ]
SQL: SHOW COLUMNS FROM `qs_sqk_sys_config_def` [ RunTime:0.0053s ]
SQL: SELECT * FROM `qs_sqk_sys_config_def`  [ RunTime:0.0025s ]
SQL: SHOW COLUMNS FROM `qs_sqk_seller_integral_goods` [ RunTime:0.0042s ]
SQL: SELECT * FROM `qs_sqk_seller_integral_goods` WHERE `id` = '33' LIMIT 1   [ RunTime:0.0040s ]
SQL: SHOW COLUMNS FROM `qs_sqk_seller_info` [ RunTime:0.0061s ]
SQL: SELECT * FROM `qs_sqk_seller_info` WHERE ( id=58 ) LIMIT 1   [ RunTime:0.0093s ]
INFO: [ view_parse ] --START--
INFO: [ template_filter ] --START--
INFO: Run Behavior\ContentReplaceBehavior [ RunTime:0.000099s ]
INFO: [ template_filter ] --END-- [ RunTime:0.000207s ]
INFO: Run Behavior\ParseTemplateBehavior [ RunTime:0.010362s ]
INFO: [ view_parse ] --END-- [ RunTime:0.010580s ]
INFO: [ view_filter ] --START--
INFO: Run Behavior\WriteHtmlCacheBehavior [ RunTime:0.000564s ]
INFO: [ view_filter ] --END-- [ RunTime:0.000691s ]
INFO: [ app_end ] --START--
INFO: Run Behavior\ShowPageTraceBehavior [ RunTime:0.000756s ]
INFO: [ app_end ] --END-- [ RunTime:0.000869s ]

[ 2018-06-05T11:36:35+08:00 ] 127.0.0.1 /index.php/Dxt/login/checkIsLogin
INFO: [ app_init ] --START--
INFO: Run Behavior\BuildLiteBehavior [ RunTime:0.000027s ]
INFO: [ app_init ] --END-- [ RunTime:0.000415s ]
INFO: [ app_begin ] --START--
INFO: Run Behavior\ReadHtmlCacheBehavior [ RunTime:0.000504s ]
INFO: [ app_begin ] --END-- [ RunTime:0.000604s ]
SQL: SHOW COLUMNS FROM `qs_sqk_sys_config_def` [ RunTime:0.0040s ]
SQL: SELECT * FROM `qs_sqk_sys_config_def`  [ RunTime:0.0023s ]
SQL: SHOW COLUMNS FROM `qs_sqk_notice_cat` [ RunTime:0.0048s ]
SQL: SELECT * FROM `qs_sqk_notice_cat` WHERE ( is_enable=1 )  [ RunTime:0.0014s ]
NOTIC: [8] Undefined variable: str E:\wamp\www\qskj_project_sqk_debug_git\qskj_sqk\sqk\Application\Dxt\Controller\NoticeController.class.php 第 181 行.
SQL: SHOW COLUMNS FROM `qs_sqk_notice_info` [ RunTime:0.0044s ]
SQL: SELECT COUNT(*) AS tp_count FROM `qs_sqk_notice_info` WHERE ( is_publish=1 and read_ids not like "%,129,%" and cat_id in (0,1,2,3) and address_id in (0,1) ) LIMIT 1   [ RunTime:0.0010s ]
SQL: SELECT * FROM `qs_sqk_sys_config_def`  [ RunTime:0.0011s ]
SQL: SHOW COLUMNS FROM `qs_sqk_activ_cat` [ RunTime:0.0039s ]
SQL: SELECT * FROM `qs_sqk_activ_cat` WHERE ( is_enable=1 )  [ RunTime:0.0011s ]
NOTIC: [8] Undefined variable: str E:\wamp\www\qskj_project_sqk_debug_git\qskj_sqk\sqk\Application\Dxt\Controller\ActivityController.class.php 第 382 行.
SQL: SHOW COLUMNS FROM `qs_sqk_activ_info` [ RunTime:0.0047s ]
SQL: SELECT COUNT(*) AS tp_count FROM `qs_sqk_activ_info` WHERE ( is_publish=1 and read_ids not like "%,129,%" and cat_id in (0,1,2) ) LIMIT 1   [ RunTime:0.0009s ]

[ 2018-06-05T11:36:35+08:00 ] 127.0.0.1 /index.php/Dxt/SellerIntegralGoods/getGoodsInfoSync
INFO: [ app_init ] --START--
INFO: Run Behavior\BuildLiteBehavior [ RunTime:0.000023s ]
INFO: [ app_init ] --END-- [ RunTime:0.000430s ]
INFO: [ app_begin ] --START--
INFO: Run Behavior\ReadHtmlCacheBehavior [ RunTime:0.000418s ]
INFO: [ app_begin ] --END-- [ RunTime:0.000518s ]
SQL: SHOW COLUMNS FROM `qs_sqk_sys_config_def` [ RunTime:0.0056s ]
SQL: SELECT * FROM `qs_sqk_sys_config_def`  [ RunTime:0.0017s ]
ERR: 非法操作:getGoodsInfoSync

[ 2018-06-05T11:36:38+08:00 ] 127.0.0.1 /index.php/Dxt/SellerIntegralGoods/seller_detail?id=58
INFO: [ app_init ] --START--
INFO: Run Behavior\BuildLiteBehavior [ RunTime:0.000028s ]
INFO: [ app_init ] --END-- [ RunTime:0.000453s ]
INFO: [ app_begin ] --START--
INFO: Run Behavior\ReadHtmlCacheBehavior [ RunTime:0.000507s ]
INFO: [ app_begin ] --END-- [ RunTime:0.000613s ]
SQL: SHOW COLUMNS FROM `qs_sqk_sys_config_def` [ RunTime:0.0042s ]
SQL: SELECT * FROM `qs_sqk_sys_config_def`  [ RunTime:0.0016s ]
SQL: SHOW COLUMNS FROM `qs_sqk_seller_info` [ RunTime:0.0048s ]
SQL: SELECT * FROM `qs_sqk_seller_info` WHERE `id` = '58' LIMIT 1   [ RunTime:0.0029s ]
SQL: SHOW COLUMNS FROM `qs_sqk_seller_complaint_cat` [ RunTime:0.0048s ]
SQL: SELECT * FROM `qs_sqk_seller_complaint_cat`  [ RunTime:0.0012s ]
SQL: SHOW COLUMNS FROM `qs_sqk_seller_integral_goods` [ RunTime:0.0045s ]
NOTIC: [8] Use of undefined constant LEFT - assumed 'LEFT' E:\wamp\www\qskj_project_sqk_debug_git\qskj_sqk\sqk\Application\Admin\Model\BaseModel.class.php 第 93 行.
NOTIC: [8] Use of undefined constant LEFT - assumed 'LEFT' E:\wamp\www\qskj_project_sqk_debug_git\qskj_sqk\sqk\Application\Admin\Model\BaseModel.class.php 第 93 行.
NOTIC: [8] Use of undefined constant LEFT - assumed 'LEFT' E:\wamp\www\qskj_project_sqk_debug_git\qskj_sqk\sqk\Application\Admin\Model\BaseModel.class.php 第 93 行.
SQL: SELECT qs_sqk_seller_integral_goods.*,qs_sqk_seller_info.name as seller_name,qs_sqk_sys_community_info.com_name FROM `qs_sqk_seller_integral_goods` LEFT JOIN qs_sqk_goods_exchange_record ON qs_sqk_goods_exchange_record.goods_id=qs_sqk_seller_integral_goods.id LEFT JOIN qs_sqk_seller_info ON qs_sqk_seller_info.id=qs_sqk_seller_integral_goods.seller_id LEFT JOIN qs_sqk_sys_community_info ON qs_sqk_sys_community_info.id=qs_sqk_seller_integral_goods.address_id  WHERE qs_sqk_seller_integral_goods.status = 1 AND qs_sqk_seller_integral_goods.seller_id = '58' GROUP BY qs_sqk_seller_integral_goods.id ORDER BY qs_sqk_seller_integral_goods.id desc  [ RunTime:0.0055s ]
INFO: [ view_parse ] --START--
INFO: [ template_filter ] --START--
INFO: Run Behavior\ContentReplaceBehavior [ RunTime:0.000098s ]
INFO: [ template_filter ] --END-- [ RunTime:0.000212s ]
INFO: Run Behavior\ParseTemplateBehavior [ RunTime:0.014007s ]
INFO: [ view_parse ] --END-- [ RunTime:0.014146s ]
INFO: [ view_filter ] --START--
INFO: Run Behavior\WriteHtmlCacheBehavior [ RunTime:0.000559s ]
INFO: [ view_filter ] --END-- [ RunTime:0.000672s ]
INFO: [ app_end ] --START--
INFO: Run Behavior\ShowPageTraceBehavior [ RunTime:0.000750s ]
INFO: [ app_end ] --END-- [ RunTime:0.000865s ]

[ 2018-06-05T11:36:40+08:00 ] 127.0.0.1 /index.php/Dxt/SellerIntegralGoods/item_list
INFO: [ app_init ] --START--
INFO: Run Behavior\BuildLiteBehavior [ RunTime:0.000030s ]
INFO: [ app_init ] --END-- [ RunTime:0.000443s ]
INFO: [ app_begin ] --START--
INFO: Run Behavior\ReadHtmlCacheBehavior [ RunTime:0.000545s ]
INFO: [ app_begin ] --END-- [ RunTime:0.000651s ]
SQL: SHOW COLUMNS FROM `qs_sqk_sys_config_def` [ RunTime:0.0050s ]
SQL: SELECT * FROM `qs_sqk_sys_config_def`  [ RunTime:0.0015s ]
SQL: SELECT * FROM `qs_sqk_sys_config_def`  [ RunTime:0.0019s ]
SQL: SHOW COLUMNS FROM `qs_sqk_seller_prom_info` [ RunTime:0.0059s ]
SQL: SELECT * FROM `qs_sqk_seller_prom_info` WHERE ( status=1 )  [ RunTime:0.0025s ]
NOTIC: [8] Undefined variable: str E:\wamp\www\qskj_project_sqk_debug_git\qskj_sqk\sqk\Application\Dxt\Controller\SellerController.class.php 第 343 行.
SQL: SHOW COLUMNS FROM `qs_sqk_sys_all_attach` [ RunTime:0.0033s ]
SQL: SELECT * FROM `qs_sqk_sys_all_attach` WHERE ( module_name="sellerProm" and module_info_id in (40,41) ) ORDER BY id desc  [ RunTime:0.0019s ]
SQL: SHOW COLUMNS FROM `qs_sqk_sys_userapp_info` [ RunTime:0.0054s ]
SQL: SELECT `integral_num` FROM `qs_sqk_sys_userapp_info` WHERE `id` = 129 LIMIT 1   [ RunTime:0.0014s ]
INFO: [ view_parse ] --START--
INFO: [ template_filter ] --START--
INFO: Run Behavior\ContentReplaceBehavior [ RunTime:0.000099s ]
INFO: [ template_filter ] --END-- [ RunTime:0.000218s ]
INFO: Run Behavior\ParseTemplateBehavior [ RunTime:0.008581s ]
INFO: [ view_parse ] --END-- [ RunTime:0.008722s ]
INFO: [ view_filter ] --START--
INFO: Run Behavior\WriteHtmlCacheBehavior [ RunTime:0.000593s ]
INFO: [ view_filter ] --END-- [ RunTime:0.000713s ]
INFO: [ app_end ] --START--
INFO: Run Behavior\ShowPageTraceBehavior [ RunTime:0.000841s ]
INFO: [ app_end ] --END-- [ RunTime:0.000966s ]

[ 2018-06-05T11:36:41+08:00 ] 127.0.0.1 /index.php/Dxt/SellerIntegralGoods/getList
INFO: [ app_init ] --START--
INFO: Run Behavior\BuildLiteBehavior [ RunTime:0.000024s ]
INFO: [ app_init ] --END-- [ RunTime:0.000394s ]
INFO: [ app_begin ] --START--
INFO: Run Behavior\ReadHtmlCacheBehavior [ RunTime:0.000404s ]
INFO: [ app_begin ] --END-- [ RunTime:0.000497s ]
SQL: SHOW COLUMNS FROM `qs_sqk_sys_config_def` [ RunTime:0.0037s ]
SQL: SELECT * FROM `qs_sqk_sys_config_def`  [ RunTime:0.0018s ]
SQL: SHOW COLUMNS FROM `qs_sqk_seller_integral_goods` [ RunTime:0.0051s ]
NOTIC: [8] Use of undefined constant LEFT - assumed 'LEFT' E:\wamp\www\qskj_project_sqk_debug_git\qskj_sqk\sqk\Application\Admin\Model\BaseModel.class.php 第 93 行.
NOTIC: [8] Use of undefined constant LEFT - assumed 'LEFT' E:\wamp\www\qskj_project_sqk_debug_git\qskj_sqk\sqk\Application\Admin\Model\BaseModel.class.php 第 93 行.
SQL: SELECT qs_sqk_seller_integral_goods.*,qs_sqk_seller_info.name as seller_name,qs_sqk_sys_community_info.com_name FROM `qs_sqk_seller_integral_goods` LEFT JOIN qs_sqk_seller_info ON qs_sqk_seller_info.id=qs_sqk_seller_integral_goods.seller_id LEFT JOIN qs_sqk_sys_community_info ON qs_sqk_sys_community_info.id=qs_sqk_seller_integral_goods.address_id  WHERE qs_sqk_seller_integral_goods.status = 1 ORDER BY qs_sqk_seller_integral_goods.id desc LIMIT 4   [ RunTime:0.0033s ]
NOTIC: [8] Use of undefined constant LEFT - assumed 'LEFT' E:\wamp\www\qskj_project_sqk_debug_git\qskj_sqk\sqk\Application\Admin\Model\BaseModel.class.php 第 93 行.
NOTIC: [8] Use of undefined constant LEFT - assumed 'LEFT' E:\wamp\www\qskj_project_sqk_debug_git\qskj_sqk\sqk\Application\Admin\Model\BaseModel.class.php 第 93 行.
SQL: SELECT COUNT(*) AS tp_count FROM `qs_sqk_seller_integral_goods` LEFT JOIN qs_sqk_seller_info ON qs_sqk_seller_info.id=qs_sqk_seller_integral_goods.seller_id LEFT JOIN qs_sqk_sys_community_info ON qs_sqk_sys_community_info.id=qs_sqk_seller_integral_goods.address_id  WHERE qs_sqk_seller_integral_goods.status = 1 LIMIT 1   [ RunTime:0.0011s ]

[ 2018-06-05T11:36:41+08:00 ] 127.0.0.1 /index.php/Dxt/login/checkIsLogin
INFO: [ app_init ] --START--
INFO: Run Behavior\BuildLiteBehavior [ RunTime:0.000027s ]
INFO: [ app_init ] --END-- [ RunTime:0.000403s ]
INFO: [ app_begin ] --START--
INFO: Run Behavior\ReadHtmlCacheBehavior [ RunTime:0.000495s ]
INFO: [ app_begin ] --END-- [ RunTime:0.000589s ]
SQL: SHOW COLUMNS FROM `qs_sqk_sys_config_def` [ RunTime:0.0061s ]
SQL: SELECT * FROM `qs_sqk_sys_config_def`  [ RunTime:0.0018s ]
SQL: SHOW COLUMNS FROM `qs_sqk_notice_cat` [ RunTime:0.0047s ]
SQL: SELECT * FROM `qs_sqk_notice_cat` WHERE ( is_enable=1 )  [ RunTime:0.0010s ]
NOTIC: [8] Undefined variable: str E:\wamp\www\qskj_project_sqk_debug_git\qskj_sqk\sqk\Application\Dxt\Controller\NoticeController.class.php 第 181 行.
SQL: SHOW COLUMNS FROM `qs_sqk_notice_info` [ RunTime:0.0050s ]
SQL: SELECT COUNT(*) AS tp_count FROM `qs_sqk_notice_info` WHERE ( is_publish=1 and read_ids not like "%,129,%" and cat_id in (0,1,2,3) and address_id in (0,1) ) LIMIT 1   [ RunTime:0.0014s ]
SQL: SELECT * FROM `qs_sqk_sys_config_def`  [ RunTime:0.0010s ]
SQL: SHOW COLUMNS FROM `qs_sqk_activ_cat` [ RunTime:0.0033s ]
SQL: SELECT * FROM `qs_sqk_activ_cat` WHERE ( is_enable=1 )  [ RunTime:0.0011s ]
NOTIC: [8] Undefined variable: str E:\wamp\www\qskj_project_sqk_debug_git\qskj_sqk\sqk\Application\Dxt\Controller\ActivityController.class.php 第 382 行.
SQL: SHOW COLUMNS FROM `qs_sqk_activ_info` [ RunTime:0.0047s ]
SQL: SELECT COUNT(*) AS tp_count FROM `qs_sqk_activ_info` WHERE ( is_publish=1 and read_ids not like "%,129,%" and cat_id in (0,1,2) ) LIMIT 1   [ RunTime:0.0016s ]

[ 2018-06-05T11:36:42+08:00 ] 127.0.0.1 /index.php/Dxt/SellerIntegralGoods/goods_detail?id=33
INFO: [ app_init ] --START--
INFO: Run Behavior\BuildLiteBehavior [ RunTime:0.000026s ]
INFO: [ app_init ] --END-- [ RunTime:0.000399s ]
INFO: [ app_begin ] --START--
INFO: Run Behavior\ReadHtmlCacheBehavior [ RunTime:0.000502s ]
INFO: [ app_begin ] --END-- [ RunTime:0.000615s ]
SQL: SHOW COLUMNS FROM `qs_sqk_sys_config_def` [ RunTime:0.0043s ]
SQL: SELECT * FROM `qs_sqk_sys_config_def`  [ RunTime:0.0017s ]
SQL: SHOW COLUMNS FROM `qs_sqk_seller_integral_goods` [ RunTime:0.0052s ]
SQL: SELECT * FROM `qs_sqk_seller_integral_goods` WHERE `id` = '33' LIMIT 1   [ RunTime:0.0029s ]
SQL: SHOW COLUMNS FROM `qs_sqk_seller_info` [ RunTime:0.0044s ]
SQL: SELECT * FROM `qs_sqk_seller_info` WHERE ( id=58 ) LIMIT 1   [ RunTime:0.0010s ]
INFO: [ view_parse ] --START--
INFO: [ template_filter ] --START--
INFO: Run Behavior\ContentReplaceBehavior [ RunTime:0.000102s ]
INFO: [ template_filter ] --END-- [ RunTime:0.000215s ]
INFO: Run Behavior\ParseTemplateBehavior [ RunTime:0.010273s ]
INFO: [ view_parse ] --END-- [ RunTime:0.010414s ]
INFO: [ view_filter ] --START--
INFO: Run Behavior\WriteHtmlCacheBehavior [ RunTime:0.000570s ]
INFO: [ view_filter ] --END-- [ RunTime:0.000684s ]
INFO: [ app_end ] --START--
INFO: Run Behavior\ShowPageTraceBehavior [ RunTime:0.000723s ]
INFO: [ app_end ] --END-- [ RunTime:0.000834s ]

[ 2018-06-05T11:36:42+08:00 ] 127.0.0.1 /index.php/Dxt/login/checkIsLogin
INFO: [ app_init ] --START--
INFO: Run Behavior\BuildLiteBehavior [ RunTime:0.000033s ]
INFO: [ app_init ] --END-- [ RunTime:0.000537s ]
INFO: [ app_begin ] --START--
INFO: Run Behavior\ReadHtmlCacheBehavior [ RunTime:0.000518s ]
INFO: [ app_begin ] --END-- [ RunTime:0.000620s ]
SQL: SHOW COLUMNS FROM `qs_sqk_sys_config_def` [ RunTime:0.0060s ]
SQL: SELECT * FROM `qs_sqk_sys_config_def`  [ RunTime:0.0015s ]
SQL: SHOW COLUMNS FROM `qs_sqk_notice_cat` [ RunTime:0.0038s ]
SQL: SELECT * FROM `qs_sqk_notice_cat` WHERE ( is_enable=1 )  [ RunTime:0.0011s ]
NOTIC: [8] Undefined variable: str E:\wamp\www\qskj_project_sqk_debug_git\qskj_sqk\sqk\Application\Dxt\Controller\NoticeController.class.php 第 181 行.
SQL: SHOW COLUMNS FROM `qs_sqk_notice_info` [ RunTime:0.0047s ]
SQL: SELECT COUNT(*) AS tp_count FROM `qs_sqk_notice_info` WHERE ( is_publish=1 and read_ids not like "%,129,%" and cat_id in (0,1,2,3) and address_id in (0,1) ) LIMIT 1   [ RunTime:0.0010s ]
SQL: SELECT * FROM `qs_sqk_sys_config_def`  [ RunTime:0.0014s ]
SQL: SHOW COLUMNS FROM `qs_sqk_activ_cat` [ RunTime:0.0037s ]
SQL: SELECT * FROM `qs_sqk_activ_cat` WHERE ( is_enable=1 )  [ RunTime:0.0010s ]
NOTIC: [8] Undefined variable: str E:\wamp\www\qskj_project_sqk_debug_git\qskj_sqk\sqk\Application\Dxt\Controller\ActivityController.class.php 第 382 行.
SQL: SHOW COLUMNS FROM `qs_sqk_activ_info` [ RunTime:0.0046s ]
SQL: SELECT COUNT(*) AS tp_count FROM `qs_sqk_activ_info` WHERE ( is_publish=1 and read_ids not like "%,129,%" and cat_id in (0,1,2) ) LIMIT 1   [ RunTime:0.0011s ]

[ 2018-06-05T11:36:42+08:00 ] 127.0.0.1 /index.php/Dxt/SellerIntegralGoods/getGoodsInfoSync
INFO: [ app_init ] --START--
INFO: Run Behavior\BuildLiteBehavior [ RunTime:0.000024s ]
INFO: [ app_init ] --END-- [ RunTime:0.000480s ]
INFO: [ app_begin ] --START--
INFO: Run Behavior\ReadHtmlCacheBehavior [ RunTime:0.000445s ]
INFO: [ app_begin ] --END-- [ RunTime:0.000590s ]
SQL: SHOW COLUMNS FROM `qs_sqk_sys_config_def` [ RunTime:0.0043s ]
SQL: SELECT * FROM `qs_sqk_sys_config_def`  [ RunTime:0.0017s ]
ERR: 非法操作:getGoodsInfoSync

[ 2018-06-05T11:36:43+08:00 ] 127.0.0.1 /index.php/Dxt/SellerIntegralGoods/seller_detail?id=58
INFO: [ app_init ] --START--
INFO: Run Behavior\BuildLiteBehavior [ RunTime:0.000027s ]
INFO: [ app_init ] --END-- [ RunTime:0.000397s ]
INFO: [ app_begin ] --START--
INFO: Run Behavior\ReadHtmlCacheBehavior [ RunTime:0.000543s ]
INFO: [ app_begin ] --END-- [ RunTime:0.000665s ]
SQL: SHOW COLUMNS FROM `qs_sqk_sys_config_def` [ RunTime:0.0058s ]
SQL: SELECT * FROM `qs_sqk_sys_config_def`  [ RunTime:0.0025s ]
SQL: SHOW COLUMNS FROM `qs_sqk_seller_info` [ RunTime:0.0045s ]
SQL: SELECT * FROM `qs_sqk_seller_info` WHERE `id` = '58' LIMIT 1   [ RunTime:0.0026s ]
SQL: SHOW COLUMNS FROM `qs_sqk_seller_complaint_cat` [ RunTime:0.0052s ]
SQL: SELECT * FROM `qs_sqk_seller_complaint_cat`  [ RunTime:0.0011s ]
SQL: SHOW COLUMNS FROM `qs_sqk_seller_integral_goods` [ RunTime:0.0038s ]
NOTIC: [8] Use of undefined constant LEFT - assumed 'LEFT' E:\wamp\www\qskj_project_sqk_debug_git\qskj_sqk\sqk\Application\Admin\Model\BaseModel.class.php 第 93 行.
NOTIC: [8] Use of undefined constant LEFT - assumed 'LEFT' E:\wamp\www\qskj_project_sqk_debug_git\qskj_sqk\sqk\Application\Admin\Model\BaseModel.class.php 第 93 行.
NOTIC: [8] Use of undefined constant LEFT - assumed 'LEFT' E:\wamp\www\qskj_project_sqk_debug_git\qskj_sqk\sqk\Application\Admin\Model\BaseModel.class.php 第 93 行.
SQL: SELECT qs_sqk_seller_integral_goods.*,qs_sqk_seller_info.name as seller_name,qs_sqk_sys_community_info.com_name FROM `qs_sqk_seller_integral_goods` LEFT JOIN qs_sqk_goods_exchange_record ON qs_sqk_goods_exchange_record.goods_id=qs_sqk_seller_integral_goods.id LEFT JOIN qs_sqk_seller_info ON qs_sqk_seller_info.id=qs_sqk_seller_integral_goods.seller_id LEFT JOIN qs_sqk_sys_community_info ON qs_sqk_sys_community_info.id=qs_sqk_seller_integral_goods.address_id  WHERE qs_sqk_seller_integral_goods.status = 1 AND qs_sqk_seller_integral_goods.seller_id = '58' GROUP BY qs_sqk_seller_integral_goods.id ORDER BY qs_sqk_seller_integral_goods.id desc  [ RunTime:0.0054s ]
INFO: [ view_parse ] --START--
INFO: [ template_filter ] --START--
INFO: Run Behavior\ContentReplaceBehavior [ RunTime:0.000100s ]
INFO: [ template_filter ] --END-- [ RunTime:0.000216s ]
INFO: Run Behavior\ParseTemplateBehavior [ RunTime:0.013261s ]
INFO: [ view_parse ] --END-- [ RunTime:0.013400s ]
INFO: [ view_filter ] --START--
INFO: Run Behavior\WriteHtmlCacheBehavior [ RunTime:0.000557s ]
INFO: [ view_filter ] --END-- [ RunTime:0.000673s ]
INFO: [ app_end ] --START--
INFO: Run Behavior\ShowPageTraceBehavior [ RunTime:0.000716s ]
INFO: [ app_end ] --END-- [ RunTime:0.000826s ]

[ 2018-06-05T11:36:45+08:00 ] 127.0.0.1 /index.php/Dxt/SellerIntegralGoods/item_list
INFO: [ app_init ] --START--
INFO: Run Behavior\BuildLiteBehavior [ RunTime:0.000028s ]
INFO: [ app_init ] --END-- [ RunTime:0.000416s ]
INFO: [ app_begin ] --START--
INFO: Run Behavior\ReadHtmlCacheBehavior [ RunTime:0.000496s ]
INFO: [ app_begin ] --END-- [ RunTime:0.000614s ]
SQL: SHOW COLUMNS FROM `qs_sqk_sys_config_def` [ RunTime:0.0045s ]
SQL: SELECT * FROM `qs_sqk_sys_config_def`  [ RunTime:0.0019s ]
SQL: SELECT * FROM `qs_sqk_sys_config_def`  [ RunTime:0.0036s ]
SQL: SHOW COLUMNS FROM `qs_sqk_seller_prom_info` [ RunTime:0.0048s ]
SQL: SELECT * FROM `qs_sqk_seller_prom_info` WHERE ( status=1 )  [ RunTime:0.0030s ]
NOTIC: [8] Undefined variable: str E:\wamp\www\qskj_project_sqk_debug_git\qskj_sqk\sqk\Application\Dxt\Controller\SellerController.class.php 第 343 行.
SQL: SHOW COLUMNS FROM `qs_sqk_sys_all_attach` [ RunTime:0.0047s ]
SQL: SELECT * FROM `qs_sqk_sys_all_attach` WHERE ( module_name="sellerProm" and module_info_id in (40,41) ) ORDER BY id desc  [ RunTime:0.0013s ]
SQL: SHOW COLUMNS FROM `qs_sqk_sys_userapp_info` [ RunTime:0.0035s ]
SQL: SELECT `integral_num` FROM `qs_sqk_sys_userapp_info` WHERE `id` = 129 LIMIT 1   [ RunTime:0.0009s ]
INFO: [ view_parse ] --START--
INFO: [ template_filter ] --START--
INFO: Run Behavior\ContentReplaceBehavior [ RunTime:0.000099s ]
INFO: [ template_filter ] --END-- [ RunTime:0.000221s ]
INFO: Run Behavior\ParseTemplateBehavior [ RunTime:0.008925s ]
INFO: [ view_parse ] --END-- [ RunTime:0.009063s ]
INFO: [ view_filter ] --START--
INFO: Run Behavior\WriteHtmlCacheBehavior [ RunTime:0.000564s ]
INFO: [ view_filter ] --END-- [ RunTime:0.000678s ]
INFO: [ app_end ] --START--
INFO: Run Behavior\ShowPageTraceBehavior [ RunTime:0.000784s ]
INFO: [ app_end ] --END-- [ RunTime:0.000894s ]

[ 2018-06-05T11:36:45+08:00 ] 127.0.0.1 /index.php/Dxt/login/checkIsLogin
INFO: [ app_init ] --START--
INFO: Run Behavior\BuildLiteBehavior [ RunTime:0.000029s ]
INFO: [ app_init ] --END-- [ RunTime:0.000422s ]
INFO: [ app_begin ] --START--
INFO: Run Behavior\ReadHtmlCacheBehavior [ RunTime:0.000607s ]
INFO: [ app_begin ] --END-- [ RunTime:0.000708s ]
SQL: SHOW COLUMNS FROM `qs_sqk_sys_config_def` [ RunTime:0.0055s ]
SQL: SELECT * FROM `qs_sqk_sys_config_def`  [ RunTime:0.0017s ]
SQL: SHOW COLUMNS FROM `qs_sqk_notice_cat` [ RunTime:0.0043s ]
SQL: SELECT * FROM `qs_sqk_notice_cat` WHERE ( is_enable=1 )  [ RunTime:0.0011s ]
NOTIC: [8] Undefined variable: str E:\wamp\www\qskj_project_sqk_debug_git\qskj_sqk\sqk\Application\Dxt\Controller\NoticeController.class.php 第 181 行.
SQL: SHOW COLUMNS FROM `qs_sqk_notice_info` [ RunTime:0.0048s ]
SQL: SELECT COUNT(*) AS tp_count FROM `qs_sqk_notice_info` WHERE ( is_publish=1 and read_ids not like "%,129,%" and cat_id in (0,1,2,3) and address_id in (0,1) ) LIMIT 1   [ RunTime:0.0009s ]
SQL: SELECT * FROM `qs_sqk_sys_config_def`  [ RunTime:0.0010s ]
SQL: SHOW COLUMNS FROM `qs_sqk_activ_cat` [ RunTime:0.0051s ]
SQL: SELECT * FROM `qs_sqk_activ_cat` WHERE ( is_enable=1 )  [ RunTime:0.0015s ]
NOTIC: [8] Undefined variable: str E:\wamp\www\qskj_project_sqk_debug_git\qskj_sqk\sqk\Application\Dxt\Controller\ActivityController.class.php 第 382 行.
SQL: SHOW COLUMNS FROM `qs_sqk_activ_info` [ RunTime:0.0042s ]
SQL: SELECT COUNT(*) AS tp_count FROM `qs_sqk_activ_info` WHERE ( is_publish=1 and read_ids not like "%,129,%" and cat_id in (0,1,2) ) LIMIT 1   [ RunTime:0.0012s ]

[ 2018-06-05T11:36:45+08:00 ] 127.0.0.1 /index.php/Dxt/SellerIntegralGoods/getList
INFO: [ app_init ] --START--
INFO: Run Behavior\BuildLiteBehavior [ RunTime:0.000025s ]
INFO: [ app_init ] --END-- [ RunTime:0.000401s ]
INFO: [ app_begin ] --START--
INFO: Run Behavior\ReadHtmlCacheBehavior [ RunTime:0.000397s ]
INFO: [ app_begin ] --END-- [ RunTime:0.000491s ]
SQL: SHOW COLUMNS FROM `qs_sqk_sys_config_def` [ RunTime:0.0045s ]
SQL: SELECT * FROM `qs_sqk_sys_config_def`  [ RunTime:0.0026s ]
SQL: SHOW COLUMNS FROM `qs_sqk_seller_integral_goods` [ RunTime:0.0055s ]
NOTIC: [8] Use of undefined constant LEFT - assumed 'LEFT' E:\wamp\www\qskj_project_sqk_debug_git\qskj_sqk\sqk\Application\Admin\Model\BaseModel.class.php 第 93 行.
NOTIC: [8] Use of undefined constant LEFT - assumed 'LEFT' E:\wamp\www\qskj_project_sqk_debug_git\qskj_sqk\sqk\Application\Admin\Model\BaseModel.class.php 第 93 行.
SQL: SELECT qs_sqk_seller_integral_goods.*,qs_sqk_seller_info.name as seller_name,qs_sqk_sys_community_info.com_name FROM `qs_sqk_seller_integral_goods` LEFT JOIN qs_sqk_seller_info ON qs_sqk_seller_info.id=qs_sqk_seller_integral_goods.seller_id LEFT JOIN qs_sqk_sys_community_info ON qs_sqk_sys_community_info.id=qs_sqk_seller_integral_goods.address_id  WHERE qs_sqk_seller_integral_goods.status = 1 ORDER BY qs_sqk_seller_integral_goods.id desc LIMIT 4   [ RunTime:0.0032s ]
NOTIC: [8] Use of undefined constant LEFT - assumed 'LEFT' E:\wamp\www\qskj_project_sqk_debug_git\qskj_sqk\sqk\Application\Admin\Model\BaseModel.class.php 第 93 行.
NOTIC: [8] Use of undefined constant LEFT - assumed 'LEFT' E:\wamp\www\qskj_project_sqk_debug_git\qskj_sqk\sqk\Application\Admin\Model\BaseModel.class.php 第 93 行.
SQL: SELECT COUNT(*) AS tp_count FROM `qs_sqk_seller_integral_goods` LEFT JOIN qs_sqk_seller_info ON qs_sqk_seller_info.id=qs_sqk_seller_integral_goods.seller_id LEFT JOIN qs_sqk_sys_community_info ON qs_sqk_sys_community_info.id=qs_sqk_seller_integral_goods.address_id  WHERE qs_sqk_seller_integral_goods.status = 1 LIMIT 1   [ RunTime:0.0012s ]

[ 2018-06-05T11:36:47+08:00 ] 127.0.0.1 /index.php/Dxt/SellerIntegralGoods/goods_detail?id=31
INFO: [ app_init ] --START--
INFO: Run Behavior\BuildLiteBehavior [ RunTime:0.000026s ]
INFO: [ app_init ] --END-- [ RunTime:0.000420s ]
INFO: [ app_begin ] --START--
INFO: Run Behavior\ReadHtmlCacheBehavior [ RunTime:0.000558s ]
INFO: [ app_begin ] --END-- [ RunTime:0.000664s ]
SQL: SHOW COLUMNS FROM `qs_sqk_sys_config_def` [ RunTime:0.0044s ]
SQL: SELECT * FROM `qs_sqk_sys_config_def`  [ RunTime:0.0018s ]
SQL: SHOW COLUMNS FROM `qs_sqk_seller_integral_goods` [ RunTime:0.0041s ]
SQL: SELECT * FROM `qs_sqk_seller_integral_goods` WHERE `id` = '31' LIMIT 1   [ RunTime:0.0034s ]
SQL: SHOW COLUMNS FROM `qs_sqk_seller_info` [ RunTime:0.0067s ]
SQL: SELECT * FROM `qs_sqk_seller_info` WHERE ( id=57 ) LIMIT 1   [ RunTime:0.0055s ]
INFO: [ view_parse ] --START--
INFO: [ template_filter ] --START--
INFO: Run Behavior\ContentReplaceBehavior [ RunTime:0.000101s ]
INFO: [ template_filter ] --END-- [ RunTime:0.000212s ]
INFO: Run Behavior\ParseTemplateBehavior [ RunTime:0.011265s ]
INFO: [ view_parse ] --END-- [ RunTime:0.011413s ]
INFO: [ view_filter ] --START--
INFO: Run Behavior\WriteHtmlCacheBehavior [ RunTime:0.000582s ]
INFO: [ view_filter ] --END-- [ RunTime:0.000701s ]
INFO: [ app_end ] --START--
INFO: Run Behavior\ShowPageTraceBehavior [ RunTime:0.000716s ]
INFO: [ app_end ] --END-- [ RunTime:0.000824s ]

[ 2018-06-05T11:36:47+08:00 ] 127.0.0.1 /index.php/Dxt/SellerIntegralGoods/getGoodsInfoSync
INFO: [ app_init ] --START--
INFO: Run Behavior\BuildLiteBehavior [ RunTime:0.000026s ]
INFO: [ app_init ] --END-- [ RunTime:0.000416s ]
INFO: [ app_begin ] --START--
INFO: Run Behavior\ReadHtmlCacheBehavior [ RunTime:0.000439s ]
INFO: [ app_begin ] --END-- [ RunTime:0.000542s ]
SQL: SHOW COLUMNS FROM `qs_sqk_sys_config_def` [ RunTime:0.0037s ]
SQL: SELECT * FROM `qs_sqk_sys_config_def`  [ RunTime:0.0016s ]
ERR: 非法操作:getGoodsInfoSync

[ 2018-06-05T11:36:47+08:00 ] 127.0.0.1 /index.php/Dxt/login/checkIsLogin
INFO: [ app_init ] --START--
INFO: Run Behavior\BuildLiteBehavior [ RunTime:0.000028s ]
INFO: [ app_init ] --END-- [ RunTime:0.000413s ]
INFO: [ app_begin ] --START--
INFO: Run Behavior\ReadHtmlCacheBehavior [ RunTime:0.000509s ]
INFO: [ app_begin ] --END-- [ RunTime:0.000611s ]
SQL: SHOW COLUMNS FROM `qs_sqk_sys_config_def` [ RunTime:0.0052s ]
SQL: SELECT * FROM `qs_sqk_sys_config_def`  [ RunTime:0.0016s ]
SQL: SHOW COLUMNS FROM `qs_sqk_notice_cat` [ RunTime:0.0108s ]
SQL: SELECT * FROM `qs_sqk_notice_cat` WHERE ( is_enable=1 )  [ RunTime:0.0012s ]
NOTIC: [8] Undefined variable: str E:\wamp\www\qskj_project_sqk_debug_git\qskj_sqk\sqk\Application\Dxt\Controller\NoticeController.class.php 第 181 行.
SQL: SHOW COLUMNS FROM `qs_sqk_notice_info` [ RunTime:0.0041s ]
SQL: SELECT COUNT(*) AS tp_count FROM `qs_sqk_notice_info` WHERE ( is_publish=1 and read_ids not like "%,129,%" and cat_id in (0,1,2,3) and address_id in (0,1) ) LIMIT 1   [ RunTime:0.0018s ]
SQL: SELECT * FROM `qs_sqk_sys_config_def`  [ RunTime:0.0041s ]
SQL: SHOW COLUMNS FROM `qs_sqk_activ_cat` [ RunTime:0.0041s ]
SQL: SELECT * FROM `qs_sqk_activ_cat` WHERE ( is_enable=1 )  [ RunTime:0.0011s ]
NOTIC: [8] Undefined variable: str E:\wamp\www\qskj_project_sqk_debug_git\qskj_sqk\sqk\Application\Dxt\Controller\ActivityController.class.php 第 382 行.
SQL: SHOW COLUMNS FROM `qs_sqk_activ_info` [ RunTime:0.0041s ]
SQL: SELECT COUNT(*) AS tp_count FROM `qs_sqk_activ_info` WHERE ( is_publish=1 and read_ids not like "%,129,%" and cat_id in (0,1,2) ) LIMIT 1   [ RunTime:0.0009s ]

[ 2018-06-05T11:36:48+08:00 ] 127.0.0.1 /index.php/Dxt/SellerIntegralGoods/seller_detail?id=57
INFO: [ app_init ] --START--
INFO: Run Behavior\BuildLiteBehavior [ RunTime:0.000027s ]
INFO: [ app_init ] --END-- [ RunTime:0.000416s ]
INFO: [ app_begin ] --START--
INFO: Run Behavior\ReadHtmlCacheBehavior [ RunTime:0.000505s ]
INFO: [ app_begin ] --END-- [ RunTime:0.000618s ]
SQL: SHOW COLUMNS FROM `qs_sqk_sys_config_def` [ RunTime:0.0050s ]
SQL: SELECT * FROM `qs_sqk_sys_config_def`  [ RunTime:0.0016s ]
SQL: SHOW COLUMNS FROM `qs_sqk_seller_info` [ RunTime:0.0059s ]
SQL: SELECT * FROM `qs_sqk_seller_info` WHERE `id` = '57' LIMIT 1   [ RunTime:0.0026s ]
SQL: SHOW COLUMNS FROM `qs_sqk_seller_complaint_cat` [ RunTime:0.0040s ]
SQL: SELECT * FROM `qs_sqk_seller_complaint_cat`  [ RunTime:0.0012s ]
SQL: SHOW COLUMNS FROM `qs_sqk_seller_integral_goods` [ RunTime:0.0047s ]
NOTIC: [8] Use of undefined constant LEFT - assumed 'LEFT' E:\wamp\www\qskj_project_sqk_debug_git\qskj_sqk\sqk\Application\Admin\Model\BaseModel.class.php 第 93 行.
NOTIC: [8] Use of undefined constant LEFT - assumed 'LEFT' E:\wamp\www\qskj_project_sqk_debug_git\qskj_sqk\sqk\Application\Admin\Model\BaseModel.class.php 第 93 行.
NOTIC: [8] Use of undefined constant LEFT - assumed 'LEFT' E:\wamp\www\qskj_project_sqk_debug_git\qskj_sqk\sqk\Application\Admin\Model\BaseModel.class.php 第 93 行.
SQL: SELECT qs_sqk_seller_integral_goods.*,qs_sqk_seller_info.name as seller_name,qs_sqk_sys_community_info.com_name FROM `qs_sqk_seller_integral_goods` LEFT JOIN qs_sqk_goods_exchange_record ON qs_sqk_goods_exchange_record.goods_id=qs_sqk_seller_integral_goods.id LEFT JOIN qs_sqk_seller_info ON qs_sqk_seller_info.id=qs_sqk_seller_integral_goods.seller_id LEFT JOIN qs_sqk_sys_community_info ON qs_sqk_sys_community_info.id=qs_sqk_seller_integral_goods.address_id  WHERE qs_sqk_seller_integral_goods.status = 1 AND qs_sqk_seller_integral_goods.seller_id = '57' GROUP BY qs_sqk_seller_integral_goods.id ORDER BY qs_sqk_seller_integral_goods.id desc  [ RunTime:0.0057s ]
INFO: [ view_parse ] --START--
INFO: [ template_filter ] --START--
INFO: Run Behavior\ContentReplaceBehavior [ RunTime:0.000136s ]
INFO: [ template_filter ] --END-- [ RunTime:0.000491s ]
INFO: Run Behavior\ParseTemplateBehavior [ RunTime:0.012591s ]
INFO: [ view_parse ] --END-- [ RunTime:0.012719s ]
INFO: [ view_filter ] --START--
INFO: Run Behavior\WriteHtmlCacheBehavior [ RunTime:0.000588s ]
INFO: [ view_filter ] --END-- [ RunTime:0.000705s ]
INFO: [ app_end ] --START--
INFO: Run Behavior\ShowPageTraceBehavior [ RunTime:0.001084s ]
INFO: [ app_end ] --END-- [ RunTime:0.001322s ]

[ 2018-06-05T16:54:18+08:00 ] 127.0.0.1 /index.php/Dxt/Index/main?address_id=0&user_id=129
INFO: [ app_init ] --START--
INFO: Run Behavior\BuildLiteBehavior [ RunTime:0.000025s ]
INFO: [ app_init ] --END-- [ RunTime:0.000587s ]
INFO: [ app_begin ] --START--
INFO: Run Behavior\ReadHtmlCacheBehavior [ RunTime:0.000668s ]
INFO: [ app_begin ] --END-- [ RunTime:0.000796s ]
SQL: SHOW COLUMNS FROM `qs_sqk_sys_config_def` [ RunTime:0.0053s ]
SQL: SELECT * FROM `qs_sqk_sys_config_def`  [ RunTime:0.0019s ]
SQL: SHOW COLUMNS FROM `qs_sqk_sys_userapp_info` [ RunTime:0.0047s ]
SQL: SELECT * FROM `qs_sqk_sys_userapp_info` WHERE `id` = 129 LIMIT 1   [ RunTime:0.0027s ]
NOTIC: [8] Undefined index: type E:\wamp\www\qskj_project_sqk_debug_git\qskj_sqk\sqk\Application\Dxt\Controller\IndexController.class.php 第 197 行.
INFO: [ view_parse ] --START--
INFO: [ template_filter ] --START--
INFO: Run Behavior\ContentReplaceBehavior [ RunTime:0.000107s ]
INFO: [ template_filter ] --END-- [ RunTime:0.000217s ]
INFO: Run Behavior\ParseTemplateBehavior [ RunTime:0.009020s ]
INFO: [ view_parse ] --END-- [ RunTime:0.009142s ]
INFO: [ view_filter ] --START--
INFO: Run Behavior\WriteHtmlCacheBehavior [ RunTime:0.001053s ]
INFO: [ view_filter ] --END-- [ RunTime:0.001180s ]
INFO: [ app_end ] --START--
INFO: Run Behavior\ShowPageTraceBehavior [ RunTime:0.000850s ]
INFO: [ app_end ] --END-- [ RunTime:0.000965s ]

[ 2018-06-05T16:54:19+08:00 ] 127.0.0.1 /index.php/Dxt/Index/login/user_id/129
INFO: [ app_init ] --START--
INFO: Run Behavior\BuildLiteBehavior [ RunTime:0.000026s ]
INFO: [ app_init ] --END-- [ RunTime:0.000512s ]
INFO: [ app_begin ] --START--
INFO: Run Behavior\ReadHtmlCacheBehavior [ RunTime:0.000722s ]
INFO: [ app_begin ] --END-- [ RunTime:0.000847s ]
SQL: SHOW COLUMNS FROM `qs_sqk_sys_config_def` [ RunTime:0.0037s ]
SQL: SELECT * FROM `qs_sqk_sys_config_def`  [ RunTime:0.0016s ]

[ 2018-06-05T16:54:19+08:00 ] 127.0.0.1 /index.php/Dxt/Index/getAdList
INFO: [ app_init ] --START--
INFO: Run Behavior\BuildLiteBehavior [ RunTime:0.000027s ]
INFO: [ app_init ] --END-- [ RunTime:0.000487s ]
INFO: [ app_begin ] --START--
INFO: Run Behavior\ReadHtmlCacheBehavior [ RunTime:0.000680s ]
INFO: [ app_begin ] --END-- [ RunTime:0.000807s ]
SQL: SHOW COLUMNS FROM `qs_sqk_sys_config_def` [ RunTime:0.0039s ]
SQL: SELECT * FROM `qs_sqk_sys_config_def`  [ RunTime:0.0026s ]
SQL: SHOW COLUMNS FROM `qs_sqk_seller_info` [ RunTime:0.0050s ]
SQL: SELECT * FROM `qs_sqk_seller_info` WHERE ( 1=1 ) AND `status` = 1 ORDER BY RAND() LIMIT 5   [ RunTime:0.0032s ]

[ 2018-06-05T16:54:19+08:00 ] 127.0.0.1 /index.php/Dxt/Login/login.html
INFO: [ app_init ] --START--
INFO: Run Behavior\BuildLiteBehavior [ RunTime:0.000025s ]
INFO: [ app_init ] --END-- [ RunTime:0.000414s ]
INFO: [ app_begin ] --START--
INFO: Run Behavior\ReadHtmlCacheBehavior [ RunTime:0.000509s ]
INFO: [ app_begin ] --END-- [ RunTime:0.000624s ]
SQL: SHOW COLUMNS FROM `qs_sqk_sys_config_def` [ RunTime:0.0038s ]
SQL: SELECT * FROM `qs_sqk_sys_config_def`  [ RunTime:0.0032s ]
SQL: SHOW COLUMNS FROM `qs_sqk_sys_userapp_info` [ RunTime:0.0070s ]
SQL: SELECT `id`,`address_id` FROM `qs_sqk_sys_userapp_info` WHERE ( id=129 ) LIMIT 1   [ RunTime:0.0029s ]

[ 2018-06-05T16:54:19+08:00 ] 127.0.0.1 /index.php/Dxt/Activity/activity_list.html
INFO: [ app_init ] --START--
INFO: Run Behavior\BuildLiteBehavior [ RunTime:0.000022s ]
INFO: [ app_init ] --END-- [ RunTime:0.000376s ]
INFO: [ app_begin ] --START--
INFO: Run Behavior\ReadHtmlCacheBehavior [ RunTime:0.000411s ]
INFO: [ app_begin ] --END-- [ RunTime:0.000516s ]
SQL: SHOW COLUMNS FROM `qs_sqk_sys_config_def` [ RunTime:0.0040s ]
SQL: SELECT * FROM `qs_sqk_sys_config_def`  [ RunTime:0.0017s ]
SQL: SHOW COLUMNS FROM `qs_sqk_activ_cat` [ RunTime:0.0043s ]
SQL: SELECT * FROM `qs_sqk_activ_cat` WHERE ( is_enable=1 )  [ RunTime:0.0018s ]
NOTIC: [8] Undefined variable: sliderData E:\wamp\www\qskj_project_sqk_debug_git\qskj_sqk\sqk\Application\Dxt\Controller\ActivityController.class.php 第 32 行.
INFO: [ view_parse ] --START--
INFO: [ template_filter ] --START--
INFO: Run Behavior\ContentReplaceBehavior [ RunTime:0.000085s ]
INFO: [ template_filter ] --END-- [ RunTime:0.000191s ]
INFO: Run Behavior\ParseTemplateBehavior [ RunTime:0.010304s ]
INFO: [ view_parse ] --END-- [ RunTime:0.010415s ]
INFO: [ view_filter ] --START--
INFO: Run Behavior\WriteHtmlCacheBehavior [ RunTime:0.000522s ]
INFO: [ view_filter ] --END-- [ RunTime:0.000617s ]
INFO: [ app_end ] --START--
INFO: Run Behavior\ShowPageTraceBehavior [ RunTime:0.000735s ]
INFO: [ app_end ] --END-- [ RunTime:0.000858s ]

[ 2018-06-05T16:54:19+08:00 ] 127.0.0.1 /index.php/Dxt/login/checkIsLogin
INFO: [ app_init ] --START--
INFO: Run Behavior\BuildLiteBehavior [ RunTime:0.000022s ]
INFO: [ app_init ] --END-- [ RunTime:0.000405s ]
INFO: [ app_begin ] --START--
INFO: Run Behavior\ReadHtmlCacheBehavior [ RunTime:0.000421s ]
INFO: [ app_begin ] --END-- [ RunTime:0.000518s ]
SQL: SHOW COLUMNS FROM `qs_sqk_sys_config_def` [ RunTime:0.0045s ]
SQL: SELECT * FROM `qs_sqk_sys_config_def`  [ RunTime:0.0018s ]
SQL: SHOW COLUMNS FROM `qs_sqk_notice_cat` [ RunTime:0.0047s ]
SQL: SELECT * FROM `qs_sqk_notice_cat` WHERE ( is_enable=1 )  [ RunTime:0.0011s ]
NOTIC: [8] Undefined variable: str E:\wamp\www\qskj_project_sqk_debug_git\qskj_sqk\sqk\Application\Dxt\Controller\NoticeController.class.php 第 181 行.
SQL: SHOW COLUMNS FROM `qs_sqk_notice_info` [ RunTime:0.0034s ]
SQL: SELECT COUNT(*) AS tp_count FROM `qs_sqk_notice_info` WHERE ( is_publish=1 and read_ids not like "%,129,%" and cat_id in (0,1,2,3) and address_id in (0,1) ) LIMIT 1   [ RunTime:0.0010s ]
SQL: SELECT * FROM `qs_sqk_sys_config_def`  [ RunTime:0.0010s ]
SQL: SHOW COLUMNS FROM `qs_sqk_activ_cat` [ RunTime:0.0039s ]
SQL: SELECT * FROM `qs_sqk_activ_cat` WHERE ( is_enable=1 )  [ RunTime:0.0010s ]
NOTIC: [8] Undefined variable: str E:\wamp\www\qskj_project_sqk_debug_git\qskj_sqk\sqk\Application\Dxt\Controller\ActivityController.class.php 第 382 行.
SQL: SHOW COLUMNS FROM `qs_sqk_activ_info` [ RunTime:0.0039s ]
SQL: SELECT COUNT(*) AS tp_count FROM `qs_sqk_activ_info` WHERE ( is_publish=1 and read_ids not like "%,129,%" and cat_id in (0,1,2) ) LIMIT 1   [ RunTime:0.0010s ]

[ 2018-06-05T16:54:20+08:00 ] 127.0.0.1 /index.php/Dxt/Activity/getList
INFO: [ app_init ] --START--
INFO: Run Behavior\BuildLiteBehavior [ RunTime:0.000024s ]
INFO: [ app_init ] --END-- [ RunTime:0.000382s ]
INFO: [ app_begin ] --START--
INFO: Run Behavior\ReadHtmlCacheBehavior [ RunTime:0.000413s ]
INFO: [ app_begin ] --END-- [ RunTime:0.000510s ]
SQL: SHOW COLUMNS FROM `qs_sqk_sys_config_def` [ RunTime:0.0061s ]
SQL: SELECT * FROM `qs_sqk_sys_config_def`  [ RunTime:0.0025s ]
SQL: SHOW COLUMNS FROM `qs_sqk_activ_cat` [ RunTime:0.0050s ]
SQL: SELECT * FROM `qs_sqk_activ_cat` WHERE ( is_enable=1 )  [ RunTime:0.0020s ]
NOTIC: [8] Undefined variable: str E:\wamp\www\qskj_project_sqk_debug_git\qskj_sqk\sqk\Application\Dxt\Controller\ActivityController.class.php 第 382 行.
SQL: SHOW COLUMNS FROM `qs_sqk_activ_info` [ RunTime:0.0051s ]
SQL: SELECT * FROM `qs_sqk_activ_info` WHERE `is_publish` = 1 AND `cat_id` IN ('0','1','2') ORDER BY id desc LIMIT 4   [ RunTime:0.0022s ]
SQL: SELECT COUNT(*) AS tp_count FROM `qs_sqk_activ_info` WHERE `is_publish` = 1 AND `cat_id` IN ('0','1','2') LIMIT 1   [ RunTime:0.0009s ]
SQL: SELECT * FROM `qs_sqk_activ_cat` WHERE ( id=2 ) LIMIT 1   [ RunTime:0.0012s ]
SQL: SELECT * FROM `qs_sqk_activ_info` WHERE ( id=23 ) LIMIT 1   [ RunTime:0.0019s ]
SQL: SELECT * FROM `qs_sqk_activ_info` WHERE ( id=23 ) LIMIT 1   [ RunTime:0.0018s ]
SQL: SHOW COLUMNS FROM `qs_sqk_sys_all_attach` [ RunTime:0.0029s ]
SQL: SELECT * FROM `qs_sqk_sys_all_attach` WHERE ( module_name="activity" and module_info_id=23 )  [ RunTime:0.0012s ]
SQL: SELECT * FROM `qs_sqk_activ_cat` WHERE ( id=2 ) LIMIT 1   [ RunTime:0.0012s ]
SQL: SELECT * FROM `qs_sqk_activ_info` WHERE ( id=22 ) LIMIT 1   [ RunTime:0.0019s ]
SQL: SELECT * FROM `qs_sqk_activ_info` WHERE ( id=22 ) LIMIT 1   [ RunTime:0.0017s ]
SQL: SELECT * FROM `qs_sqk_sys_all_attach` WHERE ( module_name="activity" and module_info_id=22 )  [ RunTime:0.0014s ]

[ 2018-06-05T16:54:50+08:00 ] 127.0.0.1 /index.php/Dxt/Index/getAdList
INFO: [ app_init ] --START--
INFO: Run Behavior\BuildLiteBehavior [ RunTime:0.000030s ]
INFO: [ app_init ] --END-- [ RunTime:0.000456s ]
INFO: [ app_begin ] --START--
INFO: Run Behavior\ReadHtmlCacheBehavior [ RunTime:0.000409s ]
INFO: [ app_begin ] --END-- [ RunTime:0.000504s ]
SQL: SHOW COLUMNS FROM `qs_sqk_sys_config_def` [ RunTime:0.0054s ]
SQL: SELECT * FROM `qs_sqk_sys_config_def`  [ RunTime:0.0017s ]
SQL: SHOW COLUMNS FROM `qs_sqk_seller_info` [ RunTime:0.0055s ]
SQL: SELECT * FROM `qs_sqk_seller_info` WHERE ( 1=1 ) AND `status` = 1 ORDER BY RAND() LIMIT 5   [ RunTime:0.0029s ]

[ 2018-06-05T16:54:50+08:00 ] 127.0.0.1 /index.php/Dxt/login/checkIsLogin
INFO: [ app_init ] --START--
INFO: Run Behavior\BuildLiteBehavior [ RunTime:0.000030s ]
INFO: [ app_init ] --END-- [ RunTime:0.000429s ]
INFO: [ app_begin ] --START--
INFO: Run Behavior\ReadHtmlCacheBehavior [ RunTime:0.000441s ]
INFO: [ app_begin ] --END-- [ RunTime:0.000546s ]
SQL: SHOW COLUMNS FROM `qs_sqk_sys_config_def` [ RunTime:0.0045s ]
SQL: SELECT * FROM `qs_sqk_sys_config_def`  [ RunTime:0.0017s ]
SQL: SHOW COLUMNS FROM `qs_sqk_notice_cat` [ RunTime:0.0057s ]
SQL: SELECT * FROM `qs_sqk_notice_cat` WHERE ( is_enable=1 )  [ RunTime:0.0011s ]
NOTIC: [8] Undefined variable: str E:\wamp\www\qskj_project_sqk_debug_git\qskj_sqk\sqk\Application\Dxt\Controller\NoticeController.class.php 第 181 行.
SQL: SHOW COLUMNS FROM `qs_sqk_notice_info` [ RunTime:0.0046s ]
SQL: SELECT COUNT(*) AS tp_count FROM `qs_sqk_notice_info` WHERE ( is_publish=1 and read_ids not like "%,129,%" and cat_id in (0,1,2,3) and address_id in (0,1) ) LIMIT 1   [ RunTime:0.0009s ]
SQL: SELECT * FROM `qs_sqk_sys_config_def`  [ RunTime:0.0009s ]
SQL: SHOW COLUMNS FROM `qs_sqk_activ_cat` [ RunTime:0.0039s ]
SQL: SELECT * FROM `qs_sqk_activ_cat` WHERE ( is_enable=1 )  [ RunTime:0.0009s ]
NOTIC: [8] Undefined variable: str E:\wamp\www\qskj_project_sqk_debug_git\qskj_sqk\sqk\Application\Dxt\Controller\ActivityController.class.php 第 382 行.
SQL: SHOW COLUMNS FROM `qs_sqk_activ_info` [ RunTime:0.0034s ]
SQL: SELECT COUNT(*) AS tp_count FROM `qs_sqk_activ_info` WHERE ( is_publish=1 and read_ids not like "%,129,%" and cat_id in (0,1,2) ) LIMIT 1   [ RunTime:0.0009s ]

[ 2018-06-05T16:54:50+08:00 ] 127.0.0.1 /index.php/Dxt/Activity/getList
INFO: [ app_init ] --START--
INFO: Run Behavior\BuildLiteBehavior [ RunTime:0.000026s ]
INFO: [ app_init ] --END-- [ RunTime:0.000446s ]
INFO: [ app_begin ] --START--
INFO: Run Behavior\ReadHtmlCacheBehavior [ RunTime:0.000412s ]
INFO: [ app_begin ] --END-- [ RunTime:0.000509s ]
SQL: SHOW COLUMNS FROM `qs_sqk_sys_config_def` [ RunTime:0.0055s ]
SQL: SELECT * FROM `qs_sqk_sys_config_def`  [ RunTime:0.0018s ]
SQL: SHOW COLUMNS FROM `qs_sqk_activ_cat` [ RunTime:0.0039s ]
SQL: SELECT * FROM `qs_sqk_activ_cat` WHERE ( is_enable=1 )  [ RunTime:0.0018s ]
NOTIC: [8] Undefined variable: str E:\wamp\www\qskj_project_sqk_debug_git\qskj_sqk\sqk\Application\Dxt\Controller\ActivityController.class.php 第 382 行.
SQL: SHOW COLUMNS FROM `qs_sqk_activ_info` [ RunTime:0.0052s ]
SQL: SELECT * FROM `qs_sqk_activ_info` WHERE `is_publish` = 1 AND `cat_id` IN ('0','1','2') ORDER BY id desc LIMIT 4   [ RunTime:0.0021s ]
SQL: SELECT COUNT(*) AS tp_count FROM `qs_sqk_activ_info` WHERE `is_publish` = 1 AND `cat_id` IN ('0','1','2') LIMIT 1   [ RunTime:0.0011s ]
SQL: SELECT * FROM `qs_sqk_activ_cat` WHERE ( id=2 ) LIMIT 1   [ RunTime:0.0012s ]
SQL: SELECT * FROM `qs_sqk_activ_info` WHERE ( id=23 ) LIMIT 1   [ RunTime:0.0019s ]
SQL: SELECT * FROM `qs_sqk_activ_info` WHERE ( id=23 ) LIMIT 1   [ RunTime:0.0012s ]
SQL: SHOW COLUMNS FROM `qs_sqk_sys_all_attach` [ RunTime:0.0040s ]
SQL: SELECT * FROM `qs_sqk_sys_all_attach` WHERE ( module_name="activity" and module_info_id=23 )  [ RunTime:0.0012s ]
SQL: SELECT * FROM `qs_sqk_activ_cat` WHERE ( id=2 ) LIMIT 1   [ RunTime:0.0012s ]
SQL: SELECT * FROM `qs_sqk_activ_info` WHERE ( id=22 ) LIMIT 1   [ RunTime:0.0019s ]
SQL: SELECT * FROM `qs_sqk_activ_info` WHERE ( id=22 ) LIMIT 1   [ RunTime:0.0012s ]
SQL: SELECT * FROM `qs_sqk_sys_all_attach` WHERE ( module_name="activity" and module_info_id=22 )  [ RunTime:0.0012s ]

[ 2018-06-05T16:54:51+08:00 ] 127.0.0.1 /index.php/Dxt/Index/getAdList
INFO: [ app_init ] --START--
INFO: Run Behavior\BuildLiteBehavior [ RunTime:0.000028s ]
INFO: [ app_init ] --END-- [ RunTime:0.000415s ]
INFO: [ app_begin ] --START--
INFO: Run Behavior\ReadHtmlCacheBehavior [ RunTime:0.000591s ]
INFO: [ app_begin ] --END-- [ RunTime:0.000753s ]
SQL: SHOW COLUMNS FROM `qs_sqk_sys_config_def` [ RunTime:0.0040s ]
SQL: SELECT * FROM `qs_sqk_sys_config_def`  [ RunTime:0.0016s ]
SQL: SHOW COLUMNS FROM `qs_sqk_seller_info` [ RunTime:0.0058s ]
SQL: SELECT * FROM `qs_sqk_seller_info` WHERE ( 1=1 ) AND `status` = 1 ORDER BY RAND() LIMIT 5   [ RunTime:0.0033s ]

