[ 2018-05-14T14:48:17+08:00 ] 127.0.0.1 /index.php/Dxt/login/checkIsLogin
INFO: [ app_begin ] --START--
INFO: Run Behavior\ReadHtmlCacheBehavior [ RunTime:0.000662s ]
INFO: [ app_begin ] --END-- [ RunTime:0.001155s ]
SQL: SHOW COLUMNS FROM `qs_sqk_sys_config_def` [ RunTime:0.0046s ]
SQL: SELECT * FROM `qs_sqk_sys_config_def`  [ RunTime:0.0017s ]
SQL: SHOW COLUMNS FROM `qs_sqk_notice_cat` [ RunTime:0.0064s ]
SQL: SELECT * FROM `qs_sqk_notice_cat` WHERE ( is_enable=1 )  [ RunTime:0.0014s ]
NOTIC: [8] Undefined variable: str E:\wamp\www\qskj_project_sqk_debug_git\qskj_sqk\sqk\Application\Dxt\Controller\NoticeController.class.php 第 180 行.
SQL: SHOW COLUMNS FROM `qs_sqk_notice_info` [ RunTime:0.0049s ]
SQL: SELECT COUNT(*) AS tp_count FROM `qs_sqk_notice_info` WHERE ( is_publish=1 and read_ids not like "%,106,%" and cat_id in (0,1,2,3) ) LIMIT 1   [ RunTime:0.0025s ]
SQL: SELECT * FROM `qs_sqk_sys_config_def`  [ RunTime:0.0009s ]
SQL: SHOW COLUMNS FROM `qs_sqk_activ_cat` [ RunTime:0.0034s ]
SQL: SELECT * FROM `qs_sqk_activ_cat` WHERE ( is_enable=1 )  [ RunTime:0.0010s ]
NOTIC: [8] Undefined variable: str E:\wamp\www\qskj_project_sqk_debug_git\qskj_sqk\sqk\Application\Dxt\Controller\ActivityController.class.php 第 378 行.
SQL: SHOW COLUMNS FROM `qs_sqk_activ_info` [ RunTime:0.0044s ]
SQL: SELECT COUNT(*) AS tp_count FROM `qs_sqk_activ_info` WHERE ( is_publish=1 and read_ids not like "%,106,%" and cat_id in (0,1,2) ) LIMIT 1   [ RunTime:0.0009s ]

[ 2018-05-14T14:48:17+08:00 ] 127.0.0.1 /index.php/Dxt/Activity/getList
INFO: [ app_begin ] --START--
INFO: Run Behavior\ReadHtmlCacheBehavior [ RunTime:0.000649s ]
INFO: [ app_begin ] --END-- [ RunTime:0.001134s ]
SQL: SHOW COLUMNS FROM `qs_sqk_sys_config_def` [ RunTime:0.0054s ]
SQL: SELECT * FROM `qs_sqk_sys_config_def`  [ RunTime:0.0023s ]
SQL: SHOW COLUMNS FROM `qs_sqk_activ_cat` [ RunTime:0.0066s ]
SQL: SELECT * FROM `qs_sqk_activ_cat` WHERE ( is_enable=1 )  [ RunTime:0.0024s ]
NOTIC: [8] Undefined variable: str E:\wamp\www\qskj_project_sqk_debug_git\qskj_sqk\sqk\Application\Dxt\Controller\ActivityController.class.php 第 378 行.
SQL: SHOW COLUMNS FROM `qs_sqk_activ_info` [ RunTime:0.0048s ]
SQL: SELECT * FROM `qs_sqk_activ_info` WHERE `is_publish` = 1 AND `cat_id` IN ('0','1','2') ORDER BY id desc LIMIT 4   [ RunTime:0.0032s ]
SQL: SELECT COUNT(*) AS tp_count FROM `qs_sqk_activ_info` WHERE `is_publish` = 1 AND `cat_id` IN ('0','1','2') LIMIT 1   [ RunTime:0.0014s ]
SQL: SELECT * FROM `qs_sqk_activ_cat` WHERE ( id=1 ) LIMIT 1   [ RunTime:0.0012s ]
SQL: SELECT * FROM `qs_sqk_activ_info` WHERE ( id=13 ) LIMIT 1   [ RunTime:0.0012s ]
SQL: SHOW COLUMNS FROM `qs_sqk_sys_all_attach` [ RunTime:0.0038s ]
SQL: SELECT * FROM `qs_sqk_sys_all_attach` WHERE ( module_name="activity" and module_info_id=13 )  [ RunTime:0.0010s ]
SQL: SELECT * FROM `qs_sqk_activ_cat` WHERE ( id=2 ) LIMIT 1   [ RunTime:0.0012s ]
SQL: SELECT * FROM `qs_sqk_activ_info` WHERE ( id=12 ) LIMIT 1   [ RunTime:0.0011s ]
SQL: SELECT * FROM `qs_sqk_sys_all_attach` WHERE ( module_name="activity" and module_info_id=12 )  [ RunTime:0.0014s ]
SQL: SELECT * FROM `qs_sqk_activ_cat` WHERE ( id=2 ) LIMIT 1   [ RunTime:0.0011s ]
SQL: SELECT * FROM `qs_sqk_activ_info` WHERE ( id=11 ) LIMIT 1   [ RunTime:0.0020s ]
SQL: SELECT * FROM `qs_sqk_sys_all_attach` WHERE ( module_name="activity" and module_info_id=11 )  [ RunTime:0.0011s ]
SQL: SELECT * FROM `qs_sqk_activ_cat` WHERE ( id=1 ) LIMIT 1   [ RunTime:0.0013s ]
SQL: SELECT * FROM `qs_sqk_activ_info` WHERE ( id=10 ) LIMIT 1   [ RunTime:0.0019s ]
SQL: SELECT * FROM `qs_sqk_sys_all_attach` WHERE ( module_name="activity" and module_info_id=10 )  [ RunTime:0.0012s ]

[ 2018-05-14T14:49:21+08:00 ] 127.0.0.1 /index.php/Dxt/login/checkIsLogin
INFO: [ app_begin ] --START--
INFO: Run Behavior\ReadHtmlCacheBehavior [ RunTime:0.000462s ]
INFO: [ app_begin ] --END-- [ RunTime:0.001009s ]
SQL: SHOW COLUMNS FROM `qs_sqk_sys_config_def` [ RunTime:0.0063s ]
SQL: SELECT * FROM `qs_sqk_sys_config_def`  [ RunTime:0.0021s ]
SQL: SHOW COLUMNS FROM `qs_sqk_notice_cat` [ RunTime:0.0060s ]
SQL: SELECT * FROM `qs_sqk_notice_cat` WHERE ( is_enable=1 )  [ RunTime:0.0011s ]
NOTIC: [8] Undefined variable: str E:\wamp\www\qskj_project_sqk_debug_git\qskj_sqk\sqk\Application\Dxt\Controller\NoticeController.class.php 第 180 行.
SQL: SHOW COLUMNS FROM `qs_sqk_notice_info` [ RunTime:0.0050s ]
SQL: SELECT COUNT(*) AS tp_count FROM `qs_sqk_notice_info` WHERE ( is_publish=1 and read_ids not like "%,106,%" and cat_id in (0,1,2,3) ) LIMIT 1   [ RunTime:0.0010s ]
SQL: SELECT * FROM `qs_sqk_sys_config_def`  [ RunTime:0.0010s ]
SQL: SHOW COLUMNS FROM `qs_sqk_activ_cat` [ RunTime:0.0033s ]
SQL: SELECT * FROM `qs_sqk_activ_cat` WHERE ( is_enable=1 )  [ RunTime:0.0010s ]
NOTIC: [8] Undefined variable: str E:\wamp\www\qskj_project_sqk_debug_git\qskj_sqk\sqk\Application\Dxt\Controller\ActivityController.class.php 第 378 行.
SQL: SHOW COLUMNS FROM `qs_sqk_activ_info` [ RunTime:0.0061s ]
SQL: SELECT COUNT(*) AS tp_count FROM `qs_sqk_activ_info` WHERE ( is_publish=1 and read_ids not like "%,106,%" and cat_id in (0,1,2) ) LIMIT 1   [ RunTime:0.0015s ]

[ 2018-05-14T14:49:22+08:00 ] 127.0.0.1 /index.php/Dxt/Activity/getList
INFO: [ app_begin ] --START--
INFO: Run Behavior\ReadHtmlCacheBehavior [ RunTime:0.000498s ]
INFO: [ app_begin ] --END-- [ RunTime:0.000871s ]
SQL: SHOW COLUMNS FROM `qs_sqk_sys_config_def` [ RunTime:0.0050s ]
SQL: SELECT * FROM `qs_sqk_sys_config_def`  [ RunTime:0.0015s ]
SQL: SHOW COLUMNS FROM `qs_sqk_activ_cat` [ RunTime:0.0067s ]
SQL: SELECT * FROM `qs_sqk_activ_cat` WHERE ( is_enable=1 )  [ RunTime:0.0055s ]
NOTIC: [8] Undefined variable: str E:\wamp\www\qskj_project_sqk_debug_git\qskj_sqk\sqk\Application\Dxt\Controller\ActivityController.class.php 第 378 行.
SQL: SHOW COLUMNS FROM `qs_sqk_activ_info` [ RunTime:0.0078s ]
SQL: SELECT * FROM `qs_sqk_activ_info` WHERE `is_publish` = 1 AND `cat_id` IN ('0','1','2') ORDER BY id desc LIMIT 4   [ RunTime:0.0026s ]
SQL: SELECT COUNT(*) AS tp_count FROM `qs_sqk_activ_info` WHERE `is_publish` = 1 AND `cat_id` IN ('0','1','2') LIMIT 1   [ RunTime:0.0008s ]
SQL: SELECT * FROM `qs_sqk_activ_cat` WHERE ( id=1 ) LIMIT 1   [ RunTime:0.0012s ]
SQL: SELECT * FROM `qs_sqk_activ_info` WHERE ( id=13 ) LIMIT 1   [ RunTime:0.0011s ]
SQL: SHOW COLUMNS FROM `qs_sqk_sys_all_attach` [ RunTime:0.0045s ]
SQL: SELECT * FROM `qs_sqk_sys_all_attach` WHERE ( module_name="activity" and module_info_id=13 )  [ RunTime:0.0011s ]
SQL: SELECT * FROM `qs_sqk_activ_cat` WHERE ( id=2 ) LIMIT 1   [ RunTime:0.0012s ]
SQL: SELECT * FROM `qs_sqk_activ_info` WHERE ( id=12 ) LIMIT 1   [ RunTime:0.0013s ]
SQL: SELECT * FROM `qs_sqk_sys_all_attach` WHERE ( module_name="activity" and module_info_id=12 )  [ RunTime:0.0012s ]
SQL: SELECT * FROM `qs_sqk_activ_cat` WHERE ( id=2 ) LIMIT 1   [ RunTime:0.0012s ]
SQL: SELECT * FROM `qs_sqk_activ_info` WHERE ( id=11 ) LIMIT 1   [ RunTime:0.0016s ]
SQL: SELECT * FROM `qs_sqk_sys_all_attach` WHERE ( module_name="activity" and module_info_id=11 )  [ RunTime:0.0012s ]
SQL: SELECT * FROM `qs_sqk_activ_cat` WHERE ( id=1 ) LIMIT 1   [ RunTime:0.0012s ]
SQL: SELECT * FROM `qs_sqk_activ_info` WHERE ( id=10 ) LIMIT 1   [ RunTime:0.0012s ]
SQL: SELECT * FROM `qs_sqk_sys_all_attach` WHERE ( module_name="activity" and module_info_id=10 )  [ RunTime:0.0012s ]

[ 2018-05-14T14:49:51+08:00 ] 127.0.0.1 /index.php/Dxt/Activity/getList
INFO: [ app_begin ] --START--
INFO: Run Behavior\ReadHtmlCacheBehavior [ RunTime:0.000424s ]
INFO: [ app_begin ] --END-- [ RunTime:0.000833s ]
SQL: SHOW COLUMNS FROM `qs_sqk_sys_config_def` [ RunTime:0.0050s ]
SQL: SELECT * FROM `qs_sqk_sys_config_def`  [ RunTime:0.0021s ]
SQL: SHOW COLUMNS FROM `qs_sqk_activ_cat` [ RunTime:0.0054s ]
SQL: SELECT * FROM `qs_sqk_activ_cat` WHERE ( is_enable=1 )  [ RunTime:0.0020s ]
NOTIC: [8] Undefined variable: str E:\wamp\www\qskj_project_sqk_debug_git\qskj_sqk\sqk\Application\Dxt\Controller\ActivityController.class.php 第 378 行.
SQL: SHOW COLUMNS FROM `qs_sqk_activ_info` [ RunTime:0.0059s ]
SQL: SELECT * FROM `qs_sqk_activ_info` WHERE `is_publish` = 1 AND `cat_id` IN ('0','1','2') ORDER BY id desc LIMIT 4   [ RunTime:0.0028s ]
SQL: SELECT COUNT(*) AS tp_count FROM `qs_sqk_activ_info` WHERE `is_publish` = 1 AND `cat_id` IN ('0','1','2') LIMIT 1   [ RunTime:0.0009s ]
SQL: SELECT * FROM `qs_sqk_activ_cat` WHERE ( id=1 ) LIMIT 1   [ RunTime:0.0015s ]
SQL: SELECT * FROM `qs_sqk_activ_info` WHERE ( id=13 ) LIMIT 1   [ RunTime:0.0016s ]
SQL: SHOW COLUMNS FROM `qs_sqk_sys_all_attach` [ RunTime:0.0043s ]
SQL: SELECT * FROM `qs_sqk_sys_all_attach` WHERE ( module_name="activity" and module_info_id=13 )  [ RunTime:0.0012s ]
SQL: SELECT * FROM `qs_sqk_activ_cat` WHERE ( id=2 ) LIMIT 1   [ RunTime:0.0012s ]
SQL: SELECT * FROM `qs_sqk_activ_info` WHERE ( id=12 ) LIMIT 1   [ RunTime:0.0013s ]
SQL: SELECT * FROM `qs_sqk_sys_all_attach` WHERE ( module_name="activity" and module_info_id=12 )  [ RunTime:0.0016s ]
SQL: SELECT * FROM `qs_sqk_activ_cat` WHERE ( id=2 ) LIMIT 1   [ RunTime:0.0012s ]
SQL: SELECT * FROM `qs_sqk_activ_info` WHERE ( id=11 ) LIMIT 1   [ RunTime:0.0018s ]
SQL: SELECT * FROM `qs_sqk_sys_all_attach` WHERE ( module_name="activity" and module_info_id=11 )  [ RunTime:0.0012s ]
SQL: SELECT * FROM `qs_sqk_activ_cat` WHERE ( id=1 ) LIMIT 1   [ RunTime:0.0011s ]
SQL: SELECT * FROM `qs_sqk_activ_info` WHERE ( id=10 ) LIMIT 1   [ RunTime:0.0018s ]
SQL: SELECT * FROM `qs_sqk_sys_all_attach` WHERE ( module_name="activity" and module_info_id=10 )  [ RunTime:0.0012s ]

[ 2018-05-14T14:49:51+08:00 ] 127.0.0.1 /index.php/Dxt/login/checkIsLogin
INFO: [ app_begin ] --START--
INFO: Run Behavior\ReadHtmlCacheBehavior [ RunTime:0.000418s ]
INFO: [ app_begin ] --END-- [ RunTime:0.000875s ]
SQL: SHOW COLUMNS FROM `qs_sqk_sys_config_def` [ RunTime:0.0089s ]
SQL: SELECT * FROM `qs_sqk_sys_config_def`  [ RunTime:0.0047s ]
SQL: SHOW COLUMNS FROM `qs_sqk_notice_cat` [ RunTime:0.0056s ]
SQL: SELECT * FROM `qs_sqk_notice_cat` WHERE ( is_enable=1 )  [ RunTime:0.0010s ]
NOTIC: [8] Undefined variable: str E:\wamp\www\qskj_project_sqk_debug_git\qskj_sqk\sqk\Application\Dxt\Controller\NoticeController.class.php 第 180 行.
SQL: SHOW COLUMNS FROM `qs_sqk_notice_info` [ RunTime:0.0042s ]
SQL: SELECT COUNT(*) AS tp_count FROM `qs_sqk_notice_info` WHERE ( is_publish=1 and read_ids not like "%,106,%" and cat_id in (0,1,2,3) ) LIMIT 1   [ RunTime:0.0017s ]
SQL: SELECT * FROM `qs_sqk_sys_config_def`  [ RunTime:0.0015s ]
SQL: SHOW COLUMNS FROM `qs_sqk_activ_cat` [ RunTime:0.0050s ]
SQL: SELECT * FROM `qs_sqk_activ_cat` WHERE ( is_enable=1 )  [ RunTime:0.0031s ]
NOTIC: [8] Undefined variable: str E:\wamp\www\qskj_project_sqk_debug_git\qskj_sqk\sqk\Application\Dxt\Controller\ActivityController.class.php 第 378 行.
SQL: SHOW COLUMNS FROM `qs_sqk_activ_info` [ RunTime:0.0052s ]
SQL: SELECT COUNT(*) AS tp_count FROM `qs_sqk_activ_info` WHERE ( is_publish=1 and read_ids not like "%,106,%" and cat_id in (0,1,2) ) LIMIT 1   [ RunTime:0.0008s ]

[ 2018-05-14T14:50:37+08:00 ] 127.0.0.1 /index.php/dxt
ERR: 模板不存在:./Application/Dxt/View/Index/index.html

[ 2018-05-14T14:50:52+08:00 ] 127.0.0.1 /index.php/Dxt/login/checkIsLogin
INFO: [ app_begin ] --START--
INFO: Run Behavior\ReadHtmlCacheBehavior [ RunTime:0.000433s ]
INFO: [ app_begin ] --END-- [ RunTime:0.000812s ]
SQL: SHOW COLUMNS FROM `qs_sqk_sys_config_def` [ RunTime:0.0060s ]
SQL: SELECT * FROM `qs_sqk_sys_config_def`  [ RunTime:0.0017s ]
SQL: SHOW COLUMNS FROM `qs_sqk_notice_cat` [ RunTime:0.0052s ]
SQL: SELECT * FROM `qs_sqk_notice_cat` WHERE ( is_enable=1 )  [ RunTime:0.0016s ]
NOTIC: [8] Undefined variable: str E:\wamp\www\qskj_project_sqk_debug_git\qskj_sqk\sqk\Application\Dxt\Controller\NoticeController.class.php 第 180 行.
SQL: SHOW COLUMNS FROM `qs_sqk_notice_info` [ RunTime:0.0036s ]
SQL: SELECT COUNT(*) AS tp_count FROM `qs_sqk_notice_info` WHERE ( is_publish=1 and read_ids not like "%,106,%" and cat_id in (0,1,2,3) ) LIMIT 1   [ RunTime:0.0008s ]
SQL: SELECT * FROM `qs_sqk_sys_config_def`  [ RunTime:0.0009s ]
SQL: SHOW COLUMNS FROM `qs_sqk_activ_cat` [ RunTime:0.0040s ]
SQL: SELECT * FROM `qs_sqk_activ_cat` WHERE ( is_enable=1 )  [ RunTime:0.0019s ]
NOTIC: [8] Undefined variable: str E:\wamp\www\qskj_project_sqk_debug_git\qskj_sqk\sqk\Application\Dxt\Controller\ActivityController.class.php 第 378 行.
SQL: SHOW COLUMNS FROM `qs_sqk_activ_info` [ RunTime:0.0061s ]
SQL: SELECT COUNT(*) AS tp_count FROM `qs_sqk_activ_info` WHERE ( is_publish=1 and read_ids not like "%,106,%" and cat_id in (0,1,2) ) LIMIT 1   [ RunTime:0.0029s ]

[ 2018-05-14T14:50:52+08:00 ] 127.0.0.1 /index.php/Dxt/Activity/getList
INFO: [ app_begin ] --START--
INFO: Run Behavior\ReadHtmlCacheBehavior [ RunTime:0.000644s ]
INFO: [ app_begin ] --END-- [ RunTime:0.001092s ]
SQL: SHOW COLUMNS FROM `qs_sqk_sys_config_def` [ RunTime:0.0066s ]
SQL: SELECT * FROM `qs_sqk_sys_config_def`  [ RunTime:0.0016s ]
SQL: SHOW COLUMNS FROM `qs_sqk_activ_cat` [ RunTime:0.0044s ]
SQL: SELECT * FROM `qs_sqk_activ_cat` WHERE ( is_enable=1 )  [ RunTime:0.0015s ]
NOTIC: [8] Undefined variable: str E:\wamp\www\qskj_project_sqk_debug_git\qskj_sqk\sqk\Application\Dxt\Controller\ActivityController.class.php 第 378 行.
SQL: SHOW COLUMNS FROM `qs_sqk_activ_info` [ RunTime:0.0044s ]
SQL: SELECT * FROM `qs_sqk_activ_info` WHERE `is_publish` = 1 AND `cat_id` IN ('0','1','2') ORDER BY id desc LIMIT 4   [ RunTime:0.0022s ]
SQL: SELECT COUNT(*) AS tp_count FROM `qs_sqk_activ_info` WHERE `is_publish` = 1 AND `cat_id` IN ('0','1','2') LIMIT 1   [ RunTime:0.0009s ]
SQL: SELECT * FROM `qs_sqk_activ_cat` WHERE ( id=1 ) LIMIT 1   [ RunTime:0.0012s ]
SQL: SELECT * FROM `qs_sqk_activ_info` WHERE ( id=13 ) LIMIT 1   [ RunTime:0.0014s ]
SQL: SHOW COLUMNS FROM `qs_sqk_sys_all_attach` [ RunTime:0.0052s ]
SQL: SELECT * FROM `qs_sqk_sys_all_attach` WHERE ( module_name="activity" and module_info_id=13 )  [ RunTime:0.0015s ]
SQL: SELECT * FROM `qs_sqk_activ_cat` WHERE ( id=2 ) LIMIT 1   [ RunTime:0.0011s ]
SQL: SELECT * FROM `qs_sqk_activ_info` WHERE ( id=12 ) LIMIT 1   [ RunTime:0.0027s ]
SQL: SELECT * FROM `qs_sqk_sys_all_attach` WHERE ( module_name="activity" and module_info_id=12 )  [ RunTime:0.0024s ]
SQL: SELECT * FROM `qs_sqk_activ_cat` WHERE ( id=2 ) LIMIT 1   [ RunTime:0.0022s ]
SQL: SELECT * FROM `qs_sqk_activ_info` WHERE ( id=11 ) LIMIT 1   [ RunTime:0.0030s ]
SQL: SELECT * FROM `qs_sqk_sys_all_attach` WHERE ( module_name="activity" and module_info_id=11 )  [ RunTime:0.0011s ]
SQL: SELECT * FROM `qs_sqk_activ_cat` WHERE ( id=1 ) LIMIT 1   [ RunTime:0.0011s ]
SQL: SELECT * FROM `qs_sqk_activ_info` WHERE ( id=10 ) LIMIT 1   [ RunTime:0.0019s ]
SQL: SELECT * FROM `qs_sqk_sys_all_attach` WHERE ( module_name="activity" and module_info_id=10 )  [ RunTime:0.0012s ]

[ 2018-05-14T15:01:13+08:00 ] 127.0.0.1 /index.php/Dxt/login/checkIsLogin
INFO: [ app_begin ] --START--
INFO: Run Behavior\ReadHtmlCacheBehavior [ RunTime:0.000417s ]
INFO: [ app_begin ] --END-- [ RunTime:0.000784s ]
SQL: SHOW COLUMNS FROM `qs_sqk_sys_config_def` [ RunTime:0.0041s ]
SQL: SELECT * FROM `qs_sqk_sys_config_def`  [ RunTime:0.0016s ]
SQL: SHOW COLUMNS FROM `qs_sqk_notice_cat` [ RunTime:0.0042s ]
SQL: SELECT * FROM `qs_sqk_notice_cat` WHERE ( is_enable=1 )  [ RunTime:0.0011s ]
NOTIC: [8] Undefined variable: str E:\wamp\www\qskj_project_sqk_debug_git\qskj_sqk\sqk\Application\Dxt\Controller\NoticeController.class.php 第 180 行.
SQL: SHOW COLUMNS FROM `qs_sqk_notice_info` [ RunTime:0.0032s ]
SQL: SELECT COUNT(*) AS tp_count FROM `qs_sqk_notice_info` WHERE ( is_publish=1 and read_ids not like "%,106,%" and cat_id in (0,1,2,3) ) LIMIT 1   [ RunTime:0.0010s ]
SQL: SELECT * FROM `qs_sqk_sys_config_def`  [ RunTime:0.0010s ]
SQL: SHOW COLUMNS FROM `qs_sqk_activ_cat` [ RunTime:0.0042s ]
SQL: SELECT * FROM `qs_sqk_activ_cat` WHERE ( is_enable=1 )  [ RunTime:0.0011s ]
NOTIC: [8] Undefined variable: str E:\wamp\www\qskj_project_sqk_debug_git\qskj_sqk\sqk\Application\Dxt\Controller\ActivityController.class.php 第 378 行.
SQL: SHOW COLUMNS FROM `qs_sqk_activ_info` [ RunTime:0.0107s ]
SQL: SELECT COUNT(*) AS tp_count FROM `qs_sqk_activ_info` WHERE ( is_publish=1 and read_ids not like "%,106,%" and cat_id in (0,1,2) ) LIMIT 1   [ RunTime:0.0015s ]

[ 2018-05-14T15:01:13+08:00 ] 127.0.0.1 /index.php/Dxt/Activity/getList
INFO: [ app_begin ] --START--
INFO: Run Behavior\ReadHtmlCacheBehavior [ RunTime:0.000638s ]
INFO: [ app_begin ] --END-- [ RunTime:0.001092s ]
SQL: SHOW COLUMNS FROM `qs_sqk_sys_config_def` [ RunTime:0.0057s ]
SQL: SELECT * FROM `qs_sqk_sys_config_def`  [ RunTime:0.0018s ]
SQL: SHOW COLUMNS FROM `qs_sqk_activ_cat` [ RunTime:0.0043s ]
SQL: SELECT * FROM `qs_sqk_activ_cat` WHERE ( is_enable=1 )  [ RunTime:0.0032s ]
NOTIC: [8] Undefined variable: str E:\wamp\www\qskj_project_sqk_debug_git\qskj_sqk\sqk\Application\Dxt\Controller\ActivityController.class.php 第 378 行.
SQL: SHOW COLUMNS FROM `qs_sqk_activ_info` [ RunTime:0.0063s ]
SQL: SELECT * FROM `qs_sqk_activ_info` WHERE `is_publish` = 1 AND `cat_id` IN ('0','1','2') ORDER BY id desc LIMIT 4   [ RunTime:0.0025s ]
SQL: SELECT COUNT(*) AS tp_count FROM `qs_sqk_activ_info` WHERE `is_publish` = 1 AND `cat_id` IN ('0','1','2') LIMIT 1   [ RunTime:0.0010s ]
SQL: SELECT * FROM `qs_sqk_activ_cat` WHERE ( id=1 ) LIMIT 1   [ RunTime:0.0013s ]
SQL: SELECT * FROM `qs_sqk_activ_info` WHERE ( id=13 ) LIMIT 1   [ RunTime:0.0011s ]
SQL: SHOW COLUMNS FROM `qs_sqk_sys_all_attach` [ RunTime:0.0056s ]
SQL: SELECT * FROM `qs_sqk_sys_all_attach` WHERE ( module_name="activity" and module_info_id=13 )  [ RunTime:0.0015s ]
SQL: SELECT * FROM `qs_sqk_activ_cat` WHERE ( id=2 ) LIMIT 1   [ RunTime:0.0014s ]
SQL: SELECT * FROM `qs_sqk_activ_info` WHERE ( id=12 ) LIMIT 1   [ RunTime:0.0013s ]
SQL: SELECT * FROM `qs_sqk_sys_all_attach` WHERE ( module_name="activity" and module_info_id=12 )  [ RunTime:0.0012s ]
SQL: SELECT * FROM `qs_sqk_activ_cat` WHERE ( id=2 ) LIMIT 1   [ RunTime:0.0012s ]
SQL: SELECT * FROM `qs_sqk_activ_info` WHERE ( id=11 ) LIMIT 1   [ RunTime:0.0011s ]
SQL: SELECT * FROM `qs_sqk_sys_all_attach` WHERE ( module_name="activity" and module_info_id=11 )  [ RunTime:0.0012s ]
SQL: SELECT * FROM `qs_sqk_activ_cat` WHERE ( id=1 ) LIMIT 1   [ RunTime:0.0012s ]
SQL: SELECT * FROM `qs_sqk_activ_info` WHERE ( id=10 ) LIMIT 1   [ RunTime:0.0012s ]
SQL: SELECT * FROM `qs_sqk_sys_all_attach` WHERE ( module_name="activity" and module_info_id=10 )  [ RunTime:0.0012s ]

