[ 2018-08-08T15:32:27+08:00 ] 192.168.1.42 /index.php/home/notice/notice_list?cat_id=6
INFO: [ app_init ] --START--
INFO: Run Behavior\BuildLiteBehavior [ RunTime:0.000055s ]
INFO: [ app_init ] --END-- [ RunTime:0.000981s ]
INFO: [ app_begin ] --START--
INFO: Run Behavior\ReadHtmlCacheBehavior [ RunTime:0.001140s ]
INFO: [ app_begin ] --END-- [ RunTime:0.001417s ]
INFO: [ view_parse ] --START--
INFO: [ template_filter ] --START--
INFO: Run Behavior\ContentReplaceBehavior [ RunTime:0.000149s ]
INFO: [ template_filter ] --END-- [ RunTime:0.000424s ]
INFO: Run Behavior\ParseTemplateBehavior [ RunTime:0.026065s ]
INFO: [ view_parse ] --END-- [ RunTime:0.026369s ]
INFO: [ view_filter ] --START--
INFO: Run Behavior\WriteHtmlCacheBehavior [ RunTime:0.001649s ]
INFO: [ view_filter ] --END-- [ RunTime:0.001896s ]
INFO: [ app_end ] --START--
INFO: Run Behavior\ShowPageTraceBehavior [ RunTime:0.001916s ]
INFO: [ app_end ] --END-- [ RunTime:0.002171s ]

[ 2018-08-08T15:32:27+08:00 ] 192.168.1.42 /index.php/Home/Notice/getList
INFO: [ app_init ] --START--
INFO: Run Behavior\BuildLiteBehavior [ RunTime:0.000031s ]
INFO: [ app_init ] --END-- [ RunTime:0.000641s ]
INFO: [ app_begin ] --START--
INFO: Run Behavior\ReadHtmlCacheBehavior [ RunTime:0.001209s ]
INFO: [ app_begin ] --END-- [ RunTime:0.001328s ]
SQL: SHOW COLUMNS FROM `qs_wx_xhjj_notice_info` [ RunTime:0.0057s ]
SQL: SELECT * FROM `qs_wx_xhjj_notice_info` WHERE ( is_publish=1 and cat_id=6 ) ORDER BY id desc LIMIT 7   [ RunTime:0.0045s ]
SQL: SELECT COUNT(*) AS tp_count FROM `qs_wx_xhjj_notice_info` WHERE ( is_publish=1 and cat_id=6 ) LIMIT 1   [ RunTime:0.0005s ]
NOTIC: [8] Undefined variable: keyword E:\wamp\www\qs_wx_xhjj\Application\Home\Controller\NoticeController.class.php 第 58 行.
NOTIC: [8] Undefined variable: keyword E:\wamp\www\qs_wx_xhjj\Application\Home\Controller\NoticeController.class.php 第 58 行.
SQL: SHOW COLUMNS FROM `qs_wx_xhjj_notice_cat` [ RunTime:0.0060s ]
SQL: SELECT * FROM `qs_wx_xhjj_notice_cat` WHERE ( id=6 ) LIMIT 1   [ RunTime:0.0005s ]
SQL: SHOW COLUMNS FROM `qs_wx_xhjj_sys_all_attach` [ RunTime:0.0056s ]
SQL: SELECT * FROM `qs_wx_xhjj_sys_all_attach` WHERE `module_name` = 'notice' AND `module_info_id` = '22' LIMIT 1   [ RunTime:0.0005s ]
NOTIC: [8] Undefined variable: user_id E:\wamp\www\qs_wx_xhjj\Application\Home\Controller\NoticeController.class.php 第 63 行.
NOTIC: [8] Undefined variable: notReadCount E:\wamp\www\qs_wx_xhjj\Application\Home\Controller\NoticeController.class.php 第 64 行.
NOTIC: [8] Undefined variable: keyword E:\wamp\www\qs_wx_xhjj\Application\Home\Controller\NoticeController.class.php 第 58 行.
NOTIC: [8] Undefined variable: keyword E:\wamp\www\qs_wx_xhjj\Application\Home\Controller\NoticeController.class.php 第 58 行.
SQL: SELECT * FROM `qs_wx_xhjj_notice_cat` WHERE ( id=6 ) LIMIT 1   [ RunTime:0.0004s ]
SQL: SELECT * FROM `qs_wx_xhjj_sys_all_attach` WHERE `module_name` = 'notice' AND `module_info_id` = '21' LIMIT 1   [ RunTime:0.0005s ]
NOTIC: [8] Undefined variable: user_id E:\wamp\www\qs_wx_xhjj\Application\Home\Controller\NoticeController.class.php 第 63 行.
NOTIC: [8] Undefined variable: notReadCount E:\wamp\www\qs_wx_xhjj\Application\Home\Controller\NoticeController.class.php 第 64 行.
NOTIC: [8] Undefined variable: keyword E:\wamp\www\qs_wx_xhjj\Application\Home\Controller\NoticeController.class.php 第 58 行.
NOTIC: [8] Undefined variable: keyword E:\wamp\www\qs_wx_xhjj\Application\Home\Controller\NoticeController.class.php 第 58 行.
SQL: SELECT * FROM `qs_wx_xhjj_notice_cat` WHERE ( id=6 ) LIMIT 1   [ RunTime:0.0004s ]
SQL: SELECT * FROM `qs_wx_xhjj_sys_all_attach` WHERE `module_name` = 'notice' AND `module_info_id` = '20' LIMIT 1   [ RunTime:0.0005s ]
NOTIC: [8] Undefined variable: user_id E:\wamp\www\qs_wx_xhjj\Application\Home\Controller\NoticeController.class.php 第 63 行.
NOTIC: [8] Undefined variable: notReadCount E:\wamp\www\qs_wx_xhjj\Application\Home\Controller\NoticeController.class.php 第 64 行.

[ 2018-08-08T15:32:29+08:00 ] 192.168.1.42 /index.php/Home/Notice/notice_wxdetail.html?id=22&cat_id=6
INFO: [ app_init ] --START--
INFO: Run Behavior\BuildLiteBehavior [ RunTime:0.000022s ]
INFO: [ app_init ] --END-- [ RunTime:0.000492s ]
INFO: [ app_begin ] --START--
INFO: Run Behavior\ReadHtmlCacheBehavior [ RunTime:0.000987s ]
INFO: [ app_begin ] --END-- [ RunTime:0.001092s ]
INFO: [ view_parse ] --START--
INFO: [ template_filter ] --START--
INFO: Run Behavior\ContentReplaceBehavior [ RunTime:0.000066s ]
INFO: [ template_filter ] --END-- [ RunTime:0.000177s ]
INFO: Run Behavior\ParseTemplateBehavior [ RunTime:0.025686s ]
INFO: [ view_parse ] --END-- [ RunTime:0.025808s ]
INFO: [ view_filter ] --START--
INFO: Run Behavior\WriteHtmlCacheBehavior [ RunTime:0.001048s ]
INFO: [ view_filter ] --END-- [ RunTime:0.001186s ]
INFO: [ app_end ] --START--
INFO: Run Behavior\ShowPageTraceBehavior [ RunTime:0.000980s ]
INFO: [ app_end ] --END-- [ RunTime:0.001079s ]

[ 2018-08-08T15:32:29+08:00 ] 192.168.1.42 /index.php/Home/Notice/getNoticeDetail/id/22
INFO: [ app_init ] --START--
INFO: Run Behavior\BuildLiteBehavior [ RunTime:0.000028s ]
INFO: [ app_init ] --END-- [ RunTime:0.000562s ]
INFO: [ app_begin ] --START--
INFO: Run Behavior\ReadHtmlCacheBehavior [ RunTime:0.001546s ]
INFO: [ app_begin ] --END-- [ RunTime:0.001651s ]
SQL: SHOW COLUMNS FROM `qs_wx_xhjj_notice_info` [ RunTime:0.0078s ]
SQL: SELECT * FROM `qs_wx_xhjj_notice_info` WHERE ( id=22 ) LIMIT 1   [ RunTime:0.0045s ]
SQL: SHOW COLUMNS FROM `qs_wx_xhjj_sys_all_attach` [ RunTime:0.0257s ]
SQL: SELECT * FROM `qs_wx_xhjj_sys_all_attach` WHERE `module_name` = 'notice' AND `module_info_id` = '22' LIMIT 1   [ RunTime:0.0009s ]
SQL: UPDATE `qs_wx_xhjj_notice_info` SET `read_ids`=',,',`read_num`='1' WHERE ( id=22 ) [ RunTime:0.0010s ]
SQL: SHOW COLUMNS FROM `qs_wx_xhjj_sys_user_info` [ RunTime:0.0062s ]
SQL: SELECT * FROM `qs_wx_xhjj_sys_user_info` WHERE ( id=1 ) LIMIT 1   [ RunTime:0.0006s ]

[ 2018-08-08T15:32:50+08:00 ] 192.168.1.42 /index.php/home/notice/notice_list?cat_id=6
INFO: [ app_init ] --START--
INFO: Run Behavior\BuildLiteBehavior [ RunTime:0.000033s ]
INFO: [ app_init ] --END-- [ RunTime:0.000671s ]
INFO: [ app_begin ] --START--
INFO: Run Behavior\ReadHtmlCacheBehavior [ RunTime:0.001397s ]
INFO: [ app_begin ] --END-- [ RunTime:0.001548s ]
INFO: [ view_parse ] --START--
INFO: [ template_filter ] --START--
INFO: Run Behavior\ContentReplaceBehavior [ RunTime:0.000083s ]
INFO: [ template_filter ] --END-- [ RunTime:0.000231s ]
INFO: Run Behavior\ParseTemplateBehavior [ RunTime:0.009789s ]
INFO: [ view_parse ] --END-- [ RunTime:0.009968s ]
INFO: [ view_filter ] --START--
INFO: Run Behavior\WriteHtmlCacheBehavior [ RunTime:0.001190s ]
INFO: [ view_filter ] --END-- [ RunTime:0.001330s ]
INFO: [ app_end ] --START--
INFO: Run Behavior\ShowPageTraceBehavior [ RunTime:0.001641s ]
INFO: [ app_end ] --END-- [ RunTime:0.001788s ]

[ 2018-08-08T15:32:50+08:00 ] 192.168.1.42 /index.php/Home/Notice/getList
INFO: [ app_init ] --START--
INFO: Run Behavior\BuildLiteBehavior [ RunTime:0.000050s ]
INFO: [ app_init ] --END-- [ RunTime:0.001031s ]
INFO: [ app_begin ] --START--
INFO: Run Behavior\ReadHtmlCacheBehavior [ RunTime:0.002166s ]
INFO: [ app_begin ] --END-- [ RunTime:0.002361s ]
SQL: SHOW COLUMNS FROM `qs_wx_xhjj_notice_info` [ RunTime:0.0060s ]
SQL: SELECT * FROM `qs_wx_xhjj_notice_info` WHERE ( is_publish=1 and cat_id=6 ) ORDER BY id desc LIMIT 7   [ RunTime:0.0046s ]
SQL: SELECT COUNT(*) AS tp_count FROM `qs_wx_xhjj_notice_info` WHERE ( is_publish=1 and cat_id=6 ) LIMIT 1   [ RunTime:0.0005s ]
NOTIC: [8] Undefined variable: keyword E:\wamp\www\qs_wx_xhjj\Application\Home\Controller\NoticeController.class.php 第 58 行.
NOTIC: [8] Undefined variable: keyword E:\wamp\www\qs_wx_xhjj\Application\Home\Controller\NoticeController.class.php 第 58 行.
SQL: SHOW COLUMNS FROM `qs_wx_xhjj_notice_cat` [ RunTime:0.0059s ]
SQL: SELECT * FROM `qs_wx_xhjj_notice_cat` WHERE ( id=6 ) LIMIT 1   [ RunTime:0.0005s ]
SQL: SHOW COLUMNS FROM `qs_wx_xhjj_sys_all_attach` [ RunTime:0.0058s ]
SQL: SELECT * FROM `qs_wx_xhjj_sys_all_attach` WHERE `module_name` = 'notice' AND `module_info_id` = '22' LIMIT 1   [ RunTime:0.0006s ]
NOTIC: [8] Undefined variable: user_id E:\wamp\www\qs_wx_xhjj\Application\Home\Controller\NoticeController.class.php 第 63 行.
NOTIC: [8] Undefined variable: notReadCount E:\wamp\www\qs_wx_xhjj\Application\Home\Controller\NoticeController.class.php 第 64 行.
NOTIC: [8] Undefined variable: keyword E:\wamp\www\qs_wx_xhjj\Application\Home\Controller\NoticeController.class.php 第 58 行.
NOTIC: [8] Undefined variable: keyword E:\wamp\www\qs_wx_xhjj\Application\Home\Controller\NoticeController.class.php 第 58 行.
SQL: SELECT * FROM `qs_wx_xhjj_notice_cat` WHERE ( id=6 ) LIMIT 1   [ RunTime:0.0006s ]
SQL: SELECT * FROM `qs_wx_xhjj_sys_all_attach` WHERE `module_name` = 'notice' AND `module_info_id` = '21' LIMIT 1   [ RunTime:0.0005s ]
NOTIC: [8] Undefined variable: user_id E:\wamp\www\qs_wx_xhjj\Application\Home\Controller\NoticeController.class.php 第 63 行.
NOTIC: [8] Undefined variable: notReadCount E:\wamp\www\qs_wx_xhjj\Application\Home\Controller\NoticeController.class.php 第 64 行.
NOTIC: [8] Undefined variable: keyword E:\wamp\www\qs_wx_xhjj\Application\Home\Controller\NoticeController.class.php 第 58 行.
NOTIC: [8] Undefined variable: keyword E:\wamp\www\qs_wx_xhjj\Application\Home\Controller\NoticeController.class.php 第 58 行.
SQL: SELECT * FROM `qs_wx_xhjj_notice_cat` WHERE ( id=6 ) LIMIT 1   [ RunTime:0.0004s ]
SQL: SELECT * FROM `qs_wx_xhjj_sys_all_attach` WHERE `module_name` = 'notice' AND `module_info_id` = '20' LIMIT 1   [ RunTime:0.0005s ]
NOTIC: [8] Undefined variable: user_id E:\wamp\www\qs_wx_xhjj\Application\Home\Controller\NoticeController.class.php 第 63 行.
NOTIC: [8] Undefined variable: notReadCount E:\wamp\www\qs_wx_xhjj\Application\Home\Controller\NoticeController.class.php 第 64 行.

[ 2018-08-08T15:32:52+08:00 ] 192.168.1.42 /index.php/Home/Notice/notice_wxdetail.html?id=22&cat_id=6
INFO: [ app_init ] --START--
INFO: Run Behavior\BuildLiteBehavior [ RunTime:0.000025s ]
INFO: [ app_init ] --END-- [ RunTime:0.000499s ]
INFO: [ app_begin ] --START--
INFO: Run Behavior\ReadHtmlCacheBehavior [ RunTime:0.001011s ]
INFO: [ app_begin ] --END-- [ RunTime:0.001120s ]
INFO: [ view_parse ] --START--
INFO: [ template_filter ] --START--
INFO: Run Behavior\ContentReplaceBehavior [ RunTime:0.000073s ]
INFO: [ template_filter ] --END-- [ RunTime:0.000175s ]
INFO: Run Behavior\ParseTemplateBehavior [ RunTime:0.007181s ]
INFO: [ view_parse ] --END-- [ RunTime:0.007303s ]
INFO: [ view_filter ] --START--
INFO: Run Behavior\WriteHtmlCacheBehavior [ RunTime:0.000836s ]
INFO: [ view_filter ] --END-- [ RunTime:0.000946s ]
INFO: [ app_end ] --START--
INFO: Run Behavior\ShowPageTraceBehavior [ RunTime:0.001081s ]
INFO: [ app_end ] --END-- [ RunTime:0.001195s ]

[ 2018-08-08T15:32:52+08:00 ] 192.168.1.42 /index.php/Home/Notice/getNoticeDetail/id/22
INFO: [ app_init ] --START--
INFO: Run Behavior\BuildLiteBehavior [ RunTime:0.000034s ]
INFO: [ app_init ] --END-- [ RunTime:0.000778s ]
INFO: [ app_begin ] --START--
INFO: Run Behavior\ReadHtmlCacheBehavior [ RunTime:0.001357s ]
INFO: [ app_begin ] --END-- [ RunTime:0.001489s ]
SQL: SHOW COLUMNS FROM `qs_wx_xhjj_notice_info` [ RunTime:0.0054s ]
SQL: SELECT * FROM `qs_wx_xhjj_notice_info` WHERE ( id=22 ) LIMIT 1   [ RunTime:0.0037s ]
SQL: SHOW COLUMNS FROM `qs_wx_xhjj_sys_all_attach` [ RunTime:0.0059s ]
SQL: SELECT * FROM `qs_wx_xhjj_sys_all_attach` WHERE `module_name` = 'notice' AND `module_info_id` = '22' LIMIT 1   [ RunTime:0.0005s ]
SQL: UPDATE `qs_wx_xhjj_notice_info` SET `read_ids`=',,',`read_num`='2' WHERE ( id=22 ) [ RunTime:0.0005s ]
SQL: SHOW COLUMNS FROM `qs_wx_xhjj_sys_user_info` [ RunTime:0.0064s ]
SQL: SELECT * FROM `qs_wx_xhjj_sys_user_info` WHERE ( id=1 ) LIMIT 1   [ RunTime:0.0007s ]

[ 2018-08-08T15:33:59+08:00 ] 127.0.0.1 /index.php/home/notice/notice_list?cat_id=6
INFO: [ app_init ] --START--
INFO: Run Behavior\BuildLiteBehavior [ RunTime:0.000023s ]
INFO: [ app_init ] --END-- [ RunTime:0.000524s ]
INFO: [ app_begin ] --START--
INFO: Run Behavior\ReadHtmlCacheBehavior [ RunTime:0.000958s ]
INFO: [ app_begin ] --END-- [ RunTime:0.001061s ]
INFO: [ view_parse ] --START--
INFO: [ template_filter ] --START--
INFO: Run Behavior\ContentReplaceBehavior [ RunTime:0.000062s ]
INFO: [ template_filter ] --END-- [ RunTime:0.000173s ]
INFO: Run Behavior\ParseTemplateBehavior [ RunTime:0.007979s ]
INFO: [ view_parse ] --END-- [ RunTime:0.008128s ]
INFO: [ view_filter ] --START--
INFO: Run Behavior\WriteHtmlCacheBehavior [ RunTime:0.000902s ]
INFO: [ view_filter ] --END-- [ RunTime:0.000999s ]
INFO: [ app_end ] --START--
INFO: Run Behavior\ShowPageTraceBehavior [ RunTime:0.001011s ]
INFO: [ app_end ] --END-- [ RunTime:0.001111s ]

[ 2018-08-08T15:34:00+08:00 ] 127.0.0.1 /index.php/Home/Notice/getList
INFO: [ app_init ] --START--
INFO: Run Behavior\BuildLiteBehavior [ RunTime:0.000024s ]
INFO: [ app_init ] --END-- [ RunTime:0.000529s ]
INFO: [ app_begin ] --START--
INFO: Run Behavior\ReadHtmlCacheBehavior [ RunTime:0.001022s ]
INFO: [ app_begin ] --END-- [ RunTime:0.001115s ]
SQL: SHOW COLUMNS FROM `qs_wx_xhjj_notice_info` [ RunTime:0.0063s ]
SQL: SELECT * FROM `qs_wx_xhjj_notice_info` WHERE ( is_publish=1 and cat_id=6 ) ORDER BY id desc LIMIT 7   [ RunTime:0.0040s ]
SQL: SELECT COUNT(*) AS tp_count FROM `qs_wx_xhjj_notice_info` WHERE ( is_publish=1 and cat_id=6 ) LIMIT 1   [ RunTime:0.0004s ]
NOTIC: [8] Undefined variable: keyword E:\wamp\www\qs_wx_xhjj\Application\Home\Controller\NoticeController.class.php 第 58 行.
NOTIC: [8] Undefined variable: keyword E:\wamp\www\qs_wx_xhjj\Application\Home\Controller\NoticeController.class.php 第 58 行.
SQL: SHOW COLUMNS FROM `qs_wx_xhjj_notice_cat` [ RunTime:0.0052s ]
SQL: SELECT * FROM `qs_wx_xhjj_notice_cat` WHERE ( id=6 ) LIMIT 1   [ RunTime:0.0004s ]
SQL: SHOW COLUMNS FROM `qs_wx_xhjj_sys_all_attach` [ RunTime:0.0056s ]
SQL: SELECT * FROM `qs_wx_xhjj_sys_all_attach` WHERE `module_name` = 'notice' AND `module_info_id` = '22' LIMIT 1   [ RunTime:0.0006s ]
NOTIC: [8] Undefined variable: user_id E:\wamp\www\qs_wx_xhjj\Application\Home\Controller\NoticeController.class.php 第 63 行.
NOTIC: [8] Undefined variable: notReadCount E:\wamp\www\qs_wx_xhjj\Application\Home\Controller\NoticeController.class.php 第 64 行.
NOTIC: [8] Undefined variable: keyword E:\wamp\www\qs_wx_xhjj\Application\Home\Controller\NoticeController.class.php 第 58 行.
NOTIC: [8] Undefined variable: keyword E:\wamp\www\qs_wx_xhjj\Application\Home\Controller\NoticeController.class.php 第 58 行.
SQL: SELECT * FROM `qs_wx_xhjj_notice_cat` WHERE ( id=6 ) LIMIT 1   [ RunTime:0.0004s ]
SQL: SELECT * FROM `qs_wx_xhjj_sys_all_attach` WHERE `module_name` = 'notice' AND `module_info_id` = '21' LIMIT 1   [ RunTime:0.0004s ]
NOTIC: [8] Undefined variable: user_id E:\wamp\www\qs_wx_xhjj\Application\Home\Controller\NoticeController.class.php 第 63 行.
NOTIC: [8] Undefined variable: notReadCount E:\wamp\www\qs_wx_xhjj\Application\Home\Controller\NoticeController.class.php 第 64 行.
NOTIC: [8] Undefined variable: keyword E:\wamp\www\qs_wx_xhjj\Application\Home\Controller\NoticeController.class.php 第 58 行.
NOTIC: [8] Undefined variable: keyword E:\wamp\www\qs_wx_xhjj\Application\Home\Controller\NoticeController.class.php 第 58 行.
SQL: SELECT * FROM `qs_wx_xhjj_notice_cat` WHERE ( id=6 ) LIMIT 1   [ RunTime:0.0003s ]
SQL: SELECT * FROM `qs_wx_xhjj_sys_all_attach` WHERE `module_name` = 'notice' AND `module_info_id` = '20' LIMIT 1   [ RunTime:0.0004s ]
NOTIC: [8] Undefined variable: user_id E:\wamp\www\qs_wx_xhjj\Application\Home\Controller\NoticeController.class.php 第 63 行.
NOTIC: [8] Undefined variable: notReadCount E:\wamp\www\qs_wx_xhjj\Application\Home\Controller\NoticeController.class.php 第 64 行.

[ 2018-08-08T15:34:01+08:00 ] 127.0.0.1 /index.php/Home/Notice/notice_wxdetail.html?id=22&cat_id=6
INFO: [ app_init ] --START--
INFO: Run Behavior\BuildLiteBehavior [ RunTime:0.000034s ]
INFO: [ app_init ] --END-- [ RunTime:0.000788s ]
INFO: [ app_begin ] --START--
INFO: Run Behavior\ReadHtmlCacheBehavior [ RunTime:0.001285s ]
INFO: [ app_begin ] --END-- [ RunTime:0.001444s ]
INFO: [ view_parse ] --START--
INFO: [ template_filter ] --START--
INFO: Run Behavior\ContentReplaceBehavior [ RunTime:0.000068s ]
INFO: [ template_filter ] --END-- [ RunTime:0.000173s ]
INFO: Run Behavior\ParseTemplateBehavior [ RunTime:0.007694s ]
INFO: [ view_parse ] --END-- [ RunTime:0.007832s ]
INFO: [ view_filter ] --START--
INFO: Run Behavior\WriteHtmlCacheBehavior [ RunTime:0.001224s ]
INFO: [ view_filter ] --END-- [ RunTime:0.001462s ]
INFO: [ app_end ] --START--
INFO: Run Behavior\ShowPageTraceBehavior [ RunTime:0.001333s ]
INFO: [ app_end ] --END-- [ RunTime:0.001474s ]

[ 2018-08-08T15:34:01+08:00 ] 127.0.0.1 /index.php/Home/Notice/getNoticeDetail/id/22
INFO: [ app_init ] --START--
INFO: Run Behavior\BuildLiteBehavior [ RunTime:0.000027s ]
INFO: [ app_init ] --END-- [ RunTime:0.000525s ]
INFO: [ app_begin ] --START--
INFO: Run Behavior\ReadHtmlCacheBehavior [ RunTime:0.001300s ]
INFO: [ app_begin ] --END-- [ RunTime:0.001427s ]
SQL: SHOW COLUMNS FROM `qs_wx_xhjj_notice_info` [ RunTime:0.0059s ]
SQL: SELECT * FROM `qs_wx_xhjj_notice_info` WHERE ( id=22 ) LIMIT 1   [ RunTime:0.0035s ]
SQL: SHOW COLUMNS FROM `qs_wx_xhjj_sys_all_attach` [ RunTime:0.0059s ]
SQL: SELECT * FROM `qs_wx_xhjj_sys_all_attach` WHERE `module_name` = 'notice' AND `module_info_id` = '22' LIMIT 1   [ RunTime:0.0005s ]
SQL: UPDATE `qs_wx_xhjj_notice_info` SET `read_ids`=',,',`read_num`='3' WHERE ( id=22 ) [ RunTime:0.0005s ]
SQL: SHOW COLUMNS FROM `qs_wx_xhjj_sys_user_info` [ RunTime:0.0056s ]
SQL: SELECT * FROM `qs_wx_xhjj_sys_user_info` WHERE ( id=1 ) LIMIT 1   [ RunTime:0.0005s ]

[ 2018-08-08T15:35:19+08:00 ] 127.0.0.1 /index.php/Home/Notice/notice_wxdetail.html?id=22&cat_id=6
INFO: [ app_init ] --START--
INFO: Run Behavior\BuildLiteBehavior [ RunTime:0.000034s ]
INFO: [ app_init ] --END-- [ RunTime:0.000573s ]
INFO: [ app_begin ] --START--
INFO: Run Behavior\ReadHtmlCacheBehavior [ RunTime:0.000983s ]
INFO: [ app_begin ] --END-- [ RunTime:0.001088s ]
INFO: [ view_parse ] --START--
INFO: [ template_filter ] --START--
INFO: Run Behavior\ContentReplaceBehavior [ RunTime:0.000078s ]
INFO: [ template_filter ] --END-- [ RunTime:0.000214s ]
INFO: Run Behavior\ParseTemplateBehavior [ RunTime:0.008888s ]
INFO: [ view_parse ] --END-- [ RunTime:0.009015s ]
INFO: [ view_filter ] --START--
INFO: Run Behavior\WriteHtmlCacheBehavior [ RunTime:0.000935s ]
INFO: [ view_filter ] --END-- [ RunTime:0.001031s ]
INFO: [ app_end ] --START--
INFO: Run Behavior\ShowPageTraceBehavior [ RunTime:0.001011s ]
INFO: [ app_end ] --END-- [ RunTime:0.001126s ]

[ 2018-08-08T15:35:21+08:00 ] 127.0.0.1 /index.php/Home/Notice/notice_wxdetail.html?id=22&cat_id=6
INFO: [ app_init ] --START--
INFO: Run Behavior\BuildLiteBehavior [ RunTime:0.000024s ]
INFO: [ app_init ] --END-- [ RunTime:0.000501s ]
INFO: [ app_begin ] --START--
INFO: Run Behavior\ReadHtmlCacheBehavior [ RunTime:0.001019s ]
INFO: [ app_begin ] --END-- [ RunTime:0.001129s ]
INFO: [ view_parse ] --START--
INFO: [ template_filter ] --START--
INFO: Run Behavior\ContentReplaceBehavior [ RunTime:0.000067s ]
INFO: [ template_filter ] --END-- [ RunTime:0.000179s ]
INFO: Run Behavior\ParseTemplateBehavior [ RunTime:0.008232s ]
INFO: [ view_parse ] --END-- [ RunTime:0.008340s ]
INFO: [ view_filter ] --START--
INFO: Run Behavior\WriteHtmlCacheBehavior [ RunTime:0.000860s ]
INFO: [ view_filter ] --END-- [ RunTime:0.000958s ]
INFO: [ app_end ] --START--
INFO: Run Behavior\ShowPageTraceBehavior [ RunTime:0.001084s ]
INFO: [ app_end ] --END-- [ RunTime:0.001187s ]

[ 2018-08-08T15:35:54+08:00 ] 127.0.0.1 /index.php/Home/Notice/notice_wxdetail.html?id=22&cat_id=6
INFO: [ app_init ] --START--
INFO: Run Behavior\BuildLiteBehavior [ RunTime:0.000025s ]
INFO: [ app_init ] --END-- [ RunTime:0.000493s ]
INFO: [ app_begin ] --START--
INFO: Run Behavior\ReadHtmlCacheBehavior [ RunTime:0.000925s ]
INFO: [ app_begin ] --END-- [ RunTime:0.001030s ]
INFO: [ view_parse ] --START--
INFO: [ template_filter ] --START--
INFO: Run Behavior\ContentReplaceBehavior [ RunTime:0.000074s ]
INFO: [ template_filter ] --END-- [ RunTime:0.000197s ]
INFO: Run Behavior\ParseTemplateBehavior [ RunTime:0.007828s ]
INFO: [ view_parse ] --END-- [ RunTime:0.007939s ]
INFO: [ view_filter ] --START--
INFO: Run Behavior\WriteHtmlCacheBehavior [ RunTime:0.000818s ]
INFO: [ view_filter ] --END-- [ RunTime:0.000918s ]
INFO: [ app_end ] --START--
INFO: Run Behavior\ShowPageTraceBehavior [ RunTime:0.000953s ]
INFO: [ app_end ] --END-- [ RunTime:0.001057s ]

[ 2018-08-08T15:35:55+08:00 ] 127.0.0.1 /index.php/Home/Notice/getNoticeDetail/id/22
INFO: [ app_init ] --START--
INFO: Run Behavior\BuildLiteBehavior [ RunTime:0.000051s ]
INFO: [ app_init ] --END-- [ RunTime:0.000585s ]
INFO: [ app_begin ] --START--
INFO: Run Behavior\ReadHtmlCacheBehavior [ RunTime:0.001048s ]
INFO: [ app_begin ] --END-- [ RunTime:0.001151s ]
SQL: SHOW COLUMNS FROM `qs_wx_xhjj_notice_info` [ RunTime:0.0056s ]
SQL: SELECT * FROM `qs_wx_xhjj_notice_info` WHERE ( id=22 ) LIMIT 1   [ RunTime:0.0040s ]
SQL: SHOW COLUMNS FROM `qs_wx_xhjj_sys_all_attach` [ RunTime:0.0060s ]
SQL: SELECT * FROM `qs_wx_xhjj_sys_all_attach` WHERE `module_name` = 'notice' AND `module_info_id` = '22' LIMIT 1   [ RunTime:0.0008s ]
SQL: UPDATE `qs_wx_xhjj_notice_info` SET `read_ids`=',,',`read_num`='4' WHERE ( id=22 ) [ RunTime:0.0008s ]
SQL: SHOW COLUMNS FROM `qs_wx_xhjj_sys_user_info` [ RunTime:0.0053s ]
SQL: SELECT * FROM `qs_wx_xhjj_sys_user_info` WHERE ( id=1 ) LIMIT 1   [ RunTime:0.0007s ]

[ 2018-08-08T15:36:00+08:00 ] 192.168.1.42 /index.php/home/notice/notice_list?cat_id=6
INFO: [ app_init ] --START--
INFO: Run Behavior\BuildLiteBehavior [ RunTime:0.000051s ]
INFO: [ app_init ] --END-- [ RunTime:0.001274s ]
INFO: [ app_begin ] --START--
INFO: Run Behavior\ReadHtmlCacheBehavior [ RunTime:0.002308s ]
INFO: [ app_begin ] --END-- [ RunTime:0.002545s ]
INFO: [ view_parse ] --START--
INFO: [ template_filter ] --START--
INFO: Run Behavior\ContentReplaceBehavior [ RunTime:0.000073s ]
INFO: [ template_filter ] --END-- [ RunTime:0.000201s ]
INFO: Run Behavior\ParseTemplateBehavior [ RunTime:0.010291s ]
INFO: [ view_parse ] --END-- [ RunTime:0.010518s ]
INFO: [ view_filter ] --START--
INFO: Run Behavior\WriteHtmlCacheBehavior [ RunTime:0.002006s ]
INFO: [ view_filter ] --END-- [ RunTime:0.002402s ]
INFO: [ app_end ] --START--
INFO: Run Behavior\ShowPageTraceBehavior [ RunTime:0.001268s ]
INFO: [ app_end ] --END-- [ RunTime:0.001397s ]

[ 2018-08-08T15:36:01+08:00 ] 192.168.1.42 /index.php/Home/Notice/getList
INFO: [ app_init ] --START--
INFO: Run Behavior\BuildLiteBehavior [ RunTime:0.000048s ]
INFO: [ app_init ] --END-- [ RunTime:0.001032s ]
INFO: [ app_begin ] --START--
INFO: Run Behavior\ReadHtmlCacheBehavior [ RunTime:0.002623s ]
INFO: [ app_begin ] --END-- [ RunTime:0.002836s ]
SQL: SHOW COLUMNS FROM `qs_wx_xhjj_notice_info` [ RunTime:0.0105s ]
SQL: SELECT * FROM `qs_wx_xhjj_notice_info` WHERE ( is_publish=1 and cat_id=6 ) ORDER BY id desc LIMIT 7   [ RunTime:0.0083s ]
SQL: SELECT COUNT(*) AS tp_count FROM `qs_wx_xhjj_notice_info` WHERE ( is_publish=1 and cat_id=6 ) LIMIT 1   [ RunTime:0.0009s ]
NOTIC: [8] Undefined variable: keyword E:\wamp\www\qs_wx_xhjj\Application\Home\Controller\NoticeController.class.php 第 58 行.
NOTIC: [8] Undefined variable: keyword E:\wamp\www\qs_wx_xhjj\Application\Home\Controller\NoticeController.class.php 第 58 行.
SQL: SHOW COLUMNS FROM `qs_wx_xhjj_notice_cat` [ RunTime:0.0109s ]
SQL: SELECT * FROM `qs_wx_xhjj_notice_cat` WHERE ( id=6 ) LIMIT 1   [ RunTime:0.0009s ]
SQL: SHOW COLUMNS FROM `qs_wx_xhjj_sys_all_attach` [ RunTime:0.0573s ]
SQL: SELECT * FROM `qs_wx_xhjj_sys_all_attach` WHERE `module_name` = 'notice' AND `module_info_id` = '22' LIMIT 1   [ RunTime:0.0010s ]
NOTIC: [8] Undefined variable: user_id E:\wamp\www\qs_wx_xhjj\Application\Home\Controller\NoticeController.class.php 第 63 行.
NOTIC: [8] Undefined variable: notReadCount E:\wamp\www\qs_wx_xhjj\Application\Home\Controller\NoticeController.class.php 第 64 行.
NOTIC: [8] Undefined variable: keyword E:\wamp\www\qs_wx_xhjj\Application\Home\Controller\NoticeController.class.php 第 58 行.
NOTIC: [8] Undefined variable: keyword E:\wamp\www\qs_wx_xhjj\Application\Home\Controller\NoticeController.class.php 第 58 行.
SQL: SELECT * FROM `qs_wx_xhjj_notice_cat` WHERE ( id=6 ) LIMIT 1   [ RunTime:0.0008s ]
SQL: SELECT * FROM `qs_wx_xhjj_sys_all_attach` WHERE `module_name` = 'notice' AND `module_info_id` = '21' LIMIT 1   [ RunTime:0.0009s ]
NOTIC: [8] Undefined variable: user_id E:\wamp\www\qs_wx_xhjj\Application\Home\Controller\NoticeController.class.php 第 63 行.
NOTIC: [8] Undefined variable: notReadCount E:\wamp\www\qs_wx_xhjj\Application\Home\Controller\NoticeController.class.php 第 64 行.
NOTIC: [8] Undefined variable: keyword E:\wamp\www\qs_wx_xhjj\Application\Home\Controller\NoticeController.class.php 第 58 行.
NOTIC: [8] Undefined variable: keyword E:\wamp\www\qs_wx_xhjj\Application\Home\Controller\NoticeController.class.php 第 58 行.
SQL: SELECT * FROM `qs_wx_xhjj_notice_cat` WHERE ( id=6 ) LIMIT 1   [ RunTime:0.0008s ]
SQL: SELECT * FROM `qs_wx_xhjj_sys_all_attach` WHERE `module_name` = 'notice' AND `module_info_id` = '20' LIMIT 1   [ RunTime:0.0009s ]
NOTIC: [8] Undefined variable: user_id E:\wamp\www\qs_wx_xhjj\Application\Home\Controller\NoticeController.class.php 第 63 行.
NOTIC: [8] Undefined variable: notReadCount E:\wamp\www\qs_wx_xhjj\Application\Home\Controller\NoticeController.class.php 第 64 行.

[ 2018-08-08T15:36:02+08:00 ] 192.168.1.42 /index.php/Home/Notice/notice_wxdetail.html?id=22&cat_id=6
INFO: [ app_init ] --START--
INFO: Run Behavior\BuildLiteBehavior [ RunTime:0.000043s ]
INFO: [ app_init ] --END-- [ RunTime:0.000900s ]
INFO: [ app_begin ] --START--
INFO: Run Behavior\ReadHtmlCacheBehavior [ RunTime:0.001917s ]
INFO: [ app_begin ] --END-- [ RunTime:0.002124s ]
INFO: [ view_parse ] --START--
INFO: [ template_filter ] --START--
INFO: Run Behavior\ContentReplaceBehavior [ RunTime:0.000072s ]
INFO: [ template_filter ] --END-- [ RunTime:0.000190s ]
INFO: Run Behavior\ParseTemplateBehavior [ RunTime:0.008630s ]
INFO: [ view_parse ] --END-- [ RunTime:0.008789s ]
INFO: [ view_filter ] --START--
INFO: Run Behavior\WriteHtmlCacheBehavior [ RunTime:0.000938s ]
INFO: [ view_filter ] --END-- [ RunTime:0.001101s ]
INFO: [ app_end ] --START--
INFO: Run Behavior\ShowPageTraceBehavior [ RunTime:0.001202s ]
INFO: [ app_end ] --END-- [ RunTime:0.001318s ]

[ 2018-08-08T15:36:02+08:00 ] 192.168.1.42 /index.php/Home/Notice/getNoticeDetail/id/22
INFO: [ app_init ] --START--
INFO: Run Behavior\BuildLiteBehavior [ RunTime:0.000023s ]
INFO: [ app_init ] --END-- [ RunTime:0.000463s ]
INFO: [ app_begin ] --START--
INFO: Run Behavior\ReadHtmlCacheBehavior [ RunTime:0.000998s ]
INFO: [ app_begin ] --END-- [ RunTime:0.001082s ]
SQL: SHOW COLUMNS FROM `qs_wx_xhjj_notice_info` [ RunTime:0.0052s ]
SQL: SELECT * FROM `qs_wx_xhjj_notice_info` WHERE ( id=22 ) LIMIT 1   [ RunTime:0.0038s ]
SQL: SHOW COLUMNS FROM `qs_wx_xhjj_sys_all_attach` [ RunTime:0.0055s ]
SQL: SELECT * FROM `qs_wx_xhjj_sys_all_attach` WHERE `module_name` = 'notice' AND `module_info_id` = '22' LIMIT 1   [ RunTime:0.0006s ]
SQL: UPDATE `qs_wx_xhjj_notice_info` SET `read_ids`=',,',`read_num`='5' WHERE ( id=22 ) [ RunTime:0.0006s ]
SQL: SHOW COLUMNS FROM `qs_wx_xhjj_sys_user_info` [ RunTime:0.0061s ]
SQL: SELECT * FROM `qs_wx_xhjj_sys_user_info` WHERE ( id=1 ) LIMIT 1   [ RunTime:0.0006s ]

[ 2018-08-08T15:36:10+08:00 ] 192.168.1.42 /index.php/Home/Notice/notice_wxdetail.html?id=22&cat_id=6
INFO: [ app_init ] --START--
INFO: Run Behavior\BuildLiteBehavior [ RunTime:0.000023s ]
INFO: [ app_init ] --END-- [ RunTime:0.000471s ]
INFO: [ app_begin ] --START--
INFO: Run Behavior\ReadHtmlCacheBehavior [ RunTime:0.000983s ]
INFO: [ app_begin ] --END-- [ RunTime:0.001085s ]
INFO: [ view_parse ] --START--
INFO: [ template_filter ] --START--
INFO: Run Behavior\ContentReplaceBehavior [ RunTime:0.000058s ]
INFO: [ template_filter ] --END-- [ RunTime:0.000156s ]
INFO: Run Behavior\ParseTemplateBehavior [ RunTime:0.007474s ]
INFO: [ view_parse ] --END-- [ RunTime:0.007582s ]
INFO: [ view_filter ] --START--
INFO: Run Behavior\WriteHtmlCacheBehavior [ RunTime:0.000858s ]
INFO: [ view_filter ] --END-- [ RunTime:0.000956s ]
INFO: [ app_end ] --START--
INFO: Run Behavior\ShowPageTraceBehavior [ RunTime:0.001002s ]
INFO: [ app_end ] --END-- [ RunTime:0.001103s ]

[ 2018-08-08T15:36:11+08:00 ] 192.168.1.42 /index.php/Home/Notice/getNoticeDetail/id/22
INFO: [ app_init ] --START--
INFO: Run Behavior\BuildLiteBehavior [ RunTime:0.000037s ]
INFO: [ app_init ] --END-- [ RunTime:0.000764s ]
INFO: [ app_begin ] --START--
INFO: Run Behavior\ReadHtmlCacheBehavior [ RunTime:0.001460s ]
INFO: [ app_begin ] --END-- [ RunTime:0.001648s ]
SQL: SHOW COLUMNS FROM `qs_wx_xhjj_notice_info` [ RunTime:0.0053s ]
SQL: SELECT * FROM `qs_wx_xhjj_notice_info` WHERE ( id=22 ) LIMIT 1   [ RunTime:0.0035s ]
SQL: SHOW COLUMNS FROM `qs_wx_xhjj_sys_all_attach` [ RunTime:0.0061s ]
SQL: SELECT * FROM `qs_wx_xhjj_sys_all_attach` WHERE `module_name` = 'notice' AND `module_info_id` = '22' LIMIT 1   [ RunTime:0.0005s ]
SQL: UPDATE `qs_wx_xhjj_notice_info` SET `read_ids`=',,',`read_num`='6' WHERE ( id=22 ) [ RunTime:0.0005s ]
SQL: SHOW COLUMNS FROM `qs_wx_xhjj_sys_user_info` [ RunTime:0.0053s ]
SQL: SELECT * FROM `qs_wx_xhjj_sys_user_info` WHERE ( id=1 ) LIMIT 1   [ RunTime:0.0005s ]

[ 2018-08-08T15:36:55+08:00 ] 127.0.0.1 /index.php/Home/Notice/notice_wxdetail.html?id=22&cat_id=6
INFO: [ app_init ] --START--
INFO: Run Behavior\BuildLiteBehavior [ RunTime:0.000026s ]
INFO: [ app_init ] --END-- [ RunTime:0.000531s ]
INFO: [ app_begin ] --START--
INFO: Run Behavior\ReadHtmlCacheBehavior [ RunTime:0.000965s ]
INFO: [ app_begin ] --END-- [ RunTime:0.001107s ]
INFO: [ view_parse ] --START--
INFO: [ template_filter ] --START--
INFO: Run Behavior\ContentReplaceBehavior [ RunTime:0.000066s ]
INFO: [ template_filter ] --END-- [ RunTime:0.000176s ]
INFO: Run Behavior\ParseTemplateBehavior [ RunTime:0.007863s ]
INFO: [ view_parse ] --END-- [ RunTime:0.007982s ]
INFO: [ view_filter ] --START--
INFO: Run Behavior\WriteHtmlCacheBehavior [ RunTime:0.000630s ]
INFO: [ view_filter ] --END-- [ RunTime:0.000728s ]
INFO: [ app_end ] --START--
INFO: Run Behavior\ShowPageTraceBehavior [ RunTime:0.000777s ]
INFO: [ app_end ] --END-- [ RunTime:0.000880s ]

[ 2018-08-08T15:36:55+08:00 ] 127.0.0.1 /index.php/Home/Notice/getNoticeDetail/id/22
INFO: [ app_init ] --START--
INFO: Run Behavior\BuildLiteBehavior [ RunTime:0.000026s ]
INFO: [ app_init ] --END-- [ RunTime:0.000500s ]
INFO: [ app_begin ] --START--
INFO: Run Behavior\ReadHtmlCacheBehavior [ RunTime:0.001016s ]
INFO: [ app_begin ] --END-- [ RunTime:0.001109s ]
SQL: SHOW COLUMNS FROM `qs_wx_xhjj_notice_info` [ RunTime:0.0083s ]
SQL: SELECT * FROM `qs_wx_xhjj_notice_info` WHERE ( id=22 ) LIMIT 1   [ RunTime:0.0049s ]
SQL: SHOW COLUMNS FROM `qs_wx_xhjj_sys_all_attach` [ RunTime:0.0053s ]
SQL: SELECT * FROM `qs_wx_xhjj_sys_all_attach` WHERE `module_name` = 'notice' AND `module_info_id` = '22' LIMIT 1   [ RunTime:0.0007s ]
SQL: UPDATE `qs_wx_xhjj_notice_info` SET `read_ids`=',,',`read_num`='7' WHERE ( id=22 ) [ RunTime:0.0009s ]
SQL: SHOW COLUMNS FROM `qs_wx_xhjj_sys_user_info` [ RunTime:0.0080s ]
SQL: SELECT * FROM `qs_wx_xhjj_sys_user_info` WHERE ( id=1 ) LIMIT 1   [ RunTime:0.0006s ]

