[ 2018-08-10T13:30:01+08:00 ] 127.0.0.1 /index.php/home/appt/visitOrder
INFO: [ app_init ] --START--
INFO: Run Behavior\BuildLiteBehavior [ RunTime:0.000025s ]
INFO: [ app_init ] --END-- [ RunTime:0.000445s ]
INFO: [ app_begin ] --START--
INFO: Run Behavior\ReadHtmlCacheBehavior [ RunTime:0.000513s ]
INFO: [ app_begin ] --END-- [ RunTime:0.000631s ]
INFO: [ view_parse ] --START--
INFO: [ template_filter ] --START--
INFO: Run Behavior\ContentReplaceBehavior [ RunTime:0.000081s ]
INFO: [ template_filter ] --END-- [ RunTime:0.000242s ]
NOTIC: [8] Undefined variable: Assigndata E:\wamp\www\qs_wx_xhjj\Application\Runtime\Cache\Home\b965ffe5cb0716dcd4b71ac381ab36c9.php 第 21 行.
INFO: Run Behavior\ParseTemplateBehavior [ RunTime:0.009176s ]
INFO: [ view_parse ] --END-- [ RunTime:0.009288s ]
INFO: [ view_filter ] --START--
INFO: Run Behavior\WriteHtmlCacheBehavior [ RunTime:0.000645s ]
INFO: [ view_filter ] --END-- [ RunTime:0.000746s ]
INFO: [ app_end ] --START--
INFO: Run Behavior\ShowPageTraceBehavior [ RunTime:0.000881s ]
INFO: [ app_end ] --END-- [ RunTime:0.000996s ]

[ 2018-08-10T13:30:50+08:00 ] 127.0.0.1 /index.php/home/appt/visitOrder
INFO: [ app_init ] --START--
INFO: Run Behavior\BuildLiteBehavior [ RunTime:0.000029s ]
INFO: [ app_init ] --END-- [ RunTime:0.000583s ]
INFO: [ app_begin ] --START--
INFO: Run Behavior\ReadHtmlCacheBehavior [ RunTime:0.000722s ]
INFO: [ app_begin ] --END-- [ RunTime:0.000836s ]
INFO: [ view_parse ] --START--
INFO: [ template_filter ] --START--
INFO: Run Behavior\ContentReplaceBehavior [ RunTime:0.000065s ]
INFO: [ template_filter ] --END-- [ RunTime:0.000179s ]
NOTIC: [8] Undefined variable: Assigndata E:\wamp\www\qs_wx_xhjj\Application\Runtime\Cache\Home\b965ffe5cb0716dcd4b71ac381ab36c9.php 第 21 行.
INFO: Run Behavior\ParseTemplateBehavior [ RunTime:0.007643s ]
INFO: [ view_parse ] --END-- [ RunTime:0.007753s ]
INFO: [ view_filter ] --START--
INFO: Run Behavior\WriteHtmlCacheBehavior [ RunTime:0.000831s ]
INFO: [ view_filter ] --END-- [ RunTime:0.000984s ]
INFO: [ app_end ] --START--
INFO: Run Behavior\ShowPageTraceBehavior [ RunTime:0.000972s ]
INFO: [ app_end ] --END-- [ RunTime:0.001089s ]

[ 2018-08-10T13:31:23+08:00 ] 192.168.1.49 /index.php/home/appt/visitOrder
INFO: [ app_init ] --START--
INFO: Run Behavior\BuildLiteBehavior [ RunTime:0.000023s ]
INFO: [ app_init ] --END-- [ RunTime:0.000495s ]
INFO: [ app_begin ] --START--
INFO: Run Behavior\ReadHtmlCacheBehavior [ RunTime:0.001030s ]
INFO: [ app_begin ] --END-- [ RunTime:0.001170s ]
INFO: [ view_parse ] --START--
INFO: [ template_filter ] --START--
INFO: Run Behavior\ContentReplaceBehavior [ RunTime:0.000064s ]
INFO: [ template_filter ] --END-- [ RunTime:0.000165s ]
NOTIC: [8] Undefined variable: Assigndata E:\wamp\www\qs_wx_xhjj\Application\Runtime\Cache\Home\b965ffe5cb0716dcd4b71ac381ab36c9.php 第 21 行.
INFO: Run Behavior\ParseTemplateBehavior [ RunTime:0.007934s ]
INFO: [ view_parse ] --END-- [ RunTime:0.008039s ]
INFO: [ view_filter ] --START--
INFO: Run Behavior\WriteHtmlCacheBehavior [ RunTime:0.000828s ]
INFO: [ view_filter ] --END-- [ RunTime:0.000926s ]
INFO: [ app_end ] --START--
INFO: Run Behavior\ShowPageTraceBehavior [ RunTime:0.000982s ]
INFO: [ app_end ] --END-- [ RunTime:0.001085s ]

[ 2018-08-10T13:31:32+08:00 ] 192.168.1.49 /index.php/home/appt/visitOrder
INFO: [ app_init ] --START--
INFO: Run Behavior\BuildLiteBehavior [ RunTime:0.000022s ]
INFO: [ app_init ] --END-- [ RunTime:0.000491s ]
INFO: [ app_begin ] --START--
INFO: Run Behavior\ReadHtmlCacheBehavior [ RunTime:0.000739s ]
INFO: [ app_begin ] --END-- [ RunTime:0.000947s ]
INFO: [ view_parse ] --START--
INFO: [ template_filter ] --START--
INFO: Run Behavior\ContentReplaceBehavior [ RunTime:0.000077s ]
INFO: [ template_filter ] --END-- [ RunTime:0.000200s ]
NOTIC: [8] Undefined variable: Assigndata E:\wamp\www\qs_wx_xhjj\Application\Runtime\Cache\Home\b965ffe5cb0716dcd4b71ac381ab36c9.php 第 21 行.
INFO: Run Behavior\ParseTemplateBehavior [ RunTime:0.007328s ]
INFO: [ view_parse ] --END-- [ RunTime:0.007435s ]
INFO: [ view_filter ] --START--
INFO: Run Behavior\WriteHtmlCacheBehavior [ RunTime:0.000582s ]
INFO: [ view_filter ] --END-- [ RunTime:0.000678s ]
INFO: [ app_end ] --START--
INFO: Run Behavior\ShowPageTraceBehavior [ RunTime:0.000441s ]
INFO: [ app_end ] --END-- [ RunTime:0.000563s ]

[ 2018-08-10T13:32:45+08:00 ] 192.168.1.49 /index.php/home/appt/visitOrder
INFO: [ app_init ] --START--
INFO: Run Behavior\BuildLiteBehavior [ RunTime:0.000023s ]
INFO: [ app_init ] --END-- [ RunTime:0.000412s ]
INFO: [ app_begin ] --START--
INFO: Run Behavior\ReadHtmlCacheBehavior [ RunTime:0.000430s ]
INFO: [ app_begin ] --END-- [ RunTime:0.000533s ]
INFO: [ view_parse ] --START--
INFO: [ template_filter ] --START--
INFO: Run Behavior\ContentReplaceBehavior [ RunTime:0.000095s ]
INFO: [ template_filter ] --END-- [ RunTime:0.000250s ]
NOTIC: [8] Undefined variable: Assigndata E:\wamp\www\qs_wx_xhjj\Application\Runtime\Cache\Home\b965ffe5cb0716dcd4b71ac381ab36c9.php 第 21 行.
INFO: Run Behavior\ParseTemplateBehavior [ RunTime:0.008824s ]
INFO: [ view_parse ] --END-- [ RunTime:0.008924s ]
INFO: [ view_filter ] --START--
INFO: Run Behavior\WriteHtmlCacheBehavior [ RunTime:0.000596s ]
INFO: [ view_filter ] --END-- [ RunTime:0.000694s ]
INFO: [ app_end ] --START--
INFO: Run Behavior\ShowPageTraceBehavior [ RunTime:0.005996s ]
INFO: [ app_end ] --END-- [ RunTime:0.006100s ]

[ 2018-08-10T13:33:15+08:00 ] 127.0.0.1 /index.php/home/appt/visitOrder
INFO: [ app_init ] --START--
INFO: Run Behavior\BuildLiteBehavior [ RunTime:0.000025s ]
INFO: [ app_init ] --END-- [ RunTime:0.000438s ]
INFO: [ app_begin ] --START--
INFO: Run Behavior\ReadHtmlCacheBehavior [ RunTime:0.000449s ]
INFO: [ app_begin ] --END-- [ RunTime:0.000558s ]
INFO: [ view_parse ] --START--
INFO: [ template_filter ] --START--
INFO: Run Behavior\ContentReplaceBehavior [ RunTime:0.000062s ]
INFO: [ template_filter ] --END-- [ RunTime:0.000171s ]
NOTIC: [8] Undefined variable: Assigndata E:\wamp\www\qs_wx_xhjj\Application\Runtime\Cache\Home\b965ffe5cb0716dcd4b71ac381ab36c9.php 第 21 行.
INFO: Run Behavior\ParseTemplateBehavior [ RunTime:0.007167s ]
INFO: [ view_parse ] --END-- [ RunTime:0.007335s ]
INFO: [ view_filter ] --START--
INFO: Run Behavior\WriteHtmlCacheBehavior [ RunTime:0.000725s ]
INFO: [ view_filter ] --END-- [ RunTime:0.000834s ]
INFO: [ app_end ] --START--
INFO: Run Behavior\ShowPageTraceBehavior [ RunTime:0.000488s ]
INFO: [ app_end ] --END-- [ RunTime:0.000595s ]

[ 2018-08-10T13:33:21+08:00 ] 192.168.1.49 /index.php/home/appt/visitOrder
INFO: [ app_init ] --START--
INFO: Run Behavior\BuildLiteBehavior [ RunTime:0.000025s ]
INFO: [ app_init ] --END-- [ RunTime:0.000525s ]
INFO: [ app_begin ] --START--
INFO: Run Behavior\ReadHtmlCacheBehavior [ RunTime:0.000957s ]
INFO: [ app_begin ] --END-- [ RunTime:0.001062s ]
INFO: [ view_parse ] --START--
INFO: [ template_filter ] --START--
INFO: Run Behavior\ContentReplaceBehavior [ RunTime:0.000059s ]
INFO: [ template_filter ] --END-- [ RunTime:0.000162s ]
NOTIC: [8] Undefined variable: Assigndata E:\wamp\www\qs_wx_xhjj\Application\Runtime\Cache\Home\b965ffe5cb0716dcd4b71ac381ab36c9.php 第 21 行.
INFO: Run Behavior\ParseTemplateBehavior [ RunTime:0.007235s ]
INFO: [ view_parse ] --END-- [ RunTime:0.007335s ]
INFO: [ view_filter ] --START--
INFO: Run Behavior\WriteHtmlCacheBehavior [ RunTime:0.000815s ]
INFO: [ view_filter ] --END-- [ RunTime:0.000910s ]
INFO: [ app_end ] --START--
INFO: Run Behavior\ShowPageTraceBehavior [ RunTime:0.001012s ]
INFO: [ app_end ] --END-- [ RunTime:0.001122s ]

[ 2018-08-10T13:34:14+08:00 ] 127.0.0.1 /index.php/home/appt/visitOrder1
INFO: [ app_init ] --START--
INFO: Run Behavior\BuildLiteBehavior [ RunTime:0.000024s ]
INFO: [ app_init ] --END-- [ RunTime:0.000492s ]
INFO: [ app_begin ] --START--
INFO: Run Behavior\ReadHtmlCacheBehavior [ RunTime:0.001330s ]
INFO: [ app_begin ] --END-- [ RunTime:0.001474s ]
INFO: [ view_parse ] --START--
INFO: [ template_filter ] --START--
INFO: Run Behavior\ContentReplaceBehavior [ RunTime:0.000080s ]
INFO: [ template_filter ] --END-- [ RunTime:0.000188s ]
NOTIC: [8] Undefined variable: Assigndata E:\wamp\www\qs_wx_xhjj\Application\Runtime\Cache\Home\7f9061dc8d0a5801a1b83e72009d78bd.php 第 55 行.
NOTIC: [8] Undefined variable: tel E:\wamp\www\qs_wx_xhjj\Application\Runtime\Cache\Home\7f9061dc8d0a5801a1b83e72009d78bd.php 第 77 行.
NOTIC: [8] Undefined variable: wxInfo E:\wamp\www\qs_wx_xhjj\Application\Runtime\Cache\Home\7f9061dc8d0a5801a1b83e72009d78bd.php 第 86 行.
NOTIC: [8] Undefined variable: wxInfo E:\wamp\www\qs_wx_xhjj\Application\Runtime\Cache\Home\7f9061dc8d0a5801a1b83e72009d78bd.php 第 87 行.
NOTIC: [8] Undefined variable: wxInfo E:\wamp\www\qs_wx_xhjj\Application\Runtime\Cache\Home\7f9061dc8d0a5801a1b83e72009d78bd.php 第 88 行.
INFO: Run Behavior\ParseTemplateBehavior [ RunTime:0.009594s ]
INFO: [ view_parse ] --END-- [ RunTime:0.009706s ]
INFO: [ view_filter ] --START--
INFO: Run Behavior\WriteHtmlCacheBehavior [ RunTime:0.000832s ]
INFO: [ view_filter ] --END-- [ RunTime:0.000949s ]
INFO: [ app_end ] --START--
INFO: Run Behavior\ShowPageTraceBehavior [ RunTime:0.000980s ]
INFO: [ app_end ] --END-- [ RunTime:0.001079s ]

[ 2018-08-10T13:34:30+08:00 ] 127.0.0.1 /index.php/home/appt/visitOrder1
INFO: [ app_init ] --START--
INFO: Run Behavior\BuildLiteBehavior [ RunTime:0.000022s ]
INFO: [ app_init ] --END-- [ RunTime:0.000436s ]
INFO: [ app_begin ] --START--
INFO: Run Behavior\ReadHtmlCacheBehavior [ RunTime:0.000456s ]
INFO: [ app_begin ] --END-- [ RunTime:0.000566s ]
INFO: [ view_parse ] --START--
INFO: [ template_filter ] --START--
INFO: Run Behavior\ContentReplaceBehavior [ RunTime:0.000084s ]
INFO: [ template_filter ] --END-- [ RunTime:0.000200s ]
NOTIC: [8] Undefined variable: Assigndata E:\wamp\www\qs_wx_xhjj\Application\Runtime\Cache\Home\7f9061dc8d0a5801a1b83e72009d78bd.php 第 55 行.
NOTIC: [8] Undefined variable: tel E:\wamp\www\qs_wx_xhjj\Application\Runtime\Cache\Home\7f9061dc8d0a5801a1b83e72009d78bd.php 第 77 行.
NOTIC: [8] Undefined variable: wxInfo E:\wamp\www\qs_wx_xhjj\Application\Runtime\Cache\Home\7f9061dc8d0a5801a1b83e72009d78bd.php 第 86 行.
NOTIC: [8] Undefined variable: wxInfo E:\wamp\www\qs_wx_xhjj\Application\Runtime\Cache\Home\7f9061dc8d0a5801a1b83e72009d78bd.php 第 87 行.
NOTIC: [8] Undefined variable: wxInfo E:\wamp\www\qs_wx_xhjj\Application\Runtime\Cache\Home\7f9061dc8d0a5801a1b83e72009d78bd.php 第 88 行.
INFO: Run Behavior\ParseTemplateBehavior [ RunTime:0.009751s ]
INFO: [ view_parse ] --END-- [ RunTime:0.009861s ]
INFO: [ view_filter ] --START--
INFO: Run Behavior\WriteHtmlCacheBehavior [ RunTime:0.000666s ]
INFO: [ view_filter ] --END-- [ RunTime:0.000768s ]
INFO: [ app_end ] --START--
INFO: Run Behavior\ShowPageTraceBehavior [ RunTime:0.000423s ]
INFO: [ app_end ] --END-- [ RunTime:0.000519s ]

[ 2018-08-10T13:34:52+08:00 ] 192.168.1.49 /index.php/home/appt/visitOrder1
INFO: [ app_init ] --START--
INFO: Run Behavior\BuildLiteBehavior [ RunTime:0.000023s ]
INFO: [ app_init ] --END-- [ RunTime:0.000874s ]
INFO: [ app_begin ] --START--
INFO: Run Behavior\ReadHtmlCacheBehavior [ RunTime:0.000947s ]
INFO: [ app_begin ] --END-- [ RunTime:0.001052s ]
INFO: [ view_parse ] --START--
INFO: [ template_filter ] --START--
INFO: Run Behavior\ContentReplaceBehavior [ RunTime:0.000078s ]
INFO: [ template_filter ] --END-- [ RunTime:0.000181s ]
NOTIC: [8] Undefined variable: Assigndata E:\wamp\www\qs_wx_xhjj\Application\Runtime\Cache\Home\7f9061dc8d0a5801a1b83e72009d78bd.php 第 55 行.
NOTIC: [8] Undefined variable: tel E:\wamp\www\qs_wx_xhjj\Application\Runtime\Cache\Home\7f9061dc8d0a5801a1b83e72009d78bd.php 第 77 行.
NOTIC: [8] Undefined variable: wxInfo E:\wamp\www\qs_wx_xhjj\Application\Runtime\Cache\Home\7f9061dc8d0a5801a1b83e72009d78bd.php 第 86 行.
NOTIC: [8] Undefined variable: wxInfo E:\wamp\www\qs_wx_xhjj\Application\Runtime\Cache\Home\7f9061dc8d0a5801a1b83e72009d78bd.php 第 87 行.
NOTIC: [8] Undefined variable: wxInfo E:\wamp\www\qs_wx_xhjj\Application\Runtime\Cache\Home\7f9061dc8d0a5801a1b83e72009d78bd.php 第 88 行.
INFO: Run Behavior\ParseTemplateBehavior [ RunTime:0.008750s ]
INFO: [ view_parse ] --END-- [ RunTime:0.008853s ]
INFO: [ view_filter ] --START--
INFO: Run Behavior\WriteHtmlCacheBehavior [ RunTime:0.000808s ]
INFO: [ view_filter ] --END-- [ RunTime:0.000925s ]
INFO: [ app_end ] --START--
INFO: Run Behavior\ShowPageTraceBehavior [ RunTime:0.000952s ]
INFO: [ app_end ] --END-- [ RunTime:0.001061s ]

[ 2018-08-10T13:35:42+08:00 ] 192.168.1.49 /index.php/home/appt/visitOrder1
INFO: [ app_init ] --START--
INFO: Run Behavior\BuildLiteBehavior [ RunTime:0.000024s ]
INFO: [ app_init ] --END-- [ RunTime:0.000492s ]
INFO: [ app_begin ] --START--
INFO: Run Behavior\ReadHtmlCacheBehavior [ RunTime:0.000686s ]
INFO: [ app_begin ] --END-- [ RunTime:0.000794s ]
INFO: [ view_parse ] --START--
INFO: [ template_filter ] --START--
INFO: Run Behavior\ContentReplaceBehavior [ RunTime:0.000073s ]
INFO: [ template_filter ] --END-- [ RunTime:0.000170s ]
NOTIC: [8] Undefined variable: Assigndata E:\wamp\www\qs_wx_xhjj\Application\Runtime\Cache\Home\7f9061dc8d0a5801a1b83e72009d78bd.php 第 55 行.
NOTIC: [8] Undefined variable: tel E:\wamp\www\qs_wx_xhjj\Application\Runtime\Cache\Home\7f9061dc8d0a5801a1b83e72009d78bd.php 第 74 行.
NOTIC: [8] Undefined variable: wxInfo E:\wamp\www\qs_wx_xhjj\Application\Runtime\Cache\Home\7f9061dc8d0a5801a1b83e72009d78bd.php 第 83 行.
NOTIC: [8] Undefined variable: wxInfo E:\wamp\www\qs_wx_xhjj\Application\Runtime\Cache\Home\7f9061dc8d0a5801a1b83e72009d78bd.php 第 84 行.
NOTIC: [8] Undefined variable: wxInfo E:\wamp\www\qs_wx_xhjj\Application\Runtime\Cache\Home\7f9061dc8d0a5801a1b83e72009d78bd.php 第 85 行.
INFO: Run Behavior\ParseTemplateBehavior [ RunTime:0.008403s ]
INFO: [ view_parse ] --END-- [ RunTime:0.008501s ]
INFO: [ view_filter ] --START--
INFO: Run Behavior\WriteHtmlCacheBehavior [ RunTime:0.000861s ]
INFO: [ view_filter ] --END-- [ RunTime:0.000958s ]
INFO: [ app_end ] --START--
INFO: Run Behavior\ShowPageTraceBehavior [ RunTime:0.001127s ]
INFO: [ app_end ] --END-- [ RunTime:0.001232s ]

[ 2018-08-10T13:35:55+08:00 ] 192.168.1.49 /index.php/home/appt/visitOrder1
INFO: [ app_init ] --START--
INFO: Run Behavior\BuildLiteBehavior [ RunTime:0.000025s ]
INFO: [ app_init ] --END-- [ RunTime:0.000515s ]
INFO: [ app_begin ] --START--
INFO: Run Behavior\ReadHtmlCacheBehavior [ RunTime:0.000987s ]
INFO: [ app_begin ] --END-- [ RunTime:0.001095s ]
INFO: [ view_parse ] --START--
INFO: [ template_filter ] --START--
INFO: Run Behavior\ContentReplaceBehavior [ RunTime:0.000093s ]
INFO: [ template_filter ] --END-- [ RunTime:0.000206s ]
NOTIC: [8] Undefined variable: Assigndata E:\wamp\www\qs_wx_xhjj\Application\Runtime\Cache\Home\7f9061dc8d0a5801a1b83e72009d78bd.php 第 55 行.
NOTIC: [8] Undefined variable: tel E:\wamp\www\qs_wx_xhjj\Application\Runtime\Cache\Home\7f9061dc8d0a5801a1b83e72009d78bd.php 第 73 行.
NOTIC: [8] Undefined variable: wxInfo E:\wamp\www\qs_wx_xhjj\Application\Runtime\Cache\Home\7f9061dc8d0a5801a1b83e72009d78bd.php 第 81 行.
NOTIC: [8] Undefined variable: wxInfo E:\wamp\www\qs_wx_xhjj\Application\Runtime\Cache\Home\7f9061dc8d0a5801a1b83e72009d78bd.php 第 82 行.
NOTIC: [8] Undefined variable: wxInfo E:\wamp\www\qs_wx_xhjj\Application\Runtime\Cache\Home\7f9061dc8d0a5801a1b83e72009d78bd.php 第 83 行.
INFO: Run Behavior\ParseTemplateBehavior [ RunTime:0.009149s ]
INFO: [ view_parse ] --END-- [ RunTime:0.009251s ]
INFO: [ view_filter ] --START--
INFO: Run Behavior\WriteHtmlCacheBehavior [ RunTime:0.000826s ]
INFO: [ view_filter ] --END-- [ RunTime:0.000922s ]
INFO: [ app_end ] --START--
INFO: Run Behavior\ShowPageTraceBehavior [ RunTime:0.000991s ]
INFO: [ app_end ] --END-- [ RunTime:0.001089s ]

[ 2018-08-10T13:36:56+08:00 ] 127.0.0.1 /index.php/home/appt/visitOrder1
INFO: [ app_init ] --START--
INFO: Run Behavior\BuildLiteBehavior [ RunTime:0.000027s ]
INFO: [ app_init ] --END-- [ RunTime:0.000437s ]
INFO: [ app_begin ] --START--
INFO: Run Behavior\ReadHtmlCacheBehavior [ RunTime:0.000472s ]
INFO: [ app_begin ] --END-- [ RunTime:0.000585s ]
INFO: [ view_parse ] --START--
INFO: [ template_filter ] --START--
INFO: Run Behavior\ContentReplaceBehavior [ RunTime:0.000084s ]
INFO: [ template_filter ] --END-- [ RunTime:0.000207s ]
NOTIC: [8] Undefined variable: Assigndata E:\wamp\www\qs_wx_xhjj\Application\Runtime\Cache\Home\7f9061dc8d0a5801a1b83e72009d78bd.php 第 55 行.
NOTIC: [8] Undefined variable: wxInfo E:\wamp\www\qs_wx_xhjj\Application\Runtime\Cache\Home\7f9061dc8d0a5801a1b83e72009d78bd.php 第 81 行.
NOTIC: [8] Undefined variable: wxInfo E:\wamp\www\qs_wx_xhjj\Application\Runtime\Cache\Home\7f9061dc8d0a5801a1b83e72009d78bd.php 第 82 行.
NOTIC: [8] Undefined variable: wxInfo E:\wamp\www\qs_wx_xhjj\Application\Runtime\Cache\Home\7f9061dc8d0a5801a1b83e72009d78bd.php 第 83 行.
INFO: Run Behavior\ParseTemplateBehavior [ RunTime:0.009319s ]
INFO: [ view_parse ] --END-- [ RunTime:0.009432s ]
INFO: [ view_filter ] --START--
INFO: Run Behavior\WriteHtmlCacheBehavior [ RunTime:0.000570s ]
INFO: [ view_filter ] --END-- [ RunTime:0.000671s ]
INFO: [ app_end ] --START--
INFO: Run Behavior\ShowPageTraceBehavior [ RunTime:0.000716s ]
INFO: [ app_end ] --END-- [ RunTime:0.000817s ]

[ 2018-08-10T13:37:01+08:00 ] 192.168.1.49 /index.php/home/appt/visitOrder1
INFO: [ app_init ] --START--
INFO: Run Behavior\BuildLiteBehavior [ RunTime:0.000024s ]
INFO: [ app_init ] --END-- [ RunTime:0.000514s ]
INFO: [ app_begin ] --START--
INFO: Run Behavior\ReadHtmlCacheBehavior [ RunTime:0.000685s ]
INFO: [ app_begin ] --END-- [ RunTime:0.000805s ]
INFO: [ view_parse ] --START--
INFO: [ template_filter ] --START--
INFO: Run Behavior\ContentReplaceBehavior [ RunTime:0.000073s ]
INFO: [ template_filter ] --END-- [ RunTime:0.000178s ]
NOTIC: [8] Undefined variable: Assigndata E:\wamp\www\qs_wx_xhjj\Application\Runtime\Cache\Home\7f9061dc8d0a5801a1b83e72009d78bd.php 第 55 行.
NOTIC: [8] Undefined variable: wxInfo E:\wamp\www\qs_wx_xhjj\Application\Runtime\Cache\Home\7f9061dc8d0a5801a1b83e72009d78bd.php 第 81 行.
NOTIC: [8] Undefined variable: wxInfo E:\wamp\www\qs_wx_xhjj\Application\Runtime\Cache\Home\7f9061dc8d0a5801a1b83e72009d78bd.php 第 82 行.
NOTIC: [8] Undefined variable: wxInfo E:\wamp\www\qs_wx_xhjj\Application\Runtime\Cache\Home\7f9061dc8d0a5801a1b83e72009d78bd.php 第 83 行.
INFO: Run Behavior\ParseTemplateBehavior [ RunTime:0.008690s ]
INFO: [ view_parse ] --END-- [ RunTime:0.008792s ]
INFO: [ view_filter ] --START--
INFO: Run Behavior\WriteHtmlCacheBehavior [ RunTime:0.000625s ]
INFO: [ view_filter ] --END-- [ RunTime:0.000722s ]
INFO: [ app_end ] --START--
INFO: Run Behavior\ShowPageTraceBehavior [ RunTime:0.000754s ]
INFO: [ app_end ] --END-- [ RunTime:0.000852s ]

[ 2018-08-10T13:37:19+08:00 ] 127.0.0.1 /index.php/home/appt/visitOrder1
INFO: [ app_init ] --START--
INFO: Run Behavior\BuildLiteBehavior [ RunTime:0.000023s ]
INFO: [ app_init ] --END-- [ RunTime:0.000499s ]
INFO: [ app_begin ] --START--
INFO: Run Behavior\ReadHtmlCacheBehavior [ RunTime:0.001230s ]
INFO: [ app_begin ] --END-- [ RunTime:0.001376s ]
INFO: [ view_parse ] --START--
INFO: [ template_filter ] --START--
INFO: Run Behavior\ContentReplaceBehavior [ RunTime:0.000077s ]
INFO: [ template_filter ] --END-- [ RunTime:0.000183s ]
NOTIC: [8] Undefined variable: Assigndata E:\wamp\www\qs_wx_xhjj\Application\Runtime\Cache\Home\7f9061dc8d0a5801a1b83e72009d78bd.php 第 55 行.
NOTIC: [8] Undefined variable: wxInfo E:\wamp\www\qs_wx_xhjj\Application\Runtime\Cache\Home\7f9061dc8d0a5801a1b83e72009d78bd.php 第 77 行.
NOTIC: [8] Undefined variable: wxInfo E:\wamp\www\qs_wx_xhjj\Application\Runtime\Cache\Home\7f9061dc8d0a5801a1b83e72009d78bd.php 第 78 行.
NOTIC: [8] Undefined variable: wxInfo E:\wamp\www\qs_wx_xhjj\Application\Runtime\Cache\Home\7f9061dc8d0a5801a1b83e72009d78bd.php 第 79 行.
INFO: Run Behavior\ParseTemplateBehavior [ RunTime:0.008929s ]
INFO: [ view_parse ] --END-- [ RunTime:0.009035s ]
INFO: [ view_filter ] --START--
INFO: Run Behavior\WriteHtmlCacheBehavior [ RunTime:0.000881s ]
INFO: [ view_filter ] --END-- [ RunTime:0.000983s ]
INFO: [ app_end ] --START--
INFO: Run Behavior\ShowPageTraceBehavior [ RunTime:0.001393s ]
INFO: [ app_end ] --END-- [ RunTime:0.001508s ]

[ 2018-08-10T13:37:33+08:00 ] 192.168.1.49 /index.php/home/appt/visitOrder1
INFO: [ app_init ] --START--
INFO: Run Behavior\BuildLiteBehavior [ RunTime:0.000023s ]
INFO: [ app_init ] --END-- [ RunTime:0.000412s ]
INFO: [ app_begin ] --START--
INFO: Run Behavior\ReadHtmlCacheBehavior [ RunTime:0.000412s ]
INFO: [ app_begin ] --END-- [ RunTime:0.000513s ]
INFO: [ view_parse ] --START--
INFO: [ template_filter ] --START--
INFO: Run Behavior\ContentReplaceBehavior [ RunTime:0.000078s ]
INFO: [ template_filter ] --END-- [ RunTime:0.000189s ]
NOTIC: [8] Undefined variable: Assigndata E:\wamp\www\qs_wx_xhjj\Application\Runtime\Cache\Home\7f9061dc8d0a5801a1b83e72009d78bd.php 第 55 行.
NOTIC: [8] Undefined variable: wxInfo E:\wamp\www\qs_wx_xhjj\Application\Runtime\Cache\Home\7f9061dc8d0a5801a1b83e72009d78bd.php 第 77 行.
NOTIC: [8] Undefined variable: wxInfo E:\wamp\www\qs_wx_xhjj\Application\Runtime\Cache\Home\7f9061dc8d0a5801a1b83e72009d78bd.php 第 78 行.
NOTIC: [8] Undefined variable: wxInfo E:\wamp\www\qs_wx_xhjj\Application\Runtime\Cache\Home\7f9061dc8d0a5801a1b83e72009d78bd.php 第 79 行.
INFO: Run Behavior\ParseTemplateBehavior [ RunTime:0.009089s ]
INFO: [ view_parse ] --END-- [ RunTime:0.009200s ]
INFO: [ view_filter ] --START--
INFO: Run Behavior\WriteHtmlCacheBehavior [ RunTime:0.000628s ]
INFO: [ view_filter ] --END-- [ RunTime:0.000734s ]
INFO: [ app_end ] --START--
INFO: Run Behavior\ShowPageTraceBehavior [ RunTime:0.000690s ]
INFO: [ app_end ] --END-- [ RunTime:0.000788s ]

[ 2018-08-10T13:38:24+08:00 ] 127.0.0.1 /index.php/home/appt/visitOrder1
INFO: [ app_init ] --START--
INFO: Run Behavior\BuildLiteBehavior [ RunTime:0.000026s ]
INFO: [ app_init ] --END-- [ RunTime:0.000443s ]
INFO: [ app_begin ] --START--
INFO: Run Behavior\ReadHtmlCacheBehavior [ RunTime:0.000469s ]
INFO: [ app_begin ] --END-- [ RunTime:0.000582s ]
INFO: [ view_parse ] --START--
INFO: [ template_filter ] --START--
INFO: Run Behavior\ContentReplaceBehavior [ RunTime:0.000080s ]
INFO: [ template_filter ] --END-- [ RunTime:0.000195s ]
NOTIC: [8] Undefined variable: Assigndata E:\wamp\www\qs_wx_xhjj\Application\Runtime\Cache\Home\7f9061dc8d0a5801a1b83e72009d78bd.php 第 55 行.
NOTIC: [8] Undefined variable: wxInfo E:\wamp\www\qs_wx_xhjj\Application\Runtime\Cache\Home\7f9061dc8d0a5801a1b83e72009d78bd.php 第 79 行.
NOTIC: [8] Undefined variable: wxInfo E:\wamp\www\qs_wx_xhjj\Application\Runtime\Cache\Home\7f9061dc8d0a5801a1b83e72009d78bd.php 第 80 行.
NOTIC: [8] Undefined variable: wxInfo E:\wamp\www\qs_wx_xhjj\Application\Runtime\Cache\Home\7f9061dc8d0a5801a1b83e72009d78bd.php 第 81 行.
INFO: Run Behavior\ParseTemplateBehavior [ RunTime:0.014495s ]
INFO: [ view_parse ] --END-- [ RunTime:0.014613s ]
INFO: [ view_filter ] --START--
INFO: Run Behavior\WriteHtmlCacheBehavior [ RunTime:0.000638s ]
INFO: [ view_filter ] --END-- [ RunTime:0.000756s ]
INFO: [ app_end ] --START--
INFO: Run Behavior\ShowPageTraceBehavior [ RunTime:0.000710s ]
INFO: [ app_end ] --END-- [ RunTime:0.000815s ]

[ 2018-08-10T13:38:48+08:00 ] 127.0.0.1 /index.php/home/appt/visitOrder1
INFO: [ app_init ] --START--
INFO: Run Behavior\BuildLiteBehavior [ RunTime:0.000025s ]
INFO: [ app_init ] --END-- [ RunTime:0.000501s ]
INFO: [ app_begin ] --START--
INFO: Run Behavior\ReadHtmlCacheBehavior [ RunTime:0.000689s ]
INFO: [ app_begin ] --END-- [ RunTime:0.000796s ]
INFO: [ view_parse ] --START--
INFO: [ template_filter ] --START--
INFO: Run Behavior\ContentReplaceBehavior [ RunTime:0.000079s ]
INFO: [ template_filter ] --END-- [ RunTime:0.000193s ]
NOTIC: [8] Undefined variable: Assigndata E:\wamp\www\qs_wx_xhjj\Application\Runtime\Cache\Home\7f9061dc8d0a5801a1b83e72009d78bd.php 第 55 行.
NOTIC: [8] Undefined variable: wxInfo E:\wamp\www\qs_wx_xhjj\Application\Runtime\Cache\Home\7f9061dc8d0a5801a1b83e72009d78bd.php 第 79 行.
NOTIC: [8] Undefined variable: wxInfo E:\wamp\www\qs_wx_xhjj\Application\Runtime\Cache\Home\7f9061dc8d0a5801a1b83e72009d78bd.php 第 80 行.
NOTIC: [8] Undefined variable: wxInfo E:\wamp\www\qs_wx_xhjj\Application\Runtime\Cache\Home\7f9061dc8d0a5801a1b83e72009d78bd.php 第 81 行.
INFO: Run Behavior\ParseTemplateBehavior [ RunTime:0.009073s ]
INFO: [ view_parse ] --END-- [ RunTime:0.009184s ]
INFO: [ view_filter ] --START--
INFO: Run Behavior\WriteHtmlCacheBehavior [ RunTime:0.000635s ]
INFO: [ view_filter ] --END-- [ RunTime:0.000737s ]
INFO: [ app_end ] --START--
INFO: Run Behavior\ShowPageTraceBehavior [ RunTime:0.000828s ]
INFO: [ app_end ] --END-- [ RunTime:0.000930s ]

[ 2018-08-10T13:38:52+08:00 ] 192.168.1.49 /index.php/home/appt/visitOrder1
INFO: [ app_init ] --START--
INFO: Run Behavior\BuildLiteBehavior [ RunTime:0.000023s ]
INFO: [ app_init ] --END-- [ RunTime:0.000429s ]
INFO: [ app_begin ] --START--
INFO: Run Behavior\ReadHtmlCacheBehavior [ RunTime:0.000422s ]
INFO: [ app_begin ] --END-- [ RunTime:0.000545s ]
INFO: [ view_parse ] --START--
INFO: [ template_filter ] --START--
INFO: Run Behavior\ContentReplaceBehavior [ RunTime:0.000076s ]
INFO: [ template_filter ] --END-- [ RunTime:0.000181s ]
NOTIC: [8] Undefined variable: Assigndata E:\wamp\www\qs_wx_xhjj\Application\Runtime\Cache\Home\7f9061dc8d0a5801a1b83e72009d78bd.php 第 55 行.
NOTIC: [8] Undefined variable: wxInfo E:\wamp\www\qs_wx_xhjj\Application\Runtime\Cache\Home\7f9061dc8d0a5801a1b83e72009d78bd.php 第 79 行.
NOTIC: [8] Undefined variable: wxInfo E:\wamp\www\qs_wx_xhjj\Application\Runtime\Cache\Home\7f9061dc8d0a5801a1b83e72009d78bd.php 第 80 行.
NOTIC: [8] Undefined variable: wxInfo E:\wamp\www\qs_wx_xhjj\Application\Runtime\Cache\Home\7f9061dc8d0a5801a1b83e72009d78bd.php 第 81 行.
INFO: Run Behavior\ParseTemplateBehavior [ RunTime:0.009386s ]
INFO: [ view_parse ] --END-- [ RunTime:0.009550s ]
INFO: [ view_filter ] --START--
INFO: Run Behavior\WriteHtmlCacheBehavior [ RunTime:0.001401s ]
INFO: [ view_filter ] --END-- [ RunTime:0.001517s ]
INFO: [ app_end ] --START--
INFO: Run Behavior\ShowPageTraceBehavior [ RunTime:0.000774s ]
INFO: [ app_end ] --END-- [ RunTime:0.000894s ]

[ 2018-08-10T13:39:39+08:00 ] 127.0.0.1 /index.php/home/appt/visitOrder1
INFO: [ app_init ] --START--
INFO: Run Behavior\BuildLiteBehavior [ RunTime:0.000024s ]
INFO: [ app_init ] --END-- [ RunTime:0.000498s ]
INFO: [ app_begin ] --START--
INFO: Run Behavior\ReadHtmlCacheBehavior [ RunTime:0.000684s ]
INFO: [ app_begin ] --END-- [ RunTime:0.000802s ]
INFO: [ view_parse ] --START--
INFO: [ template_filter ] --START--
INFO: Run Behavior\ContentReplaceBehavior [ RunTime:0.000083s ]
INFO: [ template_filter ] --END-- [ RunTime:0.000203s ]
NOTIC: [8] Undefined variable: Assigndata E:\wamp\www\qs_wx_xhjj\Application\Runtime\Cache\Home\7f9061dc8d0a5801a1b83e72009d78bd.php 第 55 行.
NOTIC: [8] Undefined variable: wxInfo E:\wamp\www\qs_wx_xhjj\Application\Runtime\Cache\Home\7f9061dc8d0a5801a1b83e72009d78bd.php 第 82 行.
NOTIC: [8] Undefined variable: wxInfo E:\wamp\www\qs_wx_xhjj\Application\Runtime\Cache\Home\7f9061dc8d0a5801a1b83e72009d78bd.php 第 83 行.
NOTIC: [8] Undefined variable: wxInfo E:\wamp\www\qs_wx_xhjj\Application\Runtime\Cache\Home\7f9061dc8d0a5801a1b83e72009d78bd.php 第 84 行.
INFO: Run Behavior\ParseTemplateBehavior [ RunTime:0.009375s ]
INFO: [ view_parse ] --END-- [ RunTime:0.009490s ]
INFO: [ view_filter ] --START--
INFO: Run Behavior\WriteHtmlCacheBehavior [ RunTime:0.000665s ]
INFO: [ view_filter ] --END-- [ RunTime:0.000791s ]
INFO: [ app_end ] --START--
INFO: Run Behavior\ShowPageTraceBehavior [ RunTime:0.001184s ]
INFO: [ app_end ] --END-- [ RunTime:0.001305s ]

[ 2018-08-10T13:39:46+08:00 ] 127.0.0.1 /index.php/home/appt/visitOrder1
INFO: [ app_init ] --START--
INFO: Run Behavior\BuildLiteBehavior [ RunTime:0.000025s ]
INFO: [ app_init ] --END-- [ RunTime:0.001436s ]
INFO: [ app_begin ] --START--
INFO: Run Behavior\ReadHtmlCacheBehavior [ RunTime:0.000626s ]
INFO: [ app_begin ] --END-- [ RunTime:0.000810s ]
INFO: [ view_parse ] --START--
INFO: [ template_filter ] --START--
INFO: Run Behavior\ContentReplaceBehavior [ RunTime:0.000074s ]
INFO: [ template_filter ] --END-- [ RunTime:0.000180s ]
NOTIC: [8] Undefined variable: Assigndata E:\wamp\www\qs_wx_xhjj\Application\Runtime\Cache\Home\7f9061dc8d0a5801a1b83e72009d78bd.php 第 55 行.
NOTIC: [8] Undefined variable: wxInfo E:\wamp\www\qs_wx_xhjj\Application\Runtime\Cache\Home\7f9061dc8d0a5801a1b83e72009d78bd.php 第 85 行.
NOTIC: [8] Undefined variable: wxInfo E:\wamp\www\qs_wx_xhjj\Application\Runtime\Cache\Home\7f9061dc8d0a5801a1b83e72009d78bd.php 第 86 行.
NOTIC: [8] Undefined variable: wxInfo E:\wamp\www\qs_wx_xhjj\Application\Runtime\Cache\Home\7f9061dc8d0a5801a1b83e72009d78bd.php 第 87 行.
INFO: Run Behavior\ParseTemplateBehavior [ RunTime:0.008204s ]
INFO: [ view_parse ] --END-- [ RunTime:0.008313s ]
INFO: [ view_filter ] --START--
INFO: Run Behavior\WriteHtmlCacheBehavior [ RunTime:0.000561s ]
INFO: [ view_filter ] --END-- [ RunTime:0.000655s ]
INFO: [ app_end ] --START--
INFO: Run Behavior\ShowPageTraceBehavior [ RunTime:0.000673s ]
INFO: [ app_end ] --END-- [ RunTime:0.000769s ]

[ 2018-08-10T13:39:53+08:00 ] 192.168.1.49 /index.php/home/appt/visitOrder1
INFO: [ app_init ] --START--
INFO: Run Behavior\BuildLiteBehavior [ RunTime:0.000025s ]
INFO: [ app_init ] --END-- [ RunTime:0.000515s ]
INFO: [ app_begin ] --START--
INFO: Run Behavior\ReadHtmlCacheBehavior [ RunTime:0.001074s ]
INFO: [ app_begin ] --END-- [ RunTime:0.001183s ]
INFO: [ view_parse ] --START--
INFO: [ template_filter ] --START--
INFO: Run Behavior\ContentReplaceBehavior [ RunTime:0.000079s ]
INFO: [ template_filter ] --END-- [ RunTime:0.000194s ]
NOTIC: [8] Undefined variable: Assigndata E:\wamp\www\qs_wx_xhjj\Application\Runtime\Cache\Home\7f9061dc8d0a5801a1b83e72009d78bd.php 第 55 行.
NOTIC: [8] Undefined variable: wxInfo E:\wamp\www\qs_wx_xhjj\Application\Runtime\Cache\Home\7f9061dc8d0a5801a1b83e72009d78bd.php 第 85 行.
NOTIC: [8] Undefined variable: wxInfo E:\wamp\www\qs_wx_xhjj\Application\Runtime\Cache\Home\7f9061dc8d0a5801a1b83e72009d78bd.php 第 86 行.
NOTIC: [8] Undefined variable: wxInfo E:\wamp\www\qs_wx_xhjj\Application\Runtime\Cache\Home\7f9061dc8d0a5801a1b83e72009d78bd.php 第 87 行.
INFO: Run Behavior\ParseTemplateBehavior [ RunTime:0.010426s ]
INFO: [ view_parse ] --END-- [ RunTime:0.010526s ]
INFO: [ view_filter ] --START--
INFO: Run Behavior\WriteHtmlCacheBehavior [ RunTime:0.000898s ]
INFO: [ view_filter ] --END-- [ RunTime:0.000994s ]
INFO: [ app_end ] --START--
INFO: Run Behavior\ShowPageTraceBehavior [ RunTime:0.001057s ]
INFO: [ app_end ] --END-- [ RunTime:0.001196s ]

[ 2018-08-10T13:44:37+08:00 ] 127.0.0.1 /index.php/home/appt/visitOrder1
INFO: [ app_init ] --START--
INFO: Run Behavior\BuildLiteBehavior [ RunTime:0.000024s ]
INFO: [ app_init ] --END-- [ RunTime:0.000409s ]
INFO: [ app_begin ] --START--
INFO: Run Behavior\ReadHtmlCacheBehavior [ RunTime:0.000466s ]
INFO: [ app_begin ] --END-- [ RunTime:0.000576s ]
INFO: [ view_parse ] --START--
INFO: [ template_filter ] --START--
INFO: Run Behavior\ContentReplaceBehavior [ RunTime:0.000094s ]
INFO: [ template_filter ] --END-- [ RunTime:0.000263s ]
NOTIC: [8] Undefined variable: Assigndata E:\wamp\www\qs_wx_xhjj\Application\Runtime\Cache\Home\7f9061dc8d0a5801a1b83e72009d78bd.php 第 55 行.
NOTIC: [8] Undefined variable: wxInfo E:\wamp\www\qs_wx_xhjj\Application\Runtime\Cache\Home\7f9061dc8d0a5801a1b83e72009d78bd.php 第 86 行.
NOTIC: [8] Undefined variable: wxInfo E:\wamp\www\qs_wx_xhjj\Application\Runtime\Cache\Home\7f9061dc8d0a5801a1b83e72009d78bd.php 第 87 行.
NOTIC: [8] Undefined variable: wxInfo E:\wamp\www\qs_wx_xhjj\Application\Runtime\Cache\Home\7f9061dc8d0a5801a1b83e72009d78bd.php 第 88 行.
INFO: Run Behavior\ParseTemplateBehavior [ RunTime:0.009882s ]
INFO: [ view_parse ] --END-- [ RunTime:0.009993s ]
INFO: [ view_filter ] --START--
INFO: Run Behavior\WriteHtmlCacheBehavior [ RunTime:0.000672s ]
INFO: [ view_filter ] --END-- [ RunTime:0.000789s ]
INFO: [ app_end ] --START--
INFO: Run Behavior\ShowPageTraceBehavior [ RunTime:0.000808s ]
INFO: [ app_end ] --END-- [ RunTime:0.000907s ]

[ 2018-08-10T13:44:47+08:00 ] 192.168.1.49 /index.php/home/appt/visitOrder1
INFO: [ app_init ] --START--
INFO: Run Behavior\BuildLiteBehavior [ RunTime:0.000023s ]
INFO: [ app_init ] --END-- [ RunTime:0.000514s ]
INFO: [ app_begin ] --START--
INFO: Run Behavior\ReadHtmlCacheBehavior [ RunTime:0.001062s ]
INFO: [ app_begin ] --END-- [ RunTime:0.001170s ]
INFO: [ view_parse ] --START--
INFO: [ template_filter ] --START--
INFO: Run Behavior\ContentReplaceBehavior [ RunTime:0.000074s ]
INFO: [ template_filter ] --END-- [ RunTime:0.000175s ]
NOTIC: [8] Undefined variable: Assigndata E:\wamp\www\qs_wx_xhjj\Application\Runtime\Cache\Home\7f9061dc8d0a5801a1b83e72009d78bd.php 第 55 行.
NOTIC: [8] Undefined variable: wxInfo E:\wamp\www\qs_wx_xhjj\Application\Runtime\Cache\Home\7f9061dc8d0a5801a1b83e72009d78bd.php 第 86 行.
NOTIC: [8] Undefined variable: wxInfo E:\wamp\www\qs_wx_xhjj\Application\Runtime\Cache\Home\7f9061dc8d0a5801a1b83e72009d78bd.php 第 87 行.
NOTIC: [8] Undefined variable: wxInfo E:\wamp\www\qs_wx_xhjj\Application\Runtime\Cache\Home\7f9061dc8d0a5801a1b83e72009d78bd.php 第 88 行.
INFO: Run Behavior\ParseTemplateBehavior [ RunTime:0.009489s ]
INFO: [ view_parse ] --END-- [ RunTime:0.009650s ]
INFO: [ view_filter ] --START--
INFO: Run Behavior\WriteHtmlCacheBehavior [ RunTime:0.000906s ]
INFO: [ view_filter ] --END-- [ RunTime:0.001004s ]
INFO: [ app_end ] --START--
INFO: Run Behavior\ShowPageTraceBehavior [ RunTime:0.001059s ]
INFO: [ app_end ] --END-- [ RunTime:0.001163s ]

[ 2018-08-10T13:47:07+08:00 ] 127.0.0.1 /index.php/home/appt/visitOrder1
INFO: [ app_init ] --START--
INFO: Run Behavior\BuildLiteBehavior [ RunTime:0.000025s ]
INFO: [ app_init ] --END-- [ RunTime:0.000536s ]
INFO: [ app_begin ] --START--
INFO: Run Behavior\ReadHtmlCacheBehavior [ RunTime:0.001210s ]
INFO: [ app_begin ] --END-- [ RunTime:0.001321s ]
INFO: [ view_parse ] --START--
INFO: [ template_filter ] --START--
INFO: Run Behavior\ContentReplaceBehavior [ RunTime:0.000075s ]
INFO: [ template_filter ] --END-- [ RunTime:0.000196s ]
NOTIC: [8] Undefined variable: Assigndata E:\wamp\www\qs_wx_xhjj\Application\Runtime\Cache\Home\7f9061dc8d0a5801a1b83e72009d78bd.php 第 55 行.
INFO: Run Behavior\ParseTemplateBehavior [ RunTime:0.009292s ]
INFO: [ view_parse ] --END-- [ RunTime:0.009408s ]
INFO: [ view_filter ] --START--
INFO: Run Behavior\WriteHtmlCacheBehavior [ RunTime:0.001019s ]
INFO: [ view_filter ] --END-- [ RunTime:0.001117s ]
INFO: [ app_end ] --START--
INFO: Run Behavior\ShowPageTraceBehavior [ RunTime:0.001232s ]
INFO: [ app_end ] --END-- [ RunTime:0.001337s ]

[ 2018-08-10T13:47:29+08:00 ] 127.0.0.1 /index.php/home/appt/visitOrder1
INFO: [ app_init ] --START--
INFO: Run Behavior\BuildLiteBehavior [ RunTime:0.000024s ]
INFO: [ app_init ] --END-- [ RunTime:0.000416s ]
INFO: [ app_begin ] --START--
INFO: Run Behavior\ReadHtmlCacheBehavior [ RunTime:0.000444s ]
INFO: [ app_begin ] --END-- [ RunTime:0.000552s ]
INFO: [ view_parse ] --START--
INFO: [ template_filter ] --START--
INFO: Run Behavior\ContentReplaceBehavior [ RunTime:0.000074s ]
INFO: [ template_filter ] --END-- [ RunTime:0.000193s ]
NOTIC: [8] Undefined variable: Assigndata E:\wamp\www\qs_wx_xhjj\Application\Runtime\Cache\Home\7f9061dc8d0a5801a1b83e72009d78bd.php 第 55 行.
INFO: Run Behavior\ParseTemplateBehavior [ RunTime:0.008308s ]
INFO: [ view_parse ] --END-- [ RunTime:0.008434s ]
INFO: [ view_filter ] --START--
INFO: Run Behavior\WriteHtmlCacheBehavior [ RunTime:0.000639s ]
INFO: [ view_filter ] --END-- [ RunTime:0.000747s ]
INFO: [ app_end ] --START--
INFO: Run Behavior\ShowPageTraceBehavior [ RunTime:0.000781s ]
INFO: [ app_end ] --END-- [ RunTime:0.000882s ]

[ 2018-08-10T13:47:37+08:00 ] 192.168.1.49 /index.php/home/appt/visitOrder1
INFO: [ app_init ] --START--
INFO: Run Behavior\BuildLiteBehavior [ RunTime:0.000025s ]
INFO: [ app_init ] --END-- [ RunTime:0.000526s ]
INFO: [ app_begin ] --START--
INFO: Run Behavior\ReadHtmlCacheBehavior [ RunTime:0.000752s ]
INFO: [ app_begin ] --END-- [ RunTime:0.000859s ]
INFO: [ view_parse ] --START--
INFO: [ template_filter ] --START--
INFO: Run Behavior\ContentReplaceBehavior [ RunTime:0.000065s ]
INFO: [ template_filter ] --END-- [ RunTime:0.000170s ]
NOTIC: [8] Undefined variable: Assigndata E:\wamp\www\qs_wx_xhjj\Application\Runtime\Cache\Home\7f9061dc8d0a5801a1b83e72009d78bd.php 第 55 行.
INFO: Run Behavior\ParseTemplateBehavior [ RunTime:0.007479s ]
INFO: [ view_parse ] --END-- [ RunTime:0.007589s ]
INFO: [ view_filter ] --START--
INFO: Run Behavior\WriteHtmlCacheBehavior [ RunTime:0.000572s ]
INFO: [ view_filter ] --END-- [ RunTime:0.000665s ]
INFO: [ app_end ] --START--
INFO: Run Behavior\ShowPageTraceBehavior [ RunTime:0.000754s ]
INFO: [ app_end ] --END-- [ RunTime:0.000848s ]

[ 2018-08-10T13:49:10+08:00 ] 192.168.1.49 /index.php/home/appt/visitOrder1
INFO: [ app_init ] --START--
INFO: Run Behavior\BuildLiteBehavior [ RunTime:0.000023s ]
INFO: [ app_init ] --END-- [ RunTime:0.000433s ]
INFO: [ app_begin ] --START--
INFO: Run Behavior\ReadHtmlCacheBehavior [ RunTime:0.000509s ]
INFO: [ app_begin ] --END-- [ RunTime:0.000613s ]
INFO: [ view_parse ] --START--
INFO: [ template_filter ] --START--
INFO: Run Behavior\ContentReplaceBehavior [ RunTime:0.000067s ]
INFO: [ template_filter ] --END-- [ RunTime:0.000184s ]
NOTIC: [8] Undefined variable: Assigndata E:\wamp\www\qs_wx_xhjj\Application\Runtime\Cache\Home\7f9061dc8d0a5801a1b83e72009d78bd.php 第 55 行.
INFO: Run Behavior\ParseTemplateBehavior [ RunTime:0.007975s ]
INFO: [ view_parse ] --END-- [ RunTime:0.008129s ]
INFO: [ view_filter ] --START--
INFO: Run Behavior\WriteHtmlCacheBehavior [ RunTime:0.000507s ]
INFO: [ view_filter ] --END-- [ RunTime:0.000601s ]
INFO: [ app_end ] --START--
INFO: Run Behavior\ShowPageTraceBehavior [ RunTime:0.000690s ]
INFO: [ app_end ] --END-- [ RunTime:0.000796s ]

[ 2018-08-10T13:49:36+08:00 ] 192.168.1.49 /index.php/home/appt/visitOrder1
INFO: [ app_init ] --START--
INFO: Run Behavior\BuildLiteBehavior [ RunTime:0.000023s ]
INFO: [ app_init ] --END-- [ RunTime:0.000470s ]
INFO: [ app_begin ] --START--
INFO: Run Behavior\ReadHtmlCacheBehavior [ RunTime:0.000992s ]
INFO: [ app_begin ] --END-- [ RunTime:0.001094s ]
INFO: [ view_parse ] --START--
INFO: [ template_filter ] --START--
INFO: Run Behavior\ContentReplaceBehavior [ RunTime:0.000070s ]
INFO: [ template_filter ] --END-- [ RunTime:0.000178s ]
NOTIC: [8] Undefined variable: Assigndata E:\wamp\www\qs_wx_xhjj\Application\Runtime\Cache\Home\7f9061dc8d0a5801a1b83e72009d78bd.php 第 55 行.
INFO: Run Behavior\ParseTemplateBehavior [ RunTime:0.008179s ]
INFO: [ view_parse ] --END-- [ RunTime:0.008278s ]
INFO: [ view_filter ] --START--
INFO: Run Behavior\WriteHtmlCacheBehavior [ RunTime:0.001608s ]
INFO: [ view_filter ] --END-- [ RunTime:0.001816s ]
INFO: [ app_end ] --START--
INFO: Run Behavior\ShowPageTraceBehavior [ RunTime:0.001494s ]
INFO: [ app_end ] --END-- [ RunTime:0.001615s ]

[ 2018-08-10T13:50:35+08:00 ] 192.168.1.49 /index.php/home/appt/visitOrder1
INFO: [ app_init ] --START--
INFO: Run Behavior\BuildLiteBehavior [ RunTime:0.000023s ]
INFO: [ app_init ] --END-- [ RunTime:0.000509s ]
INFO: [ app_begin ] --START--
INFO: Run Behavior\ReadHtmlCacheBehavior [ RunTime:0.000860s ]
INFO: [ app_begin ] --END-- [ RunTime:0.001012s ]
INFO: [ view_parse ] --START--
INFO: [ template_filter ] --START--
INFO: Run Behavior\ContentReplaceBehavior [ RunTime:0.000070s ]
INFO: [ template_filter ] --END-- [ RunTime:0.000175s ]
NOTIC: [8] Undefined variable: Assigndata E:\wamp\www\qs_wx_xhjj\Application\Runtime\Cache\Home\7f9061dc8d0a5801a1b83e72009d78bd.php 第 55 行.
INFO: Run Behavior\ParseTemplateBehavior [ RunTime:0.007727s ]
INFO: [ view_parse ] --END-- [ RunTime:0.007831s ]
INFO: [ view_filter ] --START--
INFO: Run Behavior\WriteHtmlCacheBehavior [ RunTime:0.000603s ]
INFO: [ view_filter ] --END-- [ RunTime:0.000709s ]
INFO: [ app_end ] --START--
INFO: Run Behavior\ShowPageTraceBehavior [ RunTime:0.000737s ]
INFO: [ app_end ] --END-- [ RunTime:0.000849s ]

[ 2018-08-10T13:54:12+08:00 ] 127.0.0.1 /index.php/home/appt/visitOrder1
INFO: [ app_init ] --START--
INFO: Run Behavior\BuildLiteBehavior [ RunTime:0.000024s ]
INFO: [ app_init ] --END-- [ RunTime:0.000495s ]
INFO: [ app_begin ] --START--
INFO: Run Behavior\ReadHtmlCacheBehavior [ RunTime:0.001194s ]
INFO: [ app_begin ] --END-- [ RunTime:0.001307s ]
INFO: [ view_parse ] --START--
INFO: [ template_filter ] --START--
INFO: Run Behavior\ContentReplaceBehavior [ RunTime:0.000110s ]
INFO: [ template_filter ] --END-- [ RunTime:0.000229s ]
NOTIC: [8] Undefined variable: Assigndata E:\wamp\www\qs_wx_xhjj\Application\Runtime\Cache\Home\7f9061dc8d0a5801a1b83e72009d78bd.php 第 55 行.
INFO: Run Behavior\ParseTemplateBehavior [ RunTime:0.009191s ]
INFO: [ view_parse ] --END-- [ RunTime:0.009294s ]
INFO: [ view_filter ] --START--
INFO: Run Behavior\WriteHtmlCacheBehavior [ RunTime:0.000892s ]
INFO: [ view_filter ] --END-- [ RunTime:0.000988s ]
INFO: [ app_end ] --START--
INFO: Run Behavior\ShowPageTraceBehavior [ RunTime:0.001023s ]
INFO: [ app_end ] --END-- [ RunTime:0.001124s ]

[ 2018-08-10T13:54:18+08:00 ] 192.168.1.49 /index.php/home/appt/visitOrder1
INFO: [ app_init ] --START--
INFO: Run Behavior\BuildLiteBehavior [ RunTime:0.000023s ]
INFO: [ app_init ] --END-- [ RunTime:0.000482s ]
INFO: [ app_begin ] --START--
INFO: Run Behavior\ReadHtmlCacheBehavior [ RunTime:0.000710s ]
INFO: [ app_begin ] --END-- [ RunTime:0.000828s ]
INFO: [ view_parse ] --START--
INFO: [ template_filter ] --START--
INFO: Run Behavior\ContentReplaceBehavior [ RunTime:0.000069s ]
INFO: [ template_filter ] --END-- [ RunTime:0.000174s ]
NOTIC: [8] Undefined variable: Assigndata E:\wamp\www\qs_wx_xhjj\Application\Runtime\Cache\Home\7f9061dc8d0a5801a1b83e72009d78bd.php 第 55 行.
INFO: Run Behavior\ParseTemplateBehavior [ RunTime:0.007726s ]
INFO: [ view_parse ] --END-- [ RunTime:0.007827s ]
INFO: [ view_filter ] --START--
INFO: Run Behavior\WriteHtmlCacheBehavior [ RunTime:0.000614s ]
INFO: [ view_filter ] --END-- [ RunTime:0.000722s ]
INFO: [ app_end ] --START--
INFO: Run Behavior\ShowPageTraceBehavior [ RunTime:0.000915s ]
INFO: [ app_end ] --END-- [ RunTime:0.001066s ]

[ 2018-08-10T13:54:25+08:00 ] 192.168.1.49 /index.php/home/appt/visitOrder1
INFO: [ app_init ] --START--
INFO: Run Behavior\BuildLiteBehavior [ RunTime:0.000024s ]
INFO: [ app_init ] --END-- [ RunTime:0.000485s ]
INFO: [ app_begin ] --START--
INFO: Run Behavior\ReadHtmlCacheBehavior [ RunTime:0.000658s ]
INFO: [ app_begin ] --END-- [ RunTime:0.000762s ]
INFO: [ view_parse ] --START--
INFO: [ template_filter ] --START--
INFO: Run Behavior\ContentReplaceBehavior [ RunTime:0.000068s ]
INFO: [ template_filter ] --END-- [ RunTime:0.000176s ]
NOTIC: [8] Undefined variable: Assigndata E:\wamp\www\qs_wx_xhjj\Application\Runtime\Cache\Home\7f9061dc8d0a5801a1b83e72009d78bd.php 第 55 行.
INFO: Run Behavior\ParseTemplateBehavior [ RunTime:0.010482s ]
INFO: [ view_parse ] --END-- [ RunTime:0.010583s ]
INFO: [ view_filter ] --START--
INFO: Run Behavior\WriteHtmlCacheBehavior [ RunTime:0.000584s ]
INFO: [ view_filter ] --END-- [ RunTime:0.000680s ]
INFO: [ app_end ] --START--
INFO: Run Behavior\ShowPageTraceBehavior [ RunTime:0.000738s ]
INFO: [ app_end ] --END-- [ RunTime:0.000837s ]

[ 2018-08-10T13:55:26+08:00 ] 192.168.1.49 /index.php/home/appt/visitOrder1
INFO: [ app_init ] --START--
INFO: Run Behavior\BuildLiteBehavior [ RunTime:0.000022s ]
INFO: [ app_init ] --END-- [ RunTime:0.000392s ]
INFO: [ app_begin ] --START--
INFO: Run Behavior\ReadHtmlCacheBehavior [ RunTime:0.000430s ]
INFO: [ app_begin ] --END-- [ RunTime:0.000533s ]
INFO: [ view_parse ] --START--
INFO: [ template_filter ] --START--
INFO: Run Behavior\ContentReplaceBehavior [ RunTime:0.000077s ]
INFO: [ template_filter ] --END-- [ RunTime:0.000193s ]
NOTIC: [8] Undefined variable: Assigndata E:\wamp\www\qs_wx_xhjj\Application\Runtime\Cache\Home\7f9061dc8d0a5801a1b83e72009d78bd.php 第 55 行.
INFO: Run Behavior\ParseTemplateBehavior [ RunTime:0.007467s ]
INFO: [ view_parse ] --END-- [ RunTime:0.007571s ]
INFO: [ view_filter ] --START--
INFO: Run Behavior\WriteHtmlCacheBehavior [ RunTime:0.000636s ]
INFO: [ view_filter ] --END-- [ RunTime:0.000735s ]
INFO: [ app_end ] --START--
INFO: Run Behavior\ShowPageTraceBehavior [ RunTime:0.000714s ]
INFO: [ app_end ] --END-- [ RunTime:0.000818s ]

[ 2018-08-10T13:55:30+08:00 ] 192.168.1.49 /index.php/home/appt/visitOrder1
INFO: [ app_init ] --START--
INFO: Run Behavior\BuildLiteBehavior [ RunTime:0.000025s ]
INFO: [ app_init ] --END-- [ RunTime:0.000442s ]
INFO: [ app_begin ] --START--
INFO: Run Behavior\ReadHtmlCacheBehavior [ RunTime:0.000436s ]
INFO: [ app_begin ] --END-- [ RunTime:0.000540s ]
INFO: [ view_parse ] --START--
INFO: [ template_filter ] --START--
INFO: Run Behavior\ContentReplaceBehavior [ RunTime:0.000109s ]
INFO: [ template_filter ] --END-- [ RunTime:0.000225s ]
NOTIC: [8] Undefined variable: Assigndata E:\wamp\www\qs_wx_xhjj\Application\Runtime\Cache\Home\7f9061dc8d0a5801a1b83e72009d78bd.php 第 55 行.
INFO: Run Behavior\ParseTemplateBehavior [ RunTime:0.007409s ]
INFO: [ view_parse ] --END-- [ RunTime:0.007530s ]
INFO: [ view_filter ] --START--
INFO: Run Behavior\WriteHtmlCacheBehavior [ RunTime:0.000531s ]
INFO: [ view_filter ] --END-- [ RunTime:0.000624s ]
INFO: [ app_end ] --START--
INFO: Run Behavior\ShowPageTraceBehavior [ RunTime:0.000638s ]
INFO: [ app_end ] --END-- [ RunTime:0.000774s ]

[ 2018-08-10T13:59:54+08:00 ] 192.168.1.49 /index.php/home/appt/visitOrder1
INFO: [ app_init ] --START--
INFO: Run Behavior\BuildLiteBehavior [ RunTime:0.000022s ]
INFO: [ app_init ] --END-- [ RunTime:0.000406s ]
INFO: [ app_begin ] --START--
INFO: Run Behavior\ReadHtmlCacheBehavior [ RunTime:0.000429s ]
INFO: [ app_begin ] --END-- [ RunTime:0.000534s ]
INFO: [ view_parse ] --START--
INFO: [ template_filter ] --START--
INFO: Run Behavior\ContentReplaceBehavior [ RunTime:0.000105s ]
INFO: [ template_filter ] --END-- [ RunTime:0.000243s ]
NOTIC: [8] Undefined variable: Assigndata E:\wamp\www\qs_wx_xhjj\Application\Runtime\Cache\Home\7f9061dc8d0a5801a1b83e72009d78bd.php 第 55 行.
INFO: Run Behavior\ParseTemplateBehavior [ RunTime:0.009462s ]
INFO: [ view_parse ] --END-- [ RunTime:0.009576s ]
INFO: [ view_filter ] --START--
INFO: Run Behavior\WriteHtmlCacheBehavior [ RunTime:0.000624s ]
INFO: [ view_filter ] --END-- [ RunTime:0.000723s ]
INFO: [ app_end ] --START--
INFO: Run Behavior\ShowPageTraceBehavior [ RunTime:0.000776s ]
INFO: [ app_end ] --END-- [ RunTime:0.000876s ]

[ 2018-08-10T14:15:00+08:00 ] 127.0.0.1 /index.php/home/appt/visitOrder1
INFO: [ app_init ] --START--
INFO: Run Behavior\BuildLiteBehavior [ RunTime:0.000026s ]
INFO: [ app_init ] --END-- [ RunTime:0.000477s ]
INFO: [ app_begin ] --START--
INFO: Run Behavior\ReadHtmlCacheBehavior [ RunTime:0.000564s ]
INFO: [ app_begin ] --END-- [ RunTime:0.000681s ]
INFO: [ view_parse ] --START--
INFO: [ template_filter ] --START--
INFO: Run Behavior\ContentReplaceBehavior [ RunTime:0.000078s ]
INFO: [ template_filter ] --END-- [ RunTime:0.000183s ]
NOTIC: [8] Undefined variable: Assigndata E:\wamp\www\qs_wx_xhjj\Application\Runtime\Cache\Home\7f9061dc8d0a5801a1b83e72009d78bd.php 第 55 行.
INFO: Run Behavior\ParseTemplateBehavior [ RunTime:0.007599s ]
INFO: [ view_parse ] --END-- [ RunTime:0.007705s ]
INFO: [ view_filter ] --START--
INFO: Run Behavior\WriteHtmlCacheBehavior [ RunTime:0.000690s ]
INFO: [ view_filter ] --END-- [ RunTime:0.000791s ]
INFO: [ app_end ] --START--
INFO: Run Behavior\ShowPageTraceBehavior [ RunTime:0.001398s ]
INFO: [ app_end ] --END-- [ RunTime:0.001538s ]

[ 2018-08-10T14:15:34+08:00 ] 127.0.0.1 /index.php/home/appt/visitOrder1
INFO: [ app_init ] --START--
INFO: Run Behavior\BuildLiteBehavior [ RunTime:0.000025s ]
INFO: [ app_init ] --END-- [ RunTime:0.000512s ]
INFO: [ app_begin ] --START--
INFO: Run Behavior\ReadHtmlCacheBehavior [ RunTime:0.000707s ]
INFO: [ app_begin ] --END-- [ RunTime:0.000821s ]
INFO: [ view_parse ] --START--
INFO: [ template_filter ] --START--
INFO: Run Behavior\ContentReplaceBehavior [ RunTime:0.000088s ]
INFO: [ template_filter ] --END-- [ RunTime:0.000224s ]
NOTIC: [8] Undefined variable: Assigndata E:\wamp\www\qs_wx_xhjj\Application\Runtime\Cache\Home\7f9061dc8d0a5801a1b83e72009d78bd.php 第 55 行.
INFO: Run Behavior\ParseTemplateBehavior [ RunTime:0.008474s ]
INFO: [ view_parse ] --END-- [ RunTime:0.008587s ]
INFO: [ view_filter ] --START--
INFO: Run Behavior\WriteHtmlCacheBehavior [ RunTime:0.000661s ]
INFO: [ view_filter ] --END-- [ RunTime:0.000762s ]
INFO: [ app_end ] --START--
INFO: Run Behavior\ShowPageTraceBehavior [ RunTime:0.000777s ]
INFO: [ app_end ] --END-- [ RunTime:0.000883s ]

[ 2018-08-10T14:15:39+08:00 ] 127.0.0.1 /index.php/home/appt/visitOrder1
INFO: [ app_init ] --START--
INFO: Run Behavior\BuildLiteBehavior [ RunTime:0.000023s ]
INFO: [ app_init ] --END-- [ RunTime:0.000414s ]
INFO: [ app_begin ] --START--
INFO: Run Behavior\ReadHtmlCacheBehavior [ RunTime:0.000428s ]
INFO: [ app_begin ] --END-- [ RunTime:0.000552s ]
INFO: [ view_parse ] --START--
INFO: [ template_filter ] --START--
INFO: Run Behavior\ContentReplaceBehavior [ RunTime:0.000088s ]
INFO: [ template_filter ] --END-- [ RunTime:0.000333s ]
NOTIC: [8] Undefined variable: Assigndata E:\wamp\www\qs_wx_xhjj\Application\Runtime\Cache\Home\7f9061dc8d0a5801a1b83e72009d78bd.php 第 55 行.
INFO: Run Behavior\ParseTemplateBehavior [ RunTime:0.008418s ]
INFO: [ view_parse ] --END-- [ RunTime:0.008533s ]
INFO: [ view_filter ] --START--
INFO: Run Behavior\WriteHtmlCacheBehavior [ RunTime:0.000631s ]
INFO: [ view_filter ] --END-- [ RunTime:0.000744s ]
INFO: [ app_end ] --START--
INFO: Run Behavior\ShowPageTraceBehavior [ RunTime:0.001106s ]
INFO: [ app_end ] --END-- [ RunTime:0.001267s ]

[ 2018-08-10T14:15:52+08:00 ] 127.0.0.1 /index.php/home/appt/visitOrder1
INFO: [ app_init ] --START--
INFO: Run Behavior\BuildLiteBehavior [ RunTime:0.000025s ]
INFO: [ app_init ] --END-- [ RunTime:0.000508s ]
INFO: [ app_begin ] --START--
INFO: Run Behavior\ReadHtmlCacheBehavior [ RunTime:0.006420s ]
INFO: [ app_begin ] --END-- [ RunTime:0.006554s ]
INFO: [ view_parse ] --START--
INFO: [ template_filter ] --START--
INFO: Run Behavior\ContentReplaceBehavior [ RunTime:0.000077s ]
INFO: [ template_filter ] --END-- [ RunTime:0.000194s ]
NOTIC: [8] Undefined variable: Assigndata E:\wamp\www\qs_wx_xhjj\Application\Runtime\Cache\Home\7f9061dc8d0a5801a1b83e72009d78bd.php 第 55 行.
INFO: Run Behavior\ParseTemplateBehavior [ RunTime:0.008980s ]
INFO: [ view_parse ] --END-- [ RunTime:0.009113s ]
INFO: [ view_filter ] --START--
INFO: Run Behavior\WriteHtmlCacheBehavior [ RunTime:0.000613s ]
INFO: [ view_filter ] --END-- [ RunTime:0.000712s ]
INFO: [ app_end ] --START--
INFO: Run Behavior\ShowPageTraceBehavior [ RunTime:0.000696s ]
INFO: [ app_end ] --END-- [ RunTime:0.000795s ]

[ 2018-08-10T14:16:06+08:00 ] 127.0.0.1 /index.php/home/appt/visitOrder1
INFO: [ app_init ] --START--
INFO: Run Behavior\BuildLiteBehavior [ RunTime:0.000025s ]
INFO: [ app_init ] --END-- [ RunTime:0.000426s ]
INFO: [ app_begin ] --START--
INFO: Run Behavior\ReadHtmlCacheBehavior [ RunTime:0.000543s ]
INFO: [ app_begin ] --END-- [ RunTime:0.000666s ]
INFO: [ view_parse ] --START--
INFO: [ template_filter ] --START--
INFO: Run Behavior\ContentReplaceBehavior [ RunTime:0.000079s ]
INFO: [ template_filter ] --END-- [ RunTime:0.000194s ]
NOTIC: [8] Undefined variable: Assigndata E:\wamp\www\qs_wx_xhjj\Application\Runtime\Cache\Home\7f9061dc8d0a5801a1b83e72009d78bd.php 第 55 行.
INFO: Run Behavior\ParseTemplateBehavior [ RunTime:0.007473s ]
INFO: [ view_parse ] --END-- [ RunTime:0.007582s ]
INFO: [ view_filter ] --START--
INFO: Run Behavior\WriteHtmlCacheBehavior [ RunTime:0.000628s ]
INFO: [ view_filter ] --END-- [ RunTime:0.000731s ]
INFO: [ app_end ] --START--
INFO: Run Behavior\ShowPageTraceBehavior [ RunTime:0.001405s ]
INFO: [ app_end ] --END-- [ RunTime:0.001920s ]

[ 2018-08-10T14:16:19+08:00 ] 192.168.1.49 /index.php/home/appt/visitOrder1
INFO: [ app_init ] --START--
INFO: Run Behavior\BuildLiteBehavior [ RunTime:0.000041s ]
INFO: [ app_init ] --END-- [ RunTime:0.000423s ]
INFO: [ app_begin ] --START--
INFO: Run Behavior\ReadHtmlCacheBehavior [ RunTime:0.000429s ]
INFO: [ app_begin ] --END-- [ RunTime:0.000534s ]
INFO: [ view_parse ] --START--
INFO: [ template_filter ] --START--
INFO: Run Behavior\ContentReplaceBehavior [ RunTime:0.000074s ]
INFO: [ template_filter ] --END-- [ RunTime:0.000201s ]
NOTIC: [8] Undefined variable: Assigndata E:\wamp\www\qs_wx_xhjj\Application\Runtime\Cache\Home\7f9061dc8d0a5801a1b83e72009d78bd.php 第 55 行.
INFO: Run Behavior\ParseTemplateBehavior [ RunTime:0.007363s ]
INFO: [ view_parse ] --END-- [ RunTime:0.007462s ]
INFO: [ view_filter ] --START--
INFO: Run Behavior\WriteHtmlCacheBehavior [ RunTime:0.000518s ]
INFO: [ view_filter ] --END-- [ RunTime:0.000613s ]
INFO: [ app_end ] --START--
INFO: Run Behavior\ShowPageTraceBehavior [ RunTime:0.000670s ]
INFO: [ app_end ] --END-- [ RunTime:0.000765s ]

[ 2018-08-10T14:19:19+08:00 ] 192.168.1.49 /index.php/home/appt/visitOrder1
INFO: [ app_init ] --START--
INFO: Run Behavior\BuildLiteBehavior [ RunTime:0.000025s ]
INFO: [ app_init ] --END-- [ RunTime:0.000569s ]
INFO: [ app_begin ] --START--
INFO: Run Behavior\ReadHtmlCacheBehavior [ RunTime:0.000690s ]
INFO: [ app_begin ] --END-- [ RunTime:0.000793s ]
INFO: [ view_parse ] --START--
INFO: [ template_filter ] --START--
INFO: Run Behavior\ContentReplaceBehavior [ RunTime:0.000075s ]
INFO: [ template_filter ] --END-- [ RunTime:0.000181s ]
NOTIC: [8] Undefined variable: Assigndata E:\wamp\www\qs_wx_xhjj\Application\Runtime\Cache\Home\7f9061dc8d0a5801a1b83e72009d78bd.php 第 55 行.
INFO: Run Behavior\ParseTemplateBehavior [ RunTime:0.007724s ]
INFO: [ view_parse ] --END-- [ RunTime:0.007832s ]
INFO: [ view_filter ] --START--
INFO: Run Behavior\WriteHtmlCacheBehavior [ RunTime:0.000613s ]
INFO: [ view_filter ] --END-- [ RunTime:0.000711s ]
INFO: [ app_end ] --START--
INFO: Run Behavior\ShowPageTraceBehavior [ RunTime:0.000782s ]
INFO: [ app_end ] --END-- [ RunTime:0.000879s ]

[ 2018-08-10T14:19:26+08:00 ] 192.168.1.49 /index.php/home/appt/visitOrder1
INFO: [ app_init ] --START--
INFO: Run Behavior\BuildLiteBehavior [ RunTime:0.000024s ]
INFO: [ app_init ] --END-- [ RunTime:0.000430s ]
INFO: [ app_begin ] --START--
INFO: Run Behavior\ReadHtmlCacheBehavior [ RunTime:0.000449s ]
INFO: [ app_begin ] --END-- [ RunTime:0.000556s ]
INFO: [ view_parse ] --START--
INFO: [ template_filter ] --START--
INFO: Run Behavior\ContentReplaceBehavior [ RunTime:0.000105s ]
INFO: [ template_filter ] --END-- [ RunTime:0.000242s ]
NOTIC: [8] Undefined variable: Assigndata E:\wamp\www\qs_wx_xhjj\Application\Runtime\Cache\Home\7f9061dc8d0a5801a1b83e72009d78bd.php 第 55 行.
INFO: Run Behavior\ParseTemplateBehavior [ RunTime:0.008174s ]
INFO: [ view_parse ] --END-- [ RunTime:0.008294s ]
INFO: [ view_filter ] --START--
INFO: Run Behavior\WriteHtmlCacheBehavior [ RunTime:0.000632s ]
INFO: [ view_filter ] --END-- [ RunTime:0.000736s ]
INFO: [ app_end ] --START--
INFO: Run Behavior\ShowPageTraceBehavior [ RunTime:0.000726s ]
INFO: [ app_end ] --END-- [ RunTime:0.000831s ]

[ 2018-08-10T14:24:37+08:00 ] 192.168.1.49 /index.php/home/appt/visitOrder1
INFO: [ app_init ] --START--
INFO: Run Behavior\BuildLiteBehavior [ RunTime:0.000024s ]
INFO: [ app_init ] --END-- [ RunTime:0.000487s ]
INFO: [ app_begin ] --START--
INFO: Run Behavior\ReadHtmlCacheBehavior [ RunTime:0.000800s ]
INFO: [ app_begin ] --END-- [ RunTime:0.000915s ]
INFO: [ view_parse ] --START--
INFO: [ template_filter ] --START--
INFO: Run Behavior\ContentReplaceBehavior [ RunTime:0.000118s ]
INFO: [ template_filter ] --END-- [ RunTime:0.000241s ]
NOTIC: [8] Undefined variable: Assigndata E:\wamp\www\qs_wx_xhjj\Application\Runtime\Cache\Home\7f9061dc8d0a5801a1b83e72009d78bd.php 第 55 行.
INFO: Run Behavior\ParseTemplateBehavior [ RunTime:0.047870s ]
INFO: [ view_parse ] --END-- [ RunTime:0.047976s ]
INFO: [ view_filter ] --START--
INFO: Run Behavior\WriteHtmlCacheBehavior [ RunTime:0.012244s ]
INFO: [ view_filter ] --END-- [ RunTime:0.012357s ]
INFO: [ app_end ] --START--
INFO: Run Behavior\ShowPageTraceBehavior [ RunTime:0.008136s ]
INFO: [ app_end ] --END-- [ RunTime:0.008307s ]

[ 2018-08-10T14:25:08+08:00 ] 127.0.0.1 /index.php/home/appt/visitOrder1
INFO: [ app_init ] --START--
INFO: Run Behavior\BuildLiteBehavior [ RunTime:0.000025s ]
INFO: [ app_init ] --END-- [ RunTime:0.000495s ]
INFO: [ app_begin ] --START--
INFO: Run Behavior\ReadHtmlCacheBehavior [ RunTime:0.000479s ]
INFO: [ app_begin ] --END-- [ RunTime:0.000588s ]
INFO: [ view_parse ] --START--
INFO: [ template_filter ] --START--
INFO: Run Behavior\ContentReplaceBehavior [ RunTime:0.000079s ]
INFO: [ template_filter ] --END-- [ RunTime:0.000191s ]
NOTIC: [8] Undefined variable: Assigndata E:\wamp\www\qs_wx_xhjj\Application\Runtime\Cache\Home\7f9061dc8d0a5801a1b83e72009d78bd.php 第 55 行.
INFO: Run Behavior\ParseTemplateBehavior [ RunTime:0.008537s ]
INFO: [ view_parse ] --END-- [ RunTime:0.008659s ]
INFO: [ view_filter ] --START--
INFO: Run Behavior\WriteHtmlCacheBehavior [ RunTime:0.000650s ]
INFO: [ view_filter ] --END-- [ RunTime:0.000751s ]
INFO: [ app_end ] --START--
INFO: Run Behavior\ShowPageTraceBehavior [ RunTime:0.000870s ]
INFO: [ app_end ] --END-- [ RunTime:0.000992s ]

[ 2018-08-10T14:26:41+08:00 ] 127.0.0.1 /index.php/home/appt/visitOrder1
INFO: [ app_init ] --START--
INFO: Run Behavior\BuildLiteBehavior [ RunTime:0.000053s ]
INFO: [ app_init ] --END-- [ RunTime:0.001021s ]
INFO: [ app_begin ] --START--
INFO: Run Behavior\ReadHtmlCacheBehavior [ RunTime:0.001510s ]
INFO: [ app_begin ] --END-- [ RunTime:0.001643s ]
INFO: [ view_parse ] --START--
INFO: [ template_filter ] --START--
INFO: Run Behavior\ContentReplaceBehavior [ RunTime:0.000788s ]
INFO: [ template_filter ] --END-- [ RunTime:0.001006s ]
NOTIC: [8] Undefined variable: Assigndata E:\wamp\www\qs_wx_xhjj\Application\Runtime\Cache\Home\7f9061dc8d0a5801a1b83e72009d78bd.php 第 55 行.
INFO: Run Behavior\ParseTemplateBehavior [ RunTime:0.012279s ]
INFO: [ view_parse ] --END-- [ RunTime:0.012407s ]
INFO: [ view_filter ] --START--
INFO: Run Behavior\WriteHtmlCacheBehavior [ RunTime:0.001149s ]
INFO: [ view_filter ] --END-- [ RunTime:0.001258s ]
INFO: [ app_end ] --START--
INFO: Run Behavior\ShowPageTraceBehavior [ RunTime:0.001154s ]
INFO: [ app_end ] --END-- [ RunTime:0.001261s ]

[ 2018-08-10T14:26:48+08:00 ] 127.0.0.1 /index.php/home/addVisitOrder
INFO: [ app_init ] --START--
INFO: Run Behavior\BuildLiteBehavior [ RunTime:0.000026s ]
INFO: [ app_init ] --END-- [ RunTime:0.000533s ]
INFO: [ app_begin ] --START--
INFO: Run Behavior\ReadHtmlCacheBehavior [ RunTime:0.001093s ]
INFO: [ app_begin ] --END-- [ RunTime:0.001200s ]
ERR: 无法加载控制器:AddVisitOrder

[ 2018-08-10T14:26:54+08:00 ] 127.0.0.1 /index.php/home/addVisitOrder
INFO: [ app_init ] --START--
INFO: Run Behavior\BuildLiteBehavior [ RunTime:0.000024s ]
INFO: [ app_init ] --END-- [ RunTime:0.000544s ]
INFO: [ app_begin ] --START--
INFO: Run Behavior\ReadHtmlCacheBehavior [ RunTime:0.001010s ]
INFO: [ app_begin ] --END-- [ RunTime:0.001101s ]
ERR: 无法加载控制器:AddVisitOrder

[ 2018-08-10T14:27:21+08:00 ] 127.0.0.1 /index.php/home/appt/visitOrder1
INFO: [ app_init ] --START--
INFO: Run Behavior\BuildLiteBehavior [ RunTime:0.000028s ]
INFO: [ app_init ] --END-- [ RunTime:0.000615s ]
INFO: [ app_begin ] --START--
INFO: Run Behavior\ReadHtmlCacheBehavior [ RunTime:0.001291s ]
INFO: [ app_begin ] --END-- [ RunTime:0.001420s ]
INFO: [ view_parse ] --START--
INFO: [ template_filter ] --START--
INFO: Run Behavior\ContentReplaceBehavior [ RunTime:0.000084s ]
INFO: [ template_filter ] --END-- [ RunTime:0.000206s ]
NOTIC: [8] Undefined variable: Assigndata E:\wamp\www\qs_wx_xhjj\Application\Runtime\Cache\Home\7f9061dc8d0a5801a1b83e72009d78bd.php 第 55 行.
INFO: Run Behavior\ParseTemplateBehavior [ RunTime:0.009261s ]
INFO: [ view_parse ] --END-- [ RunTime:0.009418s ]
INFO: [ view_filter ] --START--
INFO: Run Behavior\WriteHtmlCacheBehavior [ RunTime:0.001158s ]
INFO: [ view_filter ] --END-- [ RunTime:0.001268s ]
INFO: [ app_end ] --START--
INFO: Run Behavior\ShowPageTraceBehavior [ RunTime:0.001123s ]
INFO: [ app_end ] --END-- [ RunTime:0.001229s ]

[ 2018-08-10T14:27:24+08:00 ] 127.0.0.1 /index.php/home/appt/addVisitOrder
INFO: [ app_init ] --START--
INFO: Run Behavior\BuildLiteBehavior [ RunTime:0.000034s ]
INFO: [ app_init ] --END-- [ RunTime:0.000525s ]
INFO: [ app_begin ] --START--
INFO: Run Behavior\ReadHtmlCacheBehavior [ RunTime:0.001122s ]
INFO: [ app_begin ] --END-- [ RunTime:0.001228s ]
SQL: SHOW COLUMNS FROM `qs_wx_xhjj_appt_visit_close` [ RunTime:0.0546s ]
SQL: SELECT COUNT(*) AS tp_count FROM `qs_wx_xhjj_appt_visit_close` WHERE `close_time` = '2018-01-01' LIMIT 1   [ RunTime:0.0003s ]
SQL: SHOW COLUMNS FROM `qs_wx_xhjj_appt_visit_info` [ RunTime:0.1172s ]
SQL: INSERT INTO `qs_wx_xhjj_appt_visit_info` (`linkman_tel`,`linkman_name`,`appt_num`,`appt_time`) VALUES ('13521447599','张晓炜','12','2018-01-01') [ RunTime:0.0705s ]

[ 2018-08-10T14:27:33+08:00 ] 127.0.0.1 /index.php/home/appt/addVisitOrder
INFO: [ app_init ] --START--
INFO: Run Behavior\BuildLiteBehavior [ RunTime:0.000023s ]
INFO: [ app_init ] --END-- [ RunTime:0.000474s ]
INFO: [ app_begin ] --START--
INFO: Run Behavior\ReadHtmlCacheBehavior [ RunTime:0.001022s ]
INFO: [ app_begin ] --END-- [ RunTime:0.001116s ]
SQL: SHOW COLUMNS FROM `qs_wx_xhjj_appt_visit_close` [ RunTime:0.0139s ]
SQL: SELECT COUNT(*) AS tp_count FROM `qs_wx_xhjj_appt_visit_close` WHERE `close_time` = '2018-01-01' LIMIT 1   [ RunTime:0.0003s ]
SQL: SHOW COLUMNS FROM `qs_wx_xhjj_appt_visit_info` [ RunTime:0.0295s ]
SQL: INSERT INTO `qs_wx_xhjj_appt_visit_info` (`linkman_tel`,`linkman_name`,`appt_num`,`appt_time`) VALUES ('13521447599','张晓炜','12','2018-01-01') [ RunTime:0.0593s ]

[ 2018-08-10T14:28:46+08:00 ] 127.0.0.1 /index.php/home/appt/addVisitOrder
INFO: [ app_init ] --START--
INFO: Run Behavior\BuildLiteBehavior [ RunTime:0.000023s ]
INFO: [ app_init ] --END-- [ RunTime:0.000471s ]
INFO: [ app_begin ] --START--
INFO: Run Behavior\ReadHtmlCacheBehavior [ RunTime:0.001203s ]
INFO: [ app_begin ] --END-- [ RunTime:0.001304s ]
SQL: SHOW COLUMNS FROM `qs_wx_xhjj_appt_visit_close` [ RunTime:0.0050s ]
SQL: SELECT COUNT(*) AS tp_count FROM `qs_wx_xhjj_appt_visit_close` WHERE `close_time` = '2018-01-01' LIMIT 1   [ RunTime:0.0003s ]

[ 2018-08-10T14:29:10+08:00 ] 127.0.0.1 /index.php/home/appt/visitOrder1
INFO: [ app_init ] --START--
INFO: Run Behavior\BuildLiteBehavior [ RunTime:0.000025s ]
INFO: [ app_init ] --END-- [ RunTime:0.000511s ]
INFO: [ app_begin ] --START--
INFO: Run Behavior\ReadHtmlCacheBehavior [ RunTime:0.001085s ]
INFO: [ app_begin ] --END-- [ RunTime:0.001223s ]
INFO: [ view_parse ] --START--
INFO: [ template_filter ] --START--
INFO: Run Behavior\ContentReplaceBehavior [ RunTime:0.000083s ]
INFO: [ template_filter ] --END-- [ RunTime:0.000205s ]
NOTIC: [8] Undefined variable: Assigndata E:\wamp\www\qs_wx_xhjj\Application\Runtime\Cache\Home\7f9061dc8d0a5801a1b83e72009d78bd.php 第 55 行.
INFO: Run Behavior\ParseTemplateBehavior [ RunTime:0.009556s ]
INFO: [ view_parse ] --END-- [ RunTime:0.009667s ]
INFO: [ view_filter ] --START--
INFO: Run Behavior\WriteHtmlCacheBehavior [ RunTime:0.000965s ]
INFO: [ view_filter ] --END-- [ RunTime:0.001066s ]
INFO: [ app_end ] --START--
INFO: Run Behavior\ShowPageTraceBehavior [ RunTime:0.001077s ]
INFO: [ app_end ] --END-- [ RunTime:0.001179s ]

[ 2018-08-10T14:29:12+08:00 ] 127.0.0.1 /index.php/home/appt/addVisitOrder
INFO: [ app_init ] --START--
INFO: Run Behavior\BuildLiteBehavior [ RunTime:0.000029s ]
INFO: [ app_init ] --END-- [ RunTime:0.000640s ]
INFO: [ app_begin ] --START--
INFO: Run Behavior\ReadHtmlCacheBehavior [ RunTime:0.001172s ]
INFO: [ app_begin ] --END-- [ RunTime:0.001280s ]
SQL: SHOW COLUMNS FROM `qs_wx_xhjj_appt_visit_close` [ RunTime:0.0178s ]
SQL: SELECT COUNT(*) AS tp_count FROM `qs_wx_xhjj_appt_visit_close` WHERE `close_time` = '2018-01-01' LIMIT 1   [ RunTime:0.0003s ]

[ 2018-08-10T14:30:55+08:00 ] 127.0.0.1 /index.php/home/appt/detail
INFO: [ app_init ] --START--
INFO: Run Behavior\BuildLiteBehavior [ RunTime:0.000027s ]
INFO: [ app_init ] --END-- [ RunTime:0.000565s ]
INFO: [ app_begin ] --START--
INFO: Run Behavior\ReadHtmlCacheBehavior [ RunTime:0.001057s ]
INFO: [ app_begin ] --END-- [ RunTime:0.001168s ]
INFO: [ view_parse ] --START--
INFO: [ template_filter ] --START--
INFO: Run Behavior\ContentReplaceBehavior [ RunTime:0.000077s ]
INFO: [ template_filter ] --END-- [ RunTime:0.000205s ]
NOTIC: [8] Undefined variable: data E:\wamp\www\qs_wx_xhjj\Application\Runtime\Cache\Home\0fb3d2bf5e23ea37d3e8a8dffb910599.php 第 6 行.
NOTIC: [8] Undefined variable: Assigndata E:\wamp\www\qs_wx_xhjj\Application\Runtime\Cache\Home\0fb3d2bf5e23ea37d3e8a8dffb910599.php 第 43 行.
NOTIC: [8] Undefined variable: data E:\wamp\www\qs_wx_xhjj\Application\Runtime\Cache\Home\0fb3d2bf5e23ea37d3e8a8dffb910599.php 第 53 行.
NOTIC: [8] Undefined variable: data E:\wamp\www\qs_wx_xhjj\Application\Runtime\Cache\Home\0fb3d2bf5e23ea37d3e8a8dffb910599.php 第 63 行.
NOTIC: [8] Undefined variable: data E:\wamp\www\qs_wx_xhjj\Application\Runtime\Cache\Home\0fb3d2bf5e23ea37d3e8a8dffb910599.php 第 66 行.
NOTIC: [8] Undefined variable: data E:\wamp\www\qs_wx_xhjj\Application\Runtime\Cache\Home\0fb3d2bf5e23ea37d3e8a8dffb910599.php 第 73 行.
INFO: Run Behavior\ParseTemplateBehavior [ RunTime:0.010192s ]
INFO: [ view_parse ] --END-- [ RunTime:0.010324s ]
INFO: [ view_filter ] --START--
INFO: Run Behavior\WriteHtmlCacheBehavior [ RunTime:0.000937s ]
INFO: [ view_filter ] --END-- [ RunTime:0.001045s ]
INFO: [ app_end ] --START--
INFO: Run Behavior\ShowPageTraceBehavior [ RunTime:0.001064s ]
INFO: [ app_end ] --END-- [ RunTime:0.001165s ]

[ 2018-08-10T14:31:07+08:00 ] 192.168.1.49 /index.php/home/appt/visitOrder1
INFO: [ app_init ] --START--
INFO: Run Behavior\BuildLiteBehavior [ RunTime:0.000025s ]
INFO: [ app_init ] --END-- [ RunTime:0.000508s ]
INFO: [ app_begin ] --START--
INFO: Run Behavior\ReadHtmlCacheBehavior [ RunTime:0.000743s ]
INFO: [ app_begin ] --END-- [ RunTime:0.000859s ]
ERR: 非法操作:visitOrder1

[ 2018-08-10T14:31:15+08:00 ] 192.168.1.49 /index.php/home/appt/visitOrder
INFO: [ app_init ] --START--
INFO: Run Behavior\BuildLiteBehavior [ RunTime:0.000027s ]
INFO: [ app_init ] --END-- [ RunTime:0.000442s ]
INFO: [ app_begin ] --START--
INFO: Run Behavior\ReadHtmlCacheBehavior [ RunTime:0.000491s ]
INFO: [ app_begin ] --END-- [ RunTime:0.000603s ]
INFO: [ view_parse ] --START--
INFO: [ template_filter ] --START--
INFO: Run Behavior\ContentReplaceBehavior [ RunTime:0.000091s ]
INFO: [ template_filter ] --END-- [ RunTime:0.000214s ]
NOTIC: [8] Undefined variable: Assigndata E:\wamp\www\qs_wx_xhjj\Application\Runtime\Cache\Home\b965ffe5cb0716dcd4b71ac381ab36c9.php 第 55 行.
INFO: Run Behavior\ParseTemplateBehavior [ RunTime:0.008531s ]
INFO: [ view_parse ] --END-- [ RunTime:0.008641s ]
INFO: [ view_filter ] --START--
INFO: Run Behavior\WriteHtmlCacheBehavior [ RunTime:0.000659s ]
INFO: [ view_filter ] --END-- [ RunTime:0.000761s ]
INFO: [ app_end ] --START--
INFO: Run Behavior\ShowPageTraceBehavior [ RunTime:0.000814s ]
INFO: [ app_end ] --END-- [ RunTime:0.000921s ]

[ 2018-08-10T14:31:36+08:00 ] 192.168.1.49 /index.php/home/appt/addVisitOrder
INFO: [ app_init ] --START--
INFO: Run Behavior\BuildLiteBehavior [ RunTime:0.000024s ]
INFO: [ app_init ] --END-- [ RunTime:0.000470s ]
INFO: [ app_begin ] --START--
INFO: Run Behavior\ReadHtmlCacheBehavior [ RunTime:0.000449s ]
INFO: [ app_begin ] --END-- [ RunTime:0.000535s ]
SQL: SHOW COLUMNS FROM `qs_wx_xhjj_appt_visit_close` [ RunTime:0.0054s ]
SQL: SELECT COUNT(*) AS tp_count FROM `qs_wx_xhjj_appt_visit_close` WHERE `close_time` = '2020-01-01' LIMIT 1   [ RunTime:0.0003s ]
SQL: SHOW COLUMNS FROM `qs_wx_xhjj_appt_visit_info` [ RunTime:0.0058s ]
SQL: INSERT INTO `qs_wx_xhjj_appt_visit_info` (`linkman_tel`,`linkman_name`,`appt_num`,`appt_time`) VALUES ('18303012080','小王','12','2020-01-01') [ RunTime:0.0480s ]

[ 2018-08-10T14:33:11+08:00 ] 127.0.0.1 /index.php/home/appt/detail
INFO: [ app_init ] --START--
INFO: Run Behavior\BuildLiteBehavior [ RunTime:0.000026s ]
INFO: [ app_init ] --END-- [ RunTime:0.000517s ]
INFO: [ app_begin ] --START--
INFO: Run Behavior\ReadHtmlCacheBehavior [ RunTime:0.000797s ]
INFO: [ app_begin ] --END-- [ RunTime:0.000918s ]
INFO: [ view_parse ] --START--
INFO: [ template_filter ] --START--
INFO: Run Behavior\ContentReplaceBehavior [ RunTime:0.000069s ]
INFO: [ template_filter ] --END-- [ RunTime:0.000185s ]
NOTIC: [8] Undefined variable: data E:\wamp\www\qs_wx_xhjj\Application\Runtime\Cache\Home\0fb3d2bf5e23ea37d3e8a8dffb910599.php 第 6 行.
NOTIC: [8] Undefined variable: Assigndata E:\wamp\www\qs_wx_xhjj\Application\Runtime\Cache\Home\0fb3d2bf5e23ea37d3e8a8dffb910599.php 第 43 行.
NOTIC: [8] Undefined variable: data E:\wamp\www\qs_wx_xhjj\Application\Runtime\Cache\Home\0fb3d2bf5e23ea37d3e8a8dffb910599.php 第 53 行.
NOTIC: [8] Undefined variable: data E:\wamp\www\qs_wx_xhjj\Application\Runtime\Cache\Home\0fb3d2bf5e23ea37d3e8a8dffb910599.php 第 63 行.
NOTIC: [8] Undefined variable: data E:\wamp\www\qs_wx_xhjj\Application\Runtime\Cache\Home\0fb3d2bf5e23ea37d3e8a8dffb910599.php 第 66 行.
NOTIC: [8] Undefined variable: data E:\wamp\www\qs_wx_xhjj\Application\Runtime\Cache\Home\0fb3d2bf5e23ea37d3e8a8dffb910599.php 第 73 行.
INFO: Run Behavior\ParseTemplateBehavior [ RunTime:0.008538s ]
INFO: [ view_parse ] --END-- [ RunTime:0.008653s ]
INFO: [ view_filter ] --START--
INFO: Run Behavior\WriteHtmlCacheBehavior [ RunTime:0.000649s ]
INFO: [ view_filter ] --END-- [ RunTime:0.000751s ]
INFO: [ app_end ] --START--
INFO: Run Behavior\ShowPageTraceBehavior [ RunTime:0.001161s ]
INFO: [ app_end ] --END-- [ RunTime:0.001268s ]

[ 2018-08-10T14:34:54+08:00 ] 127.0.0.1 /index.php/home/appt/visitOrder1
INFO: [ app_init ] --START--
INFO: Run Behavior\BuildLiteBehavior [ RunTime:0.000026s ]
INFO: [ app_init ] --END-- [ RunTime:0.000464s ]
INFO: [ app_begin ] --START--
INFO: Run Behavior\ReadHtmlCacheBehavior [ RunTime:0.000455s ]
INFO: [ app_begin ] --END-- [ RunTime:0.000562s ]
ERR: 非法操作:visitOrder1

[ 2018-08-10T14:34:58+08:00 ] 127.0.0.1 /index.php/home/appt/visitOrder
INFO: [ app_init ] --START--
INFO: Run Behavior\BuildLiteBehavior [ RunTime:0.000026s ]
INFO: [ app_init ] --END-- [ RunTime:0.000450s ]
INFO: [ app_begin ] --START--
INFO: Run Behavior\ReadHtmlCacheBehavior [ RunTime:0.000505s ]
INFO: [ app_begin ] --END-- [ RunTime:0.000619s ]
INFO: [ view_parse ] --START--
INFO: [ template_filter ] --START--
INFO: Run Behavior\ContentReplaceBehavior [ RunTime:0.000080s ]
INFO: [ template_filter ] --END-- [ RunTime:0.000196s ]
NOTIC: [8] Undefined variable: Assigndata E:\wamp\www\qs_wx_xhjj\Application\Runtime\Cache\Home\b965ffe5cb0716dcd4b71ac381ab36c9.php 第 55 行.
INFO: Run Behavior\ParseTemplateBehavior [ RunTime:0.007690s ]
INFO: [ view_parse ] --END-- [ RunTime:0.007799s ]
INFO: [ view_filter ] --START--
INFO: Run Behavior\WriteHtmlCacheBehavior [ RunTime:0.000619s ]
INFO: [ view_filter ] --END-- [ RunTime:0.000718s ]
INFO: [ app_end ] --START--
INFO: Run Behavior\ShowPageTraceBehavior [ RunTime:0.000801s ]
INFO: [ app_end ] --END-- [ RunTime:0.000904s ]

[ 2018-08-10T14:35:08+08:00 ] 127.0.0.1 /index.php/home/appt/visitOrder
INFO: [ app_init ] --START--
INFO: Run Behavior\BuildLiteBehavior [ RunTime:0.000026s ]
INFO: [ app_init ] --END-- [ RunTime:0.000436s ]
INFO: [ app_begin ] --START--
INFO: Run Behavior\ReadHtmlCacheBehavior [ RunTime:0.000502s ]
INFO: [ app_begin ] --END-- [ RunTime:0.000623s ]
INFO: [ view_parse ] --START--
INFO: [ template_filter ] --START--
INFO: Run Behavior\ContentReplaceBehavior [ RunTime:0.000081s ]
INFO: [ template_filter ] --END-- [ RunTime:0.000202s ]
NOTIC: [8] Undefined variable: Assigndata E:\wamp\www\qs_wx_xhjj\Application\Runtime\Cache\Home\b965ffe5cb0716dcd4b71ac381ab36c9.php 第 55 行.
INFO: Run Behavior\ParseTemplateBehavior [ RunTime:0.008527s ]
INFO: [ view_parse ] --END-- [ RunTime:0.008638s ]
INFO: [ view_filter ] --START--
INFO: Run Behavior\WriteHtmlCacheBehavior [ RunTime:0.000549s ]
INFO: [ view_filter ] --END-- [ RunTime:0.000647s ]
INFO: [ app_end ] --START--
INFO: Run Behavior\ShowPageTraceBehavior [ RunTime:0.000734s ]
INFO: [ app_end ] --END-- [ RunTime:0.000841s ]

[ 2018-08-10T14:35:41+08:00 ] 127.0.0.1 /index.php/home/appt/visitOrder
INFO: [ app_init ] --START--
INFO: Run Behavior\BuildLiteBehavior [ RunTime:0.000024s ]
INFO: [ app_init ] --END-- [ RunTime:0.000512s ]
INFO: [ app_begin ] --START--
INFO: Run Behavior\ReadHtmlCacheBehavior [ RunTime:0.002589s ]
INFO: [ app_begin ] --END-- [ RunTime:0.002877s ]
INFO: [ view_parse ] --START--
INFO: [ template_filter ] --START--
INFO: Run Behavior\ContentReplaceBehavior [ RunTime:0.000087s ]
INFO: [ template_filter ] --END-- [ RunTime:0.000339s ]
NOTIC: [8] Undefined variable: Assigndata E:\wamp\www\qs_wx_xhjj\Application\Runtime\Cache\Home\b965ffe5cb0716dcd4b71ac381ab36c9.php 第 55 行.
INFO: Run Behavior\ParseTemplateBehavior [ RunTime:0.012516s ]
INFO: [ view_parse ] --END-- [ RunTime:0.012642s ]
INFO: [ view_filter ] --START--
INFO: Run Behavior\WriteHtmlCacheBehavior [ RunTime:0.001183s ]
INFO: [ view_filter ] --END-- [ RunTime:0.001297s ]
INFO: [ app_end ] --START--
INFO: Run Behavior\ShowPageTraceBehavior [ RunTime:0.001131s ]
INFO: [ app_end ] --END-- [ RunTime:0.001249s ]

[ 2018-08-10T14:37:13+08:00 ] 127.0.0.1 /index.php/home/appt/visitOrder
INFO: [ app_init ] --START--
INFO: Run Behavior\BuildLiteBehavior [ RunTime:0.000025s ]
INFO: [ app_init ] --END-- [ RunTime:0.000501s ]
INFO: [ app_begin ] --START--
INFO: Run Behavior\ReadHtmlCacheBehavior [ RunTime:0.000713s ]
INFO: [ app_begin ] --END-- [ RunTime:0.000826s ]
INFO: [ view_parse ] --START--
INFO: [ template_filter ] --START--
INFO: Run Behavior\ContentReplaceBehavior [ RunTime:0.000095s ]
INFO: [ template_filter ] --END-- [ RunTime:0.000236s ]
NOTIC: [8] Undefined variable: Assigndata E:\wamp\www\qs_wx_xhjj\Application\Runtime\Cache\Home\b965ffe5cb0716dcd4b71ac381ab36c9.php 第 55 行.
INFO: Run Behavior\ParseTemplateBehavior [ RunTime:0.008580s ]
INFO: [ view_parse ] --END-- [ RunTime:0.008688s ]
INFO: [ view_filter ] --START--
INFO: Run Behavior\WriteHtmlCacheBehavior [ RunTime:0.000719s ]
INFO: [ view_filter ] --END-- [ RunTime:0.000822s ]
INFO: [ app_end ] --START--
INFO: Run Behavior\ShowPageTraceBehavior [ RunTime:0.000620s ]
INFO: [ app_end ] --END-- [ RunTime:0.000722s ]

[ 2018-08-10T14:37:49+08:00 ] 127.0.0.1 /index.php/home/appt/visitOrder
INFO: [ app_init ] --START--
INFO: Run Behavior\BuildLiteBehavior [ RunTime:0.000025s ]
INFO: [ app_init ] --END-- [ RunTime:0.000519s ]
INFO: [ app_begin ] --START--
INFO: Run Behavior\ReadHtmlCacheBehavior [ RunTime:0.001086s ]
INFO: [ app_begin ] --END-- [ RunTime:0.001198s ]
INFO: [ view_parse ] --START--
INFO: [ template_filter ] --START--
INFO: Run Behavior\ContentReplaceBehavior [ RunTime:0.000091s ]
INFO: [ template_filter ] --END-- [ RunTime:0.000210s ]
NOTIC: [8] Undefined variable: Assigndata E:\wamp\www\qs_wx_xhjj\Application\Runtime\Cache\Home\b965ffe5cb0716dcd4b71ac381ab36c9.php 第 55 行.
INFO: Run Behavior\ParseTemplateBehavior [ RunTime:0.013250s ]
INFO: [ view_parse ] --END-- [ RunTime:0.013356s ]
INFO: [ view_filter ] --START--
INFO: Run Behavior\WriteHtmlCacheBehavior [ RunTime:0.000996s ]
INFO: [ view_filter ] --END-- [ RunTime:0.001109s ]
INFO: [ app_end ] --START--
INFO: Run Behavior\ShowPageTraceBehavior [ RunTime:0.001097s ]
INFO: [ app_end ] --END-- [ RunTime:0.001207s ]

[ 2018-08-10T14:38:08+08:00 ] 127.0.0.1 /index.php/home/appt/addVisitOrder
INFO: [ app_init ] --START--
INFO: Run Behavior\BuildLiteBehavior [ RunTime:0.000028s ]
INFO: [ app_init ] --END-- [ RunTime:0.000612s ]
INFO: [ app_begin ] --START--
INFO: Run Behavior\ReadHtmlCacheBehavior [ RunTime:0.001919s ]
INFO: [ app_begin ] --END-- [ RunTime:0.002014s ]
SQL: SHOW COLUMNS FROM `qs_wx_xhjj_appt_visit_close` [ RunTime:0.0055s ]
SQL: SELECT COUNT(*) AS tp_count FROM `qs_wx_xhjj_appt_visit_close` WHERE `close_time` = '2018-01-02' LIMIT 1   [ RunTime:0.0002s ]
SQL: SHOW COLUMNS FROM `qs_wx_xhjj_appt_visit_info` [ RunTime:0.0056s ]
SQL: INSERT INTO `qs_wx_xhjj_appt_visit_info` (`linkman_tel`,`linkman_name`,`appt_num`,`appt_time`) VALUES ('13521445678','再试试','12','2018-01-02') [ RunTime:0.0705s ]

[ 2018-08-10T14:38:21+08:00 ] 127.0.0.1 /index.php/home/appt/visitOrder
INFO: [ app_init ] --START--
INFO: Run Behavior\BuildLiteBehavior [ RunTime:0.000024s ]
INFO: [ app_init ] --END-- [ RunTime:0.000409s ]
INFO: [ app_begin ] --START--
INFO: Run Behavior\ReadHtmlCacheBehavior [ RunTime:0.000460s ]
INFO: [ app_begin ] --END-- [ RunTime:0.000565s ]
INFO: [ view_parse ] --START--
INFO: [ template_filter ] --START--
INFO: Run Behavior\ContentReplaceBehavior [ RunTime:0.000098s ]
INFO: [ template_filter ] --END-- [ RunTime:0.000204s ]
NOTIC: [8] Undefined variable: Assigndata E:\wamp\www\qs_wx_xhjj\Application\Runtime\Cache\Home\b965ffe5cb0716dcd4b71ac381ab36c9.php 第 55 行.
INFO: Run Behavior\ParseTemplateBehavior [ RunTime:0.008290s ]
INFO: [ view_parse ] --END-- [ RunTime:0.008406s ]
INFO: [ view_filter ] --START--
INFO: Run Behavior\WriteHtmlCacheBehavior [ RunTime:0.000810s ]
INFO: [ view_filter ] --END-- [ RunTime:0.000918s ]
INFO: [ app_end ] --START--
INFO: Run Behavior\ShowPageTraceBehavior [ RunTime:0.000857s ]
INFO: [ app_end ] --END-- [ RunTime:0.000959s ]

[ 2018-08-10T14:38:59+08:00 ] 192.168.1.49 /index.php/home/appt/visitOrder
INFO: [ app_init ] --START--
INFO: Run Behavior\BuildLiteBehavior [ RunTime:0.000024s ]
INFO: [ app_init ] --END-- [ RunTime:0.000533s ]
INFO: [ app_begin ] --START--
INFO: Run Behavior\ReadHtmlCacheBehavior [ RunTime:0.000680s ]
INFO: [ app_begin ] --END-- [ RunTime:0.000790s ]
INFO: [ view_parse ] --START--
INFO: [ template_filter ] --START--
INFO: Run Behavior\ContentReplaceBehavior [ RunTime:0.000079s ]
INFO: [ template_filter ] --END-- [ RunTime:0.000193s ]
NOTIC: [8] Undefined variable: Assigndata E:\wamp\www\qs_wx_xhjj\Application\Runtime\Cache\Home\b965ffe5cb0716dcd4b71ac381ab36c9.php 第 55 行.
INFO: Run Behavior\ParseTemplateBehavior [ RunTime:0.007988s ]
INFO: [ view_parse ] --END-- [ RunTime:0.008091s ]
INFO: [ view_filter ] --START--
INFO: Run Behavior\WriteHtmlCacheBehavior [ RunTime:0.000613s ]
INFO: [ view_filter ] --END-- [ RunTime:0.000709s ]
INFO: [ app_end ] --START--
INFO: Run Behavior\ShowPageTraceBehavior [ RunTime:0.000747s ]
INFO: [ app_end ] --END-- [ RunTime:0.000846s ]

[ 2018-08-10T14:39:16+08:00 ] 192.168.1.49 /index.php/home/appt/addVisitOrder
INFO: [ app_init ] --START--
INFO: Run Behavior\BuildLiteBehavior [ RunTime:0.000023s ]
INFO: [ app_init ] --END-- [ RunTime:0.000406s ]
INFO: [ app_begin ] --START--
INFO: Run Behavior\ReadHtmlCacheBehavior [ RunTime:0.000437s ]
INFO: [ app_begin ] --END-- [ RunTime:0.000524s ]
SQL: SHOW COLUMNS FROM `qs_wx_xhjj_appt_visit_close` [ RunTime:0.0055s ]
SQL: SELECT COUNT(*) AS tp_count FROM `qs_wx_xhjj_appt_visit_close` WHERE `close_time` = '2020-01-01' LIMIT 1   [ RunTime:0.0002s ]
SQL: SHOW COLUMNS FROM `qs_wx_xhjj_appt_visit_info` [ RunTime:0.0061s ]
SQL: INSERT INTO `qs_wx_xhjj_appt_visit_info` (`linkman_tel`,`linkman_name`,`appt_num`,`appt_time`) VALUES ('13521447599','12','12','2020-01-01') [ RunTime:0.0578s ]

[ 2018-08-10T14:39:23+08:00 ] 192.168.1.49 /index.php/home/appt/visitOrder
INFO: [ app_init ] --START--
INFO: Run Behavior\BuildLiteBehavior [ RunTime:0.000023s ]
INFO: [ app_init ] --END-- [ RunTime:0.000521s ]
INFO: [ app_begin ] --START--
INFO: Run Behavior\ReadHtmlCacheBehavior [ RunTime:0.001073s ]
INFO: [ app_begin ] --END-- [ RunTime:0.001175s ]
INFO: [ view_parse ] --START--
INFO: [ template_filter ] --START--
INFO: Run Behavior\ContentReplaceBehavior [ RunTime:0.000088s ]
INFO: [ template_filter ] --END-- [ RunTime:0.000221s ]
NOTIC: [8] Undefined variable: Assigndata E:\wamp\www\qs_wx_xhjj\Application\Runtime\Cache\Home\b965ffe5cb0716dcd4b71ac381ab36c9.php 第 55 行.
INFO: Run Behavior\ParseTemplateBehavior [ RunTime:0.009116s ]
INFO: [ view_parse ] --END-- [ RunTime:0.009252s ]
INFO: [ view_filter ] --START--
INFO: Run Behavior\WriteHtmlCacheBehavior [ RunTime:0.000992s ]
INFO: [ view_filter ] --END-- [ RunTime:0.001091s ]
INFO: [ app_end ] --START--
INFO: Run Behavior\ShowPageTraceBehavior [ RunTime:0.001032s ]
INFO: [ app_end ] --END-- [ RunTime:0.001132s ]

[ 2018-08-10T14:40:07+08:00 ] 192.168.1.49 /index.php/home/appt/visitOrder1
INFO: [ app_init ] --START--
INFO: Run Behavior\BuildLiteBehavior [ RunTime:0.000024s ]
INFO: [ app_init ] --END-- [ RunTime:0.000517s ]
INFO: [ app_begin ] --START--
INFO: Run Behavior\ReadHtmlCacheBehavior [ RunTime:0.001033s ]
INFO: [ app_begin ] --END-- [ RunTime:0.001136s ]
ERR: 非法操作:visitOrder1

[ 2018-08-10T17:04:33+08:00 ] 127.0.0.1 /index.php/home/appt/visitOrder
INFO: [ app_init ] --START--
INFO: Run Behavior\BuildLiteBehavior [ RunTime:0.000025s ]
INFO: [ app_init ] --END-- [ RunTime:0.000533s ]
INFO: [ app_begin ] --START--
INFO: Run Behavior\ReadHtmlCacheBehavior [ RunTime:0.000872s ]
INFO: [ app_begin ] --END-- [ RunTime:0.001008s ]
INFO: [ view_parse ] --START--
INFO: [ template_filter ] --START--
INFO: Run Behavior\ContentReplaceBehavior [ RunTime:0.000079s ]
INFO: [ template_filter ] --END-- [ RunTime:0.000194s ]
NOTIC: [8] Undefined variable: Assigndata E:\wamp\www\qs_wx_xhjj\Application\Runtime\Cache\Home\b965ffe5cb0716dcd4b71ac381ab36c9.php 第 55 行.
INFO: Run Behavior\ParseTemplateBehavior [ RunTime:0.071616s ]
INFO: [ view_parse ] --END-- [ RunTime:0.071731s ]
INFO: [ view_filter ] --START--
INFO: Run Behavior\WriteHtmlCacheBehavior [ RunTime:0.000702s ]
INFO: [ view_filter ] --END-- [ RunTime:0.000798s ]
INFO: [ app_end ] --START--
INFO: Run Behavior\ShowPageTraceBehavior [ RunTime:0.000785s ]
INFO: [ app_end ] --END-- [ RunTime:0.000884s ]

