[ 2018-05-15T15:27:29+08:00 ] 127.0.0.1 /index.php/Appm/Login/login
INFO: [ app_begin ] --START--
INFO: Run Behavior\ReadHtmlCacheBehavior [ RunTime:0.000739s ]
INFO: [ app_begin ] --END-- [ RunTime:0.001315s ]
SQL: SHOW COLUMNS FROM `qs_sqk_sys_config_def` [ RunTime:0.0048s ]
SQL: SELECT * FROM `qs_sqk_sys_config_def`  [ RunTime:0.0016s ]

[ 2018-05-15T15:27:29+08:00 ] 127.0.0.1 /index.php/Appm/login/checkIsLogin
INFO: [ app_begin ] --START--
INFO: Run Behavior\ReadHtmlCacheBehavior [ RunTime:0.000439s ]
INFO: [ app_begin ] --END-- [ RunTime:0.000829s ]
SQL: SHOW COLUMNS FROM `qs_sqk_sys_config_def` [ RunTime:0.0060s ]
SQL: SELECT * FROM `qs_sqk_sys_config_def`  [ RunTime:0.0034s ]
SQL: SHOW COLUMNS FROM `qs_sqk_notice_cat` [ RunTime:0.0054s ]
SQL: SELECT * FROM `qs_sqk_notice_cat` WHERE ( is_enable=1 )  [ RunTime:0.0012s ]
NOTIC: [8] Undefined variable: str E:\wamp\www\qskj_project_sqk_debug_git\qskj_sqk\sqk\Application\Appm\Controller\NoticeController.class.php 第 180 行.
SQL: SHOW COLUMNS FROM `qs_sqk_notice_info` [ RunTime:0.0048s ]
SQL: SELECT COUNT(*) AS tp_count FROM `qs_sqk_notice_info` WHERE ( is_publish=1 and read_ids not like "%,106,%" and cat_id in (0,1,2,3) ) LIMIT 1   [ RunTime:0.0014s ]
SQL: SELECT * FROM `qs_sqk_sys_config_def`  [ RunTime:0.0014s ]
SQL: SHOW COLUMNS FROM `qs_sqk_activ_cat` [ RunTime:0.0042s ]
SQL: SELECT * FROM `qs_sqk_activ_cat` WHERE ( is_enable=1 )  [ RunTime:0.0009s ]
NOTIC: [8] Undefined variable: str E:\wamp\www\qskj_project_sqk_debug_git\qskj_sqk\sqk\Application\Appm\Controller\ActivityController.class.php 第 380 行.
SQL: SHOW COLUMNS FROM `qs_sqk_activ_info` [ RunTime:0.0095s ]
SQL: SELECT COUNT(*) AS tp_count FROM `qs_sqk_activ_info` WHERE ( is_publish=1 and read_ids not like "%,106,%" and cat_id in (0,1,2) ) LIMIT 1   [ RunTime:0.0020s ]

[ 2018-05-15T15:27:29+08:00 ] 127.0.0.1 /index.php/Appm/Activity/getList
INFO: [ app_begin ] --START--
INFO: Run Behavior\ReadHtmlCacheBehavior [ RunTime:0.000982s ]
INFO: [ app_begin ] --END-- [ RunTime:0.001462s ]
SQL: SHOW COLUMNS FROM `qs_sqk_sys_config_def` [ RunTime:0.0046s ]
SQL: SELECT * FROM `qs_sqk_sys_config_def`  [ RunTime:0.0015s ]
SQL: SHOW COLUMNS FROM `qs_sqk_activ_cat` [ RunTime:0.0075s ]
SQL: SELECT * FROM `qs_sqk_activ_cat` WHERE ( is_enable=1 )  [ RunTime:0.0015s ]
NOTIC: [8] Undefined variable: str E:\wamp\www\qskj_project_sqk_debug_git\qskj_sqk\sqk\Application\Appm\Controller\ActivityController.class.php 第 380 行.
SQL: SHOW COLUMNS FROM `qs_sqk_activ_info` [ RunTime:0.0043s ]
SQL: SELECT * FROM `qs_sqk_activ_info` WHERE `is_publish` = 1 AND `cat_id` IN ('0','1','2') ORDER BY id desc LIMIT 4   [ RunTime:0.0024s ]
SQL: SELECT COUNT(*) AS tp_count FROM `qs_sqk_activ_info` WHERE `is_publish` = 1 AND `cat_id` IN ('0','1','2') LIMIT 1   [ RunTime:0.0010s ]
SQL: SELECT * FROM `qs_sqk_activ_cat` WHERE ( id=1 ) LIMIT 1   [ RunTime:0.0012s ]
SQL: SELECT * FROM `qs_sqk_activ_info` WHERE ( id=13 ) LIMIT 1   [ RunTime:0.0011s ]
SQL: SHOW COLUMNS FROM `qs_sqk_sys_all_attach` [ RunTime:0.0032s ]
SQL: SELECT * FROM `qs_sqk_sys_all_attach` WHERE ( module_name="activity" and module_info_id=13 )  [ RunTime:0.0011s ]
SQL: SELECT * FROM `qs_sqk_activ_cat` WHERE ( id=2 ) LIMIT 1   [ RunTime:0.0018s ]
SQL: SELECT * FROM `qs_sqk_activ_info` WHERE ( id=12 ) LIMIT 1   [ RunTime:0.0013s ]
SQL: SELECT * FROM `qs_sqk_sys_all_attach` WHERE ( module_name="activity" and module_info_id=12 )  [ RunTime:0.0013s ]
SQL: SELECT * FROM `qs_sqk_activ_cat` WHERE ( id=2 ) LIMIT 1   [ RunTime:0.0011s ]
SQL: SELECT * FROM `qs_sqk_activ_info` WHERE ( id=11 ) LIMIT 1   [ RunTime:0.0011s ]
SQL: SELECT * FROM `qs_sqk_sys_all_attach` WHERE ( module_name="activity" and module_info_id=11 )  [ RunTime:0.0012s ]
SQL: SELECT * FROM `qs_sqk_activ_cat` WHERE ( id=1 ) LIMIT 1   [ RunTime:0.0012s ]
SQL: SELECT * FROM `qs_sqk_activ_info` WHERE ( id=10 ) LIMIT 1   [ RunTime:0.0012s ]
SQL: SELECT * FROM `qs_sqk_sys_all_attach` WHERE ( module_name="activity" and module_info_id=10 )  [ RunTime:0.0013s ]

[ 2018-05-15T15:27:31+08:00 ] 127.0.0.1 /index.php/Appm/login/checkIsLogin
INFO: [ app_begin ] --START--
INFO: Run Behavior\ReadHtmlCacheBehavior [ RunTime:0.000431s ]
INFO: [ app_begin ] --END-- [ RunTime:0.000857s ]
SQL: SHOW COLUMNS FROM `qs_sqk_sys_config_def` [ RunTime:0.0044s ]
SQL: SELECT * FROM `qs_sqk_sys_config_def`  [ RunTime:0.0016s ]
SQL: SHOW COLUMNS FROM `qs_sqk_notice_cat` [ RunTime:0.0050s ]
SQL: SELECT * FROM `qs_sqk_notice_cat` WHERE ( is_enable=1 )  [ RunTime:0.0011s ]
NOTIC: [8] Undefined variable: str E:\wamp\www\qskj_project_sqk_debug_git\qskj_sqk\sqk\Application\Appm\Controller\NoticeController.class.php 第 180 行.
SQL: SHOW COLUMNS FROM `qs_sqk_notice_info` [ RunTime:0.0066s ]
SQL: SELECT COUNT(*) AS tp_count FROM `qs_sqk_notice_info` WHERE ( is_publish=1 and read_ids not like "%,106,%" and cat_id in (0,1,2,3) ) LIMIT 1   [ RunTime:0.0010s ]
SQL: SELECT * FROM `qs_sqk_sys_config_def`  [ RunTime:0.0014s ]
SQL: SHOW COLUMNS FROM `qs_sqk_activ_cat` [ RunTime:0.0089s ]
SQL: SELECT * FROM `qs_sqk_activ_cat` WHERE ( is_enable=1 )  [ RunTime:0.0031s ]
NOTIC: [8] Undefined variable: str E:\wamp\www\qskj_project_sqk_debug_git\qskj_sqk\sqk\Application\Appm\Controller\ActivityController.class.php 第 380 行.
SQL: SHOW COLUMNS FROM `qs_sqk_activ_info` [ RunTime:0.0069s ]
SQL: SELECT COUNT(*) AS tp_count FROM `qs_sqk_activ_info` WHERE ( is_publish=1 and read_ids not like "%,106,%" and cat_id in (0,1,2) ) LIMIT 1   [ RunTime:0.0044s ]

[ 2018-05-15T15:27:33+08:00 ] 127.0.0.1 /index.php/Appm/Index/getUserappInfo?type=api
INFO: [ app_begin ] --START--
INFO: Run Behavior\ReadHtmlCacheBehavior [ RunTime:0.000427s ]
INFO: [ app_begin ] --END-- [ RunTime:0.000826s ]
SQL: SHOW COLUMNS FROM `qs_sqk_sys_config_def` [ RunTime:0.0068s ]
SQL: SELECT * FROM `qs_sqk_sys_config_def`  [ RunTime:0.0021s ]
SQL: SHOW COLUMNS FROM `qs_sqk_sys_userapp_info` [ RunTime:0.0048s ]
SQL: SELECT * FROM `qs_sqk_sys_userapp_info` WHERE `id` = 106 LIMIT 1   [ RunTime:0.0038s ]

[ 2018-05-15T15:27:33+08:00 ] 127.0.0.1 /index.php/Appm/login/checkIsLogin
INFO: [ app_begin ] --START--
INFO: Run Behavior\ReadHtmlCacheBehavior [ RunTime:0.001050s ]
INFO: [ app_begin ] --END-- [ RunTime:0.001547s ]
SQL: SHOW COLUMNS FROM `qs_sqk_sys_config_def` [ RunTime:0.0049s ]
SQL: SELECT * FROM `qs_sqk_sys_config_def`  [ RunTime:0.0014s ]
SQL: SHOW COLUMNS FROM `qs_sqk_notice_cat` [ RunTime:0.0043s ]
SQL: SELECT * FROM `qs_sqk_notice_cat` WHERE ( is_enable=1 )  [ RunTime:0.0012s ]
NOTIC: [8] Undefined variable: str E:\wamp\www\qskj_project_sqk_debug_git\qskj_sqk\sqk\Application\Appm\Controller\NoticeController.class.php 第 180 行.
SQL: SHOW COLUMNS FROM `qs_sqk_notice_info` [ RunTime:0.0054s ]
SQL: SELECT COUNT(*) AS tp_count FROM `qs_sqk_notice_info` WHERE ( is_publish=1 and read_ids not like "%,106,%" and cat_id in (0,1,2,3) ) LIMIT 1   [ RunTime:0.0014s ]
SQL: SELECT * FROM `qs_sqk_sys_config_def`  [ RunTime:0.0010s ]
SQL: SHOW COLUMNS FROM `qs_sqk_activ_cat` [ RunTime:0.0030s ]
SQL: SELECT * FROM `qs_sqk_activ_cat` WHERE ( is_enable=1 )  [ RunTime:0.0011s ]
NOTIC: [8] Undefined variable: str E:\wamp\www\qskj_project_sqk_debug_git\qskj_sqk\sqk\Application\Appm\Controller\ActivityController.class.php 第 380 行.
SQL: SHOW COLUMNS FROM `qs_sqk_activ_info` [ RunTime:0.0043s ]
SQL: SELECT COUNT(*) AS tp_count FROM `qs_sqk_activ_info` WHERE ( is_publish=1 and read_ids not like "%,106,%" and cat_id in (0,1,2) ) LIMIT 1   [ RunTime:0.0009s ]

[ 2018-05-15T15:27:35+08:00 ] 127.0.0.1 /index.php/Appm/login/checkIsLogin
INFO: [ app_begin ] --START--
INFO: Run Behavior\ReadHtmlCacheBehavior [ RunTime:0.000432s ]
INFO: [ app_begin ] --END-- [ RunTime:0.000847s ]
SQL: SHOW COLUMNS FROM `qs_sqk_sys_config_def` [ RunTime:0.0060s ]
SQL: SELECT * FROM `qs_sqk_sys_config_def`  [ RunTime:0.0028s ]
SQL: SHOW COLUMNS FROM `qs_sqk_notice_cat` [ RunTime:0.0053s ]
SQL: SELECT * FROM `qs_sqk_notice_cat` WHERE ( is_enable=1 )  [ RunTime:0.0015s ]
NOTIC: [8] Undefined variable: str E:\wamp\www\qskj_project_sqk_debug_git\qskj_sqk\sqk\Application\Appm\Controller\NoticeController.class.php 第 180 行.
SQL: SHOW COLUMNS FROM `qs_sqk_notice_info` [ RunTime:0.0043s ]
SQL: SELECT COUNT(*) AS tp_count FROM `qs_sqk_notice_info` WHERE ( is_publish=1 and read_ids not like "%,106,%" and cat_id in (0,1,2,3) ) LIMIT 1   [ RunTime:0.0017s ]
SQL: SELECT * FROM `qs_sqk_sys_config_def`  [ RunTime:0.0010s ]
SQL: SHOW COLUMNS FROM `qs_sqk_activ_cat` [ RunTime:0.0078s ]
SQL: SELECT * FROM `qs_sqk_activ_cat` WHERE ( is_enable=1 )  [ RunTime:0.0014s ]
NOTIC: [8] Undefined variable: str E:\wamp\www\qskj_project_sqk_debug_git\qskj_sqk\sqk\Application\Appm\Controller\ActivityController.class.php 第 380 行.
SQL: SHOW COLUMNS FROM `qs_sqk_activ_info` [ RunTime:0.0039s ]
SQL: SELECT COUNT(*) AS tp_count FROM `qs_sqk_activ_info` WHERE ( is_publish=1 and read_ids not like "%,106,%" and cat_id in (0,1,2) ) LIMIT 1   [ RunTime:0.0017s ]

[ 2018-05-15T15:27:37+08:00 ] 127.0.0.1 /index.php/Appm/login/checkIsLogin
INFO: [ app_begin ] --START--
INFO: Run Behavior\ReadHtmlCacheBehavior [ RunTime:0.000419s ]
INFO: [ app_begin ] --END-- [ RunTime:0.000795s ]
SQL: SHOW COLUMNS FROM `qs_sqk_sys_config_def` [ RunTime:0.0059s ]
SQL: SELECT * FROM `qs_sqk_sys_config_def`  [ RunTime:0.0018s ]
SQL: SHOW COLUMNS FROM `qs_sqk_notice_cat` [ RunTime:0.0060s ]
SQL: SELECT * FROM `qs_sqk_notice_cat` WHERE ( is_enable=1 )  [ RunTime:0.0020s ]
NOTIC: [8] Undefined variable: str E:\wamp\www\qskj_project_sqk_debug_git\qskj_sqk\sqk\Application\Appm\Controller\NoticeController.class.php 第 180 行.
SQL: SHOW COLUMNS FROM `qs_sqk_notice_info` [ RunTime:0.0042s ]
SQL: SELECT COUNT(*) AS tp_count FROM `qs_sqk_notice_info` WHERE ( is_publish=1 and read_ids not like "%,106,%" and cat_id in (0,1,2,3) ) LIMIT 1   [ RunTime:0.0012s ]
SQL: SELECT * FROM `qs_sqk_sys_config_def`  [ RunTime:0.0014s ]
SQL: SHOW COLUMNS FROM `qs_sqk_activ_cat` [ RunTime:0.0044s ]
SQL: SELECT * FROM `qs_sqk_activ_cat` WHERE ( is_enable=1 )  [ RunTime:0.0012s ]
NOTIC: [8] Undefined variable: str E:\wamp\www\qskj_project_sqk_debug_git\qskj_sqk\sqk\Application\Appm\Controller\ActivityController.class.php 第 380 行.
SQL: SHOW COLUMNS FROM `qs_sqk_activ_info` [ RunTime:0.0054s ]
SQL: SELECT COUNT(*) AS tp_count FROM `qs_sqk_activ_info` WHERE ( is_publish=1 and read_ids not like "%,106,%" and cat_id in (0,1,2) ) LIMIT 1   [ RunTime:0.0015s ]

[ 2018-05-15T15:27:37+08:00 ] 127.0.0.1 /index.php/Appm/trading/getUserTradinglistSync
INFO: [ app_begin ] --START--
INFO: Run Behavior\ReadHtmlCacheBehavior [ RunTime:0.001006s ]
INFO: [ app_begin ] --END-- [ RunTime:0.001521s ]
SQL: SHOW COLUMNS FROM `qs_sqk_sys_config_def` [ RunTime:0.0047s ]
SQL: SELECT * FROM `qs_sqk_sys_config_def`  [ RunTime:0.0015s ]
SQL: SHOW COLUMNS FROM `qs_sqk_integral_trading_record` [ RunTime:0.0058s ]
SQL: SELECT * FROM `qs_sqk_integral_trading_record` WHERE `payment_id` = 106 ORDER BY id desc LIMIT 4   [ RunTime:0.0034s ]
SQL: SELECT COUNT(*) AS tp_count FROM `qs_sqk_integral_trading_record` WHERE `payment_id` = 106 LIMIT 1   [ RunTime:0.0018s ]
SQL: SHOW COLUMNS FROM `qs_sqk_seller_info` [ RunTime:0.0046s ]
SQL: SHOW COLUMNS FROM `qs_sqk_sys_userapp_info` [ RunTime:0.0046s ]
SQL: SHOW COLUMNS FROM `qs_sqk_sys_user_info` [ RunTime:0.0045s ]
SQL: SELECT `name` FROM `qs_sqk_seller_info` WHERE `id` = 38 LIMIT 1   [ RunTime:0.0015s ]
SQL: SHOW COLUMNS FROM `qs_sqk_seller_info` [ RunTime:0.0044s ]
SQL: SHOW COLUMNS FROM `qs_sqk_sys_userapp_info` [ RunTime:0.0049s ]
SQL: SHOW COLUMNS FROM `qs_sqk_sys_user_info` [ RunTime:0.0049s ]
SQL: SELECT `name` FROM `qs_sqk_seller_info` WHERE `id` = 38 LIMIT 1   [ RunTime:0.0007s ]
SQL: SHOW COLUMNS FROM `qs_sqk_seller_info` [ RunTime:0.0033s ]
SQL: SHOW COLUMNS FROM `qs_sqk_sys_userapp_info` [ RunTime:0.0053s ]
SQL: SHOW COLUMNS FROM `qs_sqk_sys_user_info` [ RunTime:0.0045s ]
SQL: SELECT `name` FROM `qs_sqk_seller_info` WHERE `id` = 38 LIMIT 1   [ RunTime:0.0009s ]
SQL: SHOW COLUMNS FROM `qs_sqk_seller_info` [ RunTime:0.0050s ]
SQL: SHOW COLUMNS FROM `qs_sqk_sys_userapp_info` [ RunTime:0.0048s ]
SQL: SHOW COLUMNS FROM `qs_sqk_sys_user_info` [ RunTime:0.0044s ]
SQL: SELECT `name` FROM `qs_sqk_seller_info` WHERE `id` = 38 LIMIT 1   [ RunTime:0.0009s ]

[ 2018-05-15T15:38:20+08:00 ] 127.0.0.1 /index.php/Appm/login/checkIsLogin
INFO: [ app_begin ] --START--
INFO: Run Behavior\ReadHtmlCacheBehavior [ RunTime:0.000697s ]
INFO: [ app_begin ] --END-- [ RunTime:0.001181s ]
SQL: SHOW COLUMNS FROM `qs_sqk_sys_config_def` [ RunTime:0.0041s ]
SQL: SELECT * FROM `qs_sqk_sys_config_def`  [ RunTime:0.0017s ]
SQL: SHOW COLUMNS FROM `qs_sqk_notice_cat` [ RunTime:0.0041s ]
SQL: SELECT * FROM `qs_sqk_notice_cat` WHERE ( is_enable=1 )  [ RunTime:0.0011s ]
NOTIC: [8] Undefined variable: str E:\wamp\www\qskj_project_sqk_debug_git\qskj_sqk\sqk\Application\Appm\Controller\NoticeController.class.php 第 180 行.
SQL: SHOW COLUMNS FROM `qs_sqk_notice_info` [ RunTime:0.0043s ]
SQL: SELECT COUNT(*) AS tp_count FROM `qs_sqk_notice_info` WHERE ( is_publish=1 and read_ids not like "%,131,%" and cat_id in (0,1,2,3) ) LIMIT 1   [ RunTime:0.0013s ]
SQL: SELECT * FROM `qs_sqk_sys_config_def`  [ RunTime:0.0011s ]
SQL: SHOW COLUMNS FROM `qs_sqk_activ_cat` [ RunTime:0.0045s ]
SQL: SELECT * FROM `qs_sqk_activ_cat` WHERE ( is_enable=1 )  [ RunTime:0.0014s ]
NOTIC: [8] Undefined variable: str E:\wamp\www\qskj_project_sqk_debug_git\qskj_sqk\sqk\Application\Appm\Controller\ActivityController.class.php 第 380 行.
SQL: SHOW COLUMNS FROM `qs_sqk_activ_info` [ RunTime:0.0064s ]
SQL: SELECT COUNT(*) AS tp_count FROM `qs_sqk_activ_info` WHERE ( is_publish=1 and read_ids not like "%,131,%" and cat_id in (0,1,2) ) LIMIT 1   [ RunTime:0.0011s ]

[ 2018-05-15T15:38:23+08:00 ] 127.0.0.1 /index.php/Appm/login/checkIsLogin
INFO: [ app_begin ] --START--
INFO: Run Behavior\ReadHtmlCacheBehavior [ RunTime:0.000665s ]
INFO: [ app_begin ] --END-- [ RunTime:0.001081s ]
SQL: SHOW COLUMNS FROM `qs_sqk_sys_config_def` [ RunTime:0.0047s ]
SQL: SELECT * FROM `qs_sqk_sys_config_def`  [ RunTime:0.0019s ]
SQL: SHOW COLUMNS FROM `qs_sqk_notice_cat` [ RunTime:0.0054s ]
SQL: SELECT * FROM `qs_sqk_notice_cat` WHERE ( is_enable=1 )  [ RunTime:0.0018s ]
NOTIC: [8] Undefined variable: str E:\wamp\www\qskj_project_sqk_debug_git\qskj_sqk\sqk\Application\Appm\Controller\NoticeController.class.php 第 180 行.
SQL: SHOW COLUMNS FROM `qs_sqk_notice_info` [ RunTime:0.0038s ]
SQL: SELECT COUNT(*) AS tp_count FROM `qs_sqk_notice_info` WHERE ( is_publish=1 and read_ids not like "%,131,%" and cat_id in (0,1,2,3) ) LIMIT 1   [ RunTime:0.0012s ]
SQL: SELECT * FROM `qs_sqk_sys_config_def`  [ RunTime:0.0015s ]
SQL: SHOW COLUMNS FROM `qs_sqk_activ_cat` [ RunTime:0.0048s ]
SQL: SELECT * FROM `qs_sqk_activ_cat` WHERE ( is_enable=1 )  [ RunTime:0.0015s ]
NOTIC: [8] Undefined variable: str E:\wamp\www\qskj_project_sqk_debug_git\qskj_sqk\sqk\Application\Appm\Controller\ActivityController.class.php 第 380 行.
SQL: SHOW COLUMNS FROM `qs_sqk_activ_info` [ RunTime:0.0053s ]
SQL: SELECT COUNT(*) AS tp_count FROM `qs_sqk_activ_info` WHERE ( is_publish=1 and read_ids not like "%,131,%" and cat_id in (0,1,2) ) LIMIT 1   [ RunTime:0.0009s ]

[ 2018-05-15T15:38:26+08:00 ] 127.0.0.1 /index.php/Appm/login/checkIsLogin
INFO: [ app_begin ] --START--
INFO: Run Behavior\ReadHtmlCacheBehavior [ RunTime:0.000690s ]
INFO: [ app_begin ] --END-- [ RunTime:0.001158s ]
SQL: SHOW COLUMNS FROM `qs_sqk_sys_config_def` [ RunTime:0.0064s ]
SQL: SELECT * FROM `qs_sqk_sys_config_def`  [ RunTime:0.0020s ]
SQL: SHOW COLUMNS FROM `qs_sqk_notice_cat` [ RunTime:0.0052s ]
SQL: SELECT * FROM `qs_sqk_notice_cat` WHERE ( is_enable=1 )  [ RunTime:0.0011s ]
NOTIC: [8] Undefined variable: str E:\wamp\www\qskj_project_sqk_debug_git\qskj_sqk\sqk\Application\Appm\Controller\NoticeController.class.php 第 180 行.
SQL: SHOW COLUMNS FROM `qs_sqk_notice_info` [ RunTime:0.0049s ]
SQL: SELECT COUNT(*) AS tp_count FROM `qs_sqk_notice_info` WHERE ( is_publish=1 and read_ids not like "%,131,%" and cat_id in (0,1,2,3) ) LIMIT 1   [ RunTime:0.0008s ]
SQL: SELECT * FROM `qs_sqk_sys_config_def`  [ RunTime:0.0017s ]
SQL: SHOW COLUMNS FROM `qs_sqk_activ_cat` [ RunTime:0.0048s ]
SQL: SELECT * FROM `qs_sqk_activ_cat` WHERE ( is_enable=1 )  [ RunTime:0.0011s ]
NOTIC: [8] Undefined variable: str E:\wamp\www\qskj_project_sqk_debug_git\qskj_sqk\sqk\Application\Appm\Controller\ActivityController.class.php 第 380 行.
SQL: SHOW COLUMNS FROM `qs_sqk_activ_info` [ RunTime:0.0034s ]
SQL: SELECT COUNT(*) AS tp_count FROM `qs_sqk_activ_info` WHERE ( is_publish=1 and read_ids not like "%,131,%" and cat_id in (0,1,2) ) LIMIT 1   [ RunTime:0.0029s ]

[ 2018-05-15T15:38:26+08:00 ] 127.0.0.1 /index.php/Appm/Top/getTopList
INFO: [ app_begin ] --START--
INFO: Run Behavior\ReadHtmlCacheBehavior [ RunTime:0.001161s ]
INFO: [ app_begin ] --END-- [ RunTime:0.001764s ]
SQL: SHOW COLUMNS FROM `qs_sqk_sys_config_def` [ RunTime:0.0043s ]
SQL: SELECT * FROM `qs_sqk_sys_config_def`  [ RunTime:0.0014s ]
SQL: SHOW COLUMNS FROM `qs_sqk_sys_community_info` [ RunTime:0.0048s ]
SQL: SELECT * FROM `qs_sqk_sys_community_info`  [ RunTime:0.0017s ]
SQL: SHOW COLUMNS FROM `qs_sqk_activ_signin` [ RunTime:0.0043s ]
SQL: SELECT COUNT(*) AS tp_count FROM `qs_sqk_activ_signin` left join qs_sqk_activ_signin_info on qs_sqk_activ_signin_info.sign_id=qs_sqk_activ_signin.id left join qs_sqk_activ_info on qs_sqk_activ_signin.activity_id=qs_sqk_activ_info.id  WHERE ( qs_sqk_activ_signin_info.add_time < "2018-06-30 23:59:59" and qs_sqk_activ_signin_info.add_time > "2018-04-01 00:00:00" and qs_sqk_activ_signin_info.user_id>0 and qs_sqk_activ_info.address_id=1 ) LIMIT 1   [ RunTime:0.0013s ]
SQL: SHOW COLUMNS FROM `qs_sqk_activ_info` [ RunTime:0.0041s ]
SQL: SELECT COUNT(*) AS tp_count FROM `qs_sqk_activ_info` WHERE ( start_time < "2018-06-30 23:59:59" and start_time > "2018-04-01 00:00:00"and address_id=1 ) LIMIT 1   [ RunTime:0.0009s ]
SQL: SELECT COUNT(*) AS tp_count FROM `qs_sqk_activ_signin` left join qs_sqk_activ_signin_info on qs_sqk_activ_signin_info.sign_id=qs_sqk_activ_signin.id left join qs_sqk_activ_info on qs_sqk_activ_signin.activity_id=qs_sqk_activ_info.id  WHERE ( qs_sqk_activ_signin_info.add_time < "2018-06-30 23:59:59" and qs_sqk_activ_signin_info.add_time > "2018-04-01 00:00:00" and qs_sqk_activ_signin_info.user_id>0 and qs_sqk_activ_info.address_id=2 ) LIMIT 1   [ RunTime:0.0012s ]
SQL: SELECT COUNT(*) AS tp_count FROM `qs_sqk_activ_info` WHERE ( start_time < "2018-06-30 23:59:59" and start_time > "2018-04-01 00:00:00"and address_id=2 ) LIMIT 1   [ RunTime:0.0013s ]
SQL: SELECT COUNT(*) AS tp_count FROM `qs_sqk_activ_signin` left join qs_sqk_activ_signin_info on qs_sqk_activ_signin_info.sign_id=qs_sqk_activ_signin.id left join qs_sqk_activ_info on qs_sqk_activ_signin.activity_id=qs_sqk_activ_info.id  WHERE ( qs_sqk_activ_signin_info.add_time < "2018-06-30 23:59:59" and qs_sqk_activ_signin_info.add_time > "2018-04-01 00:00:00" and qs_sqk_activ_signin_info.user_id>0 and qs_sqk_activ_info.address_id=3 ) LIMIT 1   [ RunTime:0.0011s ]
SQL: SELECT COUNT(*) AS tp_count FROM `qs_sqk_activ_info` WHERE ( start_time < "2018-06-30 23:59:59" and start_time > "2018-04-01 00:00:00"and address_id=3 ) LIMIT 1   [ RunTime:0.0017s ]
SQL: SELECT COUNT(*) AS tp_count FROM `qs_sqk_activ_signin` left join qs_sqk_activ_signin_info on qs_sqk_activ_signin_info.sign_id=qs_sqk_activ_signin.id left join qs_sqk_activ_info on qs_sqk_activ_signin.activity_id=qs_sqk_activ_info.id  WHERE ( qs_sqk_activ_signin_info.add_time < "2018-06-30 23:59:59" and qs_sqk_activ_signin_info.add_time > "2018-04-01 00:00:00" and qs_sqk_activ_signin_info.user_id>0 and qs_sqk_activ_info.address_id=4 ) LIMIT 1   [ RunTime:0.0014s ]
SQL: SELECT COUNT(*) AS tp_count FROM `qs_sqk_activ_info` WHERE ( start_time < "2018-06-30 23:59:59" and start_time > "2018-04-01 00:00:00"and address_id=4 ) LIMIT 1   [ RunTime:0.0011s ]
SQL: SELECT COUNT(*) AS tp_count FROM `qs_sqk_activ_signin` left join qs_sqk_activ_signin_info on qs_sqk_activ_signin_info.sign_id=qs_sqk_activ_signin.id left join qs_sqk_activ_info on qs_sqk_activ_signin.activity_id=qs_sqk_activ_info.id  WHERE ( qs_sqk_activ_signin_info.add_time < "2018-06-30 23:59:59" and qs_sqk_activ_signin_info.add_time > "2018-04-01 00:00:00" and qs_sqk_activ_signin_info.user_id>0 and qs_sqk_activ_info.address_id=5 ) LIMIT 1   [ RunTime:0.0013s ]
SQL: SELECT COUNT(*) AS tp_count FROM `qs_sqk_activ_info` WHERE ( start_time < "2018-06-30 23:59:59" and start_time > "2018-04-01 00:00:00"and address_id=5 ) LIMIT 1   [ RunTime:0.0012s ]
SQL: SELECT COUNT(*) AS tp_count FROM `qs_sqk_activ_signin` left join qs_sqk_activ_signin_info on qs_sqk_activ_signin_info.sign_id=qs_sqk_activ_signin.id left join qs_sqk_activ_info on qs_sqk_activ_signin.activity_id=qs_sqk_activ_info.id  WHERE ( qs_sqk_activ_signin_info.add_time < "2018-06-30 23:59:59" and qs_sqk_activ_signin_info.add_time > "2018-04-01 00:00:00" and qs_sqk_activ_signin_info.user_id>0 and qs_sqk_activ_info.address_id=6 ) LIMIT 1   [ RunTime:0.0012s ]
SQL: SELECT COUNT(*) AS tp_count FROM `qs_sqk_activ_info` WHERE ( start_time < "2018-06-30 23:59:59" and start_time > "2018-04-01 00:00:00"and address_id=6 ) LIMIT 1   [ RunTime:0.0012s ]
SQL: SELECT COUNT(*) AS tp_count FROM `qs_sqk_activ_signin` left join qs_sqk_activ_signin_info on qs_sqk_activ_signin_info.sign_id=qs_sqk_activ_signin.id left join qs_sqk_activ_info on qs_sqk_activ_signin.activity_id=qs_sqk_activ_info.id  WHERE ( qs_sqk_activ_signin_info.add_time < "2018-06-30 23:59:59" and qs_sqk_activ_signin_info.add_time > "2018-04-01 00:00:00" and qs_sqk_activ_signin_info.user_id>0 and qs_sqk_activ_info.address_id=7 ) LIMIT 1   [ RunTime:0.0011s ]
SQL: SELECT COUNT(*) AS tp_count FROM `qs_sqk_activ_info` WHERE ( start_time < "2018-06-30 23:59:59" and start_time > "2018-04-01 00:00:00"and address_id=7 ) LIMIT 1   [ RunTime:0.0012s ]
SQL: SELECT COUNT(*) AS tp_count FROM `qs_sqk_activ_signin` left join qs_sqk_activ_signin_info on qs_sqk_activ_signin_info.sign_id=qs_sqk_activ_signin.id left join qs_sqk_activ_info on qs_sqk_activ_signin.activity_id=qs_sqk_activ_info.id  WHERE ( qs_sqk_activ_signin_info.add_time < "2018-06-30 23:59:59" and qs_sqk_activ_signin_info.add_time > "2018-04-01 00:00:00" and qs_sqk_activ_signin_info.user_id>0 and qs_sqk_activ_info.address_id=8 ) LIMIT 1   [ RunTime:0.0012s ]
SQL: SELECT COUNT(*) AS tp_count FROM `qs_sqk_activ_info` WHERE ( start_time < "2018-06-30 23:59:59" and start_time > "2018-04-01 00:00:00"and address_id=8 ) LIMIT 1   [ RunTime:0.0012s ]
SQL: SELECT COUNT(*) AS tp_count FROM `qs_sqk_activ_signin` left join qs_sqk_activ_signin_info on qs_sqk_activ_signin_info.sign_id=qs_sqk_activ_signin.id left join qs_sqk_activ_info on qs_sqk_activ_signin.activity_id=qs_sqk_activ_info.id  WHERE ( qs_sqk_activ_signin_info.add_time < "2018-06-30 23:59:59" and qs_sqk_activ_signin_info.add_time > "2018-04-01 00:00:00" and qs_sqk_activ_signin_info.user_id>0 and qs_sqk_activ_info.address_id=9 ) LIMIT 1   [ RunTime:0.0012s ]
SQL: SELECT COUNT(*) AS tp_count FROM `qs_sqk_activ_info` WHERE ( start_time < "2018-06-30 23:59:59" and start_time > "2018-04-01 00:00:00"and address_id=9 ) LIMIT 1   [ RunTime:0.0013s ]
SQL: SELECT COUNT(*) AS tp_count FROM `qs_sqk_activ_signin` left join qs_sqk_activ_signin_info on qs_sqk_activ_signin_info.sign_id=qs_sqk_activ_signin.id left join qs_sqk_activ_info on qs_sqk_activ_signin.activity_id=qs_sqk_activ_info.id  WHERE ( qs_sqk_activ_signin_info.add_time < "2018-06-30 23:59:59" and qs_sqk_activ_signin_info.add_time > "2018-04-01 00:00:00" and qs_sqk_activ_signin_info.user_id>0 and qs_sqk_activ_info.address_id=10 ) LIMIT 1   [ RunTime:0.0011s ]
SQL: SELECT COUNT(*) AS tp_count FROM `qs_sqk_activ_info` WHERE ( start_time < "2018-06-30 23:59:59" and start_time > "2018-04-01 00:00:00"and address_id=10 ) LIMIT 1   [ RunTime:0.0011s ]
SQL: SELECT COUNT(*) AS tp_count FROM `qs_sqk_activ_signin` left join qs_sqk_activ_signin_info on qs_sqk_activ_signin_info.sign_id=qs_sqk_activ_signin.id left join qs_sqk_activ_info on qs_sqk_activ_signin.activity_id=qs_sqk_activ_info.id  WHERE ( qs_sqk_activ_signin_info.add_time < "2018-06-30 23:59:59" and qs_sqk_activ_signin_info.add_time > "2018-04-01 00:00:00" and qs_sqk_activ_signin_info.user_id>0 and qs_sqk_activ_info.address_id=11 ) LIMIT 1   [ RunTime:0.0012s ]
SQL: SELECT COUNT(*) AS tp_count FROM `qs_sqk_activ_info` WHERE ( start_time < "2018-06-30 23:59:59" and start_time > "2018-04-01 00:00:00"and address_id=11 ) LIMIT 1   [ RunTime:0.0012s ]
SQL: SELECT COUNT(*) AS tp_count FROM `qs_sqk_activ_signin` left join qs_sqk_activ_signin_info on qs_sqk_activ_signin_info.sign_id=qs_sqk_activ_signin.id left join qs_sqk_activ_info on qs_sqk_activ_signin.activity_id=qs_sqk_activ_info.id  WHERE ( qs_sqk_activ_signin_info.add_time < "2018-06-30 23:59:59" and qs_sqk_activ_signin_info.add_time > "2018-04-01 00:00:00" and qs_sqk_activ_signin_info.user_id>0 and qs_sqk_activ_info.address_id=12 ) LIMIT 1   [ RunTime:0.0012s ]
SQL: SELECT COUNT(*) AS tp_count FROM `qs_sqk_activ_info` WHERE ( start_time < "2018-06-30 23:59:59" and start_time > "2018-04-01 00:00:00"and address_id=12 ) LIMIT 1   [ RunTime:0.0012s ]
SQL: SELECT COUNT(*) AS tp_count FROM `qs_sqk_activ_signin` left join qs_sqk_activ_signin_info on qs_sqk_activ_signin_info.sign_id=qs_sqk_activ_signin.id left join qs_sqk_activ_info on qs_sqk_activ_signin.activity_id=qs_sqk_activ_info.id  WHERE ( qs_sqk_activ_signin_info.add_time < "2018-06-30 23:59:59" and qs_sqk_activ_signin_info.add_time > "2018-04-01 00:00:00" and qs_sqk_activ_signin_info.user_id>0 and qs_sqk_activ_info.address_id=13 ) LIMIT 1   [ RunTime:0.0012s ]
SQL: SELECT COUNT(*) AS tp_count FROM `qs_sqk_activ_info` WHERE ( start_time < "2018-06-30 23:59:59" and start_time > "2018-04-01 00:00:00"and address_id=13 ) LIMIT 1   [ RunTime:0.0038s ]
SQL: SELECT COUNT(*) AS tp_count FROM `qs_sqk_activ_signin` left join qs_sqk_activ_signin_info on qs_sqk_activ_signin_info.sign_id=qs_sqk_activ_signin.id left join qs_sqk_activ_info on qs_sqk_activ_signin.activity_id=qs_sqk_activ_info.id  WHERE ( qs_sqk_activ_signin_info.add_time < "2018-06-30 23:59:59" and qs_sqk_activ_signin_info.add_time > "2018-04-01 00:00:00" and qs_sqk_activ_signin_info.user_id>0 and qs_sqk_activ_info.address_id=14 ) LIMIT 1   [ RunTime:0.0032s ]
SQL: SELECT COUNT(*) AS tp_count FROM `qs_sqk_activ_info` WHERE ( start_time < "2018-06-30 23:59:59" and start_time > "2018-04-01 00:00:00"and address_id=14 ) LIMIT 1   [ RunTime:0.0021s ]
SQL: SELECT COUNT(*) AS tp_count FROM `qs_sqk_activ_signin` left join qs_sqk_activ_signin_info on qs_sqk_activ_signin_info.sign_id=qs_sqk_activ_signin.id left join qs_sqk_activ_info on qs_sqk_activ_signin.activity_id=qs_sqk_activ_info.id  WHERE ( qs_sqk_activ_signin_info.add_time < "2018-06-30 23:59:59" and qs_sqk_activ_signin_info.add_time > "2018-04-01 00:00:00" and qs_sqk_activ_signin_info.user_id>0 and qs_sqk_activ_info.address_id=15 ) LIMIT 1   [ RunTime:0.0020s ]
SQL: SELECT COUNT(*) AS tp_count FROM `qs_sqk_activ_info` WHERE ( start_time < "2018-06-30 23:59:59" and start_time > "2018-04-01 00:00:00"and address_id=15 ) LIMIT 1   [ RunTime:0.0011s ]
SQL: SELECT COUNT(*) AS tp_count FROM `qs_sqk_activ_signin` left join qs_sqk_activ_signin_info on qs_sqk_activ_signin_info.sign_id=qs_sqk_activ_signin.id left join qs_sqk_activ_info on qs_sqk_activ_signin.activity_id=qs_sqk_activ_info.id  WHERE ( qs_sqk_activ_signin_info.add_time < "2018-06-30 23:59:59" and qs_sqk_activ_signin_info.add_time > "2018-04-01 00:00:00" and qs_sqk_activ_signin_info.user_id>0 and qs_sqk_activ_info.address_id=16 ) LIMIT 1   [ RunTime:0.0017s ]
SQL: SELECT COUNT(*) AS tp_count FROM `qs_sqk_activ_info` WHERE ( start_time < "2018-06-30 23:59:59" and start_time > "2018-04-01 00:00:00"and address_id=16 ) LIMIT 1   [ RunTime:0.0036s ]
SQL: SELECT COUNT(*) AS tp_count FROM `qs_sqk_activ_signin` left join qs_sqk_activ_signin_info on qs_sqk_activ_signin_info.sign_id=qs_sqk_activ_signin.id left join qs_sqk_activ_info on qs_sqk_activ_signin.activity_id=qs_sqk_activ_info.id  WHERE ( qs_sqk_activ_signin_info.add_time < "2018-06-30 23:59:59" and qs_sqk_activ_signin_info.add_time > "2018-04-01 00:00:00" and qs_sqk_activ_signin_info.user_id>0 and qs_sqk_activ_info.address_id=17 ) LIMIT 1   [ RunTime:0.0013s ]
SQL: SELECT COUNT(*) AS tp_count FROM `qs_sqk_activ_info` WHERE ( start_time < "2018-06-30 23:59:59" and start_time > "2018-04-01 00:00:00"and address_id=17 ) LIMIT 1   [ RunTime:0.0010s ]
SQL: SELECT COUNT(*) AS tp_count FROM `qs_sqk_activ_signin` left join qs_sqk_activ_signin_info on qs_sqk_activ_signin_info.sign_id=qs_sqk_activ_signin.id left join qs_sqk_activ_info on qs_sqk_activ_signin.activity_id=qs_sqk_activ_info.id  WHERE ( qs_sqk_activ_signin_info.add_time < "2018-06-30 23:59:59" and qs_sqk_activ_signin_info.add_time > "2018-04-01 00:00:00" and qs_sqk_activ_signin_info.user_id>0 and qs_sqk_activ_info.address_id=18 ) LIMIT 1   [ RunTime:0.0012s ]
SQL: SELECT COUNT(*) AS tp_count FROM `qs_sqk_activ_info` WHERE ( start_time < "2018-06-30 23:59:59" and start_time > "2018-04-01 00:00:00"and address_id=18 ) LIMIT 1   [ RunTime:0.0010s ]
SQL: SELECT COUNT(*) AS tp_count FROM `qs_sqk_activ_signin` left join qs_sqk_activ_signin_info on qs_sqk_activ_signin_info.sign_id=qs_sqk_activ_signin.id left join qs_sqk_activ_info on qs_sqk_activ_signin.activity_id=qs_sqk_activ_info.id  WHERE ( qs_sqk_activ_signin_info.add_time < "2018-06-30 23:59:59" and qs_sqk_activ_signin_info.add_time > "2018-04-01 00:00:00" and qs_sqk_activ_signin_info.user_id>0 and qs_sqk_activ_info.address_id=19 ) LIMIT 1   [ RunTime:0.0022s ]
SQL: SELECT COUNT(*) AS tp_count FROM `qs_sqk_activ_info` WHERE ( start_time < "2018-06-30 23:59:59" and start_time > "2018-04-01 00:00:00"and address_id=19 ) LIMIT 1   [ RunTime:0.0015s ]
SQL: SELECT COUNT(*) AS tp_count FROM `qs_sqk_activ_signin` left join qs_sqk_activ_signin_info on qs_sqk_activ_signin_info.sign_id=qs_sqk_activ_signin.id left join qs_sqk_activ_info on qs_sqk_activ_signin.activity_id=qs_sqk_activ_info.id  WHERE ( qs_sqk_activ_signin_info.add_time < "2018-06-30 23:59:59" and qs_sqk_activ_signin_info.add_time > "2018-04-01 00:00:00" and qs_sqk_activ_signin_info.user_id>0 and qs_sqk_activ_info.address_id=20 ) LIMIT 1   [ RunTime:0.0011s ]
SQL: SELECT COUNT(*) AS tp_count FROM `qs_sqk_activ_info` WHERE ( start_time < "2018-06-30 23:59:59" and start_time > "2018-04-01 00:00:00"and address_id=20 ) LIMIT 1   [ RunTime:0.0012s ]
SQL: SELECT COUNT(*) AS tp_count FROM `qs_sqk_activ_signin` left join qs_sqk_activ_signin_info on qs_sqk_activ_signin_info.sign_id=qs_sqk_activ_signin.id left join qs_sqk_activ_info on qs_sqk_activ_signin.activity_id=qs_sqk_activ_info.id  WHERE ( qs_sqk_activ_signin_info.add_time < "2018-06-30 23:59:59" and qs_sqk_activ_signin_info.add_time > "2018-04-01 00:00:00" and qs_sqk_activ_signin_info.user_id>0 and qs_sqk_activ_info.address_id=21 ) LIMIT 1   [ RunTime:0.0012s ]
SQL: SELECT COUNT(*) AS tp_count FROM `qs_sqk_activ_info` WHERE ( start_time < "2018-06-30 23:59:59" and start_time > "2018-04-01 00:00:00"and address_id=21 ) LIMIT 1   [ RunTime:0.0016s ]
SQL: SELECT COUNT(*) AS tp_count FROM `qs_sqk_activ_signin` left join qs_sqk_activ_signin_info on qs_sqk_activ_signin_info.sign_id=qs_sqk_activ_signin.id left join qs_sqk_activ_info on qs_sqk_activ_signin.activity_id=qs_sqk_activ_info.id  WHERE ( qs_sqk_activ_signin_info.add_time < "2018-06-30 23:59:59" and qs_sqk_activ_signin_info.add_time > "2018-04-01 00:00:00" and qs_sqk_activ_signin_info.user_id>0 and qs_sqk_activ_info.address_id=22 ) LIMIT 1   [ RunTime:0.0011s ]
SQL: SELECT COUNT(*) AS tp_count FROM `qs_sqk_activ_info` WHERE ( start_time < "2018-06-30 23:59:59" and start_time > "2018-04-01 00:00:00"and address_id=22 ) LIMIT 1   [ RunTime:0.0011s ]

[ 2018-05-15T15:38:28+08:00 ] 127.0.0.1 /index.php/Appm/Top/getTopList
INFO: [ app_begin ] --START--
INFO: Run Behavior\ReadHtmlCacheBehavior [ RunTime:0.000463s ]
INFO: [ app_begin ] --END-- [ RunTime:0.000883s ]
SQL: SHOW COLUMNS FROM `qs_sqk_sys_config_def` [ RunTime:0.0049s ]
SQL: SELECT * FROM `qs_sqk_sys_config_def`  [ RunTime:0.0026s ]
SQL: SHOW COLUMNS FROM `qs_sqk_sys_community_info` [ RunTime:0.0041s ]
SQL: SELECT * FROM `qs_sqk_sys_community_info`  [ RunTime:0.0017s ]
SQL: SHOW COLUMNS FROM `qs_sqk_activ_signin` [ RunTime:0.0043s ]
SQL: SELECT COUNT(*) AS tp_count FROM `qs_sqk_activ_signin` left join qs_sqk_activ_signin_info on qs_sqk_activ_signin_info.sign_id=qs_sqk_activ_signin.id left join qs_sqk_activ_info on qs_sqk_activ_signin.activity_id=qs_sqk_activ_info.id  WHERE ( qs_sqk_activ_signin_info.add_time < "2018-03-31 23:59:59" and qs_sqk_activ_signin_info.add_time > "2018-01-01 00:00:00" and qs_sqk_activ_signin_info.user_id>0 and qs_sqk_activ_info.address_id=1 ) LIMIT 1   [ RunTime:0.0013s ]
SQL: SHOW COLUMNS FROM `qs_sqk_activ_info` [ RunTime:0.0047s ]
SQL: SELECT COUNT(*) AS tp_count FROM `qs_sqk_activ_info` WHERE ( start_time < "2018-03-31 23:59:59" and start_time > "2018-01-01 00:00:00"and address_id=1 ) LIMIT 1   [ RunTime:0.0010s ]
SQL: SELECT COUNT(*) AS tp_count FROM `qs_sqk_activ_signin` left join qs_sqk_activ_signin_info on qs_sqk_activ_signin_info.sign_id=qs_sqk_activ_signin.id left join qs_sqk_activ_info on qs_sqk_activ_signin.activity_id=qs_sqk_activ_info.id  WHERE ( qs_sqk_activ_signin_info.add_time < "2018-03-31 23:59:59" and qs_sqk_activ_signin_info.add_time > "2018-01-01 00:00:00" and qs_sqk_activ_signin_info.user_id>0 and qs_sqk_activ_info.address_id=2 ) LIMIT 1   [ RunTime:0.0012s ]
SQL: SELECT COUNT(*) AS tp_count FROM `qs_sqk_activ_info` WHERE ( start_time < "2018-03-31 23:59:59" and start_time > "2018-01-01 00:00:00"and address_id=2 ) LIMIT 1   [ RunTime:0.0012s ]
SQL: SELECT COUNT(*) AS tp_count FROM `qs_sqk_activ_signin` left join qs_sqk_activ_signin_info on qs_sqk_activ_signin_info.sign_id=qs_sqk_activ_signin.id left join qs_sqk_activ_info on qs_sqk_activ_signin.activity_id=qs_sqk_activ_info.id  WHERE ( qs_sqk_activ_signin_info.add_time < "2018-03-31 23:59:59" and qs_sqk_activ_signin_info.add_time > "2018-01-01 00:00:00" and qs_sqk_activ_signin_info.user_id>0 and qs_sqk_activ_info.address_id=3 ) LIMIT 1   [ RunTime:0.0012s ]
SQL: SELECT COUNT(*) AS tp_count FROM `qs_sqk_activ_info` WHERE ( start_time < "2018-03-31 23:59:59" and start_time > "2018-01-01 00:00:00"and address_id=3 ) LIMIT 1   [ RunTime:0.0012s ]
SQL: SELECT COUNT(*) AS tp_count FROM `qs_sqk_activ_signin` left join qs_sqk_activ_signin_info on qs_sqk_activ_signin_info.sign_id=qs_sqk_activ_signin.id left join qs_sqk_activ_info on qs_sqk_activ_signin.activity_id=qs_sqk_activ_info.id  WHERE ( qs_sqk_activ_signin_info.add_time < "2018-03-31 23:59:59" and qs_sqk_activ_signin_info.add_time > "2018-01-01 00:00:00" and qs_sqk_activ_signin_info.user_id>0 and qs_sqk_activ_info.address_id=4 ) LIMIT 1   [ RunTime:0.0012s ]
SQL: SELECT COUNT(*) AS tp_count FROM `qs_sqk_activ_info` WHERE ( start_time < "2018-03-31 23:59:59" and start_time > "2018-01-01 00:00:00"and address_id=4 ) LIMIT 1   [ RunTime:0.0012s ]
SQL: SELECT COUNT(*) AS tp_count FROM `qs_sqk_activ_signin` left join qs_sqk_activ_signin_info on qs_sqk_activ_signin_info.sign_id=qs_sqk_activ_signin.id left join qs_sqk_activ_info on qs_sqk_activ_signin.activity_id=qs_sqk_activ_info.id  WHERE ( qs_sqk_activ_signin_info.add_time < "2018-03-31 23:59:59" and qs_sqk_activ_signin_info.add_time > "2018-01-01 00:00:00" and qs_sqk_activ_signin_info.user_id>0 and qs_sqk_activ_info.address_id=5 ) LIMIT 1   [ RunTime:0.0012s ]
SQL: SELECT COUNT(*) AS tp_count FROM `qs_sqk_activ_info` WHERE ( start_time < "2018-03-31 23:59:59" and start_time > "2018-01-01 00:00:00"and address_id=5 ) LIMIT 1   [ RunTime:0.0012s ]
SQL: SELECT COUNT(*) AS tp_count FROM `qs_sqk_activ_signin` left join qs_sqk_activ_signin_info on qs_sqk_activ_signin_info.sign_id=qs_sqk_activ_signin.id left join qs_sqk_activ_info on qs_sqk_activ_signin.activity_id=qs_sqk_activ_info.id  WHERE ( qs_sqk_activ_signin_info.add_time < "2018-03-31 23:59:59" and qs_sqk_activ_signin_info.add_time > "2018-01-01 00:00:00" and qs_sqk_activ_signin_info.user_id>0 and qs_sqk_activ_info.address_id=6 ) LIMIT 1   [ RunTime:0.0012s ]
SQL: SELECT COUNT(*) AS tp_count FROM `qs_sqk_activ_info` WHERE ( start_time < "2018-03-31 23:59:59" and start_time > "2018-01-01 00:00:00"and address_id=6 ) LIMIT 1   [ RunTime:0.0012s ]
SQL: SELECT COUNT(*) AS tp_count FROM `qs_sqk_activ_signin` left join qs_sqk_activ_signin_info on qs_sqk_activ_signin_info.sign_id=qs_sqk_activ_signin.id left join qs_sqk_activ_info on qs_sqk_activ_signin.activity_id=qs_sqk_activ_info.id  WHERE ( qs_sqk_activ_signin_info.add_time < "2018-03-31 23:59:59" and qs_sqk_activ_signin_info.add_time > "2018-01-01 00:00:00" and qs_sqk_activ_signin_info.user_id>0 and qs_sqk_activ_info.address_id=7 ) LIMIT 1   [ RunTime:0.0012s ]
SQL: SELECT COUNT(*) AS tp_count FROM `qs_sqk_activ_info` WHERE ( start_time < "2018-03-31 23:59:59" and start_time > "2018-01-01 00:00:00"and address_id=7 ) LIMIT 1   [ RunTime:0.0012s ]
SQL: SELECT COUNT(*) AS tp_count FROM `qs_sqk_activ_signin` left join qs_sqk_activ_signin_info on qs_sqk_activ_signin_info.sign_id=qs_sqk_activ_signin.id left join qs_sqk_activ_info on qs_sqk_activ_signin.activity_id=qs_sqk_activ_info.id  WHERE ( qs_sqk_activ_signin_info.add_time < "2018-03-31 23:59:59" and qs_sqk_activ_signin_info.add_time > "2018-01-01 00:00:00" and qs_sqk_activ_signin_info.user_id>0 and qs_sqk_activ_info.address_id=8 ) LIMIT 1   [ RunTime:0.0012s ]
SQL: SELECT COUNT(*) AS tp_count FROM `qs_sqk_activ_info` WHERE ( start_time < "2018-03-31 23:59:59" and start_time > "2018-01-01 00:00:00"and address_id=8 ) LIMIT 1   [ RunTime:0.0012s ]
SQL: SELECT COUNT(*) AS tp_count FROM `qs_sqk_activ_signin` left join qs_sqk_activ_signin_info on qs_sqk_activ_signin_info.sign_id=qs_sqk_activ_signin.id left join qs_sqk_activ_info on qs_sqk_activ_signin.activity_id=qs_sqk_activ_info.id  WHERE ( qs_sqk_activ_signin_info.add_time < "2018-03-31 23:59:59" and qs_sqk_activ_signin_info.add_time > "2018-01-01 00:00:00" and qs_sqk_activ_signin_info.user_id>0 and qs_sqk_activ_info.address_id=9 ) LIMIT 1   [ RunTime:0.0012s ]
SQL: SELECT COUNT(*) AS tp_count FROM `qs_sqk_activ_info` WHERE ( start_time < "2018-03-31 23:59:59" and start_time > "2018-01-01 00:00:00"and address_id=9 ) LIMIT 1   [ RunTime:0.0011s ]
SQL: SELECT COUNT(*) AS tp_count FROM `qs_sqk_activ_signin` left join qs_sqk_activ_signin_info on qs_sqk_activ_signin_info.sign_id=qs_sqk_activ_signin.id left join qs_sqk_activ_info on qs_sqk_activ_signin.activity_id=qs_sqk_activ_info.id  WHERE ( qs_sqk_activ_signin_info.add_time < "2018-03-31 23:59:59" and qs_sqk_activ_signin_info.add_time > "2018-01-01 00:00:00" and qs_sqk_activ_signin_info.user_id>0 and qs_sqk_activ_info.address_id=10 ) LIMIT 1   [ RunTime:0.0012s ]
SQL: SELECT COUNT(*) AS tp_count FROM `qs_sqk_activ_info` WHERE ( start_time < "2018-03-31 23:59:59" and start_time > "2018-01-01 00:00:00"and address_id=10 ) LIMIT 1   [ RunTime:0.0012s ]
SQL: SELECT COUNT(*) AS tp_count FROM `qs_sqk_activ_signin` left join qs_sqk_activ_signin_info on qs_sqk_activ_signin_info.sign_id=qs_sqk_activ_signin.id left join qs_sqk_activ_info on qs_sqk_activ_signin.activity_id=qs_sqk_activ_info.id  WHERE ( qs_sqk_activ_signin_info.add_time < "2018-03-31 23:59:59" and qs_sqk_activ_signin_info.add_time > "2018-01-01 00:00:00" and qs_sqk_activ_signin_info.user_id>0 and qs_sqk_activ_info.address_id=11 ) LIMIT 1   [ RunTime:0.0009s ]
SQL: SELECT COUNT(*) AS tp_count FROM `qs_sqk_activ_info` WHERE ( start_time < "2018-03-31 23:59:59" and start_time > "2018-01-01 00:00:00"and address_id=11 ) LIMIT 1   [ RunTime:0.0013s ]
SQL: SELECT COUNT(*) AS tp_count FROM `qs_sqk_activ_signin` left join qs_sqk_activ_signin_info on qs_sqk_activ_signin_info.sign_id=qs_sqk_activ_signin.id left join qs_sqk_activ_info on qs_sqk_activ_signin.activity_id=qs_sqk_activ_info.id  WHERE ( qs_sqk_activ_signin_info.add_time < "2018-03-31 23:59:59" and qs_sqk_activ_signin_info.add_time > "2018-01-01 00:00:00" and qs_sqk_activ_signin_info.user_id>0 and qs_sqk_activ_info.address_id=12 ) LIMIT 1   [ RunTime:0.0012s ]
SQL: SELECT COUNT(*) AS tp_count FROM `qs_sqk_activ_info` WHERE ( start_time < "2018-03-31 23:59:59" and start_time > "2018-01-01 00:00:00"and address_id=12 ) LIMIT 1   [ RunTime:0.0012s ]
SQL: SELECT COUNT(*) AS tp_count FROM `qs_sqk_activ_signin` left join qs_sqk_activ_signin_info on qs_sqk_activ_signin_info.sign_id=qs_sqk_activ_signin.id left join qs_sqk_activ_info on qs_sqk_activ_signin.activity_id=qs_sqk_activ_info.id  WHERE ( qs_sqk_activ_signin_info.add_time < "2018-03-31 23:59:59" and qs_sqk_activ_signin_info.add_time > "2018-01-01 00:00:00" and qs_sqk_activ_signin_info.user_id>0 and qs_sqk_activ_info.address_id=13 ) LIMIT 1   [ RunTime:0.0012s ]
SQL: SELECT COUNT(*) AS tp_count FROM `qs_sqk_activ_info` WHERE ( start_time < "2018-03-31 23:59:59" and start_time > "2018-01-01 00:00:00"and address_id=13 ) LIMIT 1   [ RunTime:0.0013s ]
SQL: SELECT COUNT(*) AS tp_count FROM `qs_sqk_activ_signin` left join qs_sqk_activ_signin_info on qs_sqk_activ_signin_info.sign_id=qs_sqk_activ_signin.id left join qs_sqk_activ_info on qs_sqk_activ_signin.activity_id=qs_sqk_activ_info.id  WHERE ( qs_sqk_activ_signin_info.add_time < "2018-03-31 23:59:59" and qs_sqk_activ_signin_info.add_time > "2018-01-01 00:00:00" and qs_sqk_activ_signin_info.user_id>0 and qs_sqk_activ_info.address_id=14 ) LIMIT 1   [ RunTime:0.0012s ]
SQL: SELECT COUNT(*) AS tp_count FROM `qs_sqk_activ_info` WHERE ( start_time < "2018-03-31 23:59:59" and start_time > "2018-01-01 00:00:00"and address_id=14 ) LIMIT 1   [ RunTime:0.0012s ]
SQL: SELECT COUNT(*) AS tp_count FROM `qs_sqk_activ_signin` left join qs_sqk_activ_signin_info on qs_sqk_activ_signin_info.sign_id=qs_sqk_activ_signin.id left join qs_sqk_activ_info on qs_sqk_activ_signin.activity_id=qs_sqk_activ_info.id  WHERE ( qs_sqk_activ_signin_info.add_time < "2018-03-31 23:59:59" and qs_sqk_activ_signin_info.add_time > "2018-01-01 00:00:00" and qs_sqk_activ_signin_info.user_id>0 and qs_sqk_activ_info.address_id=15 ) LIMIT 1   [ RunTime:0.0012s ]
SQL: SELECT COUNT(*) AS tp_count FROM `qs_sqk_activ_info` WHERE ( start_time < "2018-03-31 23:59:59" and start_time > "2018-01-01 00:00:00"and address_id=15 ) LIMIT 1   [ RunTime:0.0012s ]
SQL: SELECT COUNT(*) AS tp_count FROM `qs_sqk_activ_signin` left join qs_sqk_activ_signin_info on qs_sqk_activ_signin_info.sign_id=qs_sqk_activ_signin.id left join qs_sqk_activ_info on qs_sqk_activ_signin.activity_id=qs_sqk_activ_info.id  WHERE ( qs_sqk_activ_signin_info.add_time < "2018-03-31 23:59:59" and qs_sqk_activ_signin_info.add_time > "2018-01-01 00:00:00" and qs_sqk_activ_signin_info.user_id>0 and qs_sqk_activ_info.address_id=16 ) LIMIT 1   [ RunTime:0.0012s ]
SQL: SELECT COUNT(*) AS tp_count FROM `qs_sqk_activ_info` WHERE ( start_time < "2018-03-31 23:59:59" and start_time > "2018-01-01 00:00:00"and address_id=16 ) LIMIT 1   [ RunTime:0.0012s ]
SQL: SELECT COUNT(*) AS tp_count FROM `qs_sqk_activ_signin` left join qs_sqk_activ_signin_info on qs_sqk_activ_signin_info.sign_id=qs_sqk_activ_signin.id left join qs_sqk_activ_info on qs_sqk_activ_signin.activity_id=qs_sqk_activ_info.id  WHERE ( qs_sqk_activ_signin_info.add_time < "2018-03-31 23:59:59" and qs_sqk_activ_signin_info.add_time > "2018-01-01 00:00:00" and qs_sqk_activ_signin_info.user_id>0 and qs_sqk_activ_info.address_id=17 ) LIMIT 1   [ RunTime:0.0011s ]
SQL: SELECT COUNT(*) AS tp_count FROM `qs_sqk_activ_info` WHERE ( start_time < "2018-03-31 23:59:59" and start_time > "2018-01-01 00:00:00"and address_id=17 ) LIMIT 1   [ RunTime:0.0012s ]
SQL: SELECT COUNT(*) AS tp_count FROM `qs_sqk_activ_signin` left join qs_sqk_activ_signin_info on qs_sqk_activ_signin_info.sign_id=qs_sqk_activ_signin.id left join qs_sqk_activ_info on qs_sqk_activ_signin.activity_id=qs_sqk_activ_info.id  WHERE ( qs_sqk_activ_signin_info.add_time < "2018-03-31 23:59:59" and qs_sqk_activ_signin_info.add_time > "2018-01-01 00:00:00" and qs_sqk_activ_signin_info.user_id>0 and qs_sqk_activ_info.address_id=18 ) LIMIT 1   [ RunTime:0.0012s ]
SQL: SELECT COUNT(*) AS tp_count FROM `qs_sqk_activ_info` WHERE ( start_time < "2018-03-31 23:59:59" and start_time > "2018-01-01 00:00:00"and address_id=18 ) LIMIT 1   [ RunTime:0.0013s ]
SQL: SELECT COUNT(*) AS tp_count FROM `qs_sqk_activ_signin` left join qs_sqk_activ_signin_info on qs_sqk_activ_signin_info.sign_id=qs_sqk_activ_signin.id left join qs_sqk_activ_info on qs_sqk_activ_signin.activity_id=qs_sqk_activ_info.id  WHERE ( qs_sqk_activ_signin_info.add_time < "2018-03-31 23:59:59" and qs_sqk_activ_signin_info.add_time > "2018-01-01 00:00:00" and qs_sqk_activ_signin_info.user_id>0 and qs_sqk_activ_info.address_id=19 ) LIMIT 1   [ RunTime:0.0014s ]
SQL: SELECT COUNT(*) AS tp_count FROM `qs_sqk_activ_info` WHERE ( start_time < "2018-03-31 23:59:59" and start_time > "2018-01-01 00:00:00"and address_id=19 ) LIMIT 1   [ RunTime:0.0011s ]
SQL: SELECT COUNT(*) AS tp_count FROM `qs_sqk_activ_signin` left join qs_sqk_activ_signin_info on qs_sqk_activ_signin_info.sign_id=qs_sqk_activ_signin.id left join qs_sqk_activ_info on qs_sqk_activ_signin.activity_id=qs_sqk_activ_info.id  WHERE ( qs_sqk_activ_signin_info.add_time < "2018-03-31 23:59:59" and qs_sqk_activ_signin_info.add_time > "2018-01-01 00:00:00" and qs_sqk_activ_signin_info.user_id>0 and qs_sqk_activ_info.address_id=20 ) LIMIT 1   [ RunTime:0.0012s ]
SQL: SELECT COUNT(*) AS tp_count FROM `qs_sqk_activ_info` WHERE ( start_time < "2018-03-31 23:59:59" and start_time > "2018-01-01 00:00:00"and address_id=20 ) LIMIT 1   [ RunTime:0.0012s ]
SQL: SELECT COUNT(*) AS tp_count FROM `qs_sqk_activ_signin` left join qs_sqk_activ_signin_info on qs_sqk_activ_signin_info.sign_id=qs_sqk_activ_signin.id left join qs_sqk_activ_info on qs_sqk_activ_signin.activity_id=qs_sqk_activ_info.id  WHERE ( qs_sqk_activ_signin_info.add_time < "2018-03-31 23:59:59" and qs_sqk_activ_signin_info.add_time > "2018-01-01 00:00:00" and qs_sqk_activ_signin_info.user_id>0 and qs_sqk_activ_info.address_id=21 ) LIMIT 1   [ RunTime:0.0011s ]
SQL: SELECT COUNT(*) AS tp_count FROM `qs_sqk_activ_info` WHERE ( start_time < "2018-03-31 23:59:59" and start_time > "2018-01-01 00:00:00"and address_id=21 ) LIMIT 1   [ RunTime:0.0012s ]
SQL: SELECT COUNT(*) AS tp_count FROM `qs_sqk_activ_signin` left join qs_sqk_activ_signin_info on qs_sqk_activ_signin_info.sign_id=qs_sqk_activ_signin.id left join qs_sqk_activ_info on qs_sqk_activ_signin.activity_id=qs_sqk_activ_info.id  WHERE ( qs_sqk_activ_signin_info.add_time < "2018-03-31 23:59:59" and qs_sqk_activ_signin_info.add_time > "2018-01-01 00:00:00" and qs_sqk_activ_signin_info.user_id>0 and qs_sqk_activ_info.address_id=22 ) LIMIT 1   [ RunTime:0.0012s ]
SQL: SELECT COUNT(*) AS tp_count FROM `qs_sqk_activ_info` WHERE ( start_time < "2018-03-31 23:59:59" and start_time > "2018-01-01 00:00:00"and address_id=22 ) LIMIT 1   [ RunTime:0.0012s ]

[ 2018-05-15T15:38:29+08:00 ] 127.0.0.1 /index.php/Appm/Top/getTopList
INFO: [ app_begin ] --START--
INFO: Run Behavior\ReadHtmlCacheBehavior [ RunTime:0.000379s ]
INFO: [ app_begin ] --END-- [ RunTime:0.000753s ]
SQL: SHOW COLUMNS FROM `qs_sqk_sys_config_def` [ RunTime:0.0041s ]
SQL: SELECT * FROM `qs_sqk_sys_config_def`  [ RunTime:0.0029s ]
SQL: SHOW COLUMNS FROM `qs_sqk_sys_community_info` [ RunTime:0.0047s ]
SQL: SELECT * FROM `qs_sqk_sys_community_info`  [ RunTime:0.0020s ]
SQL: SHOW COLUMNS FROM `qs_sqk_activ_signin` [ RunTime:0.0054s ]
SQL: SELECT COUNT(*) AS tp_count FROM `qs_sqk_activ_signin` left join qs_sqk_activ_signin_info on qs_sqk_activ_signin_info.sign_id=qs_sqk_activ_signin.id left join qs_sqk_activ_info on qs_sqk_activ_signin.activity_id=qs_sqk_activ_info.id  WHERE ( qs_sqk_activ_signin_info.add_time < "2999-12-31 23:59:59" and qs_sqk_activ_signin_info.add_time > "1990-01-01 00:00:00" and qs_sqk_activ_signin_info.user_id>0 and qs_sqk_activ_info.address_id=1 ) LIMIT 1   [ RunTime:0.0013s ]
SQL: SHOW COLUMNS FROM `qs_sqk_activ_info` [ RunTime:0.0039s ]
SQL: SELECT COUNT(*) AS tp_count FROM `qs_sqk_activ_info` WHERE ( start_time < "2999-12-31 23:59:59" and start_time > "1990-01-01 00:00:00"and address_id=1 ) LIMIT 1   [ RunTime:0.0009s ]
SQL: SELECT COUNT(*) AS tp_count FROM `qs_sqk_activ_signin` left join qs_sqk_activ_signin_info on qs_sqk_activ_signin_info.sign_id=qs_sqk_activ_signin.id left join qs_sqk_activ_info on qs_sqk_activ_signin.activity_id=qs_sqk_activ_info.id  WHERE ( qs_sqk_activ_signin_info.add_time < "2999-12-31 23:59:59" and qs_sqk_activ_signin_info.add_time > "1990-01-01 00:00:00" and qs_sqk_activ_signin_info.user_id>0 and qs_sqk_activ_info.address_id=2 ) LIMIT 1   [ RunTime:0.0012s ]
SQL: SELECT COUNT(*) AS tp_count FROM `qs_sqk_activ_info` WHERE ( start_time < "2999-12-31 23:59:59" and start_time > "1990-01-01 00:00:00"and address_id=2 ) LIMIT 1   [ RunTime:0.0013s ]
SQL: SELECT COUNT(*) AS tp_count FROM `qs_sqk_activ_signin` left join qs_sqk_activ_signin_info on qs_sqk_activ_signin_info.sign_id=qs_sqk_activ_signin.id left join qs_sqk_activ_info on qs_sqk_activ_signin.activity_id=qs_sqk_activ_info.id  WHERE ( qs_sqk_activ_signin_info.add_time < "2999-12-31 23:59:59" and qs_sqk_activ_signin_info.add_time > "1990-01-01 00:00:00" and qs_sqk_activ_signin_info.user_id>0 and qs_sqk_activ_info.address_id=3 ) LIMIT 1   [ RunTime:0.0012s ]
SQL: SELECT COUNT(*) AS tp_count FROM `qs_sqk_activ_info` WHERE ( start_time < "2999-12-31 23:59:59" and start_time > "1990-01-01 00:00:00"and address_id=3 ) LIMIT 1   [ RunTime:0.0012s ]
SQL: SELECT COUNT(*) AS tp_count FROM `qs_sqk_activ_signin` left join qs_sqk_activ_signin_info on qs_sqk_activ_signin_info.sign_id=qs_sqk_activ_signin.id left join qs_sqk_activ_info on qs_sqk_activ_signin.activity_id=qs_sqk_activ_info.id  WHERE ( qs_sqk_activ_signin_info.add_time < "2999-12-31 23:59:59" and qs_sqk_activ_signin_info.add_time > "1990-01-01 00:00:00" and qs_sqk_activ_signin_info.user_id>0 and qs_sqk_activ_info.address_id=4 ) LIMIT 1   [ RunTime:0.0013s ]
SQL: SELECT COUNT(*) AS tp_count FROM `qs_sqk_activ_info` WHERE ( start_time < "2999-12-31 23:59:59" and start_time > "1990-01-01 00:00:00"and address_id=4 ) LIMIT 1   [ RunTime:0.0010s ]
SQL: SELECT COUNT(*) AS tp_count FROM `qs_sqk_activ_signin` left join qs_sqk_activ_signin_info on qs_sqk_activ_signin_info.sign_id=qs_sqk_activ_signin.id left join qs_sqk_activ_info on qs_sqk_activ_signin.activity_id=qs_sqk_activ_info.id  WHERE ( qs_sqk_activ_signin_info.add_time < "2999-12-31 23:59:59" and qs_sqk_activ_signin_info.add_time > "1990-01-01 00:00:00" and qs_sqk_activ_signin_info.user_id>0 and qs_sqk_activ_info.address_id=5 ) LIMIT 1   [ RunTime:0.0010s ]
SQL: SELECT COUNT(*) AS tp_count FROM `qs_sqk_activ_info` WHERE ( start_time < "2999-12-31 23:59:59" and start_time > "1990-01-01 00:00:00"and address_id=5 ) LIMIT 1   [ RunTime:0.0010s ]
SQL: SELECT COUNT(*) AS tp_count FROM `qs_sqk_activ_signin` left join qs_sqk_activ_signin_info on qs_sqk_activ_signin_info.sign_id=qs_sqk_activ_signin.id left join qs_sqk_activ_info on qs_sqk_activ_signin.activity_id=qs_sqk_activ_info.id  WHERE ( qs_sqk_activ_signin_info.add_time < "2999-12-31 23:59:59" and qs_sqk_activ_signin_info.add_time > "1990-01-01 00:00:00" and qs_sqk_activ_signin_info.user_id>0 and qs_sqk_activ_info.address_id=6 ) LIMIT 1   [ RunTime:0.0011s ]
SQL: SELECT COUNT(*) AS tp_count FROM `qs_sqk_activ_info` WHERE ( start_time < "2999-12-31 23:59:59" and start_time > "1990-01-01 00:00:00"and address_id=6 ) LIMIT 1   [ RunTime:0.0010s ]
SQL: SELECT COUNT(*) AS tp_count FROM `qs_sqk_activ_signin` left join qs_sqk_activ_signin_info on qs_sqk_activ_signin_info.sign_id=qs_sqk_activ_signin.id left join qs_sqk_activ_info on qs_sqk_activ_signin.activity_id=qs_sqk_activ_info.id  WHERE ( qs_sqk_activ_signin_info.add_time < "2999-12-31 23:59:59" and qs_sqk_activ_signin_info.add_time > "1990-01-01 00:00:00" and qs_sqk_activ_signin_info.user_id>0 and qs_sqk_activ_info.address_id=7 ) LIMIT 1   [ RunTime:0.0010s ]
SQL: SELECT COUNT(*) AS tp_count FROM `qs_sqk_activ_info` WHERE ( start_time < "2999-12-31 23:59:59" and start_time > "1990-01-01 00:00:00"and address_id=7 ) LIMIT 1   [ RunTime:0.0010s ]
SQL: SELECT COUNT(*) AS tp_count FROM `qs_sqk_activ_signin` left join qs_sqk_activ_signin_info on qs_sqk_activ_signin_info.sign_id=qs_sqk_activ_signin.id left join qs_sqk_activ_info on qs_sqk_activ_signin.activity_id=qs_sqk_activ_info.id  WHERE ( qs_sqk_activ_signin_info.add_time < "2999-12-31 23:59:59" and qs_sqk_activ_signin_info.add_time > "1990-01-01 00:00:00" and qs_sqk_activ_signin_info.user_id>0 and qs_sqk_activ_info.address_id=8 ) LIMIT 1   [ RunTime:0.0010s ]
SQL: SELECT COUNT(*) AS tp_count FROM `qs_sqk_activ_info` WHERE ( start_time < "2999-12-31 23:59:59" and start_time > "1990-01-01 00:00:00"and address_id=8 ) LIMIT 1   [ RunTime:0.0010s ]
SQL: SELECT COUNT(*) AS tp_count FROM `qs_sqk_activ_signin` left join qs_sqk_activ_signin_info on qs_sqk_activ_signin_info.sign_id=qs_sqk_activ_signin.id left join qs_sqk_activ_info on qs_sqk_activ_signin.activity_id=qs_sqk_activ_info.id  WHERE ( qs_sqk_activ_signin_info.add_time < "2999-12-31 23:59:59" and qs_sqk_activ_signin_info.add_time > "1990-01-01 00:00:00" and qs_sqk_activ_signin_info.user_id>0 and qs_sqk_activ_info.address_id=9 ) LIMIT 1   [ RunTime:0.0010s ]
SQL: SELECT COUNT(*) AS tp_count FROM `qs_sqk_activ_info` WHERE ( start_time < "2999-12-31 23:59:59" and start_time > "1990-01-01 00:00:00"and address_id=9 ) LIMIT 1   [ RunTime:0.0010s ]
SQL: SELECT COUNT(*) AS tp_count FROM `qs_sqk_activ_signin` left join qs_sqk_activ_signin_info on qs_sqk_activ_signin_info.sign_id=qs_sqk_activ_signin.id left join qs_sqk_activ_info on qs_sqk_activ_signin.activity_id=qs_sqk_activ_info.id  WHERE ( qs_sqk_activ_signin_info.add_time < "2999-12-31 23:59:59" and qs_sqk_activ_signin_info.add_time > "1990-01-01 00:00:00" and qs_sqk_activ_signin_info.user_id>0 and qs_sqk_activ_info.address_id=10 ) LIMIT 1   [ RunTime:0.0010s ]
SQL: SELECT COUNT(*) AS tp_count FROM `qs_sqk_activ_info` WHERE ( start_time < "2999-12-31 23:59:59" and start_time > "1990-01-01 00:00:00"and address_id=10 ) LIMIT 1   [ RunTime:0.0011s ]
SQL: SELECT COUNT(*) AS tp_count FROM `qs_sqk_activ_signin` left join qs_sqk_activ_signin_info on qs_sqk_activ_signin_info.sign_id=qs_sqk_activ_signin.id left join qs_sqk_activ_info on qs_sqk_activ_signin.activity_id=qs_sqk_activ_info.id  WHERE ( qs_sqk_activ_signin_info.add_time < "2999-12-31 23:59:59" and qs_sqk_activ_signin_info.add_time > "1990-01-01 00:00:00" and qs_sqk_activ_signin_info.user_id>0 and qs_sqk_activ_info.address_id=11 ) LIMIT 1   [ RunTime:0.0011s ]
SQL: SELECT COUNT(*) AS tp_count FROM `qs_sqk_activ_info` WHERE ( start_time < "2999-12-31 23:59:59" and start_time > "1990-01-01 00:00:00"and address_id=11 ) LIMIT 1   [ RunTime:0.0011s ]
SQL: SELECT COUNT(*) AS tp_count FROM `qs_sqk_activ_signin` left join qs_sqk_activ_signin_info on qs_sqk_activ_signin_info.sign_id=qs_sqk_activ_signin.id left join qs_sqk_activ_info on qs_sqk_activ_signin.activity_id=qs_sqk_activ_info.id  WHERE ( qs_sqk_activ_signin_info.add_time < "2999-12-31 23:59:59" and qs_sqk_activ_signin_info.add_time > "1990-01-01 00:00:00" and qs_sqk_activ_signin_info.user_id>0 and qs_sqk_activ_info.address_id=12 ) LIMIT 1   [ RunTime:0.0011s ]
SQL: SELECT COUNT(*) AS tp_count FROM `qs_sqk_activ_info` WHERE ( start_time < "2999-12-31 23:59:59" and start_time > "1990-01-01 00:00:00"and address_id=12 ) LIMIT 1   [ RunTime:0.0011s ]
SQL: SELECT COUNT(*) AS tp_count FROM `qs_sqk_activ_signin` left join qs_sqk_activ_signin_info on qs_sqk_activ_signin_info.sign_id=qs_sqk_activ_signin.id left join qs_sqk_activ_info on qs_sqk_activ_signin.activity_id=qs_sqk_activ_info.id  WHERE ( qs_sqk_activ_signin_info.add_time < "2999-12-31 23:59:59" and qs_sqk_activ_signin_info.add_time > "1990-01-01 00:00:00" and qs_sqk_activ_signin_info.user_id>0 and qs_sqk_activ_info.address_id=13 ) LIMIT 1   [ RunTime:0.0011s ]
SQL: SELECT COUNT(*) AS tp_count FROM `qs_sqk_activ_info` WHERE ( start_time < "2999-12-31 23:59:59" and start_time > "1990-01-01 00:00:00"and address_id=13 ) LIMIT 1   [ RunTime:0.0011s ]
SQL: SELECT COUNT(*) AS tp_count FROM `qs_sqk_activ_signin` left join qs_sqk_activ_signin_info on qs_sqk_activ_signin_info.sign_id=qs_sqk_activ_signin.id left join qs_sqk_activ_info on qs_sqk_activ_signin.activity_id=qs_sqk_activ_info.id  WHERE ( qs_sqk_activ_signin_info.add_time < "2999-12-31 23:59:59" and qs_sqk_activ_signin_info.add_time > "1990-01-01 00:00:00" and qs_sqk_activ_signin_info.user_id>0 and qs_sqk_activ_info.address_id=14 ) LIMIT 1   [ RunTime:0.0013s ]
SQL: SELECT COUNT(*) AS tp_count FROM `qs_sqk_activ_info` WHERE ( start_time < "2999-12-31 23:59:59" and start_time > "1990-01-01 00:00:00"and address_id=14 ) LIMIT 1   [ RunTime:0.0011s ]
SQL: SELECT COUNT(*) AS tp_count FROM `qs_sqk_activ_signin` left join qs_sqk_activ_signin_info on qs_sqk_activ_signin_info.sign_id=qs_sqk_activ_signin.id left join qs_sqk_activ_info on qs_sqk_activ_signin.activity_id=qs_sqk_activ_info.id  WHERE ( qs_sqk_activ_signin_info.add_time < "2999-12-31 23:59:59" and qs_sqk_activ_signin_info.add_time > "1990-01-01 00:00:00" and qs_sqk_activ_signin_info.user_id>0 and qs_sqk_activ_info.address_id=15 ) LIMIT 1   [ RunTime:0.0015s ]
SQL: SELECT COUNT(*) AS tp_count FROM `qs_sqk_activ_info` WHERE ( start_time < "2999-12-31 23:59:59" and start_time > "1990-01-01 00:00:00"and address_id=15 ) LIMIT 1   [ RunTime:0.0013s ]
SQL: SELECT COUNT(*) AS tp_count FROM `qs_sqk_activ_signin` left join qs_sqk_activ_signin_info on qs_sqk_activ_signin_info.sign_id=qs_sqk_activ_signin.id left join qs_sqk_activ_info on qs_sqk_activ_signin.activity_id=qs_sqk_activ_info.id  WHERE ( qs_sqk_activ_signin_info.add_time < "2999-12-31 23:59:59" and qs_sqk_activ_signin_info.add_time > "1990-01-01 00:00:00" and qs_sqk_activ_signin_info.user_id>0 and qs_sqk_activ_info.address_id=16 ) LIMIT 1   [ RunTime:0.0011s ]
SQL: SELECT COUNT(*) AS tp_count FROM `qs_sqk_activ_info` WHERE ( start_time < "2999-12-31 23:59:59" and start_time > "1990-01-01 00:00:00"and address_id=16 ) LIMIT 1   [ RunTime:0.0010s ]
SQL: SELECT COUNT(*) AS tp_count FROM `qs_sqk_activ_signin` left join qs_sqk_activ_signin_info on qs_sqk_activ_signin_info.sign_id=qs_sqk_activ_signin.id left join qs_sqk_activ_info on qs_sqk_activ_signin.activity_id=qs_sqk_activ_info.id  WHERE ( qs_sqk_activ_signin_info.add_time < "2999-12-31 23:59:59" and qs_sqk_activ_signin_info.add_time > "1990-01-01 00:00:00" and qs_sqk_activ_signin_info.user_id>0 and qs_sqk_activ_info.address_id=17 ) LIMIT 1   [ RunTime:0.0010s ]
SQL: SELECT COUNT(*) AS tp_count FROM `qs_sqk_activ_info` WHERE ( start_time < "2999-12-31 23:59:59" and start_time > "1990-01-01 00:00:00"and address_id=17 ) LIMIT 1   [ RunTime:0.0010s ]
SQL: SELECT COUNT(*) AS tp_count FROM `qs_sqk_activ_signin` left join qs_sqk_activ_signin_info on qs_sqk_activ_signin_info.sign_id=qs_sqk_activ_signin.id left join qs_sqk_activ_info on qs_sqk_activ_signin.activity_id=qs_sqk_activ_info.id  WHERE ( qs_sqk_activ_signin_info.add_time < "2999-12-31 23:59:59" and qs_sqk_activ_signin_info.add_time > "1990-01-01 00:00:00" and qs_sqk_activ_signin_info.user_id>0 and qs_sqk_activ_info.address_id=18 ) LIMIT 1   [ RunTime:0.0011s ]
SQL: SELECT COUNT(*) AS tp_count FROM `qs_sqk_activ_info` WHERE ( start_time < "2999-12-31 23:59:59" and start_time > "1990-01-01 00:00:00"and address_id=18 ) LIMIT 1   [ RunTime:0.0011s ]
SQL: SELECT COUNT(*) AS tp_count FROM `qs_sqk_activ_signin` left join qs_sqk_activ_signin_info on qs_sqk_activ_signin_info.sign_id=qs_sqk_activ_signin.id left join qs_sqk_activ_info on qs_sqk_activ_signin.activity_id=qs_sqk_activ_info.id  WHERE ( qs_sqk_activ_signin_info.add_time < "2999-12-31 23:59:59" and qs_sqk_activ_signin_info.add_time > "1990-01-01 00:00:00" and qs_sqk_activ_signin_info.user_id>0 and qs_sqk_activ_info.address_id=19 ) LIMIT 1   [ RunTime:0.0011s ]
SQL: SELECT COUNT(*) AS tp_count FROM `qs_sqk_activ_info` WHERE ( start_time < "2999-12-31 23:59:59" and start_time > "1990-01-01 00:00:00"and address_id=19 ) LIMIT 1   [ RunTime:0.0012s ]
SQL: SELECT COUNT(*) AS tp_count FROM `qs_sqk_activ_signin` left join qs_sqk_activ_signin_info on qs_sqk_activ_signin_info.sign_id=qs_sqk_activ_signin.id left join qs_sqk_activ_info on qs_sqk_activ_signin.activity_id=qs_sqk_activ_info.id  WHERE ( qs_sqk_activ_signin_info.add_time < "2999-12-31 23:59:59" and qs_sqk_activ_signin_info.add_time > "1990-01-01 00:00:00" and qs_sqk_activ_signin_info.user_id>0 and qs_sqk_activ_info.address_id=20 ) LIMIT 1   [ RunTime:0.0012s ]
SQL: SELECT COUNT(*) AS tp_count FROM `qs_sqk_activ_info` WHERE ( start_time < "2999-12-31 23:59:59" and start_time > "1990-01-01 00:00:00"and address_id=20 ) LIMIT 1   [ RunTime:0.0011s ]
SQL: SELECT COUNT(*) AS tp_count FROM `qs_sqk_activ_signin` left join qs_sqk_activ_signin_info on qs_sqk_activ_signin_info.sign_id=qs_sqk_activ_signin.id left join qs_sqk_activ_info on qs_sqk_activ_signin.activity_id=qs_sqk_activ_info.id  WHERE ( qs_sqk_activ_signin_info.add_time < "2999-12-31 23:59:59" and qs_sqk_activ_signin_info.add_time > "1990-01-01 00:00:00" and qs_sqk_activ_signin_info.user_id>0 and qs_sqk_activ_info.address_id=21 ) LIMIT 1   [ RunTime:0.0010s ]
SQL: SELECT COUNT(*) AS tp_count FROM `qs_sqk_activ_info` WHERE ( start_time < "2999-12-31 23:59:59" and start_time > "1990-01-01 00:00:00"and address_id=21 ) LIMIT 1   [ RunTime:0.0012s ]
SQL: SELECT COUNT(*) AS tp_count FROM `qs_sqk_activ_signin` left join qs_sqk_activ_signin_info on qs_sqk_activ_signin_info.sign_id=qs_sqk_activ_signin.id left join qs_sqk_activ_info on qs_sqk_activ_signin.activity_id=qs_sqk_activ_info.id  WHERE ( qs_sqk_activ_signin_info.add_time < "2999-12-31 23:59:59" and qs_sqk_activ_signin_info.add_time > "1990-01-01 00:00:00" and qs_sqk_activ_signin_info.user_id>0 and qs_sqk_activ_info.address_id=22 ) LIMIT 1   [ RunTime:0.0012s ]
SQL: SELECT COUNT(*) AS tp_count FROM `qs_sqk_activ_info` WHERE ( start_time < "2999-12-31 23:59:59" and start_time > "1990-01-01 00:00:00"and address_id=22 ) LIMIT 1   [ RunTime:0.0012s ]

[ 2018-05-15T15:38:30+08:00 ] 127.0.0.1 /index.php/Appm/Top/getTopList
INFO: [ app_begin ] --START--
INFO: Run Behavior\ReadHtmlCacheBehavior [ RunTime:0.000391s ]
INFO: [ app_begin ] --END-- [ RunTime:0.000739s ]
SQL: SHOW COLUMNS FROM `qs_sqk_sys_config_def` [ RunTime:0.0042s ]
SQL: SELECT * FROM `qs_sqk_sys_config_def`  [ RunTime:0.0015s ]
SQL: SHOW COLUMNS FROM `qs_sqk_sys_community_info` [ RunTime:0.0039s ]
SQL: SELECT * FROM `qs_sqk_sys_community_info`  [ RunTime:0.0015s ]
SQL: SHOW COLUMNS FROM `qs_sqk_activ_signin` [ RunTime:0.0063s ]
SQL: SELECT COUNT(*) AS tp_count FROM `qs_sqk_activ_signin` left join qs_sqk_activ_signin_info on qs_sqk_activ_signin_info.sign_id=qs_sqk_activ_signin.id left join qs_sqk_activ_info on qs_sqk_activ_signin.activity_id=qs_sqk_activ_info.id  WHERE ( qs_sqk_activ_signin_info.add_time < "2018-06-30 23:59:59" and qs_sqk_activ_signin_info.add_time > "2018-04-01 00:00:00" and qs_sqk_activ_signin_info.user_id>0 and qs_sqk_activ_info.address_id=1 ) LIMIT 1   [ RunTime:0.0020s ]
SQL: SHOW COLUMNS FROM `qs_sqk_activ_info` [ RunTime:0.0047s ]
SQL: SELECT COUNT(*) AS tp_count FROM `qs_sqk_activ_info` WHERE ( start_time < "2018-06-30 23:59:59" and start_time > "2018-04-01 00:00:00"and address_id=1 ) LIMIT 1   [ RunTime:0.0009s ]
SQL: SELECT COUNT(*) AS tp_count FROM `qs_sqk_activ_signin` left join qs_sqk_activ_signin_info on qs_sqk_activ_signin_info.sign_id=qs_sqk_activ_signin.id left join qs_sqk_activ_info on qs_sqk_activ_signin.activity_id=qs_sqk_activ_info.id  WHERE ( qs_sqk_activ_signin_info.add_time < "2018-06-30 23:59:59" and qs_sqk_activ_signin_info.add_time > "2018-04-01 00:00:00" and qs_sqk_activ_signin_info.user_id>0 and qs_sqk_activ_info.address_id=2 ) LIMIT 1   [ RunTime:0.0015s ]
SQL: SELECT COUNT(*) AS tp_count FROM `qs_sqk_activ_info` WHERE ( start_time < "2018-06-30 23:59:59" and start_time > "2018-04-01 00:00:00"and address_id=2 ) LIMIT 1   [ RunTime:0.0012s ]
SQL: SELECT COUNT(*) AS tp_count FROM `qs_sqk_activ_signin` left join qs_sqk_activ_signin_info on qs_sqk_activ_signin_info.sign_id=qs_sqk_activ_signin.id left join qs_sqk_activ_info on qs_sqk_activ_signin.activity_id=qs_sqk_activ_info.id  WHERE ( qs_sqk_activ_signin_info.add_time < "2018-06-30 23:59:59" and qs_sqk_activ_signin_info.add_time > "2018-04-01 00:00:00" and qs_sqk_activ_signin_info.user_id>0 and qs_sqk_activ_info.address_id=3 ) LIMIT 1   [ RunTime:0.0012s ]
SQL: SELECT COUNT(*) AS tp_count FROM `qs_sqk_activ_info` WHERE ( start_time < "2018-06-30 23:59:59" and start_time > "2018-04-01 00:00:00"and address_id=3 ) LIMIT 1   [ RunTime:0.0013s ]
SQL: SELECT COUNT(*) AS tp_count FROM `qs_sqk_activ_signin` left join qs_sqk_activ_signin_info on qs_sqk_activ_signin_info.sign_id=qs_sqk_activ_signin.id left join qs_sqk_activ_info on qs_sqk_activ_signin.activity_id=qs_sqk_activ_info.id  WHERE ( qs_sqk_activ_signin_info.add_time < "2018-06-30 23:59:59" and qs_sqk_activ_signin_info.add_time > "2018-04-01 00:00:00" and qs_sqk_activ_signin_info.user_id>0 and qs_sqk_activ_info.address_id=4 ) LIMIT 1   [ RunTime:0.0013s ]
SQL: SELECT COUNT(*) AS tp_count FROM `qs_sqk_activ_info` WHERE ( start_time < "2018-06-30 23:59:59" and start_time > "2018-04-01 00:00:00"and address_id=4 ) LIMIT 1   [ RunTime:0.0013s ]
SQL: SELECT COUNT(*) AS tp_count FROM `qs_sqk_activ_signin` left join qs_sqk_activ_signin_info on qs_sqk_activ_signin_info.sign_id=qs_sqk_activ_signin.id left join qs_sqk_activ_info on qs_sqk_activ_signin.activity_id=qs_sqk_activ_info.id  WHERE ( qs_sqk_activ_signin_info.add_time < "2018-06-30 23:59:59" and qs_sqk_activ_signin_info.add_time > "2018-04-01 00:00:00" and qs_sqk_activ_signin_info.user_id>0 and qs_sqk_activ_info.address_id=5 ) LIMIT 1   [ RunTime:0.0013s ]
SQL: SELECT COUNT(*) AS tp_count FROM `qs_sqk_activ_info` WHERE ( start_time < "2018-06-30 23:59:59" and start_time > "2018-04-01 00:00:00"and address_id=5 ) LIMIT 1   [ RunTime:0.0013s ]
SQL: SELECT COUNT(*) AS tp_count FROM `qs_sqk_activ_signin` left join qs_sqk_activ_signin_info on qs_sqk_activ_signin_info.sign_id=qs_sqk_activ_signin.id left join qs_sqk_activ_info on qs_sqk_activ_signin.activity_id=qs_sqk_activ_info.id  WHERE ( qs_sqk_activ_signin_info.add_time < "2018-06-30 23:59:59" and qs_sqk_activ_signin_info.add_time > "2018-04-01 00:00:00" and qs_sqk_activ_signin_info.user_id>0 and qs_sqk_activ_info.address_id=6 ) LIMIT 1   [ RunTime:0.0013s ]
SQL: SELECT COUNT(*) AS tp_count FROM `qs_sqk_activ_info` WHERE ( start_time < "2018-06-30 23:59:59" and start_time > "2018-04-01 00:00:00"and address_id=6 ) LIMIT 1   [ RunTime:0.0013s ]
SQL: SELECT COUNT(*) AS tp_count FROM `qs_sqk_activ_signin` left join qs_sqk_activ_signin_info on qs_sqk_activ_signin_info.sign_id=qs_sqk_activ_signin.id left join qs_sqk_activ_info on qs_sqk_activ_signin.activity_id=qs_sqk_activ_info.id  WHERE ( qs_sqk_activ_signin_info.add_time < "2018-06-30 23:59:59" and qs_sqk_activ_signin_info.add_time > "2018-04-01 00:00:00" and qs_sqk_activ_signin_info.user_id>0 and qs_sqk_activ_info.address_id=7 ) LIMIT 1   [ RunTime:0.0012s ]
SQL: SELECT COUNT(*) AS tp_count FROM `qs_sqk_activ_info` WHERE ( start_time < "2018-06-30 23:59:59" and start_time > "2018-04-01 00:00:00"and address_id=7 ) LIMIT 1   [ RunTime:0.0013s ]
SQL: SELECT COUNT(*) AS tp_count FROM `qs_sqk_activ_signin` left join qs_sqk_activ_signin_info on qs_sqk_activ_signin_info.sign_id=qs_sqk_activ_signin.id left join qs_sqk_activ_info on qs_sqk_activ_signin.activity_id=qs_sqk_activ_info.id  WHERE ( qs_sqk_activ_signin_info.add_time < "2018-06-30 23:59:59" and qs_sqk_activ_signin_info.add_time > "2018-04-01 00:00:00" and qs_sqk_activ_signin_info.user_id>0 and qs_sqk_activ_info.address_id=8 ) LIMIT 1   [ RunTime:0.0012s ]
SQL: SELECT COUNT(*) AS tp_count FROM `qs_sqk_activ_info` WHERE ( start_time < "2018-06-30 23:59:59" and start_time > "2018-04-01 00:00:00"and address_id=8 ) LIMIT 1   [ RunTime:0.0012s ]
SQL: SELECT COUNT(*) AS tp_count FROM `qs_sqk_activ_signin` left join qs_sqk_activ_signin_info on qs_sqk_activ_signin_info.sign_id=qs_sqk_activ_signin.id left join qs_sqk_activ_info on qs_sqk_activ_signin.activity_id=qs_sqk_activ_info.id  WHERE ( qs_sqk_activ_signin_info.add_time < "2018-06-30 23:59:59" and qs_sqk_activ_signin_info.add_time > "2018-04-01 00:00:00" and qs_sqk_activ_signin_info.user_id>0 and qs_sqk_activ_info.address_id=9 ) LIMIT 1   [ RunTime:0.0012s ]
SQL: SELECT COUNT(*) AS tp_count FROM `qs_sqk_activ_info` WHERE ( start_time < "2018-06-30 23:59:59" and start_time > "2018-04-01 00:00:00"and address_id=9 ) LIMIT 1   [ RunTime:0.0012s ]
SQL: SELECT COUNT(*) AS tp_count FROM `qs_sqk_activ_signin` left join qs_sqk_activ_signin_info on qs_sqk_activ_signin_info.sign_id=qs_sqk_activ_signin.id left join qs_sqk_activ_info on qs_sqk_activ_signin.activity_id=qs_sqk_activ_info.id  WHERE ( qs_sqk_activ_signin_info.add_time < "2018-06-30 23:59:59" and qs_sqk_activ_signin_info.add_time > "2018-04-01 00:00:00" and qs_sqk_activ_signin_info.user_id>0 and qs_sqk_activ_info.address_id=10 ) LIMIT 1   [ RunTime:0.0012s ]
SQL: SELECT COUNT(*) AS tp_count FROM `qs_sqk_activ_info` WHERE ( start_time < "2018-06-30 23:59:59" and start_time > "2018-04-01 00:00:00"and address_id=10 ) LIMIT 1   [ RunTime:0.0012s ]
SQL: SELECT COUNT(*) AS tp_count FROM `qs_sqk_activ_signin` left join qs_sqk_activ_signin_info on qs_sqk_activ_signin_info.sign_id=qs_sqk_activ_signin.id left join qs_sqk_activ_info on qs_sqk_activ_signin.activity_id=qs_sqk_activ_info.id  WHERE ( qs_sqk_activ_signin_info.add_time < "2018-06-30 23:59:59" and qs_sqk_activ_signin_info.add_time > "2018-04-01 00:00:00" and qs_sqk_activ_signin_info.user_id>0 and qs_sqk_activ_info.address_id=11 ) LIMIT 1   [ RunTime:0.0012s ]
SQL: SELECT COUNT(*) AS tp_count FROM `qs_sqk_activ_info` WHERE ( start_time < "2018-06-30 23:59:59" and start_time > "2018-04-01 00:00:00"and address_id=11 ) LIMIT 1   [ RunTime:0.0013s ]
SQL: SELECT COUNT(*) AS tp_count FROM `qs_sqk_activ_signin` left join qs_sqk_activ_signin_info on qs_sqk_activ_signin_info.sign_id=qs_sqk_activ_signin.id left join qs_sqk_activ_info on qs_sqk_activ_signin.activity_id=qs_sqk_activ_info.id  WHERE ( qs_sqk_activ_signin_info.add_time < "2018-06-30 23:59:59" and qs_sqk_activ_signin_info.add_time > "2018-04-01 00:00:00" and qs_sqk_activ_signin_info.user_id>0 and qs_sqk_activ_info.address_id=12 ) LIMIT 1   [ RunTime:0.0012s ]
SQL: SELECT COUNT(*) AS tp_count FROM `qs_sqk_activ_info` WHERE ( start_time < "2018-06-30 23:59:59" and start_time > "2018-04-01 00:00:00"and address_id=12 ) LIMIT 1   [ RunTime:0.0012s ]
SQL: SELECT COUNT(*) AS tp_count FROM `qs_sqk_activ_signin` left join qs_sqk_activ_signin_info on qs_sqk_activ_signin_info.sign_id=qs_sqk_activ_signin.id left join qs_sqk_activ_info on qs_sqk_activ_signin.activity_id=qs_sqk_activ_info.id  WHERE ( qs_sqk_activ_signin_info.add_time < "2018-06-30 23:59:59" and qs_sqk_activ_signin_info.add_time > "2018-04-01 00:00:00" and qs_sqk_activ_signin_info.user_id>0 and qs_sqk_activ_info.address_id=13 ) LIMIT 1   [ RunTime:0.0012s ]
SQL: SELECT COUNT(*) AS tp_count FROM `qs_sqk_activ_info` WHERE ( start_time < "2018-06-30 23:59:59" and start_time > "2018-04-01 00:00:00"and address_id=13 ) LIMIT 1   [ RunTime:0.0012s ]
SQL: SELECT COUNT(*) AS tp_count FROM `qs_sqk_activ_signin` left join qs_sqk_activ_signin_info on qs_sqk_activ_signin_info.sign_id=qs_sqk_activ_signin.id left join qs_sqk_activ_info on qs_sqk_activ_signin.activity_id=qs_sqk_activ_info.id  WHERE ( qs_sqk_activ_signin_info.add_time < "2018-06-30 23:59:59" and qs_sqk_activ_signin_info.add_time > "2018-04-01 00:00:00" and qs_sqk_activ_signin_info.user_id>0 and qs_sqk_activ_info.address_id=14 ) LIMIT 1   [ RunTime:0.0012s ]
SQL: SELECT COUNT(*) AS tp_count FROM `qs_sqk_activ_info` WHERE ( start_time < "2018-06-30 23:59:59" and start_time > "2018-04-01 00:00:00"and address_id=14 ) LIMIT 1   [ RunTime:0.0012s ]
SQL: SELECT COUNT(*) AS tp_count FROM `qs_sqk_activ_signin` left join qs_sqk_activ_signin_info on qs_sqk_activ_signin_info.sign_id=qs_sqk_activ_signin.id left join qs_sqk_activ_info on qs_sqk_activ_signin.activity_id=qs_sqk_activ_info.id  WHERE ( qs_sqk_activ_signin_info.add_time < "2018-06-30 23:59:59" and qs_sqk_activ_signin_info.add_time > "2018-04-01 00:00:00" and qs_sqk_activ_signin_info.user_id>0 and qs_sqk_activ_info.address_id=15 ) LIMIT 1   [ RunTime:0.0012s ]
SQL: SELECT COUNT(*) AS tp_count FROM `qs_sqk_activ_info` WHERE ( start_time < "2018-06-30 23:59:59" and start_time > "2018-04-01 00:00:00"and address_id=15 ) LIMIT 1   [ RunTime:0.0012s ]
SQL: SELECT COUNT(*) AS tp_count FROM `qs_sqk_activ_signin` left join qs_sqk_activ_signin_info on qs_sqk_activ_signin_info.sign_id=qs_sqk_activ_signin.id left join qs_sqk_activ_info on qs_sqk_activ_signin.activity_id=qs_sqk_activ_info.id  WHERE ( qs_sqk_activ_signin_info.add_time < "2018-06-30 23:59:59" and qs_sqk_activ_signin_info.add_time > "2018-04-01 00:00:00" and qs_sqk_activ_signin_info.user_id>0 and qs_sqk_activ_info.address_id=16 ) LIMIT 1   [ RunTime:0.0012s ]
SQL: SELECT COUNT(*) AS tp_count FROM `qs_sqk_activ_info` WHERE ( start_time < "2018-06-30 23:59:59" and start_time > "2018-04-01 00:00:00"and address_id=16 ) LIMIT 1   [ RunTime:0.0012s ]
SQL: SELECT COUNT(*) AS tp_count FROM `qs_sqk_activ_signin` left join qs_sqk_activ_signin_info on qs_sqk_activ_signin_info.sign_id=qs_sqk_activ_signin.id left join qs_sqk_activ_info on qs_sqk_activ_signin.activity_id=qs_sqk_activ_info.id  WHERE ( qs_sqk_activ_signin_info.add_time < "2018-06-30 23:59:59" and qs_sqk_activ_signin_info.add_time > "2018-04-01 00:00:00" and qs_sqk_activ_signin_info.user_id>0 and qs_sqk_activ_info.address_id=17 ) LIMIT 1   [ RunTime:0.0012s ]
SQL: SELECT COUNT(*) AS tp_count FROM `qs_sqk_activ_info` WHERE ( start_time < "2018-06-30 23:59:59" and start_time > "2018-04-01 00:00:00"and address_id=17 ) LIMIT 1   [ RunTime:0.0012s ]
SQL: SELECT COUNT(*) AS tp_count FROM `qs_sqk_activ_signin` left join qs_sqk_activ_signin_info on qs_sqk_activ_signin_info.sign_id=qs_sqk_activ_signin.id left join qs_sqk_activ_info on qs_sqk_activ_signin.activity_id=qs_sqk_activ_info.id  WHERE ( qs_sqk_activ_signin_info.add_time < "2018-06-30 23:59:59" and qs_sqk_activ_signin_info.add_time > "2018-04-01 00:00:00" and qs_sqk_activ_signin_info.user_id>0 and qs_sqk_activ_info.address_id=18 ) LIMIT 1   [ RunTime:0.0012s ]
SQL: SELECT COUNT(*) AS tp_count FROM `qs_sqk_activ_info` WHERE ( start_time < "2018-06-30 23:59:59" and start_time > "2018-04-01 00:00:00"and address_id=18 ) LIMIT 1   [ RunTime:0.0012s ]
SQL: SELECT COUNT(*) AS tp_count FROM `qs_sqk_activ_signin` left join qs_sqk_activ_signin_info on qs_sqk_activ_signin_info.sign_id=qs_sqk_activ_signin.id left join qs_sqk_activ_info on qs_sqk_activ_signin.activity_id=qs_sqk_activ_info.id  WHERE ( qs_sqk_activ_signin_info.add_time < "2018-06-30 23:59:59" and qs_sqk_activ_signin_info.add_time > "2018-04-01 00:00:00" and qs_sqk_activ_signin_info.user_id>0 and qs_sqk_activ_info.address_id=19 ) LIMIT 1   [ RunTime:0.0012s ]
SQL: SELECT COUNT(*) AS tp_count FROM `qs_sqk_activ_info` WHERE ( start_time < "2018-06-30 23:59:59" and start_time > "2018-04-01 00:00:00"and address_id=19 ) LIMIT 1   [ RunTime:0.0013s ]
SQL: SELECT COUNT(*) AS tp_count FROM `qs_sqk_activ_signin` left join qs_sqk_activ_signin_info on qs_sqk_activ_signin_info.sign_id=qs_sqk_activ_signin.id left join qs_sqk_activ_info on qs_sqk_activ_signin.activity_id=qs_sqk_activ_info.id  WHERE ( qs_sqk_activ_signin_info.add_time < "2018-06-30 23:59:59" and qs_sqk_activ_signin_info.add_time > "2018-04-01 00:00:00" and qs_sqk_activ_signin_info.user_id>0 and qs_sqk_activ_info.address_id=20 ) LIMIT 1   [ RunTime:0.0012s ]
SQL: SELECT COUNT(*) AS tp_count FROM `qs_sqk_activ_info` WHERE ( start_time < "2018-06-30 23:59:59" and start_time > "2018-04-01 00:00:00"and address_id=20 ) LIMIT 1   [ RunTime:0.0012s ]
SQL: SELECT COUNT(*) AS tp_count FROM `qs_sqk_activ_signin` left join qs_sqk_activ_signin_info on qs_sqk_activ_signin_info.sign_id=qs_sqk_activ_signin.id left join qs_sqk_activ_info on qs_sqk_activ_signin.activity_id=qs_sqk_activ_info.id  WHERE ( qs_sqk_activ_signin_info.add_time < "2018-06-30 23:59:59" and qs_sqk_activ_signin_info.add_time > "2018-04-01 00:00:00" and qs_sqk_activ_signin_info.user_id>0 and qs_sqk_activ_info.address_id=21 ) LIMIT 1   [ RunTime:0.0012s ]
SQL: SELECT COUNT(*) AS tp_count FROM `qs_sqk_activ_info` WHERE ( start_time < "2018-06-30 23:59:59" and start_time > "2018-04-01 00:00:00"and address_id=21 ) LIMIT 1   [ RunTime:0.0012s ]
SQL: SELECT COUNT(*) AS tp_count FROM `qs_sqk_activ_signin` left join qs_sqk_activ_signin_info on qs_sqk_activ_signin_info.sign_id=qs_sqk_activ_signin.id left join qs_sqk_activ_info on qs_sqk_activ_signin.activity_id=qs_sqk_activ_info.id  WHERE ( qs_sqk_activ_signin_info.add_time < "2018-06-30 23:59:59" and qs_sqk_activ_signin_info.add_time > "2018-04-01 00:00:00" and qs_sqk_activ_signin_info.user_id>0 and qs_sqk_activ_info.address_id=22 ) LIMIT 1   [ RunTime:0.0012s ]
SQL: SELECT COUNT(*) AS tp_count FROM `qs_sqk_activ_info` WHERE ( start_time < "2018-06-30 23:59:59" and start_time > "2018-04-01 00:00:00"and address_id=22 ) LIMIT 1   [ RunTime:0.0012s ]

