[ 2018-05-17T09:50:10+08:00 ] 127.0.0.1 /index.php/Appm/Qrcodeurl/signIn
INFO: [ app_begin ] --START--
INFO: Run Behavior\ReadHtmlCacheBehavior [ RunTime:0.000548s ]
INFO: [ app_begin ] --END-- [ RunTime:0.001015s ]
SQL: SHOW COLUMNS FROM `qs_sqk_sys_config_def` [ RunTime:0.0063s ]
SQL: SELECT * FROM `qs_sqk_sys_config_def`  [ RunTime:0.0016s ]
ERR: 非法操作:signIn

[ 2018-05-17T10:03:54+08:00 ] 192.168.1.42 /index.php/Appm/Qrcodeurl/signIn
INFO: [ app_begin ] --START--
INFO: Run Behavior\ReadHtmlCacheBehavior [ RunTime:0.000536s ]
INFO: [ app_begin ] --END-- [ RunTime:0.000981s ]
SQL: SHOW COLUMNS FROM `qs_sqk_sys_config_def` [ RunTime:0.0050s ]
SQL: SELECT * FROM `qs_sqk_sys_config_def`  [ RunTime:0.0021s ]
NOTIC: [8] Undefined variable: userInfo E:\wamp\www\qskj_project_sqk_debug_git\qskj_sqk\sqk\Application\Appm\Controller\QrcodeurlController.class.php 第 174 行.
SQL: SHOW COLUMNS FROM `qs_sqk_activ_signin_info` [ RunTime:0.0054s ]
SQL: SELECT * FROM `qs_sqk_activ_signin_info` WHERE `sign_id` = '15' AND `user_id` = null LIMIT 1   [ RunTime:0.0018s ]
SQL: SHOW COLUMNS FROM `qs_sqk_sys_userapp_info` [ RunTime:0.0061s ]
SQL: SELECT `realname`,`id`,`tx_path` FROM `qs_sqk_sys_userapp_info` WHERE ( id=106 ) LIMIT 1   [ RunTime:0.0011s ]
SQL: SHOW COLUMNS FROM `qs_sqk_activ_signin_info` [ RunTime:0.0032s ]
SQL: INSERT INTO `qs_sqk_activ_signin_info` (`sign_type`,`user_id`,`sign_id`,`realname`,`sign_integral`) VALUES ('0','106','15','张晓炜','33') [ RunTime:0.0009s ]
SQL: SHOW COLUMNS FROM `qs_sqk_sys_userapp_info` [ RunTime:0.0052s ]
SQL: UPDATE `qs_sqk_sys_userapp_info` SET `integral_num`=integral_num+33 WHERE ( id=106 ) [ RunTime:0.0010s ]
SQL: SHOW COLUMNS FROM `qs_sqk_sys_userapp_info` [ RunTime:0.0041s ]
SQL: UPDATE `qs_sqk_sys_userapp_info` SET `exp_num`=exp_num+33 WHERE ( id=106 ) [ RunTime:0.0010s ]
SQL: SHOW COLUMNS FROM `qs_sqk_activ_info` [ RunTime:0.0033s ]
ERR: 1054:Champ 'exp_num' inconnu dans field list
 [ SQL语句 ] : UPDATE `qs_sqk_activ_info` SET `exp_num`=exp_num+33 WHERE ( id=106 )
ERR: 1054:Champ 'exp_num' inconnu dans field list
 [ SQL语句 ] : UPDATE `qs_sqk_activ_info` SET `exp_num`=exp_num+33 WHERE ( id=106 )

[ 2018-05-17T10:10:06+08:00 ] 127.0.0.1 /index.php/Appm/Qrcodeurl/signIn
INFO: [ app_begin ] --START--
INFO: Run Behavior\ReadHtmlCacheBehavior [ RunTime:0.000570s ]
INFO: [ app_begin ] --END-- [ RunTime:0.001571s ]
SQL: SHOW COLUMNS FROM `qs_sqk_sys_config_def` [ RunTime:0.0051s ]
SQL: SELECT * FROM `qs_sqk_sys_config_def`  [ RunTime:0.0020s ]
NOTIC: [8] Undefined variable: userInfo E:\wamp\www\qskj_project_sqk_debug_git\qskj_sqk\sqk\Application\Appm\Controller\QrcodeurlController.class.php 第 175 行.
SQL: SHOW COLUMNS FROM `qs_sqk_activ_signin_info` [ RunTime:0.0049s ]
SQL: SELECT * FROM `qs_sqk_activ_signin_info` WHERE `sign_id` = '15' AND `user_id` = null LIMIT 1   [ RunTime:0.0019s ]
SQL: SHOW COLUMNS FROM `qs_sqk_sys_userapp_info` [ RunTime:0.0064s ]
SQL: SELECT `realname`,`id`,`tx_path` FROM `qs_sqk_sys_userapp_info` WHERE ( id=106 ) LIMIT 1   [ RunTime:0.0011s ]
SQL: SHOW COLUMNS FROM `qs_sqk_activ_signin_info` [ RunTime:0.0031s ]
SQL: INSERT INTO `qs_sqk_activ_signin_info` (`sign_type`,`user_id`,`sign_id`,`realname`,`sign_integral`) VALUES ('0','106','15','张晓炜','33') [ RunTime:0.0010s ]
SQL: SHOW COLUMNS FROM `qs_sqk_sys_userapp_info` [ RunTime:0.0048s ]
SQL: UPDATE `qs_sqk_sys_userapp_info` SET `integral_num`=integral_num+33 WHERE ( id=106 ) [ RunTime:0.0010s ]
SQL: SHOW COLUMNS FROM `qs_sqk_sys_userapp_info` [ RunTime:0.0040s ]
SQL: UPDATE `qs_sqk_sys_userapp_info` SET `exp_num`=exp_num+33 WHERE ( id=106 ) [ RunTime:0.0010s ]
SQL: SHOW COLUMNS FROM `qs_sqk_activ_info` [ RunTime:0.0040s ]
NOTIC: [8] Undefined variable: activInfo E:\wamp\www\qskj_project_sqk_debug_git\qskj_sqk\sqk\Application\Appm\Controller\QrcodeurlController.class.php 第 200 行.
SQL: SELECT * FROM `qs_sqk_activ_info` WHERE ( id=5 ) LIMIT 1   [ RunTime:0.0017s ]
SQL: SHOW COLUMNS FROM `qs_sqk_activ_info` [ RunTime:0.0048s ]
SQL: UPDATE `qs_sqk_activ_info` SET `join_num`=join_num+1 WHERE ( id=5 ) [ RunTime:0.0010s ]
SQL: SHOW COLUMNS FROM `qs_sqk_activ_info` [ RunTime:0.0050s ]
SQL: UPDATE `qs_sqk_activ_info` SET `join_ids`='106,' WHERE ( id=5 ) [ RunTime:0.0010s ]
INFO: [ app_end ] --START--
INFO: Run Behavior\ShowPageTraceBehavior [ RunTime:0.000948s ]
INFO: [ app_end ] --END-- [ RunTime:0.001039s ]

[ 2018-05-17T10:10:48+08:00 ] 127.0.0.1 /index.php/Appm/Qrcodeurl/signIn
INFO: [ app_begin ] --START--
INFO: Run Behavior\ReadHtmlCacheBehavior [ RunTime:0.000528s ]
INFO: [ app_begin ] --END-- [ RunTime:0.000978s ]
SQL: SHOW COLUMNS FROM `qs_sqk_sys_config_def` [ RunTime:0.0054s ]
SQL: SELECT * FROM `qs_sqk_sys_config_def`  [ RunTime:0.0019s ]
NOTIC: [8] Undefined variable: userInfo E:\wamp\www\qskj_project_sqk_debug_git\qskj_sqk\sqk\Application\Appm\Controller\QrcodeurlController.class.php 第 175 行.
SQL: SHOW COLUMNS FROM `qs_sqk_activ_signin_info` [ RunTime:0.0041s ]
SQL: SELECT * FROM `qs_sqk_activ_signin_info` WHERE `sign_id` = '15' AND `user_id` = null LIMIT 1   [ RunTime:0.0021s ]
SQL: SHOW COLUMNS FROM `qs_sqk_sys_userapp_info` [ RunTime:0.0064s ]
SQL: SELECT `realname`,`id`,`tx_path` FROM `qs_sqk_sys_userapp_info` WHERE ( id=106 ) LIMIT 1   [ RunTime:0.0011s ]
SQL: SHOW COLUMNS FROM `qs_sqk_activ_signin_info` [ RunTime:0.0043s ]
SQL: INSERT INTO `qs_sqk_activ_signin_info` (`sign_type`,`user_id`,`sign_id`,`realname`,`sign_integral`) VALUES ('0','106','15','张晓炜','33') [ RunTime:0.0010s ]
SQL: SHOW COLUMNS FROM `qs_sqk_sys_userapp_info` [ RunTime:0.0037s ]
SQL: UPDATE `qs_sqk_sys_userapp_info` SET `integral_num`=integral_num+33 WHERE ( id=106 ) [ RunTime:0.0009s ]
SQL: SHOW COLUMNS FROM `qs_sqk_sys_userapp_info` [ RunTime:0.0047s ]
SQL: UPDATE `qs_sqk_sys_userapp_info` SET `exp_num`=exp_num+33 WHERE ( id=106 ) [ RunTime:0.0010s ]
SQL: SHOW COLUMNS FROM `qs_sqk_activ_info` [ RunTime:0.0037s ]
NOTIC: [8] Undefined variable: activInfo E:\wamp\www\qskj_project_sqk_debug_git\qskj_sqk\sqk\Application\Appm\Controller\QrcodeurlController.class.php 第 200 行.
SQL: SELECT * FROM `qs_sqk_activ_info` WHERE ( id=5 ) LIMIT 1   [ RunTime:0.0018s ]
SQL: SHOW COLUMNS FROM `qs_sqk_activ_info` [ RunTime:0.0042s ]
SQL: UPDATE `qs_sqk_activ_info` SET `join_num`=join_num+1 WHERE ( id=5 ) [ RunTime:0.0009s ]
SQL: SHOW COLUMNS FROM `qs_sqk_activ_info` [ RunTime:0.0035s ]
SQL: UPDATE `qs_sqk_activ_info` SET `join_ids`='106,106,' WHERE ( id=5 ) [ RunTime:0.0009s ]

[ 2018-05-17T10:11:50+08:00 ] 127.0.0.1 /index.php/Appm/Qrcodeurl/signIn
INFO: [ app_begin ] --START--
INFO: Run Behavior\ReadHtmlCacheBehavior [ RunTime:0.000655s ]
INFO: [ app_begin ] --END-- [ RunTime:0.001115s ]
SQL: SHOW COLUMNS FROM `qs_sqk_sys_config_def` [ RunTime:0.0046s ]
SQL: SELECT * FROM `qs_sqk_sys_config_def`  [ RunTime:0.0017s ]
NOTIC: [8] Undefined variable: userInfo E:\wamp\www\qskj_project_sqk_debug_git\qskj_sqk\sqk\Application\Appm\Controller\QrcodeurlController.class.php 第 178 行.
SQL: SHOW COLUMNS FROM `qs_sqk_activ_signin_info` [ RunTime:0.0047s ]
SQL: SELECT * FROM `qs_sqk_activ_signin_info` WHERE `sign_id` = '15' AND `user_id` = null LIMIT 1   [ RunTime:0.0018s ]
SQL: SHOW COLUMNS FROM `qs_sqk_sys_userapp_info` [ RunTime:0.0051s ]
SQL: SELECT `realname`,`id`,`tx_path` FROM `qs_sqk_sys_userapp_info` WHERE ( id=106 ) LIMIT 1   [ RunTime:0.0011s ]
SQL: SHOW COLUMNS FROM `qs_sqk_activ_signin_info` [ RunTime:0.0035s ]
SQL: INSERT INTO `qs_sqk_activ_signin_info` (`sign_type`,`user_id`,`sign_id`,`realname`,`sign_integral`) VALUES ('0','106','15','张晓炜','33') [ RunTime:0.0010s ]
SQL: SHOW COLUMNS FROM `qs_sqk_sys_userapp_info` [ RunTime:0.0034s ]
SQL: UPDATE `qs_sqk_sys_userapp_info` SET `integral_num`=integral_num+33 WHERE ( id=106 ) [ RunTime:0.0009s ]
SQL: SHOW COLUMNS FROM `qs_sqk_sys_userapp_info` [ RunTime:0.0038s ]
SQL: UPDATE `qs_sqk_sys_userapp_info` SET `exp_num`=exp_num+33 WHERE ( id=106 ) [ RunTime:0.0010s ]
SQL: SHOW COLUMNS FROM `qs_sqk_activ_info` [ RunTime:0.0039s ]
NOTIC: [8] Undefined variable: activInfo E:\wamp\www\qskj_project_sqk_debug_git\qskj_sqk\sqk\Application\Appm\Controller\QrcodeurlController.class.php 第 203 行.
SQL: SELECT * FROM `qs_sqk_activ_info` WHERE ( id=5 ) LIMIT 1   [ RunTime:0.0019s ]
SQL: SHOW COLUMNS FROM `qs_sqk_activ_info` [ RunTime:0.0048s ]
SQL: UPDATE `qs_sqk_activ_info` SET `join_num`=join_num+1 WHERE ( id=5 ) [ RunTime:0.0010s ]
SQL: SHOW COLUMNS FROM `qs_sqk_activ_info` [ RunTime:0.0039s ]
SQL: UPDATE `qs_sqk_activ_info` SET `join_ids`='106,106,106,' WHERE ( id=5 ) [ RunTime:0.0009s ]

[ 2018-05-17T10:12:32+08:00 ] 127.0.0.1 /index.php/Appm/Qrcodeurl/signIn
INFO: [ app_begin ] --START--
INFO: Run Behavior\ReadHtmlCacheBehavior [ RunTime:0.000676s ]
INFO: [ app_begin ] --END-- [ RunTime:0.001148s ]
SQL: SHOW COLUMNS FROM `qs_sqk_sys_config_def` [ RunTime:0.0066s ]
SQL: SELECT * FROM `qs_sqk_sys_config_def`  [ RunTime:0.0017s ]

[ 2018-05-17T10:12:54+08:00 ] 127.0.0.1 /index.php/Appm/Qrcodeurl/signIn
INFO: [ app_begin ] --START--
INFO: Run Behavior\ReadHtmlCacheBehavior [ RunTime:0.000401s ]
INFO: [ app_begin ] --END-- [ RunTime:0.000757s ]
SQL: SHOW COLUMNS FROM `qs_sqk_sys_config_def` [ RunTime:0.0044s ]
SQL: SELECT * FROM `qs_sqk_sys_config_def`  [ RunTime:0.0023s ]
NOTIC: [8] Undefined variable: userInfo E:\wamp\www\qskj_project_sqk_debug_git\qskj_sqk\sqk\Application\Appm\Controller\QrcodeurlController.class.php 第 180 行.
SQL: SHOW COLUMNS FROM `qs_sqk_activ_signin_info` [ RunTime:0.0051s ]
SQL: SELECT * FROM `qs_sqk_activ_signin_info` WHERE `sign_id` = '15' AND `user_id` = null LIMIT 1   [ RunTime:0.0015s ]
SQL: SHOW COLUMNS FROM `qs_sqk_sys_userapp_info` [ RunTime:0.0067s ]
SQL: SELECT `realname`,`id`,`tx_path` FROM `qs_sqk_sys_userapp_info` WHERE ( id=106 ) LIMIT 1   [ RunTime:0.0010s ]

[ 2018-05-17T10:13:21+08:00 ] 127.0.0.1 /index.php/Appm/Qrcodeurl/signIn
INFO: [ app_begin ] --START--
INFO: Run Behavior\ReadHtmlCacheBehavior [ RunTime:0.000514s ]
INFO: [ app_begin ] --END-- [ RunTime:0.000974s ]
SQL: SHOW COLUMNS FROM `qs_sqk_sys_config_def` [ RunTime:0.0062s ]
SQL: SELECT * FROM `qs_sqk_sys_config_def`  [ RunTime:0.0023s ]
SQL: SHOW COLUMNS FROM `qs_sqk_activ_signin_info` [ RunTime:0.0051s ]
SQL: SELECT * FROM `qs_sqk_activ_signin_info` WHERE `sign_id` = '15' AND `user_id` = '106' LIMIT 1   [ RunTime:0.0015s ]
SQL: SHOW COLUMNS FROM `qs_sqk_sys_userapp_info` [ RunTime:0.0048s ]
SQL: SELECT `realname`,`id`,`tx_path` FROM `qs_sqk_sys_userapp_info` WHERE ( id=106 ) LIMIT 1   [ RunTime:0.0012s ]

[ 2018-05-17T10:13:32+08:00 ] 127.0.0.1 /index.php/Appm/Qrcodeurl/signIn
INFO: [ app_begin ] --START--
INFO: Run Behavior\ReadHtmlCacheBehavior [ RunTime:0.000391s ]
INFO: [ app_begin ] --END-- [ RunTime:0.000751s ]
SQL: SHOW COLUMNS FROM `qs_sqk_sys_config_def` [ RunTime:0.0050s ]
SQL: SELECT * FROM `qs_sqk_sys_config_def`  [ RunTime:0.0014s ]
SQL: SHOW COLUMNS FROM `qs_sqk_activ_signin_info` [ RunTime:0.0049s ]
SQL: SELECT * FROM `qs_sqk_activ_signin_info` WHERE `sign_id` = '15' AND `user_id` = '106' LIMIT 1   [ RunTime:0.0020s ]
SQL: SHOW COLUMNS FROM `qs_sqk_sys_userapp_info` [ RunTime:0.0048s ]
SQL: SELECT `realname`,`id`,`tx_path` FROM `qs_sqk_sys_userapp_info` WHERE ( id=106 ) LIMIT 1   [ RunTime:0.0011s ]

[ 2018-05-17T10:14:00+08:00 ] 127.0.0.1 /index.php/Appm/Qrcodeurl/signIn
INFO: [ app_begin ] --START--
INFO: Run Behavior\ReadHtmlCacheBehavior [ RunTime:0.000428s ]
INFO: [ app_begin ] --END-- [ RunTime:0.000784s ]
SQL: SHOW COLUMNS FROM `qs_sqk_sys_config_def` [ RunTime:0.0052s ]
SQL: SELECT * FROM `qs_sqk_sys_config_def`  [ RunTime:0.0017s ]
SQL: SHOW COLUMNS FROM `qs_sqk_activ_signin_info` [ RunTime:0.0058s ]
SQL: SELECT * FROM `qs_sqk_activ_signin_info` WHERE `sign_id` = '15' AND `user_id` = '106' LIMIT 1   [ RunTime:0.0020s ]
SQL: SHOW COLUMNS FROM `qs_sqk_sys_userapp_info` [ RunTime:0.0044s ]
SQL: SELECT `realname`,`id`,`tx_path` FROM `qs_sqk_sys_userapp_info` WHERE ( id=106 ) LIMIT 1   [ RunTime:0.0011s ]
SQL: SHOW COLUMNS FROM `qs_sqk_activ_signin_info` [ RunTime:0.0032s ]
SQL: INSERT INTO `qs_sqk_activ_signin_info` (`sign_type`,`user_id`,`sign_id`,`realname`,`sign_integral`) VALUES ('0','106','15','张晓炜','33') [ RunTime:0.0011s ]
SQL: SHOW COLUMNS FROM `qs_sqk_sys_userapp_info` [ RunTime:0.0038s ]
SQL: UPDATE `qs_sqk_sys_userapp_info` SET `integral_num`=integral_num+33 WHERE ( id=106 ) [ RunTime:0.0009s ]
SQL: SHOW COLUMNS FROM `qs_sqk_sys_userapp_info` [ RunTime:0.0048s ]
SQL: UPDATE `qs_sqk_sys_userapp_info` SET `exp_num`=exp_num+33 WHERE ( id=106 ) [ RunTime:0.0010s ]
SQL: SHOW COLUMNS FROM `qs_sqk_activ_info` [ RunTime:0.0053s ]
NOTIC: [8] Undefined variable: activInfo E:\wamp\www\qskj_project_sqk_debug_git\qskj_sqk\sqk\Application\Appm\Controller\QrcodeurlController.class.php 第 207 行.
SQL: SELECT * FROM `qs_sqk_activ_info` WHERE ( id=5 ) LIMIT 1   [ RunTime:0.0018s ]
SQL: SHOW COLUMNS FROM `qs_sqk_activ_info` [ RunTime:0.0037s ]
SQL: UPDATE `qs_sqk_activ_info` SET `join_num`=join_num+1 WHERE ( id=5 ) [ RunTime:0.0009s ]
SQL: SHOW COLUMNS FROM `qs_sqk_activ_info` [ RunTime:0.0040s ]
SQL: UPDATE `qs_sqk_activ_info` SET `join_ids`='106,106,106,106,' WHERE ( id=5 ) [ RunTime:0.0010s ]

[ 2018-05-17T10:14:53+08:00 ] 127.0.0.1 /index.php/Appm/Qrcodeurl/signIn
INFO: [ app_begin ] --START--
INFO: Run Behavior\ReadHtmlCacheBehavior [ RunTime:0.000389s ]
INFO: [ app_begin ] --END-- [ RunTime:0.000839s ]
SQL: SHOW COLUMNS FROM `qs_sqk_sys_config_def` [ RunTime:0.0059s ]
SQL: SELECT * FROM `qs_sqk_sys_config_def`  [ RunTime:0.0020s ]
SQL: SHOW COLUMNS FROM `qs_sqk_activ_signin_info` [ RunTime:0.0071s ]
SQL: SELECT * FROM `qs_sqk_activ_signin_info` WHERE `sign_id` = '15' AND `user_id` = '106' LIMIT 1   [ RunTime:0.0018s ]
SQL: SHOW COLUMNS FROM `qs_sqk_sys_userapp_info` [ RunTime:0.0065s ]
SQL: SELECT `realname`,`id`,`tx_path` FROM `qs_sqk_sys_userapp_info` WHERE ( id=106 ) LIMIT 1   [ RunTime:0.0012s ]
SQL: SHOW COLUMNS FROM `qs_sqk_activ_signin_info` [ RunTime:0.0047s ]
SQL: INSERT INTO `qs_sqk_activ_signin_info` (`sign_type`,`user_id`,`sign_id`,`realname`,`sign_integral`) VALUES ('0','106','15','张晓炜','33') [ RunTime:0.0010s ]

[ 2018-05-17T10:16:21+08:00 ] 127.0.0.1 /index.php/Appm/Qrcodeurl/signIn
INFO: [ app_begin ] --START--
INFO: Run Behavior\ReadHtmlCacheBehavior [ RunTime:0.000431s ]
INFO: [ app_begin ] --END-- [ RunTime:0.000924s ]
SQL: SHOW COLUMNS FROM `qs_sqk_sys_config_def` [ RunTime:0.0042s ]
SQL: SELECT * FROM `qs_sqk_sys_config_def`  [ RunTime:0.0017s ]
SQL: SHOW COLUMNS FROM `qs_sqk_activ_signin_info` [ RunTime:0.0059s ]
SQL: SELECT * FROM `qs_sqk_activ_signin_info` WHERE `sign_id` = '15' AND `user_id` = '106' LIMIT 1   [ RunTime:0.0018s ]
SQL: SHOW COLUMNS FROM `qs_sqk_sys_userapp_info` [ RunTime:0.0056s ]
SQL: SELECT `realname`,`id`,`tx_path` FROM `qs_sqk_sys_userapp_info` WHERE ( id=106 ) LIMIT 1   [ RunTime:0.0013s ]
SQL: SHOW COLUMNS FROM `qs_sqk_activ_signin_info` [ RunTime:0.0049s ]
SQL: INSERT INTO `qs_sqk_activ_signin_info` (`sign_type`,`user_id`,`sign_id`,`realname`,`sign_integral`) VALUES ('0','106','15','张晓炜','33') [ RunTime:0.0014s ]

[ 2018-05-17T10:17:10+08:00 ] 127.0.0.1 /index.php/Appm/Qrcodeurl/signIn
INFO: [ app_begin ] --START--
INFO: Run Behavior\ReadHtmlCacheBehavior [ RunTime:0.000611s ]
INFO: [ app_begin ] --END-- [ RunTime:0.001020s ]
SQL: SHOW COLUMNS FROM `qs_sqk_sys_config_def` [ RunTime:0.0036s ]
SQL: SELECT * FROM `qs_sqk_sys_config_def`  [ RunTime:0.0017s ]
SQL: SHOW COLUMNS FROM `qs_sqk_activ_signin_info` [ RunTime:0.0052s ]
SQL: SELECT * FROM `qs_sqk_activ_signin_info` WHERE `sign_id` = '15' AND `user_id` = '106' LIMIT 1   [ RunTime:0.0017s ]
SQL: SHOW COLUMNS FROM `qs_sqk_sys_userapp_info` [ RunTime:0.0044s ]
SQL: SELECT `realname`,`id`,`tx_path` FROM `qs_sqk_sys_userapp_info` WHERE ( id=106 ) LIMIT 1   [ RunTime:0.0012s ]
SQL: SHOW COLUMNS FROM `qs_sqk_activ_signin_info` [ RunTime:0.0039s ]
SQL: INSERT INTO `qs_sqk_activ_signin_info` (`sign_type`,`user_id`,`sign_id`,`realname`,`sign_integral`) VALUES ('0','106','15','张晓炜','33') [ RunTime:0.0010s ]

[ 2018-05-17T10:20:15+08:00 ] 127.0.0.1 /index.php/Appm/Qrcodeurl/signIn
INFO: [ app_begin ] --START--
INFO: Run Behavior\ReadHtmlCacheBehavior [ RunTime:0.000748s ]
INFO: [ app_begin ] --END-- [ RunTime:0.001307s ]
SQL: SHOW COLUMNS FROM `qs_sqk_sys_config_def` [ RunTime:0.0058s ]
SQL: SELECT * FROM `qs_sqk_sys_config_def`  [ RunTime:0.0017s ]
SQL: SHOW COLUMNS FROM `qs_sqk_activ_signin_info` [ RunTime:0.0044s ]
SQL: SELECT * FROM `qs_sqk_activ_signin_info` WHERE `sign_id` = '15' AND `user_id` = '106' LIMIT 1   [ RunTime:0.0019s ]
SQL: SHOW COLUMNS FROM `qs_sqk_sys_userapp_info` [ RunTime:0.0054s ]
SQL: SELECT `realname`,`id`,`tx_path` FROM `qs_sqk_sys_userapp_info` WHERE ( id=106 ) LIMIT 1   [ RunTime:0.0014s ]
SQL: SHOW COLUMNS FROM `qs_sqk_activ_signin_info` [ RunTime:0.0046s ]
SQL: INSERT INTO `qs_sqk_activ_signin_info` (`sign_type`,`user_id`,`sign_id`,`realname`,`sign_integral`) VALUES ('0','106','15','张晓炜','33') [ RunTime:0.0010s ]
SQL: SHOW COLUMNS FROM `qs_sqk_sys_userapp_info` [ RunTime:0.0050s ]
SQL: UPDATE `qs_sqk_sys_userapp_info` SET `integral_num`=integral_num+33 WHERE ( id=106 ) [ RunTime:0.0009s ]
SQL: SHOW COLUMNS FROM `qs_sqk_sys_userapp_info` [ RunTime:0.0049s ]
SQL: UPDATE `qs_sqk_sys_userapp_info` SET `exp_num`=exp_num+33 WHERE ( id=106 ) [ RunTime:0.0010s ]
SQL: SHOW COLUMNS FROM `qs_sqk_activ_info` [ RunTime:0.0048s ]
NOTIC: [8] Undefined variable: activInfo E:\wamp\www\qskj_project_sqk_debug_git\qskj_sqk\sqk\Application\Appm\Controller\QrcodeurlController.class.php 第 208 行.
SQL: SELECT * FROM `qs_sqk_activ_info` WHERE ( id=5 ) LIMIT 1   [ RunTime:0.0017s ]
SQL: SHOW COLUMNS FROM `qs_sqk_activ_info` [ RunTime:0.0044s ]
SQL: UPDATE `qs_sqk_activ_info` SET `join_num`=join_num+1 WHERE ( id=5 ) [ RunTime:0.0011s ]
SQL: SHOW COLUMNS FROM `qs_sqk_activ_info` [ RunTime:0.0052s ]
SQL: UPDATE `qs_sqk_activ_info` SET `join_ids`='106,106,106,106,106,' WHERE ( id=5 ) [ RunTime:0.0009s ]

[ 2018-05-17T10:20:24+08:00 ] 127.0.0.1 /index.php/Appm/Qrcodeurl/signIn
INFO: [ app_begin ] --START--
INFO: Run Behavior\ReadHtmlCacheBehavior [ RunTime:0.000443s ]
INFO: [ app_begin ] --END-- [ RunTime:0.000825s ]
SQL: SHOW COLUMNS FROM `qs_sqk_sys_config_def` [ RunTime:0.0070s ]
SQL: SELECT * FROM `qs_sqk_sys_config_def`  [ RunTime:0.0017s ]
SQL: SHOW COLUMNS FROM `qs_sqk_activ_signin_info` [ RunTime:0.0041s ]
SQL: SELECT * FROM `qs_sqk_activ_signin_info` WHERE `sign_id` = '15' AND `user_id` = '106' LIMIT 1   [ RunTime:0.0018s ]
SQL: SHOW COLUMNS FROM `qs_sqk_sys_userapp_info` [ RunTime:0.0062s ]
SQL: SELECT `realname`,`id`,`tx_path` FROM `qs_sqk_sys_userapp_info` WHERE ( id=106 ) LIMIT 1   [ RunTime:0.0011s ]

[ 2018-05-17T10:21:20+08:00 ] 127.0.0.1 /index.php/Appm/Qrcodeurl/signIn
INFO: [ app_begin ] --START--
INFO: Run Behavior\ReadHtmlCacheBehavior [ RunTime:0.000457s ]
INFO: [ app_begin ] --END-- [ RunTime:0.000958s ]
SQL: SHOW COLUMNS FROM `qs_sqk_sys_config_def` [ RunTime:0.0067s ]
SQL: SELECT * FROM `qs_sqk_sys_config_def`  [ RunTime:0.0016s ]
SQL: SHOW COLUMNS FROM `qs_sqk_activ_signin_info` [ RunTime:0.0053s ]
SQL: SELECT * FROM `qs_sqk_activ_signin_info` WHERE `sign_id` = '15' AND `user_id` = '106' LIMIT 1   [ RunTime:0.0018s ]
SQL: SHOW COLUMNS FROM `qs_sqk_sys_userapp_info` [ RunTime:0.0057s ]
SQL: SELECT `realname`,`id`,`tx_path` FROM `qs_sqk_sys_userapp_info` WHERE ( id=106 ) LIMIT 1   [ RunTime:0.0012s ]

[ 2018-05-17T10:21:27+08:00 ] 192.168.1.42 /index.php/Appm/Qrcodeurl/signIn
INFO: [ app_begin ] --START--
INFO: Run Behavior\ReadHtmlCacheBehavior [ RunTime:0.000451s ]
INFO: [ app_begin ] --END-- [ RunTime:0.000848s ]
SQL: SHOW COLUMNS FROM `qs_sqk_sys_config_def` [ RunTime:0.0037s ]
SQL: SELECT * FROM `qs_sqk_sys_config_def`  [ RunTime:0.0022s ]
SQL: SHOW COLUMNS FROM `qs_sqk_activ_signin_info` [ RunTime:0.0055s ]
SQL: SELECT * FROM `qs_sqk_activ_signin_info` WHERE `sign_id` = '15' AND `user_id` = '106' LIMIT 1   [ RunTime:0.0019s ]
SQL: SHOW COLUMNS FROM `qs_sqk_sys_userapp_info` [ RunTime:0.0061s ]
SQL: SELECT `realname`,`id`,`tx_path` FROM `qs_sqk_sys_userapp_info` WHERE ( id=106 ) LIMIT 1   [ RunTime:0.0013s ]

[ 2018-05-17T10:21:59+08:00 ] 192.168.1.42 /index.php/Appm/Qrcodeurl/signIn
INFO: [ app_begin ] --START--
INFO: Run Behavior\ReadHtmlCacheBehavior [ RunTime:0.000545s ]
INFO: [ app_begin ] --END-- [ RunTime:0.001000s ]
SQL: SHOW COLUMNS FROM `qs_sqk_sys_config_def` [ RunTime:0.0054s ]
SQL: SELECT * FROM `qs_sqk_sys_config_def`  [ RunTime:0.0018s ]
SQL: SHOW COLUMNS FROM `qs_sqk_activ_signin_info` [ RunTime:0.0056s ]
SQL: SELECT * FROM `qs_sqk_activ_signin_info` WHERE `sign_id` = '15' AND `user_id` = '106' LIMIT 1   [ RunTime:0.0016s ]
SQL: SHOW COLUMNS FROM `qs_sqk_sys_userapp_info` [ RunTime:0.0052s ]
SQL: SELECT `realname`,`id`,`tx_path` FROM `qs_sqk_sys_userapp_info` WHERE ( id=106 ) LIMIT 1   [ RunTime:0.0020s ]

[ 2018-05-17T10:22:46+08:00 ] 127.0.0.1 /index.php/Appm/Qrcodeurl/signIn
INFO: [ app_begin ] --START--
INFO: Run Behavior\ReadHtmlCacheBehavior [ RunTime:0.000558s ]
INFO: [ app_begin ] --END-- [ RunTime:0.000988s ]
SQL: SHOW COLUMNS FROM `qs_sqk_sys_config_def` [ RunTime:0.0042s ]
SQL: SELECT * FROM `qs_sqk_sys_config_def`  [ RunTime:0.0017s ]
SQL: SHOW COLUMNS FROM `qs_sqk_activ_signin_info` [ RunTime:0.0059s ]
SQL: SELECT * FROM `qs_sqk_activ_signin_info` WHERE `sign_id` = '15' AND `user_id` = '106' LIMIT 1   [ RunTime:0.0018s ]
SQL: SHOW COLUMNS FROM `qs_sqk_sys_userapp_info` [ RunTime:0.0046s ]
SQL: SELECT `realname`,`id`,`tx_path` FROM `qs_sqk_sys_userapp_info` WHERE ( id=106 ) LIMIT 1   [ RunTime:0.0013s ]

[ 2018-05-17T10:22:53+08:00 ] 192.168.1.42 /index.php/Appm/Qrcodeurl/signIn
INFO: [ app_begin ] --START--
INFO: Run Behavior\ReadHtmlCacheBehavior [ RunTime:0.000419s ]
INFO: [ app_begin ] --END-- [ RunTime:0.000759s ]
SQL: SHOW COLUMNS FROM `qs_sqk_sys_config_def` [ RunTime:0.0048s ]
SQL: SELECT * FROM `qs_sqk_sys_config_def`  [ RunTime:0.0015s ]
SQL: SHOW COLUMNS FROM `qs_sqk_activ_signin_info` [ RunTime:0.0050s ]
SQL: SELECT * FROM `qs_sqk_activ_signin_info` WHERE `sign_id` = '15' AND `user_id` = '106' LIMIT 1   [ RunTime:0.0017s ]
SQL: SHOW COLUMNS FROM `qs_sqk_sys_userapp_info` [ RunTime:0.0055s ]
SQL: SELECT `realname`,`id`,`tx_path` FROM `qs_sqk_sys_userapp_info` WHERE ( id=106 ) LIMIT 1   [ RunTime:0.0009s ]

[ 2018-05-17T10:27:41+08:00 ] 127.0.0.1 /index.php/Appm/Qrcodeurl/signIn
INFO: [ app_begin ] --START--
INFO: Run Behavior\ReadHtmlCacheBehavior [ RunTime:0.000577s ]
INFO: [ app_begin ] --END-- [ RunTime:0.000950s ]
SQL: SHOW COLUMNS FROM `qs_sqk_sys_config_def` [ RunTime:0.0047s ]
SQL: SELECT * FROM `qs_sqk_sys_config_def`  [ RunTime:0.0023s ]
SQL: SHOW COLUMNS FROM `qs_sqk_activ_signin_info` [ RunTime:0.0048s ]
SQL: SELECT * FROM `qs_sqk_activ_signin_info` WHERE `sign_id` = '15' AND `user_id` = '106' LIMIT 1   [ RunTime:0.0016s ]
SQL: SHOW COLUMNS FROM `qs_sqk_sys_userapp_info` [ RunTime:0.0047s ]
SQL: SELECT `realname`,`id`,`tx_path`,`tel` FROM `qs_sqk_sys_userapp_info` WHERE ( id=106 ) LIMIT 1   [ RunTime:0.0014s ]

[ 2018-05-17T10:27:45+08:00 ] 127.0.0.1 /index.php/Appm/Qrcodeurl/signIn
INFO: [ app_begin ] --START--
INFO: Run Behavior\ReadHtmlCacheBehavior [ RunTime:0.000386s ]
INFO: [ app_begin ] --END-- [ RunTime:0.000739s ]
SQL: SHOW COLUMNS FROM `qs_sqk_sys_config_def` [ RunTime:0.0061s ]
SQL: SELECT * FROM `qs_sqk_sys_config_def`  [ RunTime:0.0018s ]
SQL: SHOW COLUMNS FROM `qs_sqk_activ_signin_info` [ RunTime:0.0052s ]
SQL: SELECT * FROM `qs_sqk_activ_signin_info` WHERE `sign_id` = '15' AND `user_id` = '106' LIMIT 1   [ RunTime:0.0017s ]
SQL: SHOW COLUMNS FROM `qs_sqk_sys_userapp_info` [ RunTime:0.0055s ]
SQL: SELECT `realname`,`id`,`tx_path`,`tel` FROM `qs_sqk_sys_userapp_info` WHERE ( id=106 ) LIMIT 1   [ RunTime:0.0012s ]

[ 2018-05-17T10:27:47+08:00 ] 127.0.0.1 /index.php/Appm/Qrcodeurl/signIn
INFO: [ app_begin ] --START--
INFO: Run Behavior\ReadHtmlCacheBehavior [ RunTime:0.000424s ]
INFO: [ app_begin ] --END-- [ RunTime:0.000765s ]
SQL: SHOW COLUMNS FROM `qs_sqk_sys_config_def` [ RunTime:0.0057s ]
SQL: SELECT * FROM `qs_sqk_sys_config_def`  [ RunTime:0.0017s ]
SQL: SHOW COLUMNS FROM `qs_sqk_activ_signin_info` [ RunTime:0.0042s ]
SQL: SELECT * FROM `qs_sqk_activ_signin_info` WHERE `sign_id` = '15' AND `user_id` = '106' LIMIT 1   [ RunTime:0.0016s ]
SQL: SHOW COLUMNS FROM `qs_sqk_sys_userapp_info` [ RunTime:0.0070s ]
SQL: SELECT `realname`,`id`,`tx_path`,`tel` FROM `qs_sqk_sys_userapp_info` WHERE ( id=106 ) LIMIT 1   [ RunTime:0.0010s ]

[ 2018-05-17T10:28:10+08:00 ] 192.168.1.42 /index.php/Appm/Qrcodeurl/signIn
INFO: [ app_begin ] --START--
INFO: Run Behavior\ReadHtmlCacheBehavior [ RunTime:0.000405s ]
INFO: [ app_begin ] --END-- [ RunTime:0.000787s ]
SQL: SHOW COLUMNS FROM `qs_sqk_sys_config_def` [ RunTime:0.0044s ]
SQL: SELECT * FROM `qs_sqk_sys_config_def`  [ RunTime:0.0020s ]
SQL: SHOW COLUMNS FROM `qs_sqk_activ_signin_info` [ RunTime:0.0053s ]
SQL: SELECT * FROM `qs_sqk_activ_signin_info` WHERE `sign_id` = '15' AND `user_id` = '106' LIMIT 1   [ RunTime:0.0020s ]
SQL: SHOW COLUMNS FROM `qs_sqk_sys_userapp_info` [ RunTime:0.0049s ]
SQL: SELECT `realname`,`id`,`tx_path`,`tel` FROM `qs_sqk_sys_userapp_info` WHERE ( id=106 ) LIMIT 1   [ RunTime:0.0011s ]
SQL: SHOW COLUMNS FROM `qs_sqk_activ_signin_info` [ RunTime:0.0032s ]
SQL: INSERT INTO `qs_sqk_activ_signin_info` (`sign_type`,`user_id`,`sign_id`,`realname`,`sign_integral`) VALUES ('0','106','15','张晓炜','33') [ RunTime:0.0010s ]
SQL: SHOW COLUMNS FROM `qs_sqk_sys_userapp_info` [ RunTime:0.0054s ]
SQL: UPDATE `qs_sqk_sys_userapp_info` SET `integral_num`=integral_num+33 WHERE ( id=106 ) [ RunTime:0.0010s ]
SQL: SHOW COLUMNS FROM `qs_sqk_sys_userapp_info` [ RunTime:0.0034s ]
SQL: UPDATE `qs_sqk_sys_userapp_info` SET `exp_num`=exp_num+33 WHERE ( id=106 ) [ RunTime:0.0009s ]
SQL: SHOW COLUMNS FROM `qs_sqk_activ_info` [ RunTime:0.0039s ]
NOTIC: [8] Undefined variable: activInfo E:\wamp\www\qskj_project_sqk_debug_git\qskj_sqk\sqk\Application\Appm\Controller\QrcodeurlController.class.php 第 208 行.
SQL: SELECT * FROM `qs_sqk_activ_info` WHERE ( id=5 ) LIMIT 1   [ RunTime:0.0020s ]
SQL: SHOW COLUMNS FROM `qs_sqk_activ_info` [ RunTime:0.0048s ]
SQL: UPDATE `qs_sqk_activ_info` SET `join_num`=join_num+1 WHERE ( id=5 ) [ RunTime:0.0010s ]
SQL: SHOW COLUMNS FROM `qs_sqk_activ_info` [ RunTime:0.0052s ]
SQL: UPDATE `qs_sqk_activ_info` SET `join_ids`='106,106,106,106,106,106,' WHERE ( id=5 ) [ RunTime:0.0009s ]

[ 2018-05-17T10:28:40+08:00 ] 192.168.1.42 /index.php/Appm/Qrcodeurl/signIn
INFO: [ app_begin ] --START--
INFO: Run Behavior\ReadHtmlCacheBehavior [ RunTime:0.000772s ]
INFO: [ app_begin ] --END-- [ RunTime:0.001504s ]
SQL: SHOW COLUMNS FROM `qs_sqk_sys_config_def` [ RunTime:0.0055s ]
SQL: SELECT * FROM `qs_sqk_sys_config_def`  [ RunTime:0.0020s ]
SQL: SHOW COLUMNS FROM `qs_sqk_activ_signin_info` [ RunTime:0.0050s ]
SQL: SELECT * FROM `qs_sqk_activ_signin_info` WHERE `sign_id` = '15' AND `user_id` = '106' LIMIT 1   [ RunTime:0.0017s ]
SQL: SHOW COLUMNS FROM `qs_sqk_sys_userapp_info` [ RunTime:0.0050s ]
SQL: SELECT `realname`,`id`,`tx_path`,`tel` FROM `qs_sqk_sys_userapp_info` WHERE ( id=106 ) LIMIT 1   [ RunTime:0.0014s ]

[ 2018-05-17T11:37:44+08:00 ] 127.0.0.1 /index.php/Appm/Login/login
INFO: [ app_begin ] --START--
INFO: Run Behavior\ReadHtmlCacheBehavior [ RunTime:0.000411s ]
INFO: [ app_begin ] --END-- [ RunTime:0.000789s ]
SQL: SHOW COLUMNS FROM `qs_sqk_sys_config_def` [ RunTime:0.0055s ]
SQL: SELECT * FROM `qs_sqk_sys_config_def`  [ RunTime:0.0020s ]

[ 2018-05-17T11:37:45+08:00 ] 127.0.0.1 /index.php/Appm/login/checkIsLogin
INFO: [ app_begin ] --START--
INFO: Run Behavior\ReadHtmlCacheBehavior [ RunTime:0.000428s ]
INFO: [ app_begin ] --END-- [ RunTime:0.000828s ]
SQL: SHOW COLUMNS FROM `qs_sqk_sys_config_def` [ RunTime:0.0039s ]
SQL: SELECT * FROM `qs_sqk_sys_config_def`  [ RunTime:0.0018s ]
SQL: SHOW COLUMNS FROM `qs_sqk_notice_cat` [ RunTime:0.0045s ]
SQL: SELECT * FROM `qs_sqk_notice_cat` WHERE ( is_enable=1 )  [ RunTime:0.0011s ]
NOTIC: [8] Undefined variable: str E:\wamp\www\qskj_project_sqk_debug_git\qskj_sqk\sqk\Application\Appm\Controller\NoticeController.class.php 第 180 行.
SQL: SHOW COLUMNS FROM `qs_sqk_notice_info` [ RunTime:0.0043s ]
SQL: SELECT COUNT(*) AS tp_count FROM `qs_sqk_notice_info` WHERE ( is_publish=1 and read_ids not like "%,106,%" and cat_id in (0,1,2,3) ) LIMIT 1   [ RunTime:0.0010s ]
SQL: SELECT * FROM `qs_sqk_sys_config_def`  [ RunTime:0.0009s ]
SQL: SHOW COLUMNS FROM `qs_sqk_activ_cat` [ RunTime:0.0044s ]
SQL: SELECT * FROM `qs_sqk_activ_cat` WHERE ( is_enable=1 )  [ RunTime:0.0011s ]
NOTIC: [8] Undefined variable: str E:\wamp\www\qskj_project_sqk_debug_git\qskj_sqk\sqk\Application\Appm\Controller\ActivityController.class.php 第 380 行.
SQL: SHOW COLUMNS FROM `qs_sqk_activ_info` [ RunTime:0.0036s ]
SQL: SELECT COUNT(*) AS tp_count FROM `qs_sqk_activ_info` WHERE ( is_publish=1 and read_ids not like "%,106,%" and cat_id in (0,1,2) ) LIMIT 1   [ RunTime:0.0009s ]

[ 2018-05-17T11:37:45+08:00 ] 127.0.0.1 /index.php/Appm/Activity/getList
INFO: [ app_begin ] --START--
INFO: Run Behavior\ReadHtmlCacheBehavior [ RunTime:0.001029s ]
INFO: [ app_begin ] --END-- [ RunTime:0.001522s ]
SQL: SHOW COLUMNS FROM `qs_sqk_sys_config_def` [ RunTime:0.0053s ]
SQL: SELECT * FROM `qs_sqk_sys_config_def`  [ RunTime:0.0016s ]
SQL: SHOW COLUMNS FROM `qs_sqk_activ_cat` [ RunTime:0.0051s ]
SQL: SELECT * FROM `qs_sqk_activ_cat` WHERE ( is_enable=1 )  [ RunTime:0.0022s ]
NOTIC: [8] Undefined variable: str E:\wamp\www\qskj_project_sqk_debug_git\qskj_sqk\sqk\Application\Appm\Controller\ActivityController.class.php 第 380 行.
SQL: SHOW COLUMNS FROM `qs_sqk_activ_info` [ RunTime:0.0060s ]
SQL: SELECT * FROM `qs_sqk_activ_info` WHERE `is_publish` = 1 AND `cat_id` IN ('0','1','2') ORDER BY id desc LIMIT 4   [ RunTime:0.0022s ]
SQL: SELECT COUNT(*) AS tp_count FROM `qs_sqk_activ_info` WHERE `is_publish` = 1 AND `cat_id` IN ('0','1','2') LIMIT 1   [ RunTime:0.0010s ]
SQL: SELECT * FROM `qs_sqk_activ_cat` WHERE ( id=1 ) LIMIT 1   [ RunTime:0.0012s ]
SQL: SELECT * FROM `qs_sqk_activ_info` WHERE ( id=14 ) LIMIT 1   [ RunTime:0.0019s ]
SQL: SHOW COLUMNS FROM `qs_sqk_sys_all_attach` [ RunTime:0.0033s ]
SQL: SELECT * FROM `qs_sqk_sys_all_attach` WHERE ( module_name="activity" and module_info_id=14 )  [ RunTime:0.0011s ]
SQL: SELECT * FROM `qs_sqk_activ_cat` WHERE ( id=1 ) LIMIT 1   [ RunTime:0.0012s ]
SQL: SELECT * FROM `qs_sqk_activ_info` WHERE ( id=13 ) LIMIT 1   [ RunTime:0.0012s ]
SQL: SELECT * FROM `qs_sqk_sys_all_attach` WHERE ( module_name="activity" and module_info_id=13 )  [ RunTime:0.0012s ]
SQL: SELECT * FROM `qs_sqk_activ_cat` WHERE ( id=2 ) LIMIT 1   [ RunTime:0.0012s ]
SQL: SELECT * FROM `qs_sqk_activ_info` WHERE ( id=12 ) LIMIT 1   [ RunTime:0.0012s ]
SQL: SELECT * FROM `qs_sqk_sys_all_attach` WHERE ( module_name="activity" and module_info_id=12 )  [ RunTime:0.0012s ]
SQL: SELECT * FROM `qs_sqk_activ_cat` WHERE ( id=2 ) LIMIT 1   [ RunTime:0.0012s ]
SQL: SELECT * FROM `qs_sqk_activ_info` WHERE ( id=11 ) LIMIT 1   [ RunTime:0.0012s ]
SQL: SELECT * FROM `qs_sqk_sys_all_attach` WHERE ( module_name="activity" and module_info_id=11 )  [ RunTime:0.0012s ]

