[ 2018-06-05T10:35:37+08:00 ] 127.0.0.1 /index.php/Appm
INFO: [ app_init ] --START--
INFO: Run Behavior\BuildLiteBehavior [ RunTime:0.000021s ]
INFO: [ app_init ] --END-- [ RunTime:0.000376s ]
INFO: [ app_begin ] --START--
INFO: Run Behavior\ReadHtmlCacheBehavior [ RunTime:0.000424s ]
INFO: [ app_begin ] --END-- [ RunTime:0.000533s ]
SQL: SHOW COLUMNS FROM `qs_sqk_sys_config_def` [ RunTime:0.0049s ]
SQL: SELECT * FROM `qs_sqk_sys_config_def`  [ RunTime:0.0018s ]
NOTIC: [8] Undefined index: code E:\wamp\www\qskj_project_sqk_debug_git\qskj_sqk\sqk\Application\Appm\Controller\IndexController.class.php 第 37 行.
NOTIC: [8] Undefined index: access_token E:\wamp\www\qskj_project_sqk_debug_git\qskj_sqk\sqk\Application\Appm\Controller\IndexController.class.php 第 41 行.
NOTIC: [8] Undefined index: openid E:\wamp\www\qskj_project_sqk_debug_git\qskj_sqk\sqk\Application\Appm\Controller\IndexController.class.php 第 41 行.
NOTIC: [8] Undefined index: headimgurl E:\wamp\www\qskj_project_sqk_debug_git\qskj_sqk\sqk\Application\Appm\Controller\IndexController.class.php 第 45 行.
NOTIC: [8] Undefined index: openid E:\wamp\www\qskj_project_sqk_debug_git\qskj_sqk\sqk\Application\Appm\Controller\IndexController.class.php 第 46 行.
NOTIC: [8] Undefined index: nickname E:\wamp\www\qskj_project_sqk_debug_git\qskj_sqk\sqk\Application\Appm\Controller\IndexController.class.php 第 47 行.

[ 2018-06-05T10:35:37+08:00 ] 127.0.0.1 /index.php/Appm/Login/index.html
INFO: [ app_init ] --START--
INFO: Run Behavior\BuildLiteBehavior [ RunTime:0.000024s ]
INFO: [ app_init ] --END-- [ RunTime:0.000469s ]
INFO: [ app_begin ] --START--
INFO: Run Behavior\ReadHtmlCacheBehavior [ RunTime:0.000489s ]
INFO: [ app_begin ] --END-- [ RunTime:0.000617s ]
SQL: SHOW COLUMNS FROM `qs_sqk_sys_config_def` [ RunTime:0.0058s ]
SQL: SELECT * FROM `qs_sqk_sys_config_def`  [ RunTime:0.0017s ]
SQL: SHOW COLUMNS FROM `qs_sqk_sys_userapp_info` [ RunTime:0.0045s ]
SQL: SELECT * FROM `qs_sqk_sys_userapp_info` WHERE `wx_num` = '' LIMIT 1   [ RunTime:0.0035s ]
INFO: [ view_parse ] --START--
INFO: [ template_filter ] --START--
INFO: Run Behavior\ContentReplaceBehavior [ RunTime:0.000185s ]
INFO: [ template_filter ] --END-- [ RunTime:0.000561s ]
INFO: Run Behavior\ParseTemplateBehavior [ RunTime:0.023400s ]
INFO: [ view_parse ] --END-- [ RunTime:0.023788s ]
INFO: [ view_filter ] --START--
INFO: Run Behavior\WriteHtmlCacheBehavior [ RunTime:0.001756s ]
INFO: [ view_filter ] --END-- [ RunTime:0.002063s ]
INFO: [ app_end ] --START--
INFO: Run Behavior\ShowPageTraceBehavior [ RunTime:0.001166s ]
INFO: [ app_end ] --END-- [ RunTime:0.001404s ]

[ 2018-06-05T10:36:21+08:00 ] 127.0.0.1 /index.php/Appm/Login/ys
INFO: [ app_init ] --START--
INFO: Run Behavior\BuildLiteBehavior [ RunTime:0.000022s ]
INFO: [ app_init ] --END-- [ RunTime:0.000390s ]
INFO: [ app_begin ] --START--
INFO: Run Behavior\ReadHtmlCacheBehavior [ RunTime:0.000406s ]
INFO: [ app_begin ] --END-- [ RunTime:0.000522s ]
SQL: SHOW COLUMNS FROM `qs_sqk_sys_config_def` [ RunTime:0.0046s ]
SQL: SELECT * FROM `qs_sqk_sys_config_def`  [ RunTime:0.0023s ]

[ 2018-06-05T10:36:21+08:00 ] 127.0.0.1 /index.php/Appm/activity/activity_list.html
INFO: [ app_init ] --START--
INFO: Run Behavior\BuildLiteBehavior [ RunTime:0.000024s ]
INFO: [ app_init ] --END-- [ RunTime:0.000400s ]
INFO: [ app_begin ] --START--
INFO: Run Behavior\ReadHtmlCacheBehavior [ RunTime:0.000411s ]
INFO: [ app_begin ] --END-- [ RunTime:0.000528s ]
SQL: SHOW COLUMNS FROM `qs_sqk_sys_config_def` [ RunTime:0.0044s ]
SQL: SELECT * FROM `qs_sqk_sys_config_def`  [ RunTime:0.0019s ]
SQL: SHOW COLUMNS FROM `qs_sqk_activ_cat` [ RunTime:0.0042s ]
SQL: SELECT * FROM `qs_sqk_activ_cat` WHERE ( is_enable=1 )  [ RunTime:0.0019s ]
SQL: SELECT * FROM `qs_sqk_sys_config_def`  [ RunTime:0.0022s ]
SQL: SHOW COLUMNS FROM `qs_sqk_seller_prom_info` [ RunTime:0.0054s ]
SQL: SELECT * FROM `qs_sqk_seller_prom_info` WHERE ( status=1 )  [ RunTime:0.0011s ]
NOTIC: [8] Undefined variable: str E:\wamp\www\qskj_project_sqk_debug_git\qskj_sqk\sqk\Application\Appm\Controller\SellerController.class.php 第 343 行.
SQL: SHOW COLUMNS FROM `qs_sqk_sys_all_attach` [ RunTime:0.0030s ]
SQL: SELECT * FROM `qs_sqk_sys_all_attach` WHERE ( module_name="sellerProm" and module_info_id in (40,41) ) ORDER BY id desc  [ RunTime:0.0013s ]
INFO: [ view_parse ] --START--
INFO: [ template_filter ] --START--
INFO: Run Behavior\ContentReplaceBehavior [ RunTime:0.000095s ]
INFO: [ template_filter ] --END-- [ RunTime:0.000209s ]
INFO: Run Behavior\ParseTemplateBehavior [ RunTime:0.062160s ]
INFO: [ view_parse ] --END-- [ RunTime:0.062271s ]
INFO: [ view_filter ] --START--
INFO: Run Behavior\WriteHtmlCacheBehavior [ RunTime:0.000532s ]
INFO: [ view_filter ] --END-- [ RunTime:0.000631s ]
INFO: [ app_end ] --START--
INFO: Run Behavior\ShowPageTraceBehavior [ RunTime:0.000685s ]
INFO: [ app_end ] --END-- [ RunTime:0.000790s ]

[ 2018-06-05T10:36:22+08:00 ] 127.0.0.1 /index.php/Appm/Activity/getList
INFO: [ app_init ] --START--
INFO: Run Behavior\BuildLiteBehavior [ RunTime:0.000027s ]
INFO: [ app_init ] --END-- [ RunTime:0.000415s ]
INFO: [ app_begin ] --START--
INFO: Run Behavior\ReadHtmlCacheBehavior [ RunTime:0.000442s ]
INFO: [ app_begin ] --END-- [ RunTime:0.000550s ]
SQL: SHOW COLUMNS FROM `qs_sqk_sys_config_def` [ RunTime:0.0038s ]
SQL: SELECT * FROM `qs_sqk_sys_config_def`  [ RunTime:0.0015s ]
SQL: SHOW COLUMNS FROM `qs_sqk_activ_cat` [ RunTime:0.0037s ]
SQL: SELECT * FROM `qs_sqk_activ_cat` WHERE ( is_enable=1 )  [ RunTime:0.0014s ]
NOTIC: [8] Undefined variable: str E:\wamp\www\qskj_project_sqk_debug_git\qskj_sqk\sqk\Application\Appm\Controller\ActivityController.class.php 第 383 行.
SQL: SHOW COLUMNS FROM `qs_sqk_activ_info` [ RunTime:0.0057s ]
SQL: SELECT * FROM `qs_sqk_activ_info` WHERE `is_publish` = 1 AND `cat_id` IN ('0','1','2') ORDER BY id desc LIMIT 4   [ RunTime:0.0022s ]
SQL: SELECT COUNT(*) AS tp_count FROM `qs_sqk_activ_info` WHERE `is_publish` = 1 AND `cat_id` IN ('0','1','2') LIMIT 1   [ RunTime:0.0014s ]

[ 2018-06-05T10:36:22+08:00 ] 127.0.0.1 /index.php/Appm/login/checkIsLogin
INFO: [ app_init ] --START--
INFO: Run Behavior\BuildLiteBehavior [ RunTime:0.000049s ]
INFO: [ app_init ] --END-- [ RunTime:0.000659s ]
INFO: [ app_begin ] --START--
INFO: Run Behavior\ReadHtmlCacheBehavior [ RunTime:0.000667s ]
INFO: [ app_begin ] --END-- [ RunTime:0.000773s ]
SQL: SHOW COLUMNS FROM `qs_sqk_sys_config_def` [ RunTime:0.0051s ]
SQL: SELECT * FROM `qs_sqk_sys_config_def`  [ RunTime:0.0016s ]
SQL: SHOW COLUMNS FROM `qs_sqk_notice_cat` [ RunTime:0.0040s ]
SQL: SELECT * FROM `qs_sqk_notice_cat` WHERE ( is_enable=1 )  [ RunTime:0.0016s ]
NOTIC: [8] Undefined variable: str E:\wamp\www\qskj_project_sqk_debug_git\qskj_sqk\sqk\Application\Appm\Controller\NoticeController.class.php 第 181 行.
SQL: SHOW COLUMNS FROM `qs_sqk_notice_info` [ RunTime:0.0040s ]
SQL: SELECT COUNT(*) AS tp_count FROM `qs_sqk_notice_info` WHERE ( is_publish=1 and read_ids not like "%,129,%" and cat_id in (0,1,2,3) and address_id=3 ) LIMIT 1   [ RunTime:0.0011s ]
SQL: SELECT * FROM `qs_sqk_sys_config_def`  [ RunTime:0.0010s ]
SQL: SHOW COLUMNS FROM `qs_sqk_activ_cat` [ RunTime:0.0040s ]
SQL: SELECT * FROM `qs_sqk_activ_cat` WHERE ( is_enable=1 )  [ RunTime:0.0011s ]
NOTIC: [8] Undefined variable: str E:\wamp\www\qskj_project_sqk_debug_git\qskj_sqk\sqk\Application\Appm\Controller\ActivityController.class.php 第 383 行.
SQL: SHOW COLUMNS FROM `qs_sqk_activ_info` [ RunTime:0.0053s ]
SQL: SELECT COUNT(*) AS tp_count FROM `qs_sqk_activ_info` WHERE ( is_publish=1 and read_ids not like "%,129,%" and cat_id in (0,1,2) ) LIMIT 1   [ RunTime:0.0009s ]

[ 2018-06-05T10:36:25+08:00 ] 127.0.0.1 /index.php/Appm/notice/notice_list
INFO: [ app_init ] --START--
INFO: Run Behavior\BuildLiteBehavior [ RunTime:0.000024s ]
INFO: [ app_init ] --END-- [ RunTime:0.000399s ]
INFO: [ app_begin ] --START--
INFO: Run Behavior\ReadHtmlCacheBehavior [ RunTime:0.000405s ]
INFO: [ app_begin ] --END-- [ RunTime:0.000509s ]
SQL: SHOW COLUMNS FROM `qs_sqk_sys_config_def` [ RunTime:0.0042s ]
SQL: SELECT * FROM `qs_sqk_sys_config_def`  [ RunTime:0.0020s ]
SQL: SHOW COLUMNS FROM `qs_sqk_seller_prom_info` [ RunTime:0.0047s ]
SQL: SELECT * FROM `qs_sqk_seller_prom_info` WHERE ( status=1 )  [ RunTime:0.0026s ]
NOTIC: [8] Undefined variable: str E:\wamp\www\qskj_project_sqk_debug_git\qskj_sqk\sqk\Application\Appm\Controller\SellerController.class.php 第 343 行.
SQL: SHOW COLUMNS FROM `qs_sqk_sys_all_attach` [ RunTime:0.0042s ]
SQL: SELECT * FROM `qs_sqk_sys_all_attach` WHERE ( module_name="sellerProm" and module_info_id in (40,41) ) ORDER BY id desc  [ RunTime:0.0013s ]
INFO: [ view_parse ] --START--
INFO: [ template_filter ] --START--
INFO: Run Behavior\ContentReplaceBehavior [ RunTime:0.000075s ]
INFO: [ template_filter ] --END-- [ RunTime:0.000183s ]
INFO: Run Behavior\ParseTemplateBehavior [ RunTime:0.010146s ]
INFO: [ view_parse ] --END-- [ RunTime:0.010258s ]
INFO: [ view_filter ] --START--
INFO: Run Behavior\WriteHtmlCacheBehavior [ RunTime:0.000620s ]
INFO: [ view_filter ] --END-- [ RunTime:0.000715s ]
INFO: [ app_end ] --START--
INFO: Run Behavior\ShowPageTraceBehavior [ RunTime:0.000836s ]
INFO: [ app_end ] --END-- [ RunTime:0.000940s ]

[ 2018-06-05T10:36:25+08:00 ] 127.0.0.1 /index.php/Appm/login/checkIsLogin
INFO: [ app_init ] --START--
INFO: Run Behavior\BuildLiteBehavior [ RunTime:0.000025s ]
INFO: [ app_init ] --END-- [ RunTime:0.000459s ]
INFO: [ app_begin ] --START--
INFO: Run Behavior\ReadHtmlCacheBehavior [ RunTime:0.000407s ]
INFO: [ app_begin ] --END-- [ RunTime:0.000502s ]
SQL: SHOW COLUMNS FROM `qs_sqk_sys_config_def` [ RunTime:0.0051s ]
SQL: SELECT * FROM `qs_sqk_sys_config_def`  [ RunTime:0.0015s ]
SQL: SHOW COLUMNS FROM `qs_sqk_notice_cat` [ RunTime:0.0041s ]
SQL: SELECT * FROM `qs_sqk_notice_cat` WHERE ( is_enable=1 )  [ RunTime:0.0011s ]
NOTIC: [8] Undefined variable: str E:\wamp\www\qskj_project_sqk_debug_git\qskj_sqk\sqk\Application\Appm\Controller\NoticeController.class.php 第 181 行.
SQL: SHOW COLUMNS FROM `qs_sqk_notice_info` [ RunTime:0.0044s ]
SQL: SELECT COUNT(*) AS tp_count FROM `qs_sqk_notice_info` WHERE ( is_publish=1 and read_ids not like "%,129,%" and cat_id in (0,1,2,3) and address_id=3 ) LIMIT 1   [ RunTime:0.0011s ]
SQL: SELECT * FROM `qs_sqk_sys_config_def`  [ RunTime:0.0013s ]
SQL: SHOW COLUMNS FROM `qs_sqk_activ_cat` [ RunTime:0.0039s ]
SQL: SELECT * FROM `qs_sqk_activ_cat` WHERE ( is_enable=1 )  [ RunTime:0.0011s ]
NOTIC: [8] Undefined variable: str E:\wamp\www\qskj_project_sqk_debug_git\qskj_sqk\sqk\Application\Appm\Controller\ActivityController.class.php 第 383 行.
SQL: SHOW COLUMNS FROM `qs_sqk_activ_info` [ RunTime:0.0037s ]
SQL: SELECT COUNT(*) AS tp_count FROM `qs_sqk_activ_info` WHERE ( is_publish=1 and read_ids not like "%,129,%" and cat_id in (0,1,2) ) LIMIT 1   [ RunTime:0.0009s ]

[ 2018-06-05T10:36:26+08:00 ] 127.0.0.1 /index.php/Appm/Notice/getList
INFO: [ app_init ] --START--
INFO: Run Behavior\BuildLiteBehavior [ RunTime:0.000025s ]
INFO: [ app_init ] --END-- [ RunTime:0.000417s ]
INFO: [ app_begin ] --START--
INFO: Run Behavior\ReadHtmlCacheBehavior [ RunTime:0.000429s ]
INFO: [ app_begin ] --END-- [ RunTime:0.000544s ]
SQL: SHOW COLUMNS FROM `qs_sqk_notice_cat` [ RunTime:0.0039s ]
SQL: SELECT * FROM `qs_sqk_notice_cat` WHERE ( is_enable=1 )  [ RunTime:0.0011s ]
NOTIC: [8] Undefined variable: str E:\wamp\www\qskj_project_sqk_debug_git\qskj_sqk\sqk\Application\Appm\Controller\NoticeController.class.php 第 181 行.
SQL: SHOW COLUMNS FROM `qs_sqk_notice_info` [ RunTime:0.0048s ]
SQL: SELECT * FROM `qs_sqk_notice_info` WHERE ( is_publish=1 and cat_id in (0,1,2,3) and address_id in (0,3) ) ORDER BY id desc LIMIT 7   [ RunTime:0.0041s ]
SQL: SELECT COUNT(*) AS tp_count FROM `qs_sqk_notice_info` WHERE ( is_publish=1 and cat_id in (0,1,2,3) and address_id in (0,3) ) LIMIT 1   [ RunTime:0.0008s ]
SQL: SELECT * FROM `qs_sqk_notice_cat` WHERE ( id=3 ) LIMIT 1   [ RunTime:0.0013s ]
SQL: SHOW COLUMNS FROM `qs_sqk_sys_all_attach` [ RunTime:0.0042s ]
SQL: SELECT * FROM `qs_sqk_sys_all_attach` WHERE `module_name` = 'notice' AND `module_info_id` = '33' LIMIT 1   [ RunTime:0.0012s ]
NOTIC: [8] Undefined variable: notReadCount E:\wamp\www\qskj_project_sqk_debug_git\qskj_sqk\sqk\Application\Appm\Controller\NoticeController.class.php 第 64 行.
SQL: SELECT * FROM `qs_sqk_notice_cat` WHERE ( id=1 ) LIMIT 1   [ RunTime:0.0009s ]
SQL: SELECT * FROM `qs_sqk_sys_all_attach` WHERE `module_name` = 'notice' AND `module_info_id` = '32' LIMIT 1   [ RunTime:0.0011s ]
NOTIC: [8] Undefined variable: notReadCount E:\wamp\www\qskj_project_sqk_debug_git\qskj_sqk\sqk\Application\Appm\Controller\NoticeController.class.php 第 64 行.
SQL: SELECT * FROM `qs_sqk_notice_cat` WHERE ( id=1 ) LIMIT 1   [ RunTime:0.0012s ]
SQL: SELECT * FROM `qs_sqk_sys_all_attach` WHERE `module_name` = 'notice' AND `module_info_id` = '31' LIMIT 1   [ RunTime:0.0011s ]
NOTIC: [8] Undefined variable: notReadCount E:\wamp\www\qskj_project_sqk_debug_git\qskj_sqk\sqk\Application\Appm\Controller\NoticeController.class.php 第 64 行.
SQL: SELECT * FROM `qs_sqk_notice_cat` WHERE ( id=1 ) LIMIT 1   [ RunTime:0.0011s ]
SQL: SELECT * FROM `qs_sqk_sys_all_attach` WHERE `module_name` = 'notice' AND `module_info_id` = '30' LIMIT 1   [ RunTime:0.0010s ]
NOTIC: [8] Undefined variable: notReadCount E:\wamp\www\qskj_project_sqk_debug_git\qskj_sqk\sqk\Application\Appm\Controller\NoticeController.class.php 第 64 行.
SQL: SELECT * FROM `qs_sqk_notice_cat` WHERE ( id=2 ) LIMIT 1   [ RunTime:0.0012s ]
SQL: SELECT * FROM `qs_sqk_sys_all_attach` WHERE `module_name` = 'notice' AND `module_info_id` = '29' LIMIT 1   [ RunTime:0.0011s ]
NOTIC: [8] Undefined variable: notReadCount E:\wamp\www\qskj_project_sqk_debug_git\qskj_sqk\sqk\Application\Appm\Controller\NoticeController.class.php 第 64 行.
SQL: SELECT * FROM `qs_sqk_notice_cat` WHERE ( id=2 ) LIMIT 1   [ RunTime:0.0012s ]
SQL: SELECT * FROM `qs_sqk_sys_all_attach` WHERE `module_name` = 'notice' AND `module_info_id` = '27' LIMIT 1   [ RunTime:0.0011s ]
NOTIC: [8] Undefined variable: notReadCount E:\wamp\www\qskj_project_sqk_debug_git\qskj_sqk\sqk\Application\Appm\Controller\NoticeController.class.php 第 64 行.

[ 2018-06-05T10:36:44+08:00 ] 127.0.0.1 /index.php/Appm/notice/notice_list
INFO: [ app_init ] --START--
INFO: Run Behavior\BuildLiteBehavior [ RunTime:0.000022s ]
INFO: [ app_init ] --END-- [ RunTime:0.000397s ]
INFO: [ app_begin ] --START--
INFO: Run Behavior\ReadHtmlCacheBehavior [ RunTime:0.000392s ]
INFO: [ app_begin ] --END-- [ RunTime:0.000503s ]
SQL: SHOW COLUMNS FROM `qs_sqk_sys_config_def` [ RunTime:0.0051s ]
SQL: SELECT * FROM `qs_sqk_sys_config_def`  [ RunTime:0.0018s ]
SQL: SHOW COLUMNS FROM `qs_sqk_seller_prom_info` [ RunTime:0.0056s ]
SQL: SELECT * FROM `qs_sqk_seller_prom_info` WHERE ( status=1 )  [ RunTime:0.0028s ]
NOTIC: [8] Undefined variable: str E:\wamp\www\qskj_project_sqk_debug_git\qskj_sqk\sqk\Application\Appm\Controller\SellerController.class.php 第 343 行.
SQL: SHOW COLUMNS FROM `qs_sqk_sys_all_attach` [ RunTime:0.0052s ]
SQL: SELECT * FROM `qs_sqk_sys_all_attach` WHERE ( module_name="sellerProm" and module_info_id in (40,41) ) ORDER BY id desc  [ RunTime:0.0015s ]
INFO: [ view_parse ] --START--
INFO: [ template_filter ] --START--
INFO: Run Behavior\ContentReplaceBehavior [ RunTime:0.000076s ]
INFO: [ template_filter ] --END-- [ RunTime:0.000182s ]
INFO: Run Behavior\ParseTemplateBehavior [ RunTime:0.010573s ]
INFO: [ view_parse ] --END-- [ RunTime:0.010807s ]
INFO: [ view_filter ] --START--
INFO: Run Behavior\WriteHtmlCacheBehavior [ RunTime:0.000611s ]
INFO: [ view_filter ] --END-- [ RunTime:0.000757s ]
INFO: [ app_end ] --START--
INFO: Run Behavior\ShowPageTraceBehavior [ RunTime:0.000950s ]
INFO: [ app_end ] --END-- [ RunTime:0.001063s ]

[ 2018-06-05T10:36:45+08:00 ] 127.0.0.1 /index.php/Appm/login/checkIsLogin
INFO: [ app_init ] --START--
INFO: Run Behavior\BuildLiteBehavior [ RunTime:0.000025s ]
INFO: [ app_init ] --END-- [ RunTime:0.000422s ]
INFO: [ app_begin ] --START--
INFO: Run Behavior\ReadHtmlCacheBehavior [ RunTime:0.000412s ]
INFO: [ app_begin ] --END-- [ RunTime:0.000517s ]
SQL: SHOW COLUMNS FROM `qs_sqk_sys_config_def` [ RunTime:0.0041s ]
SQL: SELECT * FROM `qs_sqk_sys_config_def`  [ RunTime:0.0017s ]
SQL: SHOW COLUMNS FROM `qs_sqk_notice_cat` [ RunTime:0.0054s ]
SQL: SELECT * FROM `qs_sqk_notice_cat` WHERE ( is_enable=1 )  [ RunTime:0.0017s ]
NOTIC: [8] Undefined variable: str E:\wamp\www\qskj_project_sqk_debug_git\qskj_sqk\sqk\Application\Appm\Controller\NoticeController.class.php 第 181 行.
SQL: SHOW COLUMNS FROM `qs_sqk_notice_info` [ RunTime:0.0035s ]
SQL: SELECT COUNT(*) AS tp_count FROM `qs_sqk_notice_info` WHERE ( is_publish=1 and read_ids not like "%,129,%" and cat_id in (0,1,2,3) and address_id=3 ) LIMIT 1   [ RunTime:0.0039s ]
SQL: SELECT * FROM `qs_sqk_sys_config_def`  [ RunTime:0.0008s ]
SQL: SHOW COLUMNS FROM `qs_sqk_activ_cat` [ RunTime:0.0030s ]
SQL: SELECT * FROM `qs_sqk_activ_cat` WHERE ( is_enable=1 )  [ RunTime:0.0010s ]
NOTIC: [8] Undefined variable: str E:\wamp\www\qskj_project_sqk_debug_git\qskj_sqk\sqk\Application\Appm\Controller\ActivityController.class.php 第 383 行.
SQL: SHOW COLUMNS FROM `qs_sqk_activ_info` [ RunTime:0.0048s ]
SQL: SELECT COUNT(*) AS tp_count FROM `qs_sqk_activ_info` WHERE ( is_publish=1 and read_ids not like "%,129,%" and cat_id in (0,1,2) ) LIMIT 1   [ RunTime:0.0006s ]

[ 2018-06-05T10:36:45+08:00 ] 127.0.0.1 /index.php/Appm/Notice/getList
INFO: [ app_init ] --START--
INFO: Run Behavior\BuildLiteBehavior [ RunTime:0.000025s ]
INFO: [ app_init ] --END-- [ RunTime:0.000422s ]
INFO: [ app_begin ] --START--
INFO: Run Behavior\ReadHtmlCacheBehavior [ RunTime:0.000437s ]
INFO: [ app_begin ] --END-- [ RunTime:0.000539s ]
SQL: SHOW COLUMNS FROM `qs_sqk_notice_cat` [ RunTime:0.0058s ]
SQL: SELECT * FROM `qs_sqk_notice_cat` WHERE ( is_enable=1 )  [ RunTime:0.0051s ]
NOTIC: [8] Undefined variable: str E:\wamp\www\qskj_project_sqk_debug_git\qskj_sqk\sqk\Application\Appm\Controller\NoticeController.class.php 第 181 行.
SQL: SHOW COLUMNS FROM `qs_sqk_notice_info` [ RunTime:0.0047s ]
SQL: SELECT * FROM `qs_sqk_notice_info` WHERE ( is_publish=1 and cat_id in (0,1,2,3) and address_id in (0,3) ) ORDER BY id desc LIMIT 7   [ RunTime:0.0035s ]
SQL: SELECT COUNT(*) AS tp_count FROM `qs_sqk_notice_info` WHERE ( is_publish=1 and cat_id in (0,1,2,3) and address_id in (0,3) ) LIMIT 1   [ RunTime:0.0024s ]
SQL: SELECT * FROM `qs_sqk_notice_cat` WHERE ( id=3 ) LIMIT 1   [ RunTime:0.0014s ]
SQL: SHOW COLUMNS FROM `qs_sqk_sys_all_attach` [ RunTime:0.0052s ]
SQL: SELECT * FROM `qs_sqk_sys_all_attach` WHERE `module_name` = 'notice' AND `module_info_id` = '33' LIMIT 1   [ RunTime:0.0012s ]
NOTIC: [8] Undefined variable: notReadCount E:\wamp\www\qskj_project_sqk_debug_git\qskj_sqk\sqk\Application\Appm\Controller\NoticeController.class.php 第 64 行.
SQL: SELECT * FROM `qs_sqk_notice_cat` WHERE ( id=1 ) LIMIT 1   [ RunTime:0.0012s ]
SQL: SELECT * FROM `qs_sqk_sys_all_attach` WHERE `module_name` = 'notice' AND `module_info_id` = '32' LIMIT 1   [ RunTime:0.0012s ]
NOTIC: [8] Undefined variable: notReadCount E:\wamp\www\qskj_project_sqk_debug_git\qskj_sqk\sqk\Application\Appm\Controller\NoticeController.class.php 第 64 行.
SQL: SELECT * FROM `qs_sqk_notice_cat` WHERE ( id=1 ) LIMIT 1   [ RunTime:0.0012s ]
SQL: SELECT * FROM `qs_sqk_sys_all_attach` WHERE `module_name` = 'notice' AND `module_info_id` = '31' LIMIT 1   [ RunTime:0.0014s ]
NOTIC: [8] Undefined variable: notReadCount E:\wamp\www\qskj_project_sqk_debug_git\qskj_sqk\sqk\Application\Appm\Controller\NoticeController.class.php 第 64 行.
SQL: SELECT * FROM `qs_sqk_notice_cat` WHERE ( id=1 ) LIMIT 1   [ RunTime:0.0011s ]
SQL: SELECT * FROM `qs_sqk_sys_all_attach` WHERE `module_name` = 'notice' AND `module_info_id` = '30' LIMIT 1   [ RunTime:0.0012s ]
NOTIC: [8] Undefined variable: notReadCount E:\wamp\www\qskj_project_sqk_debug_git\qskj_sqk\sqk\Application\Appm\Controller\NoticeController.class.php 第 64 行.
SQL: SELECT * FROM `qs_sqk_notice_cat` WHERE ( id=2 ) LIMIT 1   [ RunTime:0.0012s ]
SQL: SELECT * FROM `qs_sqk_sys_all_attach` WHERE `module_name` = 'notice' AND `module_info_id` = '29' LIMIT 1   [ RunTime:0.0013s ]
NOTIC: [8] Undefined variable: notReadCount E:\wamp\www\qskj_project_sqk_debug_git\qskj_sqk\sqk\Application\Appm\Controller\NoticeController.class.php 第 64 行.
SQL: SELECT * FROM `qs_sqk_notice_cat` WHERE ( id=2 ) LIMIT 1   [ RunTime:0.0012s ]
SQL: SELECT * FROM `qs_sqk_sys_all_attach` WHERE `module_name` = 'notice' AND `module_info_id` = '27' LIMIT 1   [ RunTime:0.0012s ]
NOTIC: [8] Undefined variable: notReadCount E:\wamp\www\qskj_project_sqk_debug_git\qskj_sqk\sqk\Application\Appm\Controller\NoticeController.class.php 第 64 行.

[ 2018-06-05T10:40:36+08:00 ] 127.0.0.1 /index.php/Appm/notice/notice_list
INFO: [ app_init ] --START--
INFO: Run Behavior\BuildLiteBehavior [ RunTime:0.000024s ]
INFO: [ app_init ] --END-- [ RunTime:0.000465s ]
INFO: [ app_begin ] --START--
INFO: Run Behavior\ReadHtmlCacheBehavior [ RunTime:0.000617s ]
INFO: [ app_begin ] --END-- [ RunTime:0.000727s ]
SQL: SHOW COLUMNS FROM `qs_sqk_sys_config_def` [ RunTime:0.0065s ]
SQL: SELECT * FROM `qs_sqk_sys_config_def`  [ RunTime:0.0028s ]
SQL: SHOW COLUMNS FROM `qs_sqk_seller_prom_info` [ RunTime:0.0059s ]
SQL: SELECT * FROM `qs_sqk_seller_prom_info` WHERE ( status=1 )  [ RunTime:0.0026s ]
NOTIC: [8] Undefined variable: str E:\wamp\www\qskj_project_sqk_debug_git\qskj_sqk\sqk\Application\Appm\Controller\SellerController.class.php 第 343 行.
SQL: SHOW COLUMNS FROM `qs_sqk_sys_all_attach` [ RunTime:0.0061s ]
SQL: SELECT * FROM `qs_sqk_sys_all_attach` WHERE ( module_name="sellerProm" and module_info_id in (40,41) ) ORDER BY id desc  [ RunTime:0.0018s ]
INFO: [ view_parse ] --START--
INFO: [ template_filter ] --START--
INFO: Run Behavior\ContentReplaceBehavior [ RunTime:0.000078s ]
INFO: [ template_filter ] --END-- [ RunTime:0.000186s ]
INFO: Run Behavior\ParseTemplateBehavior [ RunTime:0.009585s ]
INFO: [ view_parse ] --END-- [ RunTime:0.009712s ]
INFO: [ view_filter ] --START--
INFO: Run Behavior\WriteHtmlCacheBehavior [ RunTime:0.000714s ]
INFO: [ view_filter ] --END-- [ RunTime:0.000820s ]
INFO: [ app_end ] --START--
INFO: Run Behavior\ShowPageTraceBehavior [ RunTime:0.000762s ]
INFO: [ app_end ] --END-- [ RunTime:0.000873s ]

[ 2018-06-05T10:40:36+08:00 ] 127.0.0.1 /index.php/Appm/login/checkIsLogin
INFO: [ app_init ] --START--
INFO: Run Behavior\BuildLiteBehavior [ RunTime:0.000025s ]
INFO: [ app_init ] --END-- [ RunTime:0.000492s ]
INFO: [ app_begin ] --START--
INFO: Run Behavior\ReadHtmlCacheBehavior [ RunTime:0.000621s ]
INFO: [ app_begin ] --END-- [ RunTime:0.000719s ]
SQL: SHOW COLUMNS FROM `qs_sqk_sys_config_def` [ RunTime:0.0060s ]
SQL: SELECT * FROM `qs_sqk_sys_config_def`  [ RunTime:0.0016s ]
SQL: SHOW COLUMNS FROM `qs_sqk_notice_cat` [ RunTime:0.0043s ]
SQL: SELECT * FROM `qs_sqk_notice_cat` WHERE ( is_enable=1 )  [ RunTime:0.0012s ]
NOTIC: [8] Undefined variable: str E:\wamp\www\qskj_project_sqk_debug_git\qskj_sqk\sqk\Application\Appm\Controller\NoticeController.class.php 第 181 行.
SQL: SHOW COLUMNS FROM `qs_sqk_notice_info` [ RunTime:0.0038s ]
SQL: SELECT COUNT(*) AS tp_count FROM `qs_sqk_notice_info` WHERE ( is_publish=1 and read_ids not like "%,129,%" and cat_id in (0,1,2,3) and address_id in (0,3) ) LIMIT 1   [ RunTime:0.0010s ]
SQL: SELECT * FROM `qs_sqk_sys_config_def`  [ RunTime:0.0009s ]
SQL: SHOW COLUMNS FROM `qs_sqk_activ_cat` [ RunTime:0.0030s ]
SQL: SELECT * FROM `qs_sqk_activ_cat` WHERE ( is_enable=1 )  [ RunTime:0.0016s ]
NOTIC: [8] Undefined variable: str E:\wamp\www\qskj_project_sqk_debug_git\qskj_sqk\sqk\Application\Appm\Controller\ActivityController.class.php 第 383 行.
SQL: SHOW COLUMNS FROM `qs_sqk_activ_info` [ RunTime:0.0055s ]
SQL: SELECT COUNT(*) AS tp_count FROM `qs_sqk_activ_info` WHERE ( is_publish=1 and read_ids not like "%,129,%" and cat_id in (0,1,2) ) LIMIT 1   [ RunTime:0.0013s ]

[ 2018-06-05T10:40:37+08:00 ] 127.0.0.1 /index.php/Appm/Notice/getList
INFO: [ app_init ] --START--
INFO: Run Behavior\BuildLiteBehavior [ RunTime:0.000026s ]
INFO: [ app_init ] --END-- [ RunTime:0.000487s ]
INFO: [ app_begin ] --START--
INFO: Run Behavior\ReadHtmlCacheBehavior [ RunTime:0.000653s ]
INFO: [ app_begin ] --END-- [ RunTime:0.000758s ]
SQL: SHOW COLUMNS FROM `qs_sqk_notice_cat` [ RunTime:0.0042s ]
SQL: SELECT * FROM `qs_sqk_notice_cat` WHERE ( is_enable=1 )  [ RunTime:0.0012s ]
NOTIC: [8] Undefined variable: str E:\wamp\www\qskj_project_sqk_debug_git\qskj_sqk\sqk\Application\Appm\Controller\NoticeController.class.php 第 181 行.
SQL: SHOW COLUMNS FROM `qs_sqk_notice_info` [ RunTime:0.0043s ]
SQL: SELECT * FROM `qs_sqk_notice_info` WHERE ( is_publish=1 and cat_id in (0,1,2,3) and address_id in (0,3) ) ORDER BY id desc LIMIT 7   [ RunTime:0.0041s ]
SQL: SELECT COUNT(*) AS tp_count FROM `qs_sqk_notice_info` WHERE ( is_publish=1 and cat_id in (0,1,2,3) and address_id in (0,3) ) LIMIT 1   [ RunTime:0.0012s ]
SQL: SELECT * FROM `qs_sqk_notice_cat` WHERE ( id=3 ) LIMIT 1   [ RunTime:0.0012s ]
SQL: SHOW COLUMNS FROM `qs_sqk_sys_all_attach` [ RunTime:0.0052s ]
SQL: SELECT * FROM `qs_sqk_sys_all_attach` WHERE `module_name` = 'notice' AND `module_info_id` = '33' LIMIT 1   [ RunTime:0.0018s ]
NOTIC: [8] Undefined variable: notReadCount E:\wamp\www\qskj_project_sqk_debug_git\qskj_sqk\sqk\Application\Appm\Controller\NoticeController.class.php 第 64 行.
SQL: SELECT * FROM `qs_sqk_notice_cat` WHERE ( id=1 ) LIMIT 1   [ RunTime:0.0012s ]
SQL: SELECT * FROM `qs_sqk_sys_all_attach` WHERE `module_name` = 'notice' AND `module_info_id` = '32' LIMIT 1   [ RunTime:0.0020s ]
NOTIC: [8] Undefined variable: notReadCount E:\wamp\www\qskj_project_sqk_debug_git\qskj_sqk\sqk\Application\Appm\Controller\NoticeController.class.php 第 64 行.
SQL: SELECT * FROM `qs_sqk_notice_cat` WHERE ( id=1 ) LIMIT 1   [ RunTime:0.0016s ]
SQL: SELECT * FROM `qs_sqk_sys_all_attach` WHERE `module_name` = 'notice' AND `module_info_id` = '31' LIMIT 1   [ RunTime:0.0016s ]
NOTIC: [8] Undefined variable: notReadCount E:\wamp\www\qskj_project_sqk_debug_git\qskj_sqk\sqk\Application\Appm\Controller\NoticeController.class.php 第 64 行.
SQL: SELECT * FROM `qs_sqk_notice_cat` WHERE ( id=1 ) LIMIT 1   [ RunTime:0.0017s ]
SQL: SELECT * FROM `qs_sqk_sys_all_attach` WHERE `module_name` = 'notice' AND `module_info_id` = '30' LIMIT 1   [ RunTime:0.0017s ]
NOTIC: [8] Undefined variable: notReadCount E:\wamp\www\qskj_project_sqk_debug_git\qskj_sqk\sqk\Application\Appm\Controller\NoticeController.class.php 第 64 行.
SQL: SELECT * FROM `qs_sqk_notice_cat` WHERE ( id=2 ) LIMIT 1   [ RunTime:0.0016s ]
SQL: SELECT * FROM `qs_sqk_sys_all_attach` WHERE `module_name` = 'notice' AND `module_info_id` = '29' LIMIT 1   [ RunTime:0.0016s ]
NOTIC: [8] Undefined variable: notReadCount E:\wamp\www\qskj_project_sqk_debug_git\qskj_sqk\sqk\Application\Appm\Controller\NoticeController.class.php 第 64 行.
SQL: SELECT * FROM `qs_sqk_notice_cat` WHERE ( id=2 ) LIMIT 1   [ RunTime:0.0016s ]
SQL: SELECT * FROM `qs_sqk_sys_all_attach` WHERE `module_name` = 'notice' AND `module_info_id` = '27' LIMIT 1   [ RunTime:0.0012s ]
NOTIC: [8] Undefined variable: notReadCount E:\wamp\www\qskj_project_sqk_debug_git\qskj_sqk\sqk\Application\Appm\Controller\NoticeController.class.php 第 64 行.

[ 2018-06-05T11:19:01+08:00 ] 127.0.0.1 /index.php/Appm/activity/activity_list
INFO: [ app_init ] --START--
INFO: Run Behavior\BuildLiteBehavior [ RunTime:0.000024s ]
INFO: [ app_init ] --END-- [ RunTime:0.000717s ]
INFO: [ app_begin ] --START--
INFO: Run Behavior\ReadHtmlCacheBehavior [ RunTime:0.000714s ]
INFO: [ app_begin ] --END-- [ RunTime:0.000822s ]
SQL: SHOW COLUMNS FROM `qs_sqk_sys_config_def` [ RunTime:0.0062s ]
SQL: SELECT * FROM `qs_sqk_sys_config_def`  [ RunTime:0.0025s ]
SQL: SHOW COLUMNS FROM `qs_sqk_activ_cat` [ RunTime:0.0053s ]
SQL: SELECT * FROM `qs_sqk_activ_cat` WHERE ( is_enable=1 )  [ RunTime:0.0026s ]
SQL: SELECT * FROM `qs_sqk_sys_config_def`  [ RunTime:0.0019s ]
SQL: SHOW COLUMNS FROM `qs_sqk_seller_prom_info` [ RunTime:0.0053s ]
SQL: SELECT * FROM `qs_sqk_seller_prom_info` WHERE ( status=1 )  [ RunTime:0.0018s ]
NOTIC: [8] Undefined variable: str E:\wamp\www\qskj_project_sqk_debug_git\qskj_sqk\sqk\Application\Appm\Controller\SellerController.class.php 第 343 行.
SQL: SHOW COLUMNS FROM `qs_sqk_sys_all_attach` [ RunTime:0.0039s ]
SQL: SELECT * FROM `qs_sqk_sys_all_attach` WHERE ( module_name="sellerProm" and module_info_id in (40,41) ) ORDER BY id desc  [ RunTime:0.0019s ]
INFO: [ view_parse ] --START--
INFO: [ template_filter ] --START--
INFO: Run Behavior\ContentReplaceBehavior [ RunTime:0.000155s ]
INFO: [ template_filter ] --END-- [ RunTime:0.000264s ]
INFO: Run Behavior\ParseTemplateBehavior [ RunTime:0.012892s ]
INFO: [ view_parse ] --END-- [ RunTime:0.013010s ]
INFO: [ view_filter ] --START--
INFO: Run Behavior\WriteHtmlCacheBehavior [ RunTime:0.000694s ]
INFO: [ view_filter ] --END-- [ RunTime:0.000821s ]
INFO: [ app_end ] --START--
INFO: Run Behavior\ShowPageTraceBehavior [ RunTime:0.000869s ]
INFO: [ app_end ] --END-- [ RunTime:0.000984s ]

[ 2018-06-05T11:19:02+08:00 ] 127.0.0.1 /index.php/Appm/login/checkIsLogin
INFO: [ app_init ] --START--
INFO: Run Behavior\BuildLiteBehavior [ RunTime:0.000026s ]
INFO: [ app_init ] --END-- [ RunTime:0.000513s ]
INFO: [ app_begin ] --START--
INFO: Run Behavior\ReadHtmlCacheBehavior [ RunTime:0.000758s ]
INFO: [ app_begin ] --END-- [ RunTime:0.000865s ]
SQL: SHOW COLUMNS FROM `qs_sqk_sys_config_def` [ RunTime:0.0039s ]
SQL: SELECT * FROM `qs_sqk_sys_config_def`  [ RunTime:0.0017s ]
SQL: SHOW COLUMNS FROM `qs_sqk_notice_cat` [ RunTime:0.0055s ]
SQL: SELECT * FROM `qs_sqk_notice_cat` WHERE ( is_enable=1 )  [ RunTime:0.0011s ]
NOTIC: [8] Undefined variable: str E:\wamp\www\qskj_project_sqk_debug_git\qskj_sqk\sqk\Application\Appm\Controller\NoticeController.class.php 第 181 行.
SQL: SHOW COLUMNS FROM `qs_sqk_notice_info` [ RunTime:0.0044s ]
SQL: SELECT COUNT(*) AS tp_count FROM `qs_sqk_notice_info` WHERE ( is_publish=1 and read_ids not like "%,129,%" and cat_id in (0,1,2,3) and address_id in (0,3) ) LIMIT 1   [ RunTime:0.0009s ]
SQL: SELECT * FROM `qs_sqk_sys_config_def`  [ RunTime:0.0010s ]
SQL: SHOW COLUMNS FROM `qs_sqk_activ_cat` [ RunTime:0.0043s ]
SQL: SELECT * FROM `qs_sqk_activ_cat` WHERE ( is_enable=1 )  [ RunTime:0.0015s ]
NOTIC: [8] Undefined variable: str E:\wamp\www\qskj_project_sqk_debug_git\qskj_sqk\sqk\Application\Appm\Controller\ActivityController.class.php 第 383 行.
SQL: SHOW COLUMNS FROM `qs_sqk_activ_info` [ RunTime:0.0044s ]
SQL: SELECT COUNT(*) AS tp_count FROM `qs_sqk_activ_info` WHERE ( is_publish=1 and read_ids not like "%,129,%" and cat_id in (0,1,2) ) LIMIT 1   [ RunTime:0.0010s ]

[ 2018-06-05T11:19:02+08:00 ] 127.0.0.1 /index.php/Appm/Activity/getList
INFO: [ app_init ] --START--
INFO: Run Behavior\BuildLiteBehavior [ RunTime:0.000026s ]
INFO: [ app_init ] --END-- [ RunTime:0.000488s ]
INFO: [ app_begin ] --START--
INFO: Run Behavior\ReadHtmlCacheBehavior [ RunTime:0.000620s ]
INFO: [ app_begin ] --END-- [ RunTime:0.000721s ]
SQL: SHOW COLUMNS FROM `qs_sqk_sys_config_def` [ RunTime:0.0043s ]
SQL: SELECT * FROM `qs_sqk_sys_config_def`  [ RunTime:0.0020s ]
SQL: SHOW COLUMNS FROM `qs_sqk_activ_cat` [ RunTime:0.0040s ]
SQL: SELECT * FROM `qs_sqk_activ_cat` WHERE ( is_enable=1 )  [ RunTime:0.0020s ]
NOTIC: [8] Undefined variable: str E:\wamp\www\qskj_project_sqk_debug_git\qskj_sqk\sqk\Application\Appm\Controller\ActivityController.class.php 第 383 行.
SQL: SHOW COLUMNS FROM `qs_sqk_activ_info` [ RunTime:0.0065s ]
SQL: SELECT * FROM `qs_sqk_activ_info` WHERE `is_publish` = 1 AND `cat_id` IN ('0','1','2') ORDER BY id desc LIMIT 4   [ RunTime:0.0021s ]
SQL: SELECT COUNT(*) AS tp_count FROM `qs_sqk_activ_info` WHERE `is_publish` = 1 AND `cat_id` IN ('0','1','2') LIMIT 1   [ RunTime:0.0011s ]
SQL: SELECT * FROM `qs_sqk_activ_cat` WHERE ( id=2 ) LIMIT 1   [ RunTime:0.0012s ]
SQL: SELECT * FROM `qs_sqk_activ_info` WHERE ( id=23 ) LIMIT 1   [ RunTime:0.0012s ]
SQL: SELECT * FROM `qs_sqk_activ_info` WHERE ( id=23 ) LIMIT 1   [ RunTime:0.0015s ]
SQL: SHOW COLUMNS FROM `qs_sqk_sys_all_attach` [ RunTime:0.0029s ]
SQL: SELECT * FROM `qs_sqk_sys_all_attach` WHERE ( module_name="activity" and module_info_id=23 )  [ RunTime:0.0012s ]
SQL: SELECT * FROM `qs_sqk_activ_cat` WHERE ( id=2 ) LIMIT 1   [ RunTime:0.0008s ]
SQL: SELECT * FROM `qs_sqk_activ_info` WHERE ( id=22 ) LIMIT 1   [ RunTime:0.0011s ]
SQL: SELECT * FROM `qs_sqk_activ_info` WHERE ( id=22 ) LIMIT 1   [ RunTime:0.0016s ]
SQL: SELECT * FROM `qs_sqk_sys_all_attach` WHERE ( module_name="activity" and module_info_id=22 )  [ RunTime:0.0019s ]

[ 2018-06-05T16:54:54+08:00 ] 127.0.0.1 /index.php/Appm/login/checkIsLogin
INFO: [ app_init ] --START--
INFO: Run Behavior\BuildLiteBehavior [ RunTime:0.000030s ]
INFO: [ app_init ] --END-- [ RunTime:0.000443s ]
INFO: [ app_begin ] --START--
INFO: Run Behavior\ReadHtmlCacheBehavior [ RunTime:0.004704s ]
INFO: [ app_begin ] --END-- [ RunTime:0.004814s ]
SQL: SHOW COLUMNS FROM `qs_sqk_sys_config_def` [ RunTime:0.0053s ]
SQL: SELECT * FROM `qs_sqk_sys_config_def`  [ RunTime:0.0019s ]
SQL: SHOW COLUMNS FROM `qs_sqk_notice_cat` [ RunTime:0.0047s ]
SQL: SELECT * FROM `qs_sqk_notice_cat` WHERE ( is_enable=1 )  [ RunTime:0.0011s ]
NOTIC: [8] Undefined variable: str E:\wamp\www\qskj_project_sqk_debug_git\qskj_sqk\sqk\Application\Appm\Controller\NoticeController.class.php 第 181 行.
SQL: SHOW COLUMNS FROM `qs_sqk_notice_info` [ RunTime:0.0041s ]
SQL: SELECT COUNT(*) AS tp_count FROM `qs_sqk_notice_info` WHERE ( is_publish=1 and read_ids not like "%,129,%" and cat_id in (0,1,2,3) and address_id in (0,1) ) LIMIT 1   [ RunTime:0.0010s ]
SQL: SELECT * FROM `qs_sqk_sys_config_def`  [ RunTime:0.0010s ]
SQL: SHOW COLUMNS FROM `qs_sqk_activ_cat` [ RunTime:0.0029s ]
SQL: SELECT * FROM `qs_sqk_activ_cat` WHERE ( is_enable=1 )  [ RunTime:0.0011s ]
NOTIC: [8] Undefined variable: str E:\wamp\www\qskj_project_sqk_debug_git\qskj_sqk\sqk\Application\Appm\Controller\ActivityController.class.php 第 383 行.
SQL: SHOW COLUMNS FROM `qs_sqk_activ_info` [ RunTime:0.0042s ]
SQL: SELECT COUNT(*) AS tp_count FROM `qs_sqk_activ_info` WHERE ( is_publish=1 and read_ids not like "%,129,%" and cat_id in (0,1,2) ) LIMIT 1   [ RunTime:0.0009s ]

[ 2018-06-05T16:54:54+08:00 ] 127.0.0.1 /index.php/Appm/Activity/getList
INFO: [ app_init ] --START--
INFO: Run Behavior\BuildLiteBehavior [ RunTime:0.000025s ]
INFO: [ app_init ] --END-- [ RunTime:0.000418s ]
INFO: [ app_begin ] --START--
INFO: Run Behavior\ReadHtmlCacheBehavior [ RunTime:0.000407s ]
INFO: [ app_begin ] --END-- [ RunTime:0.000501s ]
SQL: SHOW COLUMNS FROM `qs_sqk_sys_config_def` [ RunTime:0.0045s ]
SQL: SELECT * FROM `qs_sqk_sys_config_def`  [ RunTime:0.0018s ]
SQL: SHOW COLUMNS FROM `qs_sqk_activ_cat` [ RunTime:0.0059s ]
SQL: SELECT * FROM `qs_sqk_activ_cat` WHERE ( is_enable=1 )  [ RunTime:0.0030s ]
NOTIC: [8] Undefined variable: str E:\wamp\www\qskj_project_sqk_debug_git\qskj_sqk\sqk\Application\Appm\Controller\ActivityController.class.php 第 383 行.
SQL: SHOW COLUMNS FROM `qs_sqk_activ_info` [ RunTime:0.0059s ]
SQL: SELECT * FROM `qs_sqk_activ_info` WHERE `is_publish` = 1 AND `cat_id` IN ('0','1','2') ORDER BY id desc LIMIT 4   [ RunTime:0.0021s ]
SQL: SELECT COUNT(*) AS tp_count FROM `qs_sqk_activ_info` WHERE `is_publish` = 1 AND `cat_id` IN ('0','1','2') LIMIT 1   [ RunTime:0.0010s ]
SQL: SELECT * FROM `qs_sqk_activ_cat` WHERE ( id=2 ) LIMIT 1   [ RunTime:0.0012s ]
SQL: SELECT * FROM `qs_sqk_activ_info` WHERE ( id=23 ) LIMIT 1   [ RunTime:0.0011s ]
SQL: SELECT * FROM `qs_sqk_activ_info` WHERE ( id=23 ) LIMIT 1   [ RunTime:0.0012s ]
SQL: SHOW COLUMNS FROM `qs_sqk_sys_all_attach` [ RunTime:0.0033s ]
SQL: SELECT * FROM `qs_sqk_sys_all_attach` WHERE ( module_name="activity" and module_info_id=23 )  [ RunTime:0.0012s ]
SQL: SELECT * FROM `qs_sqk_activ_cat` WHERE ( id=2 ) LIMIT 1   [ RunTime:0.0012s ]
SQL: SELECT * FROM `qs_sqk_activ_info` WHERE ( id=22 ) LIMIT 1   [ RunTime:0.0012s ]
SQL: SELECT * FROM `qs_sqk_activ_info` WHERE ( id=22 ) LIMIT 1   [ RunTime:0.0012s ]
SQL: SELECT * FROM `qs_sqk_sys_all_attach` WHERE ( module_name="activity" and module_info_id=22 )  [ RunTime:0.0012s ]

[ 2018-06-05T16:54:56+08:00 ] 127.0.0.1 /index.php/Appm/login/checkIsLogin
INFO: [ app_init ] --START--
INFO: Run Behavior\BuildLiteBehavior [ RunTime:0.000029s ]
INFO: [ app_init ] --END-- [ RunTime:0.000527s ]
INFO: [ app_begin ] --START--
INFO: Run Behavior\ReadHtmlCacheBehavior [ RunTime:0.000415s ]
INFO: [ app_begin ] --END-- [ RunTime:0.000519s ]
SQL: SHOW COLUMNS FROM `qs_sqk_sys_config_def` [ RunTime:0.0050s ]
SQL: SELECT * FROM `qs_sqk_sys_config_def`  [ RunTime:0.0020s ]
SQL: SHOW COLUMNS FROM `qs_sqk_notice_cat` [ RunTime:0.0039s ]
SQL: SELECT * FROM `qs_sqk_notice_cat` WHERE ( is_enable=1 )  [ RunTime:0.0010s ]
NOTIC: [8] Undefined variable: str E:\wamp\www\qskj_project_sqk_debug_git\qskj_sqk\sqk\Application\Appm\Controller\NoticeController.class.php 第 181 行.
SQL: SHOW COLUMNS FROM `qs_sqk_notice_info` [ RunTime:0.0040s ]
SQL: SELECT COUNT(*) AS tp_count FROM `qs_sqk_notice_info` WHERE ( is_publish=1 and read_ids not like "%,129,%" and cat_id in (0,1,2,3) and address_id in (0,1) ) LIMIT 1   [ RunTime:0.0010s ]
SQL: SELECT * FROM `qs_sqk_sys_config_def`  [ RunTime:0.0009s ]
SQL: SHOW COLUMNS FROM `qs_sqk_activ_cat` [ RunTime:0.0039s ]
SQL: SELECT * FROM `qs_sqk_activ_cat` WHERE ( is_enable=1 )  [ RunTime:0.0010s ]
NOTIC: [8] Undefined variable: str E:\wamp\www\qskj_project_sqk_debug_git\qskj_sqk\sqk\Application\Appm\Controller\ActivityController.class.php 第 383 行.
SQL: SHOW COLUMNS FROM `qs_sqk_activ_info` [ RunTime:0.0042s ]
SQL: SELECT COUNT(*) AS tp_count FROM `qs_sqk_activ_info` WHERE ( is_publish=1 and read_ids not like "%,129,%" and cat_id in (0,1,2) ) LIMIT 1   [ RunTime:0.0009s ]

[ 2018-06-05T16:54:56+08:00 ] 127.0.0.1 /index.php/Appm/Notice/getList
INFO: [ app_init ] --START--
INFO: Run Behavior\BuildLiteBehavior [ RunTime:0.000024s ]
INFO: [ app_init ] --END-- [ RunTime:0.000397s ]
INFO: [ app_begin ] --START--
INFO: Run Behavior\ReadHtmlCacheBehavior [ RunTime:0.000411s ]
INFO: [ app_begin ] --END-- [ RunTime:0.000511s ]
SQL: SHOW COLUMNS FROM `qs_sqk_notice_cat` [ RunTime:0.0048s ]
SQL: SELECT * FROM `qs_sqk_notice_cat` WHERE ( is_enable=1 )  [ RunTime:0.0010s ]
NOTIC: [8] Undefined variable: str E:\wamp\www\qskj_project_sqk_debug_git\qskj_sqk\sqk\Application\Appm\Controller\NoticeController.class.php 第 181 行.
SQL: SHOW COLUMNS FROM `qs_sqk_notice_info` [ RunTime:0.0037s ]
SQL: SELECT * FROM `qs_sqk_notice_info` WHERE ( is_publish=1 and cat_id in (0,1,2,3) and address_id in (0,1) ) ORDER BY id desc LIMIT 7   [ RunTime:0.0042s ]
SQL: SELECT COUNT(*) AS tp_count FROM `qs_sqk_notice_info` WHERE ( is_publish=1 and cat_id in (0,1,2,3) and address_id in (0,1) ) LIMIT 1   [ RunTime:0.0012s ]
SQL: SELECT * FROM `qs_sqk_notice_cat` WHERE ( id=3 ) LIMIT 1   [ RunTime:0.0012s ]
SQL: SHOW COLUMNS FROM `qs_sqk_sys_all_attach` [ RunTime:0.0030s ]
SQL: SELECT * FROM `qs_sqk_sys_all_attach` WHERE `module_name` = 'notice' AND `module_info_id` = '33' LIMIT 1   [ RunTime:0.0011s ]
NOTIC: [8] Undefined variable: notReadCount E:\wamp\www\qskj_project_sqk_debug_git\qskj_sqk\sqk\Application\Appm\Controller\NoticeController.class.php 第 64 行.
SQL: SELECT * FROM `qs_sqk_notice_cat` WHERE ( id=1 ) LIMIT 1   [ RunTime:0.0012s ]
SQL: SELECT * FROM `qs_sqk_sys_all_attach` WHERE `module_name` = 'notice' AND `module_info_id` = '32' LIMIT 1   [ RunTime:0.0011s ]
NOTIC: [8] Undefined variable: notReadCount E:\wamp\www\qskj_project_sqk_debug_git\qskj_sqk\sqk\Application\Appm\Controller\NoticeController.class.php 第 64 行.
SQL: SELECT * FROM `qs_sqk_notice_cat` WHERE ( id=1 ) LIMIT 1   [ RunTime:0.0011s ]
SQL: SELECT * FROM `qs_sqk_sys_all_attach` WHERE `module_name` = 'notice' AND `module_info_id` = '31' LIMIT 1   [ RunTime:0.0011s ]
NOTIC: [8] Undefined variable: notReadCount E:\wamp\www\qskj_project_sqk_debug_git\qskj_sqk\sqk\Application\Appm\Controller\NoticeController.class.php 第 64 行.
SQL: SELECT * FROM `qs_sqk_notice_cat` WHERE ( id=1 ) LIMIT 1   [ RunTime:0.0012s ]
SQL: SELECT * FROM `qs_sqk_sys_all_attach` WHERE `module_name` = 'notice' AND `module_info_id` = '30' LIMIT 1   [ RunTime:0.0011s ]
NOTIC: [8] Undefined variable: notReadCount E:\wamp\www\qskj_project_sqk_debug_git\qskj_sqk\sqk\Application\Appm\Controller\NoticeController.class.php 第 64 行.
SQL: SELECT * FROM `qs_sqk_notice_cat` WHERE ( id=2 ) LIMIT 1   [ RunTime:0.0012s ]
SQL: SELECT * FROM `qs_sqk_sys_all_attach` WHERE `module_name` = 'notice' AND `module_info_id` = '29' LIMIT 1   [ RunTime:0.0013s ]
NOTIC: [8] Undefined variable: notReadCount E:\wamp\www\qskj_project_sqk_debug_git\qskj_sqk\sqk\Application\Appm\Controller\NoticeController.class.php 第 64 行.
SQL: SELECT * FROM `qs_sqk_notice_cat` WHERE ( id=2 ) LIMIT 1   [ RunTime:0.0012s ]
SQL: SELECT * FROM `qs_sqk_sys_all_attach` WHERE `module_name` = 'notice' AND `module_info_id` = '27' LIMIT 1   [ RunTime:0.0011s ]
NOTIC: [8] Undefined variable: notReadCount E:\wamp\www\qskj_project_sqk_debug_git\qskj_sqk\sqk\Application\Appm\Controller\NoticeController.class.php 第 64 行.

[ 2018-06-05T16:54:57+08:00 ] 127.0.0.1 /index.php/Appm/activity/activity_list.html
INFO: [ app_init ] --START--
INFO: Run Behavior\BuildLiteBehavior [ RunTime:0.000022s ]
INFO: [ app_init ] --END-- [ RunTime:0.000432s ]
INFO: [ app_begin ] --START--
INFO: Run Behavior\ReadHtmlCacheBehavior [ RunTime:0.000429s ]
INFO: [ app_begin ] --END-- [ RunTime:0.000536s ]
SQL: SHOW COLUMNS FROM `qs_sqk_sys_config_def` [ RunTime:0.0044s ]
SQL: SELECT * FROM `qs_sqk_sys_config_def`  [ RunTime:0.0017s ]
SQL: SHOW COLUMNS FROM `qs_sqk_activ_cat` [ RunTime:0.0040s ]
SQL: SELECT * FROM `qs_sqk_activ_cat` WHERE ( is_enable=1 )  [ RunTime:0.0019s ]
SQL: SELECT * FROM `qs_sqk_sys_config_def`  [ RunTime:0.0016s ]
SQL: SHOW COLUMNS FROM `qs_sqk_seller_prom_info` [ RunTime:0.0051s ]
SQL: SELECT * FROM `qs_sqk_seller_prom_info` WHERE ( status=1 )  [ RunTime:0.0018s ]
NOTIC: [8] Undefined variable: str E:\wamp\www\qskj_project_sqk_debug_git\qskj_sqk\sqk\Application\Appm\Controller\SellerController.class.php 第 343 行.
SQL: SHOW COLUMNS FROM `qs_sqk_sys_all_attach` [ RunTime:0.0044s ]
SQL: SELECT * FROM `qs_sqk_sys_all_attach` WHERE ( module_name="sellerProm" and module_info_id in (40,41) ) ORDER BY id desc  [ RunTime:0.0015s ]
INFO: [ view_parse ] --START--
INFO: [ template_filter ] --START--
INFO: Run Behavior\ContentReplaceBehavior [ RunTime:0.000102s ]
INFO: [ template_filter ] --END-- [ RunTime:0.000226s ]
INFO: Run Behavior\ParseTemplateBehavior [ RunTime:0.012472s ]
INFO: [ view_parse ] --END-- [ RunTime:0.012596s ]
INFO: [ view_filter ] --START--
INFO: Run Behavior\WriteHtmlCacheBehavior [ RunTime:0.000583s ]
INFO: [ view_filter ] --END-- [ RunTime:0.000693s ]
INFO: [ app_end ] --START--
INFO: Run Behavior\ShowPageTraceBehavior [ RunTime:0.000748s ]
INFO: [ app_end ] --END-- [ RunTime:0.000866s ]

[ 2018-06-05T16:54:57+08:00 ] 127.0.0.1 /index.php/Appm/login/checkIsLogin
INFO: [ app_init ] --START--
INFO: Run Behavior\BuildLiteBehavior [ RunTime:0.000024s ]
INFO: [ app_init ] --END-- [ RunTime:0.000410s ]
INFO: [ app_begin ] --START--
INFO: Run Behavior\ReadHtmlCacheBehavior [ RunTime:0.000490s ]
INFO: [ app_begin ] --END-- [ RunTime:0.000587s ]
SQL: SHOW COLUMNS FROM `qs_sqk_sys_config_def` [ RunTime:0.0048s ]
SQL: SELECT * FROM `qs_sqk_sys_config_def`  [ RunTime:0.0017s ]
SQL: SHOW COLUMNS FROM `qs_sqk_notice_cat` [ RunTime:0.0056s ]
SQL: SELECT * FROM `qs_sqk_notice_cat` WHERE ( is_enable=1 )  [ RunTime:0.0018s ]
NOTIC: [8] Undefined variable: str E:\wamp\www\qskj_project_sqk_debug_git\qskj_sqk\sqk\Application\Appm\Controller\NoticeController.class.php 第 181 行.
SQL: SHOW COLUMNS FROM `qs_sqk_notice_info` [ RunTime:0.0046s ]
SQL: SELECT COUNT(*) AS tp_count FROM `qs_sqk_notice_info` WHERE ( is_publish=1 and read_ids not like "%,129,%" and cat_id in (0,1,2,3) and address_id in (0,1) ) LIMIT 1   [ RunTime:0.0010s ]
SQL: SELECT * FROM `qs_sqk_sys_config_def`  [ RunTime:0.0009s ]
SQL: SHOW COLUMNS FROM `qs_sqk_activ_cat` [ RunTime:0.0029s ]
SQL: SELECT * FROM `qs_sqk_activ_cat` WHERE ( is_enable=1 )  [ RunTime:0.0011s ]
NOTIC: [8] Undefined variable: str E:\wamp\www\qskj_project_sqk_debug_git\qskj_sqk\sqk\Application\Appm\Controller\ActivityController.class.php 第 383 行.
SQL: SHOW COLUMNS FROM `qs_sqk_activ_info` [ RunTime:0.0040s ]
SQL: SELECT COUNT(*) AS tp_count FROM `qs_sqk_activ_info` WHERE ( is_publish=1 and read_ids not like "%,129,%" and cat_id in (0,1,2) ) LIMIT 1   [ RunTime:0.0009s ]

[ 2018-06-05T16:54:57+08:00 ] 127.0.0.1 /index.php/Appm/Activity/getList
INFO: [ app_init ] --START--
INFO: Run Behavior\BuildLiteBehavior [ RunTime:0.000025s ]
INFO: [ app_init ] --END-- [ RunTime:0.000404s ]
INFO: [ app_begin ] --START--
INFO: Run Behavior\ReadHtmlCacheBehavior [ RunTime:0.000404s ]
INFO: [ app_begin ] --END-- [ RunTime:0.000500s ]
SQL: SHOW COLUMNS FROM `qs_sqk_sys_config_def` [ RunTime:0.0037s ]
SQL: SELECT * FROM `qs_sqk_sys_config_def`  [ RunTime:0.0019s ]
SQL: SHOW COLUMNS FROM `qs_sqk_activ_cat` [ RunTime:0.0041s ]
SQL: SELECT * FROM `qs_sqk_activ_cat` WHERE ( is_enable=1 )  [ RunTime:0.0034s ]
NOTIC: [8] Undefined variable: str E:\wamp\www\qskj_project_sqk_debug_git\qskj_sqk\sqk\Application\Appm\Controller\ActivityController.class.php 第 383 行.
SQL: SHOW COLUMNS FROM `qs_sqk_activ_info` [ RunTime:0.0049s ]
SQL: SELECT * FROM `qs_sqk_activ_info` WHERE `is_publish` = 1 AND `cat_id` IN ('0','1','2') ORDER BY id desc LIMIT 4   [ RunTime:0.0021s ]
SQL: SELECT COUNT(*) AS tp_count FROM `qs_sqk_activ_info` WHERE `is_publish` = 1 AND `cat_id` IN ('0','1','2') LIMIT 1   [ RunTime:0.0010s ]
SQL: SELECT * FROM `qs_sqk_activ_cat` WHERE ( id=2 ) LIMIT 1   [ RunTime:0.0012s ]
SQL: SELECT * FROM `qs_sqk_activ_info` WHERE ( id=23 ) LIMIT 1   [ RunTime:0.0011s ]
SQL: SELECT * FROM `qs_sqk_activ_info` WHERE ( id=23 ) LIMIT 1   [ RunTime:0.0012s ]
SQL: SHOW COLUMNS FROM `qs_sqk_sys_all_attach` [ RunTime:0.0029s ]
SQL: SELECT * FROM `qs_sqk_sys_all_attach` WHERE ( module_name="activity" and module_info_id=23 )  [ RunTime:0.0013s ]
SQL: SELECT * FROM `qs_sqk_activ_cat` WHERE ( id=2 ) LIMIT 1   [ RunTime:0.0012s ]
SQL: SELECT * FROM `qs_sqk_activ_info` WHERE ( id=22 ) LIMIT 1   [ RunTime:0.0018s ]
SQL: SELECT * FROM `qs_sqk_activ_info` WHERE ( id=22 ) LIMIT 1   [ RunTime:0.0011s ]
SQL: SELECT * FROM `qs_sqk_sys_all_attach` WHERE ( module_name="activity" and module_info_id=22 )  [ RunTime:0.0016s ]

