[ 2018-05-24T08:50:12+08:00 ] 127.0.0.1 /index.php/seller
INFO: [ app_init ] --START--
INFO: Run Behavior\BuildLiteBehavior [ RunTime:0.000026s ]
INFO: [ app_init ] --END-- [ RunTime:0.021853s ]
INFO: [ app_begin ] --START--
INFO: Run Behavior\ReadHtmlCacheBehavior [ RunTime:0.000996s ]
INFO: [ app_begin ] --END-- [ RunTime:0.001134s ]
SQL: SHOW COLUMNS FROM `qs_sqk_sys_config_def` [ RunTime:0.0040s ]
SQL: SELECT * FROM `qs_sqk_sys_config_def`  [ RunTime:0.0021s ]
SQL: SHOW COLUMNS FROM `qs_sqk_seller_wechat_binding` [ RunTime:0.0052s ]
SQL: SELECT * FROM `qs_sqk_seller_wechat_binding` WHERE `open_id` = null LIMIT 1   [ RunTime:0.0016s ]
INFO: [ view_parse ] --START--
INFO: [ template_filter ] --START--
INFO: Run Behavior\ContentReplaceBehavior [ RunTime:0.000695s ]
INFO: [ template_filter ] --END-- [ RunTime:0.000816s ]
INFO: Run Behavior\ParseTemplateBehavior [ RunTime:0.039096s ]
INFO: [ view_parse ] --END-- [ RunTime:0.039230s ]
INFO: [ view_filter ] --START--
INFO: Run Behavior\WriteHtmlCacheBehavior [ RunTime:0.001110s ]
INFO: [ view_filter ] --END-- [ RunTime:0.001223s ]
INFO: [ app_end ] --START--
INFO: Run Behavior\ShowPageTraceBehavior [ RunTime:0.001417s ]
INFO: [ app_end ] --END-- [ RunTime:0.001524s ]

[ 2018-05-24T08:50:18+08:00 ] 127.0.0.1 /index.php/Seller/Index/ys
INFO: [ app_init ] --START--
INFO: Run Behavior\BuildLiteBehavior [ RunTime:0.000030s ]
INFO: [ app_init ] --END-- [ RunTime:0.000595s ]
INFO: [ app_begin ] --START--
INFO: Run Behavior\ReadHtmlCacheBehavior [ RunTime:0.000741s ]
INFO: [ app_begin ] --END-- [ RunTime:0.000868s ]
SQL: SHOW COLUMNS FROM `qs_sqk_sys_config_def` [ RunTime:0.0040s ]
SQL: SELECT * FROM `qs_sqk_sys_config_def`  [ RunTime:0.0022s ]

[ 2018-05-24T08:50:18+08:00 ] 127.0.0.1 /index.php/Seller/Seller/seller_home.html
INFO: [ app_init ] --START--
INFO: Run Behavior\BuildLiteBehavior [ RunTime:0.000025s ]
INFO: [ app_init ] --END-- [ RunTime:0.000473s ]
INFO: [ app_begin ] --START--
INFO: Run Behavior\ReadHtmlCacheBehavior [ RunTime:0.000481s ]
INFO: [ app_begin ] --END-- [ RunTime:0.000597s ]
SQL: SHOW COLUMNS FROM `qs_sqk_sys_config_def` [ RunTime:0.0050s ]
SQL: SELECT * FROM `qs_sqk_sys_config_def`  [ RunTime:0.0017s ]
SQL: SHOW COLUMNS FROM `qs_sqk_seller_info` [ RunTime:0.0063s ]
SQL: SELECT * FROM `qs_sqk_seller_info` WHERE `id` = 43 LIMIT 1   [ RunTime:0.0029s ]
SQL: SHOW COLUMNS FROM `qs_sqk_sys_all_attach` [ RunTime:0.0047s ]
SQL: SELECT * FROM `qs_sqk_sys_all_attach` WHERE `module_info_id` = 43 AND `module_name` = 'zz_seller' ORDER BY id desc  [ RunTime:0.0012s ]
NOTIC: [8] Undefined index: type E:\wamp\www\qskj_project_sqk_debug_git\qskj_sqk\sqk\Application\Seller\Controller\SellerController.class.php 第 121 行.
INFO: [ view_parse ] --START--
INFO: [ template_filter ] --START--
INFO: Run Behavior\ContentReplaceBehavior [ RunTime:0.000299s ]
INFO: [ template_filter ] --END-- [ RunTime:0.000417s ]
INFO: Run Behavior\ParseTemplateBehavior [ RunTime:0.022924s ]
INFO: [ view_parse ] --END-- [ RunTime:0.023072s ]
INFO: [ view_filter ] --START--
INFO: Run Behavior\WriteHtmlCacheBehavior [ RunTime:0.000634s ]
INFO: [ view_filter ] --END-- [ RunTime:0.000733s ]
INFO: [ app_end ] --START--
INFO: Run Behavior\ShowPageTraceBehavior [ RunTime:0.000797s ]
INFO: [ app_end ] --END-- [ RunTime:0.000908s ]

[ 2018-05-24T08:50:18+08:00 ] 127.0.0.1 /index.php/Seller/index/checkIsLogin
INFO: [ app_init ] --START--
INFO: Run Behavior\BuildLiteBehavior [ RunTime:0.000027s ]
INFO: [ app_init ] --END-- [ RunTime:0.000502s ]
INFO: [ app_begin ] --START--
INFO: Run Behavior\ReadHtmlCacheBehavior [ RunTime:0.000517s ]
INFO: [ app_begin ] --END-- [ RunTime:0.000623s ]
SQL: SHOW COLUMNS FROM `qs_sqk_sys_config_def` [ RunTime:0.0049s ]
SQL: SELECT * FROM `qs_sqk_sys_config_def`  [ RunTime:0.0018s ]

[ 2018-05-24T08:50:22+08:00 ] 127.0.0.1 /index.php/Seller/Index/apply
INFO: [ app_init ] --START--
INFO: Run Behavior\BuildLiteBehavior [ RunTime:0.000026s ]
INFO: [ app_init ] --END-- [ RunTime:0.000461s ]
INFO: [ app_begin ] --START--
INFO: Run Behavior\ReadHtmlCacheBehavior [ RunTime:0.000476s ]
INFO: [ app_begin ] --END-- [ RunTime:0.000584s ]
SQL: SHOW COLUMNS FROM `qs_sqk_sys_config_def` [ RunTime:0.0042s ]
SQL: SELECT * FROM `qs_sqk_sys_config_def`  [ RunTime:0.0019s ]
INFO: [ view_parse ] --START--
INFO: [ template_filter ] --START--
INFO: Run Behavior\ContentReplaceBehavior [ RunTime:0.000075s ]
INFO: [ template_filter ] --END-- [ RunTime:0.000189s ]
INFO: Run Behavior\ParseTemplateBehavior [ RunTime:0.050868s ]
INFO: [ view_parse ] --END-- [ RunTime:0.051003s ]
INFO: [ view_filter ] --START--
INFO: Run Behavior\WriteHtmlCacheBehavior [ RunTime:0.000659s ]
INFO: [ view_filter ] --END-- [ RunTime:0.000757s ]
INFO: [ app_end ] --START--
INFO: Run Behavior\ShowPageTraceBehavior [ RunTime:0.000763s ]
INFO: [ app_end ] --END-- [ RunTime:0.000909s ]

[ 2018-05-24T08:50:23+08:00 ] 127.0.0.1 /index.php/Seller/index/index
INFO: [ app_init ] --START--
INFO: Run Behavior\BuildLiteBehavior [ RunTime:0.000023s ]
INFO: [ app_init ] --END-- [ RunTime:0.000477s ]
INFO: [ app_begin ] --START--
INFO: Run Behavior\ReadHtmlCacheBehavior [ RunTime:0.000589s ]
INFO: [ app_begin ] --END-- [ RunTime:0.000893s ]
SQL: SHOW COLUMNS FROM `qs_sqk_sys_config_def` [ RunTime:0.0039s ]
SQL: SELECT * FROM `qs_sqk_sys_config_def`  [ RunTime:0.0021s ]
SQL: SHOW COLUMNS FROM `qs_sqk_seller_wechat_binding` [ RunTime:0.0039s ]
SQL: SELECT * FROM `qs_sqk_seller_wechat_binding` WHERE `open_id` = null LIMIT 1   [ RunTime:0.0021s ]
INFO: [ view_parse ] --START--
INFO: [ template_filter ] --START--
INFO: Run Behavior\ContentReplaceBehavior [ RunTime:0.000065s ]
INFO: [ template_filter ] --END-- [ RunTime:0.000173s ]
INFO: Run Behavior\ParseTemplateBehavior [ RunTime:0.008388s ]
INFO: [ view_parse ] --END-- [ RunTime:0.008513s ]
INFO: [ view_filter ] --START--
INFO: Run Behavior\WriteHtmlCacheBehavior [ RunTime:0.000707s ]
INFO: [ view_filter ] --END-- [ RunTime:0.000908s ]
INFO: [ app_end ] --START--
INFO: Run Behavior\ShowPageTraceBehavior [ RunTime:0.000844s ]
INFO: [ app_end ] --END-- [ RunTime:0.000948s ]

[ 2018-05-24T08:50:24+08:00 ] 127.0.0.1 /index.php/Seller/Index/wechat_binding
INFO: [ app_init ] --START--
INFO: Run Behavior\BuildLiteBehavior [ RunTime:0.000024s ]
INFO: [ app_init ] --END-- [ RunTime:0.000420s ]
INFO: [ app_begin ] --START--
INFO: Run Behavior\ReadHtmlCacheBehavior [ RunTime:0.000519s ]
INFO: [ app_begin ] --END-- [ RunTime:0.000653s ]
SQL: SHOW COLUMNS FROM `qs_sqk_sys_config_def` [ RunTime:0.0039s ]
SQL: SELECT * FROM `qs_sqk_sys_config_def`  [ RunTime:0.0016s ]
NOTIC: [8] Undefined index: tel E:\wamp\www\qskj_project_sqk_debug_git\qskj_sqk\sqk\Application\Seller\Controller\IndexController.class.php 第 124 行.
INFO: [ view_parse ] --START--
INFO: [ template_filter ] --START--
INFO: Run Behavior\ContentReplaceBehavior [ RunTime:0.000073s ]
INFO: [ template_filter ] --END-- [ RunTime:0.000191s ]
INFO: Run Behavior\ParseTemplateBehavior [ RunTime:0.031661s ]
INFO: [ view_parse ] --END-- [ RunTime:0.031794s ]
INFO: [ view_filter ] --START--
INFO: Run Behavior\WriteHtmlCacheBehavior [ RunTime:0.000676s ]
INFO: [ view_filter ] --END-- [ RunTime:0.000788s ]
INFO: [ app_end ] --START--
INFO: Run Behavior\ShowPageTraceBehavior [ RunTime:0.000947s ]
INFO: [ app_end ] --END-- [ RunTime:0.001056s ]

[ 2018-05-24T08:50:32+08:00 ] 127.0.0.1 /index.php/Seller/Index/wechat_binding
INFO: [ app_init ] --START--
INFO: Run Behavior\BuildLiteBehavior [ RunTime:0.000026s ]
INFO: [ app_init ] --END-- [ RunTime:0.000517s ]
INFO: [ app_begin ] --START--
INFO: Run Behavior\ReadHtmlCacheBehavior [ RunTime:0.000685s ]
INFO: [ app_begin ] --END-- [ RunTime:0.000824s ]
SQL: SHOW COLUMNS FROM `qs_sqk_sys_config_def` [ RunTime:0.0046s ]
SQL: SELECT * FROM `qs_sqk_sys_config_def`  [ RunTime:0.0018s ]
NOTIC: [8] Undefined index: tel E:\wamp\www\qskj_project_sqk_debug_git\qskj_sqk\sqk\Application\Seller\Controller\IndexController.class.php 第 124 行.
INFO: [ view_parse ] --START--
INFO: [ template_filter ] --START--
INFO: Run Behavior\ContentReplaceBehavior [ RunTime:0.000070s ]
INFO: [ template_filter ] --END-- [ RunTime:0.000185s ]
INFO: Run Behavior\ParseTemplateBehavior [ RunTime:0.008437s ]
INFO: [ view_parse ] --END-- [ RunTime:0.008614s ]
INFO: [ view_filter ] --START--
INFO: Run Behavior\WriteHtmlCacheBehavior [ RunTime:0.000651s ]
INFO: [ view_filter ] --END-- [ RunTime:0.000760s ]
INFO: [ app_end ] --START--
INFO: Run Behavior\ShowPageTraceBehavior [ RunTime:0.000851s ]
INFO: [ app_end ] --END-- [ RunTime:0.000966s ]

[ 2018-05-24T08:53:41+08:00 ] 127.0.0.1 /index.php/Seller/Index/wechat_binding
INFO: [ app_init ] --START--
INFO: Run Behavior\BuildLiteBehavior [ RunTime:0.000025s ]
INFO: [ app_init ] --END-- [ RunTime:0.000539s ]
INFO: [ app_begin ] --START--
INFO: Run Behavior\ReadHtmlCacheBehavior [ RunTime:0.000704s ]
INFO: [ app_begin ] --END-- [ RunTime:0.000821s ]
SQL: SHOW COLUMNS FROM `qs_sqk_sys_config_def` [ RunTime:0.0039s ]
SQL: SELECT * FROM `qs_sqk_sys_config_def`  [ RunTime:0.0015s ]
NOTIC: [8] Undefined index: tel E:\wamp\www\qskj_project_sqk_debug_git\qskj_sqk\sqk\Application\Seller\Controller\IndexController.class.php 第 124 行.
INFO: [ view_parse ] --START--
INFO: [ template_filter ] --START--
INFO: Run Behavior\ContentReplaceBehavior [ RunTime:0.000070s ]
INFO: [ template_filter ] --END-- [ RunTime:0.000177s ]
INFO: Run Behavior\ParseTemplateBehavior [ RunTime:0.008590s ]
INFO: [ view_parse ] --END-- [ RunTime:0.008733s ]
INFO: [ view_filter ] --START--
INFO: Run Behavior\WriteHtmlCacheBehavior [ RunTime:0.000550s ]
INFO: [ view_filter ] --END-- [ RunTime:0.000649s ]
INFO: [ app_end ] --START--
INFO: Run Behavior\ShowPageTraceBehavior [ RunTime:0.000902s ]
INFO: [ app_end ] --END-- [ RunTime:0.001015s ]

[ 2018-05-24T08:53:44+08:00 ] 127.0.0.1 /index.php/Seller/Index/getApplyKeyCodeCheckExist
INFO: [ app_init ] --START--
INFO: Run Behavior\BuildLiteBehavior [ RunTime:0.000023s ]
INFO: [ app_init ] --END-- [ RunTime:0.000438s ]
INFO: [ app_begin ] --START--
INFO: Run Behavior\ReadHtmlCacheBehavior [ RunTime:0.000430s ]
INFO: [ app_begin ] --END-- [ RunTime:0.000525s ]
SQL: SHOW COLUMNS FROM `qs_sqk_sys_config_def` [ RunTime:0.0055s ]
SQL: SELECT * FROM `qs_sqk_sys_config_def`  [ RunTime:0.0025s ]
SQL: SHOW COLUMNS FROM `qs_sqk_seller_info` [ RunTime:0.0046s ]
SQL: SELECT * FROM `qs_sqk_seller_info` WHERE ( tel="13521447599" ) LIMIT 1   [ RunTime:0.0032s ]
NOTIC: [2] Creating default object from empty value E:\wamp\www\qskj_project_sqk_debug_git\qskj_sqk\sqk\Application\Seller\Controller\SmsController.class.php 第 44 行.
NOTIC: [2] Creating default object from empty value E:\wamp\www\qskj_project_sqk_debug_git\qskj_sqk\sqk\Application\Seller\Controller\SmsController.class.php 第 49 行.

[ 2018-05-24T09:03:55+08:00 ] 127.0.0.1 /index.php/Seller/Index/wechat_binding
INFO: [ app_init ] --START--
INFO: Run Behavior\BuildLiteBehavior [ RunTime:0.000023s ]
INFO: [ app_init ] --END-- [ RunTime:0.000537s ]
INFO: [ app_begin ] --START--
INFO: Run Behavior\ReadHtmlCacheBehavior [ RunTime:0.000890s ]
INFO: [ app_begin ] --END-- [ RunTime:0.001049s ]
SQL: SHOW COLUMNS FROM `qs_sqk_sys_config_def` [ RunTime:0.0054s ]
SQL: SELECT * FROM `qs_sqk_sys_config_def`  [ RunTime:0.0020s ]
NOTIC: [8] Undefined index: tel E:\wamp\www\qskj_project_sqk_debug_git\qskj_sqk\sqk\Application\Seller\Controller\IndexController.class.php 第 124 行.
INFO: [ view_parse ] --START--
INFO: [ template_filter ] --START--
INFO: Run Behavior\ContentReplaceBehavior [ RunTime:0.000077s ]
INFO: [ template_filter ] --END-- [ RunTime:0.000198s ]
INFO: Run Behavior\ParseTemplateBehavior [ RunTime:0.008853s ]
INFO: [ view_parse ] --END-- [ RunTime:0.008997s ]
INFO: [ view_filter ] --START--
INFO: Run Behavior\WriteHtmlCacheBehavior [ RunTime:0.000521s ]
INFO: [ view_filter ] --END-- [ RunTime:0.000657s ]
INFO: [ app_end ] --START--
INFO: Run Behavior\ShowPageTraceBehavior [ RunTime:0.000875s ]
INFO: [ app_end ] --END-- [ RunTime:0.001234s ]

[ 2018-05-24T09:04:22+08:00 ] 127.0.0.1 /index.php/Seller/Index/wechat_binding
INFO: [ app_init ] --START--
INFO: Run Behavior\BuildLiteBehavior [ RunTime:0.000025s ]
INFO: [ app_init ] --END-- [ RunTime:0.000536s ]
INFO: [ app_begin ] --START--
INFO: Run Behavior\ReadHtmlCacheBehavior [ RunTime:0.000805s ]
INFO: [ app_begin ] --END-- [ RunTime:0.000936s ]
SQL: SHOW COLUMNS FROM `qs_sqk_sys_config_def` [ RunTime:0.0061s ]
SQL: SELECT * FROM `qs_sqk_sys_config_def`  [ RunTime:0.0024s ]
NOTIC: [8] Undefined index: tel E:\wamp\www\qskj_project_sqk_debug_git\qskj_sqk\sqk\Application\Seller\Controller\IndexController.class.php 第 124 行.
INFO: [ view_parse ] --START--
INFO: [ template_filter ] --START--
INFO: Run Behavior\ContentReplaceBehavior [ RunTime:0.000073s ]
INFO: [ template_filter ] --END-- [ RunTime:0.000217s ]
INFO: Run Behavior\ParseTemplateBehavior [ RunTime:0.008370s ]
INFO: [ view_parse ] --END-- [ RunTime:0.008501s ]
INFO: [ view_filter ] --START--
INFO: Run Behavior\WriteHtmlCacheBehavior [ RunTime:0.000698s ]
INFO: [ view_filter ] --END-- [ RunTime:0.000811s ]
INFO: [ app_end ] --START--
INFO: Run Behavior\ShowPageTraceBehavior [ RunTime:0.000905s ]
INFO: [ app_end ] --END-- [ RunTime:0.001028s ]

[ 2018-05-24T09:04:26+08:00 ] 127.0.0.1 /index.php/Seller/Index/wechat_binding
INFO: [ app_init ] --START--
INFO: Run Behavior\BuildLiteBehavior [ RunTime:0.000025s ]
INFO: [ app_init ] --END-- [ RunTime:0.000494s ]
INFO: [ app_begin ] --START--
INFO: Run Behavior\ReadHtmlCacheBehavior [ RunTime:0.000454s ]
INFO: [ app_begin ] --END-- [ RunTime:0.000567s ]
SQL: SHOW COLUMNS FROM `qs_sqk_sys_config_def` [ RunTime:0.0055s ]
SQL: SELECT * FROM `qs_sqk_sys_config_def`  [ RunTime:0.0021s ]
NOTIC: [8] Undefined index: tel E:\wamp\www\qskj_project_sqk_debug_git\qskj_sqk\sqk\Application\Seller\Controller\IndexController.class.php 第 124 行.
INFO: [ view_parse ] --START--
INFO: [ template_filter ] --START--
INFO: Run Behavior\ContentReplaceBehavior [ RunTime:0.000076s ]
INFO: [ template_filter ] --END-- [ RunTime:0.000193s ]
INFO: Run Behavior\ParseTemplateBehavior [ RunTime:0.008295s ]
INFO: [ view_parse ] --END-- [ RunTime:0.008420s ]
INFO: [ view_filter ] --START--
INFO: Run Behavior\WriteHtmlCacheBehavior [ RunTime:0.000648s ]
INFO: [ view_filter ] --END-- [ RunTime:0.000753s ]
INFO: [ app_end ] --START--
INFO: Run Behavior\ShowPageTraceBehavior [ RunTime:0.000918s ]
INFO: [ app_end ] --END-- [ RunTime:0.001033s ]

[ 2018-05-24T09:05:40+08:00 ] 127.0.0.1 /index.php/Seller/Index/wechat_binding
INFO: [ app_init ] --START--
INFO: Run Behavior\BuildLiteBehavior [ RunTime:0.000034s ]
INFO: [ app_init ] --END-- [ RunTime:0.000526s ]
INFO: [ app_begin ] --START--
INFO: Run Behavior\ReadHtmlCacheBehavior [ RunTime:0.000441s ]
INFO: [ app_begin ] --END-- [ RunTime:0.000554s ]
SQL: SHOW COLUMNS FROM `qs_sqk_sys_config_def` [ RunTime:0.0050s ]
SQL: SELECT * FROM `qs_sqk_sys_config_def`  [ RunTime:0.0019s ]
NOTIC: [8] Undefined index: tel E:\wamp\www\qskj_project_sqk_debug_git\qskj_sqk\sqk\Application\Seller\Controller\IndexController.class.php 第 124 行.
INFO: [ view_parse ] --START--
INFO: [ template_filter ] --START--
INFO: Run Behavior\ContentReplaceBehavior [ RunTime:0.000070s ]
INFO: [ template_filter ] --END-- [ RunTime:0.000180s ]
INFO: Run Behavior\ParseTemplateBehavior [ RunTime:0.008269s ]
INFO: [ view_parse ] --END-- [ RunTime:0.008391s ]
INFO: [ view_filter ] --START--
INFO: Run Behavior\WriteHtmlCacheBehavior [ RunTime:0.000272s ]
INFO: [ view_filter ] --END-- [ RunTime:0.000369s ]
INFO: [ app_end ] --START--
INFO: Run Behavior\ShowPageTraceBehavior [ RunTime:0.000902s ]
INFO: [ app_end ] --END-- [ RunTime:0.001010s ]

[ 2018-05-24T09:06:06+08:00 ] 127.0.0.1 /index.php/Seller/Index/wechat_binding
INFO: [ app_init ] --START--
INFO: Run Behavior\BuildLiteBehavior [ RunTime:0.000023s ]
INFO: [ app_init ] --END-- [ RunTime:0.000430s ]
INFO: [ app_begin ] --START--
INFO: Run Behavior\ReadHtmlCacheBehavior [ RunTime:0.000443s ]
INFO: [ app_begin ] --END-- [ RunTime:0.000548s ]
SQL: SHOW COLUMNS FROM `qs_sqk_sys_config_def` [ RunTime:0.0048s ]
SQL: SELECT * FROM `qs_sqk_sys_config_def`  [ RunTime:0.0020s ]
NOTIC: [8] Undefined index: tel E:\wamp\www\qskj_project_sqk_debug_git\qskj_sqk\sqk\Application\Seller\Controller\IndexController.class.php 第 124 行.
INFO: [ view_parse ] --START--
INFO: [ template_filter ] --START--
INFO: Run Behavior\ContentReplaceBehavior [ RunTime:0.000167s ]
INFO: [ template_filter ] --END-- [ RunTime:0.000284s ]
INFO: Run Behavior\ParseTemplateBehavior [ RunTime:0.008327s ]
INFO: [ view_parse ] --END-- [ RunTime:0.008454s ]
INFO: [ view_filter ] --START--
INFO: Run Behavior\WriteHtmlCacheBehavior [ RunTime:0.000786s ]
INFO: [ view_filter ] --END-- [ RunTime:0.000893s ]
INFO: [ app_end ] --START--
INFO: Run Behavior\ShowPageTraceBehavior [ RunTime:0.000908s ]
INFO: [ app_end ] --END-- [ RunTime:0.001018s ]

[ 2018-05-24T09:06:10+08:00 ] 127.0.0.1 /index.php/Seller/Index/wechat_binding
INFO: [ app_init ] --START--
INFO: Run Behavior\BuildLiteBehavior [ RunTime:0.000024s ]
INFO: [ app_init ] --END-- [ RunTime:0.000428s ]
INFO: [ app_begin ] --START--
INFO: Run Behavior\ReadHtmlCacheBehavior [ RunTime:0.000455s ]
INFO: [ app_begin ] --END-- [ RunTime:0.000564s ]
SQL: SHOW COLUMNS FROM `qs_sqk_sys_config_def` [ RunTime:0.0060s ]
SQL: SELECT * FROM `qs_sqk_sys_config_def`  [ RunTime:0.0023s ]
NOTIC: [8] Undefined index: tel E:\wamp\www\qskj_project_sqk_debug_git\qskj_sqk\sqk\Application\Seller\Controller\IndexController.class.php 第 124 行.
INFO: [ view_parse ] --START--
INFO: [ template_filter ] --START--
INFO: Run Behavior\ContentReplaceBehavior [ RunTime:0.000068s ]
INFO: [ template_filter ] --END-- [ RunTime:0.000195s ]
INFO: Run Behavior\ParseTemplateBehavior [ RunTime:0.009295s ]
INFO: [ view_parse ] --END-- [ RunTime:0.009429s ]
INFO: [ view_filter ] --START--
INFO: Run Behavior\WriteHtmlCacheBehavior [ RunTime:0.000879s ]
INFO: [ view_filter ] --END-- [ RunTime:0.001011s ]
INFO: [ app_end ] --START--
INFO: Run Behavior\ShowPageTraceBehavior [ RunTime:0.001160s ]
INFO: [ app_end ] --END-- [ RunTime:0.001297s ]

[ 2018-05-24T09:06:16+08:00 ] 127.0.0.1 /index.php/Seller/Index/getApplyKeyCodeCheckExist
INFO: [ app_init ] --START--
INFO: Run Behavior\BuildLiteBehavior [ RunTime:0.000024s ]
INFO: [ app_init ] --END-- [ RunTime:0.000510s ]
INFO: [ app_begin ] --START--
INFO: Run Behavior\ReadHtmlCacheBehavior [ RunTime:0.000682s ]
INFO: [ app_begin ] --END-- [ RunTime:0.000774s ]
SQL: SHOW COLUMNS FROM `qs_sqk_sys_config_def` [ RunTime:0.0048s ]
SQL: SELECT * FROM `qs_sqk_sys_config_def`  [ RunTime:0.0027s ]
SQL: SHOW COLUMNS FROM `qs_sqk_seller_info` [ RunTime:0.0047s ]
SQL: SELECT * FROM `qs_sqk_seller_info` WHERE ( tel="13521447599" ) LIMIT 1   [ RunTime:0.0029s ]
NOTIC: [2] Creating default object from empty value E:\wamp\www\qskj_project_sqk_debug_git\qskj_sqk\sqk\Application\Seller\Controller\SmsController.class.php 第 44 行.
NOTIC: [2] Creating default object from empty value E:\wamp\www\qskj_project_sqk_debug_git\qskj_sqk\sqk\Application\Seller\Controller\SmsController.class.php 第 49 行.

[ 2018-05-24T09:06:45+08:00 ] 127.0.0.1 /index.php/Seller/Index/wechat_binding
INFO: [ app_init ] --START--
INFO: Run Behavior\BuildLiteBehavior [ RunTime:0.000024s ]
INFO: [ app_init ] --END-- [ RunTime:0.000434s ]
INFO: [ app_begin ] --START--
INFO: Run Behavior\ReadHtmlCacheBehavior [ RunTime:0.000424s ]
INFO: [ app_begin ] --END-- [ RunTime:0.000536s ]
SQL: SHOW COLUMNS FROM `qs_sqk_sys_config_def` [ RunTime:0.0043s ]
SQL: SELECT * FROM `qs_sqk_sys_config_def`  [ RunTime:0.0019s ]
NOTIC: [8] Undefined index: tel E:\wamp\www\qskj_project_sqk_debug_git\qskj_sqk\sqk\Application\Seller\Controller\IndexController.class.php 第 124 行.
INFO: [ view_parse ] --START--
INFO: [ template_filter ] --START--
INFO: Run Behavior\ContentReplaceBehavior [ RunTime:0.000117s ]
INFO: [ template_filter ] --END-- [ RunTime:0.000261s ]
INFO: Run Behavior\ParseTemplateBehavior [ RunTime:0.009336s ]
INFO: [ view_parse ] --END-- [ RunTime:0.009456s ]
INFO: [ view_filter ] --START--
INFO: Run Behavior\WriteHtmlCacheBehavior [ RunTime:0.000671s ]
INFO: [ view_filter ] --END-- [ RunTime:0.000773s ]
INFO: [ app_end ] --START--
INFO: Run Behavior\ShowPageTraceBehavior [ RunTime:0.000869s ]
INFO: [ app_end ] --END-- [ RunTime:0.000977s ]

[ 2018-05-24T09:06:47+08:00 ] 127.0.0.1 /index.php/Seller/Index/bindingSellerInfo
INFO: [ app_init ] --START--
INFO: Run Behavior\BuildLiteBehavior [ RunTime:0.000023s ]
INFO: [ app_init ] --END-- [ RunTime:0.000408s ]
INFO: [ app_begin ] --START--
INFO: Run Behavior\ReadHtmlCacheBehavior [ RunTime:0.000403s ]
INFO: [ app_begin ] --END-- [ RunTime:0.000503s ]
SQL: SHOW COLUMNS FROM `qs_sqk_sys_config_def` [ RunTime:0.0041s ]
SQL: SELECT * FROM `qs_sqk_sys_config_def`  [ RunTime:0.0017s ]
SQL: SHOW COLUMNS FROM `qs_sqk_seller_info` [ RunTime:0.0042s ]
SQL: SELECT * FROM `qs_sqk_seller_info` WHERE ( tel=13521447599 ) LIMIT 1   [ RunTime:0.0029s ]
SQL: SHOW COLUMNS FROM `qs_sqk_seller_wechat_binding` [ RunTime:0.0045s ]
SQL: INSERT INTO `qs_sqk_seller_wechat_binding` (`seller_id`,`open_id`,`name`,`headimgurl`) VALUES ('43','oadwq03_g0B0lvOGQG6Id5vUIwNQ','忘忧草','http://thirdwx.qlogo.cn/mmopen/vi_32/Q0j4TwGTfTKHRoX9H0IXWmiaxlXzb3O9ILcicFoZqRjRZWe0xKk0bdPqiag4shDYyXw94TL6pDRiaV4svlVlKraBnw/132') [ RunTime:0.0034s ]
INFO: [ app_end ] --START--
INFO: Run Behavior\ShowPageTraceBehavior [ RunTime:0.000887s ]
INFO: [ app_end ] --END-- [ RunTime:0.000994s ]

[ 2018-05-24T09:07:11+08:00 ] 127.0.0.1 /index.php/Seller/Index/bindingSellerInfo
INFO: [ app_init ] --START--
INFO: Run Behavior\BuildLiteBehavior [ RunTime:0.000022s ]
INFO: [ app_init ] --END-- [ RunTime:0.000408s ]
INFO: [ app_begin ] --START--
INFO: Run Behavior\ReadHtmlCacheBehavior [ RunTime:0.000441s ]
INFO: [ app_begin ] --END-- [ RunTime:0.000536s ]
SQL: SHOW COLUMNS FROM `qs_sqk_sys_config_def` [ RunTime:0.0051s ]
SQL: SELECT * FROM `qs_sqk_sys_config_def`  [ RunTime:0.0017s ]
SQL: SHOW COLUMNS FROM `qs_sqk_seller_info` [ RunTime:0.0039s ]
SQL: SELECT * FROM `qs_sqk_seller_info` WHERE ( tel=13521447599 ) LIMIT 1   [ RunTime:0.0030s ]
SQL: SHOW COLUMNS FROM `qs_sqk_seller_wechat_binding` [ RunTime:0.0042s ]
SQL: INSERT INTO `qs_sqk_seller_wechat_binding` (`seller_id`,`open_id`,`name`,`headimgurl`) VALUES ('43','oadwq03_g0B0lvOGQG6Id5vUIwNQ','忘忧草','http://thirdwx.qlogo.cn/mmopen/vi_32/Q0j4TwGTfTKHRoX9H0IXWmiaxlXzb3O9ILcicFoZqRjRZWe0xKk0bdPqiag4shDYyXw94TL6pDRiaV4svlVlKraBnw/132') [ RunTime:0.0009s ]

[ 2018-05-24T09:07:40+08:00 ] 127.0.0.1 /index.php/Seller/Index/bindingSellerInfo
INFO: [ app_init ] --START--
INFO: Run Behavior\BuildLiteBehavior [ RunTime:0.000022s ]
INFO: [ app_init ] --END-- [ RunTime:0.000400s ]
INFO: [ app_begin ] --START--
INFO: Run Behavior\ReadHtmlCacheBehavior [ RunTime:0.000399s ]
INFO: [ app_begin ] --END-- [ RunTime:0.000489s ]
SQL: SHOW COLUMNS FROM `qs_sqk_sys_config_def` [ RunTime:0.0056s ]
SQL: SELECT * FROM `qs_sqk_sys_config_def`  [ RunTime:0.0020s ]
SQL: SHOW COLUMNS FROM `qs_sqk_seller_info` [ RunTime:0.0051s ]
SQL: SELECT * FROM `qs_sqk_seller_info` WHERE ( tel=13521447599 ) LIMIT 1   [ RunTime:0.0046s ]
SQL: SHOW COLUMNS FROM `qs_sqk_seller_wechat_binding` [ RunTime:0.0063s ]
SQL: INSERT INTO `qs_sqk_seller_wechat_binding` (`seller_id`,`open_id`,`name`,`headimgurl`) VALUES ('43','oadwq03_g0B0lvOGQG6Id5vUIwNQ','忘忧草','http://thirdwx.qlogo.cn/mmopen/vi_32/Q0j4TwGTfTKHRoX9H0IXWmiaxlXzb3O9ILcicFoZqRjRZWe0xKk0bdPqiag4shDYyXw94TL6pDRiaV4svlVlKraBnw/132') [ RunTime:0.0011s ]

[ 2018-05-24T09:07:40+08:00 ] 127.0.0.1 /index.php/Seller/Index/index
INFO: [ app_init ] --START--
INFO: Run Behavior\BuildLiteBehavior [ RunTime:0.000024s ]
INFO: [ app_init ] --END-- [ RunTime:0.000445s ]
INFO: [ app_begin ] --START--
INFO: Run Behavior\ReadHtmlCacheBehavior [ RunTime:0.000458s ]
INFO: [ app_begin ] --END-- [ RunTime:0.000568s ]
SQL: SHOW COLUMNS FROM `qs_sqk_sys_config_def` [ RunTime:0.0038s ]
SQL: SELECT * FROM `qs_sqk_sys_config_def`  [ RunTime:0.0017s ]
SQL: SHOW COLUMNS FROM `qs_sqk_seller_wechat_binding` [ RunTime:0.0041s ]
SQL: SELECT * FROM `qs_sqk_seller_wechat_binding` WHERE `open_id` = null LIMIT 1   [ RunTime:0.0036s ]
INFO: [ view_parse ] --START--
INFO: [ template_filter ] --START--
INFO: Run Behavior\ContentReplaceBehavior [ RunTime:0.000113s ]
INFO: [ template_filter ] --END-- [ RunTime:0.000269s ]
INFO: Run Behavior\ParseTemplateBehavior [ RunTime:0.009069s ]
INFO: [ view_parse ] --END-- [ RunTime:0.009197s ]
INFO: [ view_filter ] --START--
INFO: Run Behavior\WriteHtmlCacheBehavior [ RunTime:0.000740s ]
INFO: [ view_filter ] --END-- [ RunTime:0.000870s ]
INFO: [ app_end ] --START--
INFO: Run Behavior\ShowPageTraceBehavior [ RunTime:0.000880s ]
INFO: [ app_end ] --END-- [ RunTime:0.000985s ]

[ 2018-05-24T09:07:48+08:00 ] 127.0.0.1 /index.php/Seller/Index/wechat_binding
INFO: [ app_init ] --START--
INFO: Run Behavior\BuildLiteBehavior [ RunTime:0.000047s ]
INFO: [ app_init ] --END-- [ RunTime:0.000676s ]
INFO: [ app_begin ] --START--
INFO: Run Behavior\ReadHtmlCacheBehavior [ RunTime:0.000703s ]
INFO: [ app_begin ] --END-- [ RunTime:0.000822s ]
SQL: SHOW COLUMNS FROM `qs_sqk_sys_config_def` [ RunTime:0.0055s ]
SQL: SELECT * FROM `qs_sqk_sys_config_def`  [ RunTime:0.0023s ]
NOTIC: [8] Undefined index: tel E:\wamp\www\qskj_project_sqk_debug_git\qskj_sqk\sqk\Application\Seller\Controller\IndexController.class.php 第 124 行.
INFO: [ view_parse ] --START--
INFO: [ template_filter ] --START--
INFO: Run Behavior\ContentReplaceBehavior [ RunTime:0.000077s ]
INFO: [ template_filter ] --END-- [ RunTime:0.000203s ]
INFO: Run Behavior\ParseTemplateBehavior [ RunTime:0.008613s ]
INFO: [ view_parse ] --END-- [ RunTime:0.008739s ]
INFO: [ view_filter ] --START--
INFO: Run Behavior\WriteHtmlCacheBehavior [ RunTime:0.000685s ]
INFO: [ view_filter ] --END-- [ RunTime:0.000994s ]
INFO: [ app_end ] --START--
INFO: Run Behavior\ShowPageTraceBehavior [ RunTime:0.001314s ]
INFO: [ app_end ] --END-- [ RunTime:0.001432s ]

[ 2018-05-24T09:07:50+08:00 ] 127.0.0.1 /index.php/Seller/index/index
INFO: [ app_init ] --START--
INFO: Run Behavior\BuildLiteBehavior [ RunTime:0.000027s ]
INFO: [ app_init ] --END-- [ RunTime:0.000483s ]
INFO: [ app_begin ] --START--
INFO: Run Behavior\ReadHtmlCacheBehavior [ RunTime:0.000468s ]
INFO: [ app_begin ] --END-- [ RunTime:0.000588s ]
SQL: SHOW COLUMNS FROM `qs_sqk_sys_config_def` [ RunTime:0.0054s ]
SQL: SELECT * FROM `qs_sqk_sys_config_def`  [ RunTime:0.0016s ]
SQL: SHOW COLUMNS FROM `qs_sqk_seller_wechat_binding` [ RunTime:0.0056s ]
SQL: SELECT * FROM `qs_sqk_seller_wechat_binding` WHERE `open_id` = null LIMIT 1   [ RunTime:0.3026s ]
INFO: [ view_parse ] --START--
INFO: [ template_filter ] --START--
INFO: Run Behavior\ContentReplaceBehavior [ RunTime:0.000070s ]
INFO: [ template_filter ] --END-- [ RunTime:0.000206s ]
INFO: Run Behavior\ParseTemplateBehavior [ RunTime:0.007520s ]
INFO: [ view_parse ] --END-- [ RunTime:0.007770s ]
INFO: [ view_filter ] --START--
INFO: Run Behavior\WriteHtmlCacheBehavior [ RunTime:0.000933s ]
INFO: [ view_filter ] --END-- [ RunTime:0.001034s ]
INFO: [ app_end ] --START--
INFO: Run Behavior\ShowPageTraceBehavior [ RunTime:0.000757s ]
INFO: [ app_end ] --END-- [ RunTime:0.000856s ]

[ 2018-05-24T09:07:52+08:00 ] 127.0.0.1 /index.php/Seller/Index/apply
INFO: [ app_init ] --START--
INFO: Run Behavior\BuildLiteBehavior [ RunTime:0.000027s ]
INFO: [ app_init ] --END-- [ RunTime:0.000463s ]
INFO: [ app_begin ] --START--
INFO: Run Behavior\ReadHtmlCacheBehavior [ RunTime:0.000698s ]
INFO: [ app_begin ] --END-- [ RunTime:0.000864s ]
SQL: SHOW COLUMNS FROM `qs_sqk_sys_config_def` [ RunTime:0.0049s ]
SQL: SELECT * FROM `qs_sqk_sys_config_def`  [ RunTime:0.3025s ]
INFO: [ view_parse ] --START--
INFO: [ template_filter ] --START--
INFO: Run Behavior\ContentReplaceBehavior [ RunTime:0.000075s ]
INFO: [ template_filter ] --END-- [ RunTime:0.000199s ]
INFO: Run Behavior\ParseTemplateBehavior [ RunTime:0.008138s ]
INFO: [ view_parse ] --END-- [ RunTime:0.008253s ]
INFO: [ view_filter ] --START--
INFO: Run Behavior\WriteHtmlCacheBehavior [ RunTime:0.000620s ]
INFO: [ view_filter ] --END-- [ RunTime:0.000730s ]
INFO: [ app_end ] --START--
INFO: Run Behavior\ShowPageTraceBehavior [ RunTime:0.000850s ]
INFO: [ app_end ] --END-- [ RunTime:0.000955s ]

[ 2018-05-24T09:08:04+08:00 ] 127.0.0.1 /index.php/Seller/index/index
INFO: [ app_init ] --START--
INFO: Run Behavior\BuildLiteBehavior [ RunTime:0.000024s ]
INFO: [ app_init ] --END-- [ RunTime:0.000472s ]
INFO: [ app_begin ] --START--
INFO: Run Behavior\ReadHtmlCacheBehavior [ RunTime:0.000424s ]
INFO: [ app_begin ] --END-- [ RunTime:0.000572s ]
SQL: SHOW COLUMNS FROM `qs_sqk_sys_config_def` [ RunTime:0.0049s ]
SQL: SELECT * FROM `qs_sqk_sys_config_def`  [ RunTime:0.0018s ]
SQL: SHOW COLUMNS FROM `qs_sqk_seller_wechat_binding` [ RunTime:0.0037s ]
SQL: SELECT * FROM `qs_sqk_seller_wechat_binding` WHERE `open_id` = null LIMIT 1   [ RunTime:0.0021s ]
INFO: [ view_parse ] --START--
INFO: [ template_filter ] --START--
INFO: Run Behavior\ContentReplaceBehavior [ RunTime:0.000081s ]
INFO: [ template_filter ] --END-- [ RunTime:0.000214s ]
INFO: Run Behavior\ParseTemplateBehavior [ RunTime:0.008467s ]
INFO: [ view_parse ] --END-- [ RunTime:0.008595s ]
INFO: [ view_filter ] --START--
INFO: Run Behavior\WriteHtmlCacheBehavior [ RunTime:0.000911s ]
INFO: [ view_filter ] --END-- [ RunTime:0.001047s ]
INFO: [ app_end ] --START--
INFO: Run Behavior\ShowPageTraceBehavior [ RunTime:0.000922s ]
INFO: [ app_end ] --END-- [ RunTime:0.001028s ]

[ 2018-05-24T09:08:05+08:00 ] 127.0.0.1 /index.php/Seller/Index/apply
INFO: [ app_init ] --START--
INFO: Run Behavior\BuildLiteBehavior [ RunTime:0.000024s ]
INFO: [ app_init ] --END-- [ RunTime:0.000457s ]
INFO: [ app_begin ] --START--
INFO: Run Behavior\ReadHtmlCacheBehavior [ RunTime:0.000470s ]
INFO: [ app_begin ] --END-- [ RunTime:0.000579s ]
SQL: SHOW COLUMNS FROM `qs_sqk_sys_config_def` [ RunTime:0.0046s ]
SQL: SELECT * FROM `qs_sqk_sys_config_def`  [ RunTime:0.0015s ]
INFO: [ view_parse ] --START--
INFO: [ template_filter ] --START--
INFO: Run Behavior\ContentReplaceBehavior [ RunTime:0.000071s ]
INFO: [ template_filter ] --END-- [ RunTime:0.000205s ]
INFO: Run Behavior\ParseTemplateBehavior [ RunTime:0.007755s ]
INFO: [ view_parse ] --END-- [ RunTime:0.007903s ]
INFO: [ view_filter ] --START--
INFO: Run Behavior\WriteHtmlCacheBehavior [ RunTime:0.000696s ]
INFO: [ view_filter ] --END-- [ RunTime:0.000796s ]
INFO: [ app_end ] --START--
INFO: Run Behavior\ShowPageTraceBehavior [ RunTime:0.000859s ]
INFO: [ app_end ] --END-- [ RunTime:0.000967s ]

[ 2018-05-24T09:08:34+08:00 ] 127.0.0.1 /index.php/Seller/Index/apply
INFO: [ app_init ] --START--
INFO: Run Behavior\BuildLiteBehavior [ RunTime:0.000024s ]
INFO: [ app_init ] --END-- [ RunTime:0.000433s ]
INFO: [ app_begin ] --START--
INFO: Run Behavior\ReadHtmlCacheBehavior [ RunTime:0.000435s ]
INFO: [ app_begin ] --END-- [ RunTime:0.000549s ]
SQL: SHOW COLUMNS FROM `qs_sqk_sys_config_def` [ RunTime:0.0053s ]
SQL: SELECT * FROM `qs_sqk_sys_config_def`  [ RunTime:0.0018s ]
INFO: [ view_parse ] --START--
INFO: [ template_filter ] --START--
INFO: Run Behavior\ContentReplaceBehavior [ RunTime:0.000074s ]
INFO: [ template_filter ] --END-- [ RunTime:0.000200s ]
INFO: Run Behavior\ParseTemplateBehavior [ RunTime:0.007686s ]
INFO: [ view_parse ] --END-- [ RunTime:0.007806s ]
INFO: [ view_filter ] --START--
INFO: Run Behavior\WriteHtmlCacheBehavior [ RunTime:0.000621s ]
INFO: [ view_filter ] --END-- [ RunTime:0.000740s ]
INFO: [ app_end ] --START--
INFO: Run Behavior\ShowPageTraceBehavior [ RunTime:0.000857s ]
INFO: [ app_end ] --END-- [ RunTime:0.001009s ]

[ 2018-05-24T09:09:07+08:00 ] 127.0.0.1 /index.php/Seller/Index/getApplyKeyCode
INFO: [ app_init ] --START--
INFO: Run Behavior\BuildLiteBehavior [ RunTime:0.000053s ]
INFO: [ app_init ] --END-- [ RunTime:0.000513s ]
INFO: [ app_begin ] --START--
INFO: Run Behavior\ReadHtmlCacheBehavior [ RunTime:0.000702s ]
INFO: [ app_begin ] --END-- [ RunTime:0.000803s ]
SQL: SHOW COLUMNS FROM `qs_sqk_sys_config_def` [ RunTime:0.0075s ]
SQL: SELECT * FROM `qs_sqk_sys_config_def`  [ RunTime:0.0022s ]
SQL: SHOW COLUMNS FROM `qs_sqk_seller_info` [ RunTime:0.0053s ]
SQL: SELECT * FROM `qs_sqk_seller_info` WHERE ( tel="13521447599" ) LIMIT 1   [ RunTime:0.0032s ]
NOTIC: [8] Undefined variable: flag E:\wamp\www\qskj_project_sqk_debug_git\qskj_sqk\sqk\Application\Seller\Controller\IndexController.class.php 第 184 行.

[ 2018-05-24T09:10:38+08:00 ] 127.0.0.1 /index.php/Seller/index/index
INFO: [ app_init ] --START--
INFO: Run Behavior\BuildLiteBehavior [ RunTime:0.000033s ]
INFO: [ app_init ] --END-- [ RunTime:0.000509s ]
INFO: [ app_begin ] --START--
INFO: Run Behavior\ReadHtmlCacheBehavior [ RunTime:0.000539s ]
INFO: [ app_begin ] --END-- [ RunTime:0.000668s ]
SQL: SHOW COLUMNS FROM `qs_sqk_sys_config_def` [ RunTime:0.0049s ]
SQL: SELECT * FROM `qs_sqk_sys_config_def`  [ RunTime:0.0017s ]
SQL: SHOW COLUMNS FROM `qs_sqk_seller_wechat_binding` [ RunTime:0.0073s ]
SQL: SELECT * FROM `qs_sqk_seller_wechat_binding` WHERE `open_id` = null LIMIT 1   [ RunTime:0.0018s ]
INFO: [ view_parse ] --START--
INFO: [ template_filter ] --START--
INFO: Run Behavior\ContentReplaceBehavior [ RunTime:0.000070s ]
INFO: [ template_filter ] --END-- [ RunTime:0.000181s ]
INFO: Run Behavior\ParseTemplateBehavior [ RunTime:0.008739s ]
INFO: [ view_parse ] --END-- [ RunTime:0.009152s ]
INFO: [ view_filter ] --START--
INFO: Run Behavior\WriteHtmlCacheBehavior [ RunTime:0.000723s ]
INFO: [ view_filter ] --END-- [ RunTime:0.000828s ]
INFO: [ app_end ] --START--
INFO: Run Behavior\ShowPageTraceBehavior [ RunTime:0.000939s ]
INFO: [ app_end ] --END-- [ RunTime:0.001130s ]

[ 2018-05-24T09:11:07+08:00 ] 127.0.0.1 /index.php/Seller/index/index
INFO: [ app_init ] --START--
INFO: Run Behavior\BuildLiteBehavior [ RunTime:0.000055s ]
INFO: [ app_init ] --END-- [ RunTime:0.000495s ]
INFO: [ app_begin ] --START--
INFO: Run Behavior\ReadHtmlCacheBehavior [ RunTime:0.000472s ]
INFO: [ app_begin ] --END-- [ RunTime:0.000582s ]
SQL: SHOW COLUMNS FROM `qs_sqk_sys_config_def` [ RunTime:0.0056s ]
SQL: SELECT * FROM `qs_sqk_sys_config_def`  [ RunTime:0.0029s ]
SQL: SHOW COLUMNS FROM `qs_sqk_seller_wechat_binding` [ RunTime:0.0041s ]
SQL: SELECT * FROM `qs_sqk_seller_wechat_binding` WHERE `open_id` = null LIMIT 1   [ RunTime:0.0019s ]
INFO: [ view_parse ] --START--
INFO: [ template_filter ] --START--
INFO: Run Behavior\ContentReplaceBehavior [ RunTime:0.000077s ]
INFO: [ template_filter ] --END-- [ RunTime:0.000203s ]
INFO: Run Behavior\ParseTemplateBehavior [ RunTime:0.008300s ]
INFO: [ view_parse ] --END-- [ RunTime:0.008425s ]
INFO: [ view_filter ] --START--
INFO: Run Behavior\WriteHtmlCacheBehavior [ RunTime:0.000671s ]
INFO: [ view_filter ] --END-- [ RunTime:0.000784s ]
INFO: [ app_end ] --START--
INFO: Run Behavior\ShowPageTraceBehavior [ RunTime:0.000807s ]
INFO: [ app_end ] --END-- [ RunTime:0.000907s ]

[ 2018-05-24T10:31:07+08:00 ] 127.0.0.1 /index.php/seller
INFO: [ app_init ] --START--
INFO: Run Behavior\BuildLiteBehavior [ RunTime:0.000023s ]
INFO: [ app_init ] --END-- [ RunTime:0.000418s ]
INFO: [ app_begin ] --START--
INFO: Run Behavior\ReadHtmlCacheBehavior [ RunTime:0.000432s ]
INFO: [ app_begin ] --END-- [ RunTime:0.000545s ]
SQL: SHOW COLUMNS FROM `qs_sqk_sys_config_def` [ RunTime:0.0055s ]
SQL: SELECT * FROM `qs_sqk_sys_config_def`  [ RunTime:0.0018s ]
SQL: SHOW COLUMNS FROM `qs_sqk_seller_wechat_binding` [ RunTime:0.0049s ]
SQL: SELECT * FROM `qs_sqk_seller_wechat_binding` WHERE `open_id` = null LIMIT 1   [ RunTime:0.0017s ]
INFO: [ view_parse ] --START--
INFO: [ template_filter ] --START--
INFO: Run Behavior\ContentReplaceBehavior [ RunTime:0.000066s ]
INFO: [ template_filter ] --END-- [ RunTime:0.000168s ]
INFO: Run Behavior\ParseTemplateBehavior [ RunTime:0.007724s ]
INFO: [ view_parse ] --END-- [ RunTime:0.007833s ]
INFO: [ view_filter ] --START--
INFO: Run Behavior\WriteHtmlCacheBehavior [ RunTime:0.000597s ]
INFO: [ view_filter ] --END-- [ RunTime:0.000696s ]
INFO: [ app_end ] --START--
INFO: Run Behavior\ShowPageTraceBehavior [ RunTime:0.000773s ]
INFO: [ app_end ] --END-- [ RunTime:0.000881s ]

[ 2018-05-24T10:31:28+08:00 ] 127.0.0.1 /index.php/seller
INFO: [ app_init ] --START--
INFO: Run Behavior\BuildLiteBehavior [ RunTime:0.000028s ]
INFO: [ app_init ] --END-- [ RunTime:0.000653s ]
INFO: [ app_begin ] --START--
INFO: Run Behavior\ReadHtmlCacheBehavior [ RunTime:0.000908s ]
INFO: [ app_begin ] --END-- [ RunTime:0.001045s ]
SQL: SHOW COLUMNS FROM `qs_sqk_sys_config_def` [ RunTime:0.0065s ]
SQL: SELECT * FROM `qs_sqk_sys_config_def`  [ RunTime:0.0018s ]
SQL: SHOW COLUMNS FROM `qs_sqk_seller_wechat_binding` [ RunTime:0.0044s ]
SQL: SELECT * FROM `qs_sqk_seller_wechat_binding` WHERE `open_id` = null LIMIT 1   [ RunTime:0.0031s ]
INFO: [ view_parse ] --START--
INFO: [ template_filter ] --START--
INFO: Run Behavior\ContentReplaceBehavior [ RunTime:0.000119s ]
INFO: [ template_filter ] --END-- [ RunTime:0.000238s ]
INFO: Run Behavior\ParseTemplateBehavior [ RunTime:0.008158s ]
INFO: [ view_parse ] --END-- [ RunTime:0.008286s ]
INFO: [ view_filter ] --START--
INFO: Run Behavior\WriteHtmlCacheBehavior [ RunTime:0.000636s ]
INFO: [ view_filter ] --END-- [ RunTime:0.000746s ]
INFO: [ app_end ] --START--
INFO: Run Behavior\ShowPageTraceBehavior [ RunTime:0.000800s ]
INFO: [ app_end ] --END-- [ RunTime:0.000911s ]

[ 2018-05-24T10:31:32+08:00 ] 127.0.0.1 /index.php/seller
INFO: [ app_init ] --START--
INFO: Run Behavior\BuildLiteBehavior [ RunTime:0.000026s ]
INFO: [ app_init ] --END-- [ RunTime:0.000438s ]
INFO: [ app_begin ] --START--
INFO: Run Behavior\ReadHtmlCacheBehavior [ RunTime:0.000540s ]
INFO: [ app_begin ] --END-- [ RunTime:0.000666s ]
SQL: SHOW COLUMNS FROM `qs_sqk_sys_config_def` [ RunTime:0.0049s ]
SQL: SELECT * FROM `qs_sqk_sys_config_def`  [ RunTime:0.0021s ]
SQL: SHOW COLUMNS FROM `qs_sqk_seller_wechat_binding` [ RunTime:0.0047s ]
SQL: SELECT * FROM `qs_sqk_seller_wechat_binding` WHERE `open_id` = null LIMIT 1   [ RunTime:0.0020s ]
INFO: [ view_parse ] --START--
INFO: [ template_filter ] --START--
INFO: Run Behavior\ContentReplaceBehavior [ RunTime:0.000068s ]
INFO: [ template_filter ] --END-- [ RunTime:0.000204s ]
INFO: Run Behavior\ParseTemplateBehavior [ RunTime:0.007977s ]
INFO: [ view_parse ] --END-- [ RunTime:0.008094s ]
INFO: [ view_filter ] --START--
INFO: Run Behavior\WriteHtmlCacheBehavior [ RunTime:0.000607s ]
INFO: [ view_filter ] --END-- [ RunTime:0.000743s ]
INFO: [ app_end ] --START--
INFO: Run Behavior\ShowPageTraceBehavior [ RunTime:0.000965s ]
INFO: [ app_end ] --END-- [ RunTime:0.001109s ]

[ 2018-05-24T17:10:54+08:00 ] 127.0.0.1 /index.php/seller
INFO: [ app_init ] --START--
INFO: Run Behavior\BuildLiteBehavior [ RunTime:0.000025s ]
INFO: [ app_init ] --END-- [ RunTime:0.000532s ]
INFO: [ app_begin ] --START--
INFO: Run Behavior\ReadHtmlCacheBehavior [ RunTime:0.001601s ]
INFO: [ app_begin ] --END-- [ RunTime:0.001864s ]
SQL: SHOW COLUMNS FROM `qs_sqk_sys_config_def` [ RunTime:0.0057s ]
SQL: SELECT * FROM `qs_sqk_sys_config_def`  [ RunTime:0.0021s ]
SQL: SHOW COLUMNS FROM `qs_sqk_seller_wechat_binding` [ RunTime:0.0049s ]
SQL: SELECT * FROM `qs_sqk_seller_wechat_binding` WHERE `open_id` = '' LIMIT 1   [ RunTime:0.0020s ]
INFO: [ view_parse ] --START--
INFO: [ template_filter ] --START--
INFO: Run Behavior\ContentReplaceBehavior [ RunTime:0.000066s ]
INFO: [ template_filter ] --END-- [ RunTime:0.000176s ]
INFO: Run Behavior\ParseTemplateBehavior [ RunTime:0.008072s ]
INFO: [ view_parse ] --END-- [ RunTime:0.008190s ]
INFO: [ view_filter ] --START--
INFO: Run Behavior\WriteHtmlCacheBehavior [ RunTime:0.000662s ]
INFO: [ view_filter ] --END-- [ RunTime:0.000765s ]
INFO: [ app_end ] --START--
INFO: Run Behavior\ShowPageTraceBehavior [ RunTime:0.000844s ]
INFO: [ app_end ] --END-- [ RunTime:0.000956s ]

[ 2018-05-24T17:10:56+08:00 ] 127.0.0.1 /index.php/Seller/Index/ys
INFO: [ app_init ] --START--
INFO: Run Behavior\BuildLiteBehavior [ RunTime:0.000026s ]
INFO: [ app_init ] --END-- [ RunTime:0.000451s ]
INFO: [ app_begin ] --START--
INFO: Run Behavior\ReadHtmlCacheBehavior [ RunTime:0.000541s ]
INFO: [ app_begin ] --END-- [ RunTime:0.000651s ]
SQL: SHOW COLUMNS FROM `qs_sqk_sys_config_def` [ RunTime:0.0055s ]
SQL: SELECT * FROM `qs_sqk_sys_config_def`  [ RunTime:0.0016s ]

[ 2018-05-24T17:10:56+08:00 ] 127.0.0.1 /index.php/Seller/Seller/seller_home.html
INFO: [ app_init ] --START--
INFO: Run Behavior\BuildLiteBehavior [ RunTime:0.000026s ]
INFO: [ app_init ] --END-- [ RunTime:0.000439s ]
INFO: [ app_begin ] --START--
INFO: Run Behavior\ReadHtmlCacheBehavior [ RunTime:0.000993s ]
INFO: [ app_begin ] --END-- [ RunTime:0.001223s ]
SQL: SHOW COLUMNS FROM `qs_sqk_sys_config_def` [ RunTime:0.0045s ]
SQL: SELECT * FROM `qs_sqk_sys_config_def`  [ RunTime:0.0017s ]
SQL: SHOW COLUMNS FROM `qs_sqk_seller_info` [ RunTime:0.0052s ]
SQL: SELECT * FROM `qs_sqk_seller_info` WHERE `id` = 53 LIMIT 1   [ RunTime:0.0031s ]
SQL: SHOW COLUMNS FROM `qs_sqk_sys_all_attach` [ RunTime:0.0039s ]
SQL: SELECT * FROM `qs_sqk_sys_all_attach` WHERE `module_info_id` = 53 AND `module_name` = 'zz_seller' ORDER BY id desc  [ RunTime:0.0012s ]
NOTIC: [8] Undefined index: type E:\wamp\www\qskj_project_sqk_debug_git\qskj_sqk\sqk\Application\Seller\Controller\SellerController.class.php 第 121 行.
INFO: [ view_parse ] --START--
INFO: [ template_filter ] --START--
INFO: Run Behavior\ContentReplaceBehavior [ RunTime:0.000133s ]
INFO: [ template_filter ] --END-- [ RunTime:0.000254s ]
INFO: Run Behavior\ParseTemplateBehavior [ RunTime:0.010168s ]
INFO: [ view_parse ] --END-- [ RunTime:0.010301s ]
INFO: [ view_filter ] --START--
INFO: Run Behavior\WriteHtmlCacheBehavior [ RunTime:0.000653s ]
INFO: [ view_filter ] --END-- [ RunTime:0.000755s ]
INFO: [ app_end ] --START--
INFO: Run Behavior\ShowPageTraceBehavior [ RunTime:0.001017s ]
INFO: [ app_end ] --END-- [ RunTime:0.001139s ]

[ 2018-05-24T17:10:56+08:00 ] 127.0.0.1 /index.php/Seller/index/checkIsLogin
INFO: [ app_init ] --START--
INFO: Run Behavior\BuildLiteBehavior [ RunTime:0.000024s ]
INFO: [ app_init ] --END-- [ RunTime:0.000436s ]
INFO: [ app_begin ] --START--
INFO: Run Behavior\ReadHtmlCacheBehavior [ RunTime:0.000667s ]
INFO: [ app_begin ] --END-- [ RunTime:0.000776s ]
SQL: SHOW COLUMNS FROM `qs_sqk_sys_config_def` [ RunTime:0.0053s ]
SQL: SELECT * FROM `qs_sqk_sys_config_def`  [ RunTime:0.0026s ]

[ 2018-05-24T17:10:59+08:00 ] 127.0.0.1 /index.php/Seller/goods/goods_manage
INFO: [ app_init ] --START--
INFO: Run Behavior\BuildLiteBehavior [ RunTime:0.000034s ]
INFO: [ app_init ] --END-- [ RunTime:0.000597s ]
INFO: [ app_begin ] --START--
INFO: Run Behavior\ReadHtmlCacheBehavior [ RunTime:0.000529s ]
INFO: [ app_begin ] --END-- [ RunTime:0.000637s ]
SQL: SHOW COLUMNS FROM `qs_sqk_sys_config_def` [ RunTime:0.0040s ]
SQL: SELECT * FROM `qs_sqk_sys_config_def`  [ RunTime:0.0020s ]
SQL: SHOW COLUMNS FROM `qs_sqk_seller_integral_goods` [ RunTime:0.0049s ]
SQL: SHOW COLUMNS FROM `qs_sqk_seller_info` [ RunTime:0.0048s ]
SQL: SELECT * FROM `qs_sqk_seller_info` WHERE `id` = 53 LIMIT 1   [ RunTime:0.0030s ]
SQL: SELECT SUM(exchange_times) AS tp_sum FROM `qs_sqk_seller_integral_goods` WHERE `seller_id` = 53 LIMIT 1   [ RunTime:0.0011s ]
SQL: SELECT COUNT(*) AS tp_count FROM `qs_sqk_seller_integral_goods` WHERE `seller_id` = 53 LIMIT 1   [ RunTime:0.0011s ]
SQL: SELECT COUNT(*) AS tp_count FROM `qs_sqk_seller_integral_goods` WHERE `seller_id` = 53 AND `cat_id` = 1 LIMIT 1   [ RunTime:0.0012s ]
SQL: SELECT COUNT(*) AS tp_count FROM `qs_sqk_seller_integral_goods` WHERE `seller_id` = 53 AND `cat_id` = 2 LIMIT 1   [ RunTime:0.0011s ]
SQL: SELECT COUNT(*) AS tp_count FROM `qs_sqk_seller_integral_goods` WHERE `seller_id` = 53 AND `cat_id` = 3 LIMIT 1   [ RunTime:0.0011s ]
INFO: [ view_parse ] --START--
INFO: [ template_filter ] --START--
INFO: Run Behavior\ContentReplaceBehavior [ RunTime:0.000080s ]
INFO: [ template_filter ] --END-- [ RunTime:0.000185s ]
INFO: Run Behavior\ParseTemplateBehavior [ RunTime:0.025594s ]
INFO: [ view_parse ] --END-- [ RunTime:0.025732s ]
INFO: [ view_filter ] --START--
INFO: Run Behavior\WriteHtmlCacheBehavior [ RunTime:0.000618s ]
INFO: [ view_filter ] --END-- [ RunTime:0.000714s ]
INFO: [ app_end ] --START--
INFO: Run Behavior\ShowPageTraceBehavior [ RunTime:0.000815s ]
INFO: [ app_end ] --END-- [ RunTime:0.000938s ]

[ 2018-05-24T17:11:00+08:00 ] 127.0.0.1 /index.php/Seller/index/checkIsLogin
INFO: [ app_init ] --START--
INFO: Run Behavior\BuildLiteBehavior [ RunTime:0.000026s ]
INFO: [ app_init ] --END-- [ RunTime:0.000446s ]
INFO: [ app_begin ] --START--
INFO: Run Behavior\ReadHtmlCacheBehavior [ RunTime:0.000539s ]
INFO: [ app_begin ] --END-- [ RunTime:0.000649s ]
SQL: SHOW COLUMNS FROM `qs_sqk_sys_config_def` [ RunTime:0.0052s ]
SQL: SELECT * FROM `qs_sqk_sys_config_def`  [ RunTime:0.0023s ]

[ 2018-05-24T17:11:00+08:00 ] 127.0.0.1 /index.php/Seller/Goods/getList
INFO: [ app_init ] --START--
INFO: Run Behavior\BuildLiteBehavior [ RunTime:0.000026s ]
INFO: [ app_init ] --END-- [ RunTime:0.000478s ]
INFO: [ app_begin ] --START--
INFO: Run Behavior\ReadHtmlCacheBehavior [ RunTime:0.000574s ]
INFO: [ app_begin ] --END-- [ RunTime:0.000689s ]
SQL: SHOW COLUMNS FROM `qs_sqk_sys_config_def` [ RunTime:0.0041s ]
SQL: SELECT * FROM `qs_sqk_sys_config_def`  [ RunTime:0.0022s ]
SQL: SHOW COLUMNS FROM `qs_sqk_seller_integral_goods` [ RunTime:0.0062s ]
NOTIC: [8] Use of undefined constant LEFT - assumed 'LEFT' E:\wamp\www\qskj_project_sqk_debug_git\qskj_sqk\sqk\Application\Admin\Model\BaseModel.class.php 第 93 行.
SQL: SELECT qs_sqk_seller_integral_goods.*,qs_sqk_seller_info.name as seller_name FROM `qs_sqk_seller_integral_goods` LEFT JOIN qs_sqk_seller_info ON qs_sqk_seller_info.id=qs_sqk_seller_integral_goods.seller_id  WHERE qs_sqk_seller_integral_goods.seller_id = '53' ORDER BY qs_sqk_seller_integral_goods.id desc  [ RunTime:0.0030s ]

[ 2018-05-24T17:12:33+08:00 ] 127.0.0.1 /index.php/Seller/goods/goods_manage
INFO: [ app_init ] --START--
INFO: Run Behavior\BuildLiteBehavior [ RunTime:0.000024s ]
INFO: [ app_init ] --END-- [ RunTime:0.000525s ]
INFO: [ app_begin ] --START--
INFO: Run Behavior\ReadHtmlCacheBehavior [ RunTime:0.000832s ]
INFO: [ app_begin ] --END-- [ RunTime:0.001009s ]
SQL: SHOW COLUMNS FROM `qs_sqk_sys_config_def` [ RunTime:0.0042s ]
SQL: SELECT * FROM `qs_sqk_sys_config_def`  [ RunTime:0.0034s ]
SQL: SHOW COLUMNS FROM `qs_sqk_seller_integral_goods` [ RunTime:0.0057s ]
SQL: SHOW COLUMNS FROM `qs_sqk_seller_info` [ RunTime:0.0052s ]
SQL: SELECT * FROM `qs_sqk_seller_info` WHERE `id` = 53 LIMIT 1   [ RunTime:0.0029s ]
SQL: SELECT SUM(exchange_times) AS tp_sum FROM `qs_sqk_seller_integral_goods` WHERE `seller_id` = 53 LIMIT 1   [ RunTime:0.0011s ]
SQL: SELECT COUNT(*) AS tp_count FROM `qs_sqk_seller_integral_goods` WHERE `seller_id` = 53 LIMIT 1   [ RunTime:0.0012s ]
SQL: SELECT COUNT(*) AS tp_count FROM `qs_sqk_seller_integral_goods` WHERE `seller_id` = 53 AND `cat_id` = 1 LIMIT 1   [ RunTime:0.0012s ]
SQL: SELECT COUNT(*) AS tp_count FROM `qs_sqk_seller_integral_goods` WHERE `seller_id` = 53 AND `cat_id` = 2 LIMIT 1   [ RunTime:0.0016s ]
SQL: SELECT COUNT(*) AS tp_count FROM `qs_sqk_seller_integral_goods` WHERE `seller_id` = 53 AND `cat_id` = 3 LIMIT 1   [ RunTime:0.0013s ]
INFO: [ view_parse ] --START--
INFO: [ template_filter ] --START--
INFO: Run Behavior\ContentReplaceBehavior [ RunTime:0.000093s ]
INFO: [ template_filter ] --END-- [ RunTime:0.000205s ]
INFO: Run Behavior\ParseTemplateBehavior [ RunTime:0.009282s ]
INFO: [ view_parse ] --END-- [ RunTime:0.009481s ]
INFO: [ view_filter ] --START--
INFO: Run Behavior\WriteHtmlCacheBehavior [ RunTime:0.000773s ]
INFO: [ view_filter ] --END-- [ RunTime:0.000884s ]
INFO: [ app_end ] --START--
INFO: Run Behavior\ShowPageTraceBehavior [ RunTime:0.000965s ]
INFO: [ app_end ] --END-- [ RunTime:0.001084s ]

[ 2018-05-24T17:12:33+08:00 ] 127.0.0.1 /index.php/Seller/index/checkIsLogin
INFO: [ app_init ] --START--
INFO: Run Behavior\BuildLiteBehavior [ RunTime:0.000028s ]
INFO: [ app_init ] --END-- [ RunTime:0.000464s ]
INFO: [ app_begin ] --START--
INFO: Run Behavior\ReadHtmlCacheBehavior [ RunTime:0.000466s ]
INFO: [ app_begin ] --END-- [ RunTime:0.000577s ]
SQL: SHOW COLUMNS FROM `qs_sqk_sys_config_def` [ RunTime:0.0050s ]
SQL: SELECT * FROM `qs_sqk_sys_config_def`  [ RunTime:0.0025s ]

[ 2018-05-24T17:12:33+08:00 ] 127.0.0.1 /index.php/Seller/Goods/getList
INFO: [ app_init ] --START--
INFO: Run Behavior\BuildLiteBehavior [ RunTime:0.000031s ]
INFO: [ app_init ] --END-- [ RunTime:0.000461s ]
INFO: [ app_begin ] --START--
INFO: Run Behavior\ReadHtmlCacheBehavior [ RunTime:0.000571s ]
INFO: [ app_begin ] --END-- [ RunTime:0.000688s ]
SQL: SHOW COLUMNS FROM `qs_sqk_sys_config_def` [ RunTime:0.0050s ]
SQL: SELECT * FROM `qs_sqk_sys_config_def`  [ RunTime:0.0017s ]
SQL: SHOW COLUMNS FROM `qs_sqk_seller_integral_goods` [ RunTime:0.0045s ]
NOTIC: [8] Use of undefined constant LEFT - assumed 'LEFT' E:\wamp\www\qskj_project_sqk_debug_git\qskj_sqk\sqk\Application\Admin\Model\BaseModel.class.php 第 93 行.
SQL: SELECT qs_sqk_seller_integral_goods.*,qs_sqk_seller_info.name as seller_name FROM `qs_sqk_seller_integral_goods` LEFT JOIN qs_sqk_seller_info ON qs_sqk_seller_info.id=qs_sqk_seller_integral_goods.seller_id  WHERE qs_sqk_seller_integral_goods.seller_id = '53' ORDER BY qs_sqk_seller_integral_goods.id desc  [ RunTime:0.0041s ]

[ 2018-05-24T17:13:04+08:00 ] 127.0.0.1 /index.php/Seller/goods/goods_manage
INFO: [ app_init ] --START--
INFO: Run Behavior\BuildLiteBehavior [ RunTime:0.000026s ]
INFO: [ app_init ] --END-- [ RunTime:0.000532s ]
INFO: [ app_begin ] --START--
INFO: Run Behavior\ReadHtmlCacheBehavior [ RunTime:0.000683s ]
INFO: [ app_begin ] --END-- [ RunTime:0.000794s ]
SQL: SHOW COLUMNS FROM `qs_sqk_sys_config_def` [ RunTime:0.0045s ]
SQL: SELECT * FROM `qs_sqk_sys_config_def`  [ RunTime:0.0022s ]
SQL: SHOW COLUMNS FROM `qs_sqk_seller_integral_goods` [ RunTime:0.0046s ]
SQL: SHOW COLUMNS FROM `qs_sqk_seller_info` [ RunTime:0.0042s ]
SQL: SELECT * FROM `qs_sqk_seller_info` WHERE `id` = 53 LIMIT 1   [ RunTime:0.0025s ]
SQL: SELECT SUM(exchange_times) AS tp_sum FROM `qs_sqk_seller_integral_goods` WHERE `seller_id` = 53 LIMIT 1   [ RunTime:0.0012s ]
SQL: SELECT COUNT(*) AS tp_count FROM `qs_sqk_seller_integral_goods` WHERE `seller_id` = 53 LIMIT 1   [ RunTime:0.0012s ]
SQL: SELECT COUNT(*) AS tp_count FROM `qs_sqk_seller_integral_goods` WHERE `seller_id` = 53 AND `cat_id` = 1 LIMIT 1   [ RunTime:0.0013s ]
SQL: SELECT COUNT(*) AS tp_count FROM `qs_sqk_seller_integral_goods` WHERE `seller_id` = 53 AND `cat_id` = 2 LIMIT 1   [ RunTime:0.0012s ]
SQL: SELECT COUNT(*) AS tp_count FROM `qs_sqk_seller_integral_goods` WHERE `seller_id` = 53 AND `cat_id` = 3 LIMIT 1   [ RunTime:0.0011s ]
INFO: [ view_parse ] --START--
INFO: [ template_filter ] --START--
INFO: Run Behavior\ContentReplaceBehavior [ RunTime:0.000082s ]
INFO: [ template_filter ] --END-- [ RunTime:0.000185s ]
INFO: Run Behavior\ParseTemplateBehavior [ RunTime:0.008773s ]
INFO: [ view_parse ] --END-- [ RunTime:0.008894s ]
INFO: [ view_filter ] --START--
INFO: Run Behavior\WriteHtmlCacheBehavior [ RunTime:0.000848s ]
INFO: [ view_filter ] --END-- [ RunTime:0.000951s ]
INFO: [ app_end ] --START--
INFO: Run Behavior\ShowPageTraceBehavior [ RunTime:0.001005s ]
INFO: [ app_end ] --END-- [ RunTime:0.001140s ]

[ 2018-05-24T17:13:04+08:00 ] 127.0.0.1 /index.php/Seller/index/checkIsLogin
INFO: [ app_init ] --START--
INFO: Run Behavior\BuildLiteBehavior [ RunTime:0.000027s ]
INFO: [ app_init ] --END-- [ RunTime:0.000482s ]
INFO: [ app_begin ] --START--
INFO: Run Behavior\ReadHtmlCacheBehavior [ RunTime:0.000479s ]
INFO: [ app_begin ] --END-- [ RunTime:0.000592s ]
SQL: SHOW COLUMNS FROM `qs_sqk_sys_config_def` [ RunTime:0.0038s ]
SQL: SELECT * FROM `qs_sqk_sys_config_def`  [ RunTime:0.0023s ]

[ 2018-05-24T17:13:05+08:00 ] 127.0.0.1 /index.php/Seller/Goods/getList
INFO: [ app_init ] --START--
INFO: Run Behavior\BuildLiteBehavior [ RunTime:0.000026s ]
INFO: [ app_init ] --END-- [ RunTime:0.000585s ]
INFO: [ app_begin ] --START--
INFO: Run Behavior\ReadHtmlCacheBehavior [ RunTime:0.000697s ]
INFO: [ app_begin ] --END-- [ RunTime:0.000796s ]
SQL: SHOW COLUMNS FROM `qs_sqk_sys_config_def` [ RunTime:0.0042s ]
SQL: SELECT * FROM `qs_sqk_sys_config_def`  [ RunTime:0.0021s ]
SQL: SHOW COLUMNS FROM `qs_sqk_seller_integral_goods` [ RunTime:0.0057s ]
NOTIC: [8] Use of undefined constant LEFT - assumed 'LEFT' E:\wamp\www\qskj_project_sqk_debug_git\qskj_sqk\sqk\Application\Admin\Model\BaseModel.class.php 第 93 行.
SQL: SELECT qs_sqk_seller_integral_goods.*,qs_sqk_seller_info.name as seller_name FROM `qs_sqk_seller_integral_goods` LEFT JOIN qs_sqk_seller_info ON qs_sqk_seller_info.id=qs_sqk_seller_integral_goods.seller_id  WHERE qs_sqk_seller_integral_goods.seller_id = '53' ORDER BY qs_sqk_seller_integral_goods.id desc  [ RunTime:0.0033s ]

[ 2018-05-24T17:13:16+08:00 ] 127.0.0.1 /index.php/Seller/goods/goods_manage
INFO: [ app_init ] --START--
INFO: Run Behavior\BuildLiteBehavior [ RunTime:0.000024s ]
INFO: [ app_init ] --END-- [ RunTime:0.000419s ]
INFO: [ app_begin ] --START--
INFO: Run Behavior\ReadHtmlCacheBehavior [ RunTime:0.000572s ]
INFO: [ app_begin ] --END-- [ RunTime:0.000715s ]
SQL: SHOW COLUMNS FROM `qs_sqk_sys_config_def` [ RunTime:0.0047s ]
SQL: SELECT * FROM `qs_sqk_sys_config_def`  [ RunTime:0.0018s ]
SQL: SHOW COLUMNS FROM `qs_sqk_seller_integral_goods` [ RunTime:0.0053s ]
SQL: SHOW COLUMNS FROM `qs_sqk_seller_info` [ RunTime:0.0052s ]
SQL: SELECT * FROM `qs_sqk_seller_info` WHERE `id` = 53 LIMIT 1   [ RunTime:0.0033s ]
SQL: SELECT SUM(exchange_times) AS tp_sum FROM `qs_sqk_seller_integral_goods` WHERE `seller_id` = 53 LIMIT 1   [ RunTime:0.0012s ]
SQL: SELECT COUNT(*) AS tp_count FROM `qs_sqk_seller_integral_goods` WHERE `seller_id` = 53 LIMIT 1   [ RunTime:0.0011s ]
SQL: SELECT COUNT(*) AS tp_count FROM `qs_sqk_seller_integral_goods` WHERE `seller_id` = 53 AND `cat_id` = 1 LIMIT 1   [ RunTime:0.0012s ]
SQL: SELECT COUNT(*) AS tp_count FROM `qs_sqk_seller_integral_goods` WHERE `seller_id` = 53 AND `cat_id` = 2 LIMIT 1   [ RunTime:0.0011s ]
SQL: SELECT COUNT(*) AS tp_count FROM `qs_sqk_seller_integral_goods` WHERE `seller_id` = 53 AND `cat_id` = 3 LIMIT 1   [ RunTime:0.0012s ]
INFO: [ view_parse ] --START--
INFO: [ template_filter ] --START--
INFO: Run Behavior\ContentReplaceBehavior [ RunTime:0.000087s ]
INFO: [ template_filter ] --END-- [ RunTime:0.000204s ]
INFO: Run Behavior\ParseTemplateBehavior [ RunTime:0.009274s ]
INFO: [ view_parse ] --END-- [ RunTime:0.009400s ]
INFO: [ view_filter ] --START--
INFO: Run Behavior\WriteHtmlCacheBehavior [ RunTime:0.000803s ]
INFO: [ view_filter ] --END-- [ RunTime:0.000904s ]
INFO: [ app_end ] --START--
INFO: Run Behavior\ShowPageTraceBehavior [ RunTime:0.000919s ]
INFO: [ app_end ] --END-- [ RunTime:0.001028s ]

[ 2018-05-24T17:13:16+08:00 ] 127.0.0.1 /index.php/Seller/index/checkIsLogin
INFO: [ app_init ] --START--
INFO: Run Behavior\BuildLiteBehavior [ RunTime:0.000028s ]
INFO: [ app_init ] --END-- [ RunTime:0.000445s ]
INFO: [ app_begin ] --START--
INFO: Run Behavior\ReadHtmlCacheBehavior [ RunTime:0.000460s ]
INFO: [ app_begin ] --END-- [ RunTime:0.000573s ]
SQL: SHOW COLUMNS FROM `qs_sqk_sys_config_def` [ RunTime:0.0050s ]
SQL: SELECT * FROM `qs_sqk_sys_config_def`  [ RunTime:0.0017s ]

[ 2018-05-24T17:13:16+08:00 ] 127.0.0.1 /index.php/Seller/Goods/getList
INFO: [ app_init ] --START--
INFO: Run Behavior\BuildLiteBehavior [ RunTime:0.000026s ]
INFO: [ app_init ] --END-- [ RunTime:0.000435s ]
INFO: [ app_begin ] --START--
INFO: Run Behavior\ReadHtmlCacheBehavior [ RunTime:0.000565s ]
INFO: [ app_begin ] --END-- [ RunTime:0.000670s ]
SQL: SHOW COLUMNS FROM `qs_sqk_sys_config_def` [ RunTime:0.0045s ]
SQL: SELECT * FROM `qs_sqk_sys_config_def`  [ RunTime:0.0018s ]
SQL: SHOW COLUMNS FROM `qs_sqk_seller_integral_goods` [ RunTime:0.0046s ]
NOTIC: [8] Use of undefined constant LEFT - assumed 'LEFT' E:\wamp\www\qskj_project_sqk_debug_git\qskj_sqk\sqk\Application\Admin\Model\BaseModel.class.php 第 93 行.
SQL: SELECT qs_sqk_seller_integral_goods.*,qs_sqk_seller_info.name as seller_name FROM `qs_sqk_seller_integral_goods` LEFT JOIN qs_sqk_seller_info ON qs_sqk_seller_info.id=qs_sqk_seller_integral_goods.seller_id  WHERE qs_sqk_seller_integral_goods.seller_id = '53' ORDER BY qs_sqk_seller_integral_goods.id desc  [ RunTime:0.0037s ]

[ 2018-05-24T17:15:23+08:00 ] 127.0.0.1 /index.php/Seller/goods/goods_add
INFO: [ app_init ] --START--
INFO: Run Behavior\BuildLiteBehavior [ RunTime:0.000025s ]
INFO: [ app_init ] --END-- [ RunTime:0.000576s ]
INFO: [ app_begin ] --START--
INFO: Run Behavior\ReadHtmlCacheBehavior [ RunTime:0.000922s ]
INFO: [ app_begin ] --END-- [ RunTime:0.001082s ]
SQL: SHOW COLUMNS FROM `qs_sqk_sys_config_def` [ RunTime:0.0052s ]
SQL: SELECT * FROM `qs_sqk_sys_config_def`  [ RunTime:0.0020s ]
SQL: SHOW COLUMNS FROM `qs_sqk_seller_integral_goods_cat` [ RunTime:0.0036s ]
SQL: SELECT * FROM `qs_sqk_seller_integral_goods_cat`  [ RunTime:0.0013s ]
INFO: [ view_parse ] --START--
INFO: [ template_filter ] --START--
INFO: Run Behavior\ContentReplaceBehavior [ RunTime:0.000118s ]
INFO: [ template_filter ] --END-- [ RunTime:0.000232s ]
INFO: Run Behavior\ParseTemplateBehavior [ RunTime:0.011707s ]
INFO: [ view_parse ] --END-- [ RunTime:0.011837s ]
INFO: [ view_filter ] --START--
INFO: Run Behavior\WriteHtmlCacheBehavior [ RunTime:0.000493s ]
INFO: [ view_filter ] --END-- [ RunTime:0.000594s ]
INFO: [ app_end ] --START--
INFO: Run Behavior\ShowPageTraceBehavior [ RunTime:0.000823s ]
INFO: [ app_end ] --END-- [ RunTime:0.000938s ]

[ 2018-05-24T17:15:24+08:00 ] 127.0.0.1 /index.php/Seller/index/checkIsLogin
INFO: [ app_init ] --START--
INFO: Run Behavior\BuildLiteBehavior [ RunTime:0.000025s ]
INFO: [ app_init ] --END-- [ RunTime:0.000521s ]
INFO: [ app_begin ] --START--
INFO: Run Behavior\ReadHtmlCacheBehavior [ RunTime:0.000854s ]
INFO: [ app_begin ] --END-- [ RunTime:0.000975s ]
SQL: SHOW COLUMNS FROM `qs_sqk_sys_config_def` [ RunTime:0.0045s ]
SQL: SELECT * FROM `qs_sqk_sys_config_def`  [ RunTime:0.0022s ]

[ 2018-05-24T17:17:35+08:00 ] 127.0.0.1 /index.php/Seller/goods/goods_manage
INFO: [ app_init ] --START--
INFO: Run Behavior\BuildLiteBehavior [ RunTime:0.000023s ]
INFO: [ app_init ] --END-- [ RunTime:0.000518s ]
INFO: [ app_begin ] --START--
INFO: Run Behavior\ReadHtmlCacheBehavior [ RunTime:0.000932s ]
INFO: [ app_begin ] --END-- [ RunTime:0.001103s ]
SQL: SHOW COLUMNS FROM `qs_sqk_sys_config_def` [ RunTime:0.0053s ]
SQL: SELECT * FROM `qs_sqk_sys_config_def`  [ RunTime:0.0017s ]
SQL: SHOW COLUMNS FROM `qs_sqk_seller_integral_goods` [ RunTime:0.0044s ]
SQL: SHOW COLUMNS FROM `qs_sqk_seller_info` [ RunTime:0.0044s ]
SQL: SELECT * FROM `qs_sqk_seller_info` WHERE `id` = 53 LIMIT 1   [ RunTime:0.0030s ]
SQL: SELECT SUM(exchange_times) AS tp_sum FROM `qs_sqk_seller_integral_goods` WHERE `seller_id` = 53 LIMIT 1   [ RunTime:0.0012s ]
SQL: SELECT COUNT(*) AS tp_count FROM `qs_sqk_seller_integral_goods` WHERE `seller_id` = 53 LIMIT 1   [ RunTime:0.0012s ]
SQL: SELECT COUNT(*) AS tp_count FROM `qs_sqk_seller_integral_goods` WHERE `seller_id` = 53 AND `cat_id` = 1 LIMIT 1   [ RunTime:0.0012s ]
SQL: SELECT COUNT(*) AS tp_count FROM `qs_sqk_seller_integral_goods` WHERE `seller_id` = 53 AND `cat_id` = 2 LIMIT 1   [ RunTime:0.0011s ]
SQL: SELECT COUNT(*) AS tp_count FROM `qs_sqk_seller_integral_goods` WHERE `seller_id` = 53 AND `cat_id` = 3 LIMIT 1   [ RunTime:0.0012s ]
INFO: [ view_parse ] --START--
INFO: [ template_filter ] --START--
INFO: Run Behavior\ContentReplaceBehavior [ RunTime:0.000088s ]
INFO: [ template_filter ] --END-- [ RunTime:0.000200s ]
INFO: Run Behavior\ParseTemplateBehavior [ RunTime:0.009896s ]
INFO: [ view_parse ] --END-- [ RunTime:0.010035s ]
INFO: [ view_filter ] --START--
INFO: Run Behavior\WriteHtmlCacheBehavior [ RunTime:0.000642s ]
INFO: [ view_filter ] --END-- [ RunTime:0.000741s ]
INFO: [ app_end ] --START--
INFO: Run Behavior\ShowPageTraceBehavior [ RunTime:0.000831s ]
INFO: [ app_end ] --END-- [ RunTime:0.000947s ]

[ 2018-05-24T17:17:35+08:00 ] 127.0.0.1 /index.php/Seller/index/checkIsLogin
INFO: [ app_init ] --START--
INFO: Run Behavior\BuildLiteBehavior [ RunTime:0.000027s ]
INFO: [ app_init ] --END-- [ RunTime:0.000479s ]
INFO: [ app_begin ] --START--
INFO: Run Behavior\ReadHtmlCacheBehavior [ RunTime:0.000514s ]
INFO: [ app_begin ] --END-- [ RunTime:0.000634s ]
SQL: SHOW COLUMNS FROM `qs_sqk_sys_config_def` [ RunTime:0.0039s ]
SQL: SELECT * FROM `qs_sqk_sys_config_def`  [ RunTime:0.0016s ]

[ 2018-05-24T17:17:35+08:00 ] 127.0.0.1 /index.php/Seller/Goods/getList
INFO: [ app_init ] --START--
INFO: Run Behavior\BuildLiteBehavior [ RunTime:0.000023s ]
INFO: [ app_init ] --END-- [ RunTime:0.000529s ]
INFO: [ app_begin ] --START--
INFO: Run Behavior\ReadHtmlCacheBehavior [ RunTime:0.000800s ]
INFO: [ app_begin ] --END-- [ RunTime:0.000899s ]
SQL: SHOW COLUMNS FROM `qs_sqk_sys_config_def` [ RunTime:0.0037s ]
SQL: SELECT * FROM `qs_sqk_sys_config_def`  [ RunTime:0.0016s ]
SQL: SHOW COLUMNS FROM `qs_sqk_seller_integral_goods` [ RunTime:0.0052s ]
NOTIC: [8] Use of undefined constant LEFT - assumed 'LEFT' E:\wamp\www\qskj_project_sqk_debug_git\qskj_sqk\sqk\Application\Admin\Model\BaseModel.class.php 第 93 行.
SQL: SELECT qs_sqk_seller_integral_goods.*,qs_sqk_seller_info.name as seller_name FROM `qs_sqk_seller_integral_goods` LEFT JOIN qs_sqk_seller_info ON qs_sqk_seller_info.id=qs_sqk_seller_integral_goods.seller_id  WHERE qs_sqk_seller_integral_goods.seller_id = '53' ORDER BY qs_sqk_seller_integral_goods.id desc  [ RunTime:0.0040s ]

[ 2018-05-24T17:17:36+08:00 ] 127.0.0.1 /index.php/Seller/seller/seller_home
INFO: [ app_init ] --START--
INFO: Run Behavior\BuildLiteBehavior [ RunTime:0.000024s ]
INFO: [ app_init ] --END-- [ RunTime:0.000435s ]
INFO: [ app_begin ] --START--
INFO: Run Behavior\ReadHtmlCacheBehavior [ RunTime:0.000493s ]
INFO: [ app_begin ] --END-- [ RunTime:0.000601s ]
SQL: SHOW COLUMNS FROM `qs_sqk_sys_config_def` [ RunTime:0.0037s ]
SQL: SELECT * FROM `qs_sqk_sys_config_def`  [ RunTime:0.0016s ]
SQL: SHOW COLUMNS FROM `qs_sqk_seller_info` [ RunTime:0.0053s ]
SQL: SELECT * FROM `qs_sqk_seller_info` WHERE `id` = 53 LIMIT 1   [ RunTime:0.0028s ]
SQL: SHOW COLUMNS FROM `qs_sqk_sys_all_attach` [ RunTime:0.0040s ]
SQL: SELECT * FROM `qs_sqk_sys_all_attach` WHERE `module_info_id` = 53 AND `module_name` = 'zz_seller' ORDER BY id desc  [ RunTime:0.0013s ]
NOTIC: [8] Undefined index: type E:\wamp\www\qskj_project_sqk_debug_git\qskj_sqk\sqk\Application\Seller\Controller\SellerController.class.php 第 121 行.
INFO: [ view_parse ] --START--
INFO: [ template_filter ] --START--
INFO: Run Behavior\ContentReplaceBehavior [ RunTime:0.000108s ]
INFO: [ template_filter ] --END-- [ RunTime:0.000474s ]
INFO: Run Behavior\ParseTemplateBehavior [ RunTime:0.012566s ]
INFO: [ view_parse ] --END-- [ RunTime:0.012697s ]
INFO: [ view_filter ] --START--
INFO: Run Behavior\WriteHtmlCacheBehavior [ RunTime:0.000681s ]
INFO: [ view_filter ] --END-- [ RunTime:0.000842s ]
INFO: [ app_end ] --START--
INFO: Run Behavior\ShowPageTraceBehavior [ RunTime:0.002249s ]
INFO: [ app_end ] --END-- [ RunTime:0.002465s ]

[ 2018-05-24T17:17:36+08:00 ] 127.0.0.1 /index.php/Seller/index/checkIsLogin
INFO: [ app_init ] --START--
INFO: Run Behavior\BuildLiteBehavior [ RunTime:0.000028s ]
INFO: [ app_init ] --END-- [ RunTime:0.000564s ]
INFO: [ app_begin ] --START--
INFO: Run Behavior\ReadHtmlCacheBehavior [ RunTime:0.000619s ]
INFO: [ app_begin ] --END-- [ RunTime:0.000730s ]
SQL: SHOW COLUMNS FROM `qs_sqk_sys_config_def` [ RunTime:0.0041s ]
SQL: SELECT * FROM `qs_sqk_sys_config_def`  [ RunTime:0.0017s ]

[ 2018-05-24T17:17:38+08:00 ] 127.0.0.1 /index.php/Seller/seller/seller_home
INFO: [ app_init ] --START--
INFO: Run Behavior\BuildLiteBehavior [ RunTime:0.000025s ]
INFO: [ app_init ] --END-- [ RunTime:0.000533s ]
INFO: [ app_begin ] --START--
INFO: Run Behavior\ReadHtmlCacheBehavior [ RunTime:0.000530s ]
INFO: [ app_begin ] --END-- [ RunTime:0.000656s ]
SQL: SHOW COLUMNS FROM `qs_sqk_sys_config_def` [ RunTime:0.0041s ]
SQL: SELECT * FROM `qs_sqk_sys_config_def`  [ RunTime:0.0016s ]
SQL: SHOW COLUMNS FROM `qs_sqk_seller_info` [ RunTime:0.0054s ]
SQL: SELECT * FROM `qs_sqk_seller_info` WHERE `id` = 53 LIMIT 1   [ RunTime:0.0026s ]
SQL: SHOW COLUMNS FROM `qs_sqk_sys_all_attach` [ RunTime:0.0053s ]
SQL: SELECT * FROM `qs_sqk_sys_all_attach` WHERE `module_info_id` = 53 AND `module_name` = 'zz_seller' ORDER BY id desc  [ RunTime:0.0011s ]
NOTIC: [8] Undefined index: type E:\wamp\www\qskj_project_sqk_debug_git\qskj_sqk\sqk\Application\Seller\Controller\SellerController.class.php 第 121 行.
INFO: [ view_parse ] --START--
INFO: [ template_filter ] --START--
INFO: Run Behavior\ContentReplaceBehavior [ RunTime:0.000088s ]
INFO: [ template_filter ] --END-- [ RunTime:0.000201s ]
INFO: Run Behavior\ParseTemplateBehavior [ RunTime:0.009045s ]
INFO: [ view_parse ] --END-- [ RunTime:0.009167s ]
INFO: [ view_filter ] --START--
INFO: Run Behavior\WriteHtmlCacheBehavior [ RunTime:0.000967s ]
INFO: [ view_filter ] --END-- [ RunTime:0.001132s ]
INFO: [ app_end ] --START--
INFO: Run Behavior\ShowPageTraceBehavior [ RunTime:0.000967s ]
INFO: [ app_end ] --END-- [ RunTime:0.001087s ]

[ 2018-05-24T17:17:38+08:00 ] 127.0.0.1 /index.php/Seller/index/checkIsLogin
INFO: [ app_init ] --START--
INFO: Run Behavior\BuildLiteBehavior [ RunTime:0.000026s ]
INFO: [ app_init ] --END-- [ RunTime:0.000525s ]
INFO: [ app_begin ] --START--
INFO: Run Behavior\ReadHtmlCacheBehavior [ RunTime:0.000700s ]
INFO: [ app_begin ] --END-- [ RunTime:0.000818s ]
SQL: SHOW COLUMNS FROM `qs_sqk_sys_config_def` [ RunTime:0.0044s ]
SQL: SELECT * FROM `qs_sqk_sys_config_def`  [ RunTime:0.0018s ]

[ 2018-05-24T17:17:39+08:00 ] 127.0.0.1 /index.php/Seller/seller/seller_home
INFO: [ app_init ] --START--
INFO: Run Behavior\BuildLiteBehavior [ RunTime:0.000023s ]
INFO: [ app_init ] --END-- [ RunTime:0.000429s ]
INFO: [ app_begin ] --START--
INFO: Run Behavior\ReadHtmlCacheBehavior [ RunTime:0.000457s ]
INFO: [ app_begin ] --END-- [ RunTime:0.000564s ]
SQL: SHOW COLUMNS FROM `qs_sqk_sys_config_def` [ RunTime:0.0039s ]
SQL: SELECT * FROM `qs_sqk_sys_config_def`  [ RunTime:0.0018s ]
SQL: SHOW COLUMNS FROM `qs_sqk_seller_info` [ RunTime:0.0043s ]
SQL: SELECT * FROM `qs_sqk_seller_info` WHERE `id` = 53 LIMIT 1   [ RunTime:0.0030s ]
SQL: SHOW COLUMNS FROM `qs_sqk_sys_all_attach` [ RunTime:0.0056s ]
SQL: SELECT * FROM `qs_sqk_sys_all_attach` WHERE `module_info_id` = 53 AND `module_name` = 'zz_seller' ORDER BY id desc  [ RunTime:0.0011s ]
NOTIC: [8] Undefined index: type E:\wamp\www\qskj_project_sqk_debug_git\qskj_sqk\sqk\Application\Seller\Controller\SellerController.class.php 第 121 行.
INFO: [ view_parse ] --START--
INFO: [ template_filter ] --START--
INFO: Run Behavior\ContentReplaceBehavior [ RunTime:0.000083s ]
INFO: [ template_filter ] --END-- [ RunTime:0.000195s ]
INFO: Run Behavior\ParseTemplateBehavior [ RunTime:0.009485s ]
INFO: [ view_parse ] --END-- [ RunTime:0.009609s ]
INFO: [ view_filter ] --START--
INFO: Run Behavior\WriteHtmlCacheBehavior [ RunTime:0.000666s ]
INFO: [ view_filter ] --END-- [ RunTime:0.000769s ]
INFO: [ app_end ] --START--
INFO: Run Behavior\ShowPageTraceBehavior [ RunTime:0.001005s ]
INFO: [ app_end ] --END-- [ RunTime:0.001125s ]

[ 2018-05-24T17:17:40+08:00 ] 127.0.0.1 /index.php/Seller/index/checkIsLogin
INFO: [ app_init ] --START--
INFO: Run Behavior\BuildLiteBehavior [ RunTime:0.000027s ]
INFO: [ app_init ] --END-- [ RunTime:0.000634s ]
INFO: [ app_begin ] --START--
INFO: Run Behavior\ReadHtmlCacheBehavior [ RunTime:0.001041s ]
INFO: [ app_begin ] --END-- [ RunTime:0.001161s ]
SQL: SHOW COLUMNS FROM `qs_sqk_sys_config_def` [ RunTime:0.0039s ]
SQL: SELECT * FROM `qs_sqk_sys_config_def`  [ RunTime:0.0017s ]

[ 2018-05-24T17:18:18+08:00 ] 127.0.0.1 /index.php/Seller/top/top_home
INFO: [ app_init ] --START--
INFO: Run Behavior\BuildLiteBehavior [ RunTime:0.000023s ]
INFO: [ app_init ] --END-- [ RunTime:0.000405s ]
INFO: [ app_begin ] --START--
INFO: Run Behavior\ReadHtmlCacheBehavior [ RunTime:0.000773s ]
INFO: [ app_begin ] --END-- [ RunTime:0.000917s ]
SQL: SHOW COLUMNS FROM `qs_sqk_sys_config_def` [ RunTime:0.0060s ]
SQL: SELECT * FROM `qs_sqk_sys_config_def`  [ RunTime:0.0019s ]
SQL: SHOW COLUMNS FROM `qs_sqk_activ_signin_info` [ RunTime:0.0045s ]
SQL: SELECT sum(qs_sqk_activ_signin_info.sign_integral) as sign_integral,qs_sqk_activ_signin_info.user_id,qs_sqk_sys_userapp_info.realname,qs_sqk_sys_userapp_info.address_id,qs_sqk_sys_userapp_info.tx_path FROM `qs_sqk_activ_signin_info` left join qs_sqk_sys_userapp_info on qs_sqk_activ_signin_info.user_id=qs_sqk_sys_userapp_info.id  WHERE ( qs_sqk_activ_signin_info.add_time < "2018-06-30 23:59:59" and qs_sqk_activ_signin_info.add_time > "2018-04-01 00:00:00" and address_id=1 ) GROUP BY user_id ORDER BY sign_integral desc LIMIT 10   [ RunTime:0.0029s ]
SQL: SELECT sum(qs_sqk_activ_signin_info.sign_integral) as sign_integral,qs_sqk_activ_signin_info.user_id,qs_sqk_sys_userapp_info.realname,qs_sqk_sys_userapp_info.address_id,qs_sqk_sys_userapp_info.tx_path FROM `qs_sqk_activ_signin_info` left join qs_sqk_sys_userapp_info on qs_sqk_activ_signin_info.user_id=qs_sqk_sys_userapp_info.id  WHERE ( qs_sqk_activ_signin_info.add_time < "2018-06-30 23:59:59" and qs_sqk_activ_signin_info.add_time > "2018-04-01 00:00:00" ) GROUP BY user_id ORDER BY sign_integral desc LIMIT 10   [ RunTime:0.0024s ]
SQL: SHOW COLUMNS FROM `qs_sqk_goods_exchange_record` [ RunTime:0.0042s ]
SQL: SELECT sum(qs_sqk_goods_exchange_record.exchange_integral) as exchange_integral,qs_sqk_seller_info.name,qs_sqk_seller_info.tx_path,qs_sqk_seller_info.address_id FROM `qs_sqk_goods_exchange_record` left join qs_sqk_seller_info on qs_sqk_goods_exchange_record.seller_id=qs_sqk_seller_info.id  WHERE ( qs_sqk_goods_exchange_record.exchange_time < "2018-06-30 23:59:59" and qs_sqk_goods_exchange_record.exchange_time > "2018-04-01 00:00:00" ) GROUP BY seller_id ORDER BY exchange_integral desc LIMIT 10   [ RunTime:0.0013s ]
SQL: SHOW COLUMNS FROM `qs_sqk_sys_community_info` [ RunTime:0.0039s ]
SQL: SELECT * FROM `qs_sqk_sys_community_info`  [ RunTime:0.0012s ]
SQL: SHOW COLUMNS FROM `qs_sqk_activ_signin` [ RunTime:0.0040s ]
SQL: SELECT COUNT(*) AS tp_count FROM `qs_sqk_activ_signin` left join qs_sqk_activ_signin_info on qs_sqk_activ_signin_info.sign_id=qs_sqk_activ_signin.id left join qs_sqk_activ_info on qs_sqk_activ_signin.activity_id=qs_sqk_activ_info.id  WHERE ( qs_sqk_activ_signin_info.add_time < "2018-06-30 23:59:59" and qs_sqk_activ_signin_info.add_time > "2018-04-01 00:00:00" and qs_sqk_activ_signin_info.user_id>0 and qs_sqk_activ_info.address_id=1 ) LIMIT 1   [ RunTime:0.0010s ]
SQL: SHOW COLUMNS FROM `qs_sqk_activ_info` [ RunTime:0.0033s ]
SQL: SELECT COUNT(*) AS tp_count FROM `qs_sqk_activ_info` WHERE ( start_time < "2018-06-30 23:59:59" and start_time > "2018-04-01 00:00:00"and address_id=1 ) LIMIT 1   [ RunTime:0.0009s ]
SQL: SELECT COUNT(*) AS tp_count FROM `qs_sqk_activ_signin` left join qs_sqk_activ_signin_info on qs_sqk_activ_signin_info.sign_id=qs_sqk_activ_signin.id left join qs_sqk_activ_info on qs_sqk_activ_signin.activity_id=qs_sqk_activ_info.id  WHERE ( qs_sqk_activ_signin_info.add_time < "2018-06-30 23:59:59" and qs_sqk_activ_signin_info.add_time > "2018-04-01 00:00:00" and qs_sqk_activ_signin_info.user_id>0 and qs_sqk_activ_info.address_id=2 ) LIMIT 1   [ RunTime:0.0012s ]
SQL: SELECT COUNT(*) AS tp_count FROM `qs_sqk_activ_info` WHERE ( start_time < "2018-06-30 23:59:59" and start_time > "2018-04-01 00:00:00"and address_id=2 ) LIMIT 1   [ RunTime:0.0012s ]
SQL: SELECT COUNT(*) AS tp_count FROM `qs_sqk_activ_signin` left join qs_sqk_activ_signin_info on qs_sqk_activ_signin_info.sign_id=qs_sqk_activ_signin.id left join qs_sqk_activ_info on qs_sqk_activ_signin.activity_id=qs_sqk_activ_info.id  WHERE ( qs_sqk_activ_signin_info.add_time < "2018-06-30 23:59:59" and qs_sqk_activ_signin_info.add_time > "2018-04-01 00:00:00" and qs_sqk_activ_signin_info.user_id>0 and qs_sqk_activ_info.address_id=3 ) LIMIT 1   [ RunTime:0.0012s ]
SQL: SELECT COUNT(*) AS tp_count FROM `qs_sqk_activ_info` WHERE ( start_time < "2018-06-30 23:59:59" and start_time > "2018-04-01 00:00:00"and address_id=3 ) LIMIT 1   [ RunTime:0.0012s ]
SQL: SELECT COUNT(*) AS tp_count FROM `qs_sqk_activ_signin` left join qs_sqk_activ_signin_info on qs_sqk_activ_signin_info.sign_id=qs_sqk_activ_signin.id left join qs_sqk_activ_info on qs_sqk_activ_signin.activity_id=qs_sqk_activ_info.id  WHERE ( qs_sqk_activ_signin_info.add_time < "2018-06-30 23:59:59" and qs_sqk_activ_signin_info.add_time > "2018-04-01 00:00:00" and qs_sqk_activ_signin_info.user_id>0 and qs_sqk_activ_info.address_id=4 ) LIMIT 1   [ RunTime:0.0012s ]
SQL: SELECT COUNT(*) AS tp_count FROM `qs_sqk_activ_info` WHERE ( start_time < "2018-06-30 23:59:59" and start_time > "2018-04-01 00:00:00"and address_id=4 ) LIMIT 1   [ RunTime:0.0013s ]
SQL: SELECT COUNT(*) AS tp_count FROM `qs_sqk_activ_signin` left join qs_sqk_activ_signin_info on qs_sqk_activ_signin_info.sign_id=qs_sqk_activ_signin.id left join qs_sqk_activ_info on qs_sqk_activ_signin.activity_id=qs_sqk_activ_info.id  WHERE ( qs_sqk_activ_signin_info.add_time < "2018-06-30 23:59:59" and qs_sqk_activ_signin_info.add_time > "2018-04-01 00:00:00" and qs_sqk_activ_signin_info.user_id>0 and qs_sqk_activ_info.address_id=5 ) LIMIT 1   [ RunTime:0.0011s ]
SQL: SELECT COUNT(*) AS tp_count FROM `qs_sqk_activ_info` WHERE ( start_time < "2018-06-30 23:59:59" and start_time > "2018-04-01 00:00:00"and address_id=5 ) LIMIT 1   [ RunTime:0.0012s ]
SQL: SELECT COUNT(*) AS tp_count FROM `qs_sqk_activ_signin` left join qs_sqk_activ_signin_info on qs_sqk_activ_signin_info.sign_id=qs_sqk_activ_signin.id left join qs_sqk_activ_info on qs_sqk_activ_signin.activity_id=qs_sqk_activ_info.id  WHERE ( qs_sqk_activ_signin_info.add_time < "2018-06-30 23:59:59" and qs_sqk_activ_signin_info.add_time > "2018-04-01 00:00:00" and qs_sqk_activ_signin_info.user_id>0 and qs_sqk_activ_info.address_id=6 ) LIMIT 1   [ RunTime:0.0012s ]
SQL: SELECT COUNT(*) AS tp_count FROM `qs_sqk_activ_info` WHERE ( start_time < "2018-06-30 23:59:59" and start_time > "2018-04-01 00:00:00"and address_id=6 ) LIMIT 1   [ RunTime:0.0012s ]
SQL: SELECT COUNT(*) AS tp_count FROM `qs_sqk_activ_signin` left join qs_sqk_activ_signin_info on qs_sqk_activ_signin_info.sign_id=qs_sqk_activ_signin.id left join qs_sqk_activ_info on qs_sqk_activ_signin.activity_id=qs_sqk_activ_info.id  WHERE ( qs_sqk_activ_signin_info.add_time < "2018-06-30 23:59:59" and qs_sqk_activ_signin_info.add_time > "2018-04-01 00:00:00" and qs_sqk_activ_signin_info.user_id>0 and qs_sqk_activ_info.address_id=7 ) LIMIT 1   [ RunTime:0.0012s ]
SQL: SELECT COUNT(*) AS tp_count FROM `qs_sqk_activ_info` WHERE ( start_time < "2018-06-30 23:59:59" and start_time > "2018-04-01 00:00:00"and address_id=7 ) LIMIT 1   [ RunTime:0.0012s ]
SQL: SELECT COUNT(*) AS tp_count FROM `qs_sqk_activ_signin` left join qs_sqk_activ_signin_info on qs_sqk_activ_signin_info.sign_id=qs_sqk_activ_signin.id left join qs_sqk_activ_info on qs_sqk_activ_signin.activity_id=qs_sqk_activ_info.id  WHERE ( qs_sqk_activ_signin_info.add_time < "2018-06-30 23:59:59" and qs_sqk_activ_signin_info.add_time > "2018-04-01 00:00:00" and qs_sqk_activ_signin_info.user_id>0 and qs_sqk_activ_info.address_id=8 ) LIMIT 1   [ RunTime:0.0012s ]
SQL: SELECT COUNT(*) AS tp_count FROM `qs_sqk_activ_info` WHERE ( start_time < "2018-06-30 23:59:59" and start_time > "2018-04-01 00:00:00"and address_id=8 ) LIMIT 1   [ RunTime:0.0012s ]
SQL: SELECT COUNT(*) AS tp_count FROM `qs_sqk_activ_signin` left join qs_sqk_activ_signin_info on qs_sqk_activ_signin_info.sign_id=qs_sqk_activ_signin.id left join qs_sqk_activ_info on qs_sqk_activ_signin.activity_id=qs_sqk_activ_info.id  WHERE ( qs_sqk_activ_signin_info.add_time < "2018-06-30 23:59:59" and qs_sqk_activ_signin_info.add_time > "2018-04-01 00:00:00" and qs_sqk_activ_signin_info.user_id>0 and qs_sqk_activ_info.address_id=9 ) LIMIT 1   [ RunTime:0.0012s ]
SQL: SELECT COUNT(*) AS tp_count FROM `qs_sqk_activ_info` WHERE ( start_time < "2018-06-30 23:59:59" and start_time > "2018-04-01 00:00:00"and address_id=9 ) LIMIT 1   [ RunTime:0.0012s ]
SQL: SELECT COUNT(*) AS tp_count FROM `qs_sqk_activ_signin` left join qs_sqk_activ_signin_info on qs_sqk_activ_signin_info.sign_id=qs_sqk_activ_signin.id left join qs_sqk_activ_info on qs_sqk_activ_signin.activity_id=qs_sqk_activ_info.id  WHERE ( qs_sqk_activ_signin_info.add_time < "2018-06-30 23:59:59" and qs_sqk_activ_signin_info.add_time > "2018-04-01 00:00:00" and qs_sqk_activ_signin_info.user_id>0 and qs_sqk_activ_info.address_id=10 ) LIMIT 1   [ RunTime:0.0012s ]
SQL: SELECT COUNT(*) AS tp_count FROM `qs_sqk_activ_info` WHERE ( start_time < "2018-06-30 23:59:59" and start_time > "2018-04-01 00:00:00"and address_id=10 ) LIMIT 1   [ RunTime:0.0012s ]
SQL: SELECT COUNT(*) AS tp_count FROM `qs_sqk_activ_signin` left join qs_sqk_activ_signin_info on qs_sqk_activ_signin_info.sign_id=qs_sqk_activ_signin.id left join qs_sqk_activ_info on qs_sqk_activ_signin.activity_id=qs_sqk_activ_info.id  WHERE ( qs_sqk_activ_signin_info.add_time < "2018-06-30 23:59:59" and qs_sqk_activ_signin_info.add_time > "2018-04-01 00:00:00" and qs_sqk_activ_signin_info.user_id>0 and qs_sqk_activ_info.address_id=11 ) LIMIT 1   [ RunTime:0.0012s ]
SQL: SELECT COUNT(*) AS tp_count FROM `qs_sqk_activ_info` WHERE ( start_time < "2018-06-30 23:59:59" and start_time > "2018-04-01 00:00:00"and address_id=11 ) LIMIT 1   [ RunTime:0.0012s ]
SQL: SELECT COUNT(*) AS tp_count FROM `qs_sqk_activ_signin` left join qs_sqk_activ_signin_info on qs_sqk_activ_signin_info.sign_id=qs_sqk_activ_signin.id left join qs_sqk_activ_info on qs_sqk_activ_signin.activity_id=qs_sqk_activ_info.id  WHERE ( qs_sqk_activ_signin_info.add_time < "2018-06-30 23:59:59" and qs_sqk_activ_signin_info.add_time > "2018-04-01 00:00:00" and qs_sqk_activ_signin_info.user_id>0 and qs_sqk_activ_info.address_id=12 ) LIMIT 1   [ RunTime:0.0012s ]
SQL: SELECT COUNT(*) AS tp_count FROM `qs_sqk_activ_info` WHERE ( start_time < "2018-06-30 23:59:59" and start_time > "2018-04-01 00:00:00"and address_id=12 ) LIMIT 1   [ RunTime:0.0012s ]
SQL: SELECT COUNT(*) AS tp_count FROM `qs_sqk_activ_signin` left join qs_sqk_activ_signin_info on qs_sqk_activ_signin_info.sign_id=qs_sqk_activ_signin.id left join qs_sqk_activ_info on qs_sqk_activ_signin.activity_id=qs_sqk_activ_info.id  WHERE ( qs_sqk_activ_signin_info.add_time < "2018-06-30 23:59:59" and qs_sqk_activ_signin_info.add_time > "2018-04-01 00:00:00" and qs_sqk_activ_signin_info.user_id>0 and qs_sqk_activ_info.address_id=13 ) LIMIT 1   [ RunTime:0.0012s ]
SQL: SELECT COUNT(*) AS tp_count FROM `qs_sqk_activ_info` WHERE ( start_time < "2018-06-30 23:59:59" and start_time > "2018-04-01 00:00:00"and address_id=13 ) LIMIT 1   [ RunTime:0.0012s ]
SQL: SELECT COUNT(*) AS tp_count FROM `qs_sqk_activ_signin` left join qs_sqk_activ_signin_info on qs_sqk_activ_signin_info.sign_id=qs_sqk_activ_signin.id left join qs_sqk_activ_info on qs_sqk_activ_signin.activity_id=qs_sqk_activ_info.id  WHERE ( qs_sqk_activ_signin_info.add_time < "2018-06-30 23:59:59" and qs_sqk_activ_signin_info.add_time > "2018-04-01 00:00:00" and qs_sqk_activ_signin_info.user_id>0 and qs_sqk_activ_info.address_id=14 ) LIMIT 1   [ RunTime:0.0012s ]
SQL: SELECT COUNT(*) AS tp_count FROM `qs_sqk_activ_info` WHERE ( start_time < "2018-06-30 23:59:59" and start_time > "2018-04-01 00:00:00"and address_id=14 ) LIMIT 1   [ RunTime:0.0012s ]
SQL: SELECT COUNT(*) AS tp_count FROM `qs_sqk_activ_signin` left join qs_sqk_activ_signin_info on qs_sqk_activ_signin_info.sign_id=qs_sqk_activ_signin.id left join qs_sqk_activ_info on qs_sqk_activ_signin.activity_id=qs_sqk_activ_info.id  WHERE ( qs_sqk_activ_signin_info.add_time < "2018-06-30 23:59:59" and qs_sqk_activ_signin_info.add_time > "2018-04-01 00:00:00" and qs_sqk_activ_signin_info.user_id>0 and qs_sqk_activ_info.address_id=15 ) LIMIT 1   [ RunTime:0.0012s ]
SQL: SELECT COUNT(*) AS tp_count FROM `qs_sqk_activ_info` WHERE ( start_time < "2018-06-30 23:59:59" and start_time > "2018-04-01 00:00:00"and address_id=15 ) LIMIT 1   [ RunTime:0.0013s ]
SQL: SELECT COUNT(*) AS tp_count FROM `qs_sqk_activ_signin` left join qs_sqk_activ_signin_info on qs_sqk_activ_signin_info.sign_id=qs_sqk_activ_signin.id left join qs_sqk_activ_info on qs_sqk_activ_signin.activity_id=qs_sqk_activ_info.id  WHERE ( qs_sqk_activ_signin_info.add_time < "2018-06-30 23:59:59" and qs_sqk_activ_signin_info.add_time > "2018-04-01 00:00:00" and qs_sqk_activ_signin_info.user_id>0 and qs_sqk_activ_info.address_id=16 ) LIMIT 1   [ RunTime:0.0012s ]
SQL: SELECT COUNT(*) AS tp_count FROM `qs_sqk_activ_info` WHERE ( start_time < "2018-06-30 23:59:59" and start_time > "2018-04-01 00:00:00"and address_id=16 ) LIMIT 1   [ RunTime:0.0013s ]
SQL: SELECT COUNT(*) AS tp_count FROM `qs_sqk_activ_signin` left join qs_sqk_activ_signin_info on qs_sqk_activ_signin_info.sign_id=qs_sqk_activ_signin.id left join qs_sqk_activ_info on qs_sqk_activ_signin.activity_id=qs_sqk_activ_info.id  WHERE ( qs_sqk_activ_signin_info.add_time < "2018-06-30 23:59:59" and qs_sqk_activ_signin_info.add_time > "2018-04-01 00:00:00" and qs_sqk_activ_signin_info.user_id>0 and qs_sqk_activ_info.address_id=17 ) LIMIT 1   [ RunTime:0.0012s ]
SQL: SELECT COUNT(*) AS tp_count FROM `qs_sqk_activ_info` WHERE ( start_time < "2018-06-30 23:59:59" and start_time > "2018-04-01 00:00:00"and address_id=17 ) LIMIT 1   [ RunTime:0.0012s ]
SQL: SELECT COUNT(*) AS tp_count FROM `qs_sqk_activ_signin` left join qs_sqk_activ_signin_info on qs_sqk_activ_signin_info.sign_id=qs_sqk_activ_signin.id left join qs_sqk_activ_info on qs_sqk_activ_signin.activity_id=qs_sqk_activ_info.id  WHERE ( qs_sqk_activ_signin_info.add_time < "2018-06-30 23:59:59" and qs_sqk_activ_signin_info.add_time > "2018-04-01 00:00:00" and qs_sqk_activ_signin_info.user_id>0 and qs_sqk_activ_info.address_id=18 ) LIMIT 1   [ RunTime:0.0012s ]
SQL: SELECT COUNT(*) AS tp_count FROM `qs_sqk_activ_info` WHERE ( start_time < "2018-06-30 23:59:59" and start_time > "2018-04-01 00:00:00"and address_id=18 ) LIMIT 1   [ RunTime:0.0012s ]
SQL: SELECT COUNT(*) AS tp_count FROM `qs_sqk_activ_signin` left join qs_sqk_activ_signin_info on qs_sqk_activ_signin_info.sign_id=qs_sqk_activ_signin.id left join qs_sqk_activ_info on qs_sqk_activ_signin.activity_id=qs_sqk_activ_info.id  WHERE ( qs_sqk_activ_signin_info.add_time < "2018-06-30 23:59:59" and qs_sqk_activ_signin_info.add_time > "2018-04-01 00:00:00" and qs_sqk_activ_signin_info.user_id>0 and qs_sqk_activ_info.address_id=19 ) LIMIT 1   [ RunTime:0.0012s ]
SQL: SELECT COUNT(*) AS tp_count FROM `qs_sqk_activ_info` WHERE ( start_time < "2018-06-30 23:59:59" and start_time > "2018-04-01 00:00:00"and address_id=19 ) LIMIT 1   [ RunTime:0.0012s ]
SQL: SELECT COUNT(*) AS tp_count FROM `qs_sqk_activ_signin` left join qs_sqk_activ_signin_info on qs_sqk_activ_signin_info.sign_id=qs_sqk_activ_signin.id left join qs_sqk_activ_info on qs_sqk_activ_signin.activity_id=qs_sqk_activ_info.id  WHERE ( qs_sqk_activ_signin_info.add_time < "2018-06-30 23:59:59" and qs_sqk_activ_signin_info.add_time > "2018-04-01 00:00:00" and qs_sqk_activ_signin_info.user_id>0 and qs_sqk_activ_info.address_id=20 ) LIMIT 1   [ RunTime:0.0012s ]
SQL: SELECT COUNT(*) AS tp_count FROM `qs_sqk_activ_info` WHERE ( start_time < "2018-06-30 23:59:59" and start_time > "2018-04-01 00:00:00"and address_id=20 ) LIMIT 1   [ RunTime:0.0012s ]
SQL: SELECT COUNT(*) AS tp_count FROM `qs_sqk_activ_signin` left join qs_sqk_activ_signin_info on qs_sqk_activ_signin_info.sign_id=qs_sqk_activ_signin.id left join qs_sqk_activ_info on qs_sqk_activ_signin.activity_id=qs_sqk_activ_info.id  WHERE ( qs_sqk_activ_signin_info.add_time < "2018-06-30 23:59:59" and qs_sqk_activ_signin_info.add_time > "2018-04-01 00:00:00" and qs_sqk_activ_signin_info.user_id>0 and qs_sqk_activ_info.address_id=21 ) LIMIT 1   [ RunTime:0.0012s ]
SQL: SELECT COUNT(*) AS tp_count FROM `qs_sqk_activ_info` WHERE ( start_time < "2018-06-30 23:59:59" and start_time > "2018-04-01 00:00:00"and address_id=21 ) LIMIT 1   [ RunTime:0.0012s ]
SQL: SELECT COUNT(*) AS tp_count FROM `qs_sqk_activ_signin` left join qs_sqk_activ_signin_info on qs_sqk_activ_signin_info.sign_id=qs_sqk_activ_signin.id left join qs_sqk_activ_info on qs_sqk_activ_signin.activity_id=qs_sqk_activ_info.id  WHERE ( qs_sqk_activ_signin_info.add_time < "2018-06-30 23:59:59" and qs_sqk_activ_signin_info.add_time > "2018-04-01 00:00:00" and qs_sqk_activ_signin_info.user_id>0 and qs_sqk_activ_info.address_id=22 ) LIMIT 1   [ RunTime:0.0012s ]
SQL: SELECT COUNT(*) AS tp_count FROM `qs_sqk_activ_info` WHERE ( start_time < "2018-06-30 23:59:59" and start_time > "2018-04-01 00:00:00"and address_id=22 ) LIMIT 1   [ RunTime:0.0012s ]
INFO: [ view_parse ] --START--
INFO: [ template_filter ] --START--
INFO: Run Behavior\ContentReplaceBehavior [ RunTime:0.000094s ]
INFO: [ template_filter ] --END-- [ RunTime:0.000205s ]
INFO: Run Behavior\ParseTemplateBehavior [ RunTime:0.029008s ]
INFO: [ view_parse ] --END-- [ RunTime:0.029138s ]
INFO: [ view_filter ] --START--
INFO: Run Behavior\WriteHtmlCacheBehavior [ RunTime:0.000893s ]
INFO: [ view_filter ] --END-- [ RunTime:0.001044s ]
INFO: [ app_end ] --START--
INFO: Run Behavior\ShowPageTraceBehavior [ RunTime:0.001446s ]
INFO: [ app_end ] --END-- [ RunTime:0.001565s ]

[ 2018-05-24T17:18:18+08:00 ] 127.0.0.1 /index.php/Seller/index/checkIsLogin
INFO: [ app_init ] --START--
INFO: Run Behavior\BuildLiteBehavior [ RunTime:0.000028s ]
INFO: [ app_init ] --END-- [ RunTime:0.000473s ]
INFO: [ app_begin ] --START--
INFO: Run Behavior\ReadHtmlCacheBehavior [ RunTime:0.000614s ]
INFO: [ app_begin ] --END-- [ RunTime:0.000729s ]
SQL: SHOW COLUMNS FROM `qs_sqk_sys_config_def` [ RunTime:0.0048s ]
SQL: SELECT * FROM `qs_sqk_sys_config_def`  [ RunTime:0.0020s ]

[ 2018-05-24T17:18:19+08:00 ] 127.0.0.1 /index.php/Seller/top/top_list?type=0
INFO: [ app_init ] --START--
INFO: Run Behavior\BuildLiteBehavior [ RunTime:0.000022s ]
INFO: [ app_init ] --END-- [ RunTime:0.000410s ]
INFO: [ app_begin ] --START--
INFO: Run Behavior\ReadHtmlCacheBehavior [ RunTime:0.000558s ]
INFO: [ app_begin ] --END-- [ RunTime:0.000703s ]
SQL: SHOW COLUMNS FROM `qs_sqk_sys_config_def` [ RunTime:0.0038s ]
SQL: SELECT * FROM `qs_sqk_sys_config_def`  [ RunTime:0.0019s ]
INFO: [ view_parse ] --START--
INFO: [ template_filter ] --START--
INFO: Run Behavior\ContentReplaceBehavior [ RunTime:0.000088s ]
INFO: [ template_filter ] --END-- [ RunTime:0.000205s ]
INFO: Run Behavior\ParseTemplateBehavior [ RunTime:0.010320s ]
INFO: [ view_parse ] --END-- [ RunTime:0.010442s ]
INFO: [ view_filter ] --START--
INFO: Run Behavior\WriteHtmlCacheBehavior [ RunTime:0.000724s ]
INFO: [ view_filter ] --END-- [ RunTime:0.000822s ]
INFO: [ app_end ] --START--
INFO: Run Behavior\ShowPageTraceBehavior [ RunTime:0.001029s ]
INFO: [ app_end ] --END-- [ RunTime:0.001158s ]

[ 2018-05-24T17:18:20+08:00 ] 127.0.0.1 /index.php/Seller/index/checkIsLogin
INFO: [ app_init ] --START--
INFO: Run Behavior\BuildLiteBehavior [ RunTime:0.000029s ]
INFO: [ app_init ] --END-- [ RunTime:0.000485s ]
INFO: [ app_begin ] --START--
INFO: Run Behavior\ReadHtmlCacheBehavior [ RunTime:0.000566s ]
INFO: [ app_begin ] --END-- [ RunTime:0.000679s ]
SQL: SHOW COLUMNS FROM `qs_sqk_sys_config_def` [ RunTime:0.0053s ]
SQL: SELECT * FROM `qs_sqk_sys_config_def`  [ RunTime:0.0021s ]

[ 2018-05-24T17:18:20+08:00 ] 127.0.0.1 /index.php/Seller/Top/getTopList
INFO: [ app_init ] --START--
INFO: Run Behavior\BuildLiteBehavior [ RunTime:0.000039s ]
INFO: [ app_init ] --END-- [ RunTime:0.000585s ]
INFO: [ app_begin ] --START--
INFO: Run Behavior\ReadHtmlCacheBehavior [ RunTime:0.000489s ]
INFO: [ app_begin ] --END-- [ RunTime:0.000601s ]
SQL: SHOW COLUMNS FROM `qs_sqk_sys_config_def` [ RunTime:0.0050s ]
SQL: SELECT * FROM `qs_sqk_sys_config_def`  [ RunTime:0.0016s ]
SQL: SHOW COLUMNS FROM `qs_sqk_activ_signin_info` [ RunTime:0.0054s ]
SQL: SELECT sum(qs_sqk_activ_signin_info.sign_integral) as sign_integral,qs_sqk_activ_signin_info.user_id,qs_sqk_sys_userapp_info.realname,qs_sqk_sys_userapp_info.address_id,qs_sqk_sys_userapp_info.tx_path FROM `qs_sqk_activ_signin_info` left join qs_sqk_sys_userapp_info on qs_sqk_activ_signin_info.user_id=qs_sqk_sys_userapp_info.id  WHERE ( qs_sqk_activ_signin_info.add_time < "2018-06-30 23:59:59" and qs_sqk_activ_signin_info.add_time > "2018-04-01 00:00:00" and address_id=1 ) GROUP BY user_id ORDER BY sign_integral desc LIMIT 10   [ RunTime:0.0025s ]

