[ 2018-05-15T10:47:01+08:00 ] 127.0.0.1 /index.php/seller/index/seller_home
ERR: 非法操作:seller_home

[ 2018-05-15T10:47:28+08:00 ] 127.0.0.1 /index.php/Seller/Index/seller_home
ERR: 非法操作:seller_home

[ 2018-05-15T10:47:58+08:00 ] 127.0.0.1 /index.php/Seller/index/checkIsLogin
INFO: [ app_begin ] --START--
INFO: Run Behavior\ReadHtmlCacheBehavior [ RunTime:0.000737s ]
INFO: [ app_begin ] --END-- [ RunTime:0.001219s ]
SQL: SHOW COLUMNS FROM `qs_sqk_sys_config_def` [ RunTime:0.0045s ]
SQL: SELECT * FROM `qs_sqk_sys_config_def`  [ RunTime:0.0017s ]

[ 2018-05-15T10:50:19+08:00 ] 192.168.1.42 /index.php/Seller/index/checkIsLogin
INFO: [ app_begin ] --START--
INFO: Run Behavior\ReadHtmlCacheBehavior [ RunTime:0.000613s ]
INFO: [ app_begin ] --END-- [ RunTime:0.001047s ]
SQL: SHOW COLUMNS FROM `qs_sqk_sys_config_def` [ RunTime:0.0060s ]
SQL: SELECT * FROM `qs_sqk_sys_config_def`  [ RunTime:0.0017s ]

[ 2018-05-15T10:50:21+08:00 ] 192.168.1.42 /index.php/Seller/index/checkIsLogin
INFO: [ app_begin ] --START--
INFO: Run Behavior\ReadHtmlCacheBehavior [ RunTime:0.000504s ]
INFO: [ app_begin ] --END-- [ RunTime:0.000934s ]
SQL: SHOW COLUMNS FROM `qs_sqk_sys_config_def` [ RunTime:0.0048s ]
SQL: SELECT * FROM `qs_sqk_sys_config_def`  [ RunTime:0.0014s ]

[ 2018-05-15T10:50:21+08:00 ] 192.168.1.42 /index.php/Seller/Seller/getSellerInfo?type=api
INFO: [ app_begin ] --START--
INFO: Run Behavior\ReadHtmlCacheBehavior [ RunTime:0.000498s ]
INFO: [ app_begin ] --END-- [ RunTime:0.000863s ]
SQL: SHOW COLUMNS FROM `qs_sqk_sys_config_def` [ RunTime:0.0037s ]
SQL: SELECT * FROM `qs_sqk_sys_config_def`  [ RunTime:0.0016s ]
SQL: SHOW COLUMNS FROM `qs_sqk_seller_info` [ RunTime:0.0044s ]
SQL: SELECT * FROM `qs_sqk_seller_info` WHERE `id` = 38 LIMIT 1   [ RunTime:0.0027s ]
SQL: SHOW COLUMNS FROM `qs_sqk_sys_all_attach` [ RunTime:0.0039s ]
SQL: SELECT * FROM `qs_sqk_sys_all_attach` WHERE `module_info_id` = 38 AND `module_name` = 'zz_seller' ORDER BY id desc  [ RunTime:0.0011s ]

[ 2018-05-15T10:50:22+08:00 ] 192.168.1.42 /index.php/Seller/index/checkIsLogin
INFO: [ app_begin ] --START--
INFO: Run Behavior\ReadHtmlCacheBehavior [ RunTime:0.000510s ]
INFO: [ app_begin ] --END-- [ RunTime:0.000877s ]
SQL: SHOW COLUMNS FROM `qs_sqk_sys_config_def` [ RunTime:0.0037s ]
SQL: SELECT * FROM `qs_sqk_sys_config_def`  [ RunTime:0.0018s ]

[ 2018-05-15T10:50:34+08:00 ] 127.0.0.1 /index.php/Seller/index/checkIsLogin
INFO: [ app_begin ] --START--
INFO: Run Behavior\ReadHtmlCacheBehavior [ RunTime:0.000538s ]
INFO: [ app_begin ] --END-- [ RunTime:0.000988s ]
SQL: SHOW COLUMNS FROM `qs_sqk_sys_config_def` [ RunTime:0.0050s ]
SQL: SELECT * FROM `qs_sqk_sys_config_def`  [ RunTime:0.0019s ]

[ 2018-05-15T10:50:35+08:00 ] 127.0.0.1 /index.php/Seller/index/checkIsLogin
INFO: [ app_begin ] --START--
INFO: Run Behavior\ReadHtmlCacheBehavior [ RunTime:0.000512s ]
INFO: [ app_begin ] --END-- [ RunTime:0.000887s ]
SQL: SHOW COLUMNS FROM `qs_sqk_sys_config_def` [ RunTime:0.0044s ]
SQL: SELECT * FROM `qs_sqk_sys_config_def`  [ RunTime:0.0015s ]

[ 2018-05-15T10:50:35+08:00 ] 127.0.0.1 /index.php/Seller/Seller/getSellerInfo?type=api
INFO: [ app_begin ] --START--
INFO: Run Behavior\ReadHtmlCacheBehavior [ RunTime:0.000578s ]
INFO: [ app_begin ] --END-- [ RunTime:0.001039s ]
SQL: SHOW COLUMNS FROM `qs_sqk_sys_config_def` [ RunTime:0.0047s ]
SQL: SELECT * FROM `qs_sqk_sys_config_def`  [ RunTime:0.0016s ]
SQL: SHOW COLUMNS FROM `qs_sqk_seller_info` [ RunTime:0.0058s ]
SQL: SELECT * FROM `qs_sqk_seller_info` WHERE `id` = 38 LIMIT 1   [ RunTime:0.0029s ]
SQL: SHOW COLUMNS FROM `qs_sqk_sys_all_attach` [ RunTime:0.0054s ]
SQL: SELECT * FROM `qs_sqk_sys_all_attach` WHERE `module_info_id` = 38 AND `module_name` = 'zz_seller' ORDER BY id desc  [ RunTime:0.0010s ]

[ 2018-05-15T10:50:37+08:00 ] 127.0.0.1 /index.php/Seller/index/checkIsLogin
INFO: [ app_begin ] --START--
INFO: Run Behavior\ReadHtmlCacheBehavior [ RunTime:0.000505s ]
INFO: [ app_begin ] --END-- [ RunTime:0.000910s ]
SQL: SHOW COLUMNS FROM `qs_sqk_sys_config_def` [ RunTime:0.0054s ]
SQL: SELECT * FROM `qs_sqk_sys_config_def`  [ RunTime:0.0016s ]

[ 2018-05-15T10:50:51+08:00 ] 127.0.0.1 /index.php/Seller/Seller/saveTxInfo
INFO: [ app_begin ] --START--
INFO: Run Behavior\ReadHtmlCacheBehavior [ RunTime:0.001572s ]
INFO: [ app_begin ] --END-- [ RunTime:0.002257s ]
SQL: SHOW COLUMNS FROM `qs_sqk_sys_config_def` [ RunTime:0.0055s ]
SQL: SELECT * FROM `qs_sqk_sys_config_def`  [ RunTime:0.0017s ]
SQL: SHOW COLUMNS FROM `qs_sqk_sys_all_attach` [ RunTime:0.0056s ]
SQL: UPDATE `qs_sqk_sys_all_attach` SET `module_info_id`='38' WHERE `id` = '405' [ RunTime:0.0016s ]
SQL: SELECT * FROM `qs_sqk_sys_all_attach` WHERE `id` = '405' LIMIT 1   [ RunTime:0.0016s ]
SQL: SHOW COLUMNS FROM `qs_sqk_seller_info` [ RunTime:0.0050s ]
SQL: UPDATE `qs_sqk_seller_info` SET `tx_path`='Public/Upload/tx_seller/2018-05-15/5afa4b0956168.jpg' WHERE ( id=38 ) [ RunTime:0.0010s ]

[ 2018-05-15T10:50:51+08:00 ] 127.0.0.1 /index.php/Seller/index/checkIsLogin
INFO: [ app_begin ] --START--
INFO: Run Behavior\ReadHtmlCacheBehavior [ RunTime:0.001605s ]
INFO: [ app_begin ] --END-- [ RunTime:0.002299s ]
SQL: SHOW COLUMNS FROM `qs_sqk_sys_config_def` [ RunTime:0.0038s ]
SQL: SELECT * FROM `qs_sqk_sys_config_def`  [ RunTime:0.0025s ]

[ 2018-05-15T10:51:07+08:00 ] 127.0.0.1 /index.php/Seller/index/checkIsLogin
INFO: [ app_begin ] --START--
INFO: Run Behavior\ReadHtmlCacheBehavior [ RunTime:0.000554s ]
INFO: [ app_begin ] --END-- [ RunTime:0.000972s ]
SQL: SHOW COLUMNS FROM `qs_sqk_sys_config_def` [ RunTime:0.0070s ]
SQL: SELECT * FROM `qs_sqk_sys_config_def`  [ RunTime:0.0024s ]

[ 2018-05-15T10:51:10+08:00 ] 127.0.0.1 /index.php/Seller/index/checkIsLogin
INFO: [ app_begin ] --START--
INFO: Run Behavior\ReadHtmlCacheBehavior [ RunTime:0.000520s ]
INFO: [ app_begin ] --END-- [ RunTime:0.000967s ]
SQL: SHOW COLUMNS FROM `qs_sqk_sys_config_def` [ RunTime:0.0050s ]
SQL: SELECT * FROM `qs_sqk_sys_config_def`  [ RunTime:0.0016s ]

[ 2018-05-15T10:51:16+08:00 ] 127.0.0.1 /index.php/Seller/index/checkIsLogin
INFO: [ app_begin ] --START--
INFO: Run Behavior\ReadHtmlCacheBehavior [ RunTime:0.000640s ]
INFO: [ app_begin ] --END-- [ RunTime:0.001086s ]
SQL: SHOW COLUMNS FROM `qs_sqk_sys_config_def` [ RunTime:0.0059s ]
SQL: SELECT * FROM `qs_sqk_sys_config_def`  [ RunTime:0.0017s ]

[ 2018-05-15T10:51:19+08:00 ] 127.0.0.1 /index.php/Seller/index/checkIsLogin
INFO: [ app_begin ] --START--
INFO: Run Behavior\ReadHtmlCacheBehavior [ RunTime:0.000449s ]
INFO: [ app_begin ] --END-- [ RunTime:0.000833s ]
SQL: SHOW COLUMNS FROM `qs_sqk_sys_config_def` [ RunTime:0.0038s ]
SQL: SELECT * FROM `qs_sqk_sys_config_def`  [ RunTime:0.0014s ]

[ 2018-05-15T10:51:20+08:00 ] 127.0.0.1 /index.php/Seller/index/checkIsLogin
INFO: [ app_begin ] --START--
INFO: Run Behavior\ReadHtmlCacheBehavior [ RunTime:0.000535s ]
INFO: [ app_begin ] --END-- [ RunTime:0.000925s ]
SQL: SHOW COLUMNS FROM `qs_sqk_sys_config_def` [ RunTime:0.0057s ]
SQL: SELECT * FROM `qs_sqk_sys_config_def`  [ RunTime:0.0018s ]

[ 2018-05-15T10:51:20+08:00 ] 127.0.0.1 /index.php/Seller/Seller/getSellerInfo?type=api
INFO: [ app_begin ] --START--
INFO: Run Behavior\ReadHtmlCacheBehavior [ RunTime:0.000672s ]
INFO: [ app_begin ] --END-- [ RunTime:0.001171s ]
SQL: SHOW COLUMNS FROM `qs_sqk_sys_config_def` [ RunTime:0.0046s ]
SQL: SELECT * FROM `qs_sqk_sys_config_def`  [ RunTime:0.0016s ]
SQL: SHOW COLUMNS FROM `qs_sqk_seller_info` [ RunTime:0.0042s ]
SQL: SELECT * FROM `qs_sqk_seller_info` WHERE `id` = 39 LIMIT 1   [ RunTime:0.0040s ]
SQL: SHOW COLUMNS FROM `qs_sqk_sys_all_attach` [ RunTime:0.0046s ]
SQL: SELECT * FROM `qs_sqk_sys_all_attach` WHERE `module_info_id` = 39 AND `module_name` = 'zz_seller' ORDER BY id desc  [ RunTime:0.0011s ]

[ 2018-05-15T10:51:22+08:00 ] 127.0.0.1 /index.php/Seller/index/checkIsLogin
INFO: [ app_begin ] --START--
INFO: Run Behavior\ReadHtmlCacheBehavior [ RunTime:0.000437s ]
INFO: [ app_begin ] --END-- [ RunTime:0.000879s ]
SQL: SHOW COLUMNS FROM `qs_sqk_sys_config_def` [ RunTime:0.0048s ]
SQL: SELECT * FROM `qs_sqk_sys_config_def`  [ RunTime:0.0015s ]

[ 2018-05-15T10:53:53+08:00 ] 127.0.0.1 /index.php/Seller/Seller/saveTxInfo
INFO: [ app_begin ] --START--
INFO: Run Behavior\ReadHtmlCacheBehavior [ RunTime:0.002099s ]
INFO: [ app_begin ] --END-- [ RunTime:0.003168s ]
SQL: SHOW COLUMNS FROM `qs_sqk_sys_config_def` [ RunTime:0.0043s ]
SQL: SELECT * FROM `qs_sqk_sys_config_def`  [ RunTime:0.0020s ]
SQL: SHOW COLUMNS FROM `qs_sqk_sys_all_attach` [ RunTime:0.0062s ]
SQL: UPDATE `qs_sqk_sys_all_attach` SET `module_info_id`='39' WHERE `id` = '406' [ RunTime:0.0026s ]
SQL: SELECT * FROM `qs_sqk_sys_all_attach` WHERE `id` = '406' LIMIT 1   [ RunTime:0.0019s ]
SQL: SHOW COLUMNS FROM `qs_sqk_seller_info` [ RunTime:0.0046s ]
SQL: UPDATE `qs_sqk_seller_info` SET `tx_path`='Public/Upload/tx_seller/2018-05-15/5afa4bbf96753.jpg' WHERE ( id=39 ) [ RunTime:0.0011s ]

[ 2018-05-15T10:53:53+08:00 ] 127.0.0.1 /index.php/Seller/index/checkIsLogin
INFO: [ app_begin ] --START--
INFO: Run Behavior\ReadHtmlCacheBehavior [ RunTime:0.002241s ]
INFO: [ app_begin ] --END-- [ RunTime:0.003110s ]
SQL: SHOW COLUMNS FROM `qs_sqk_sys_config_def` [ RunTime:0.0046s ]
SQL: SELECT * FROM `qs_sqk_sys_config_def`  [ RunTime:0.0018s ]

[ 2018-05-15T10:54:13+08:00 ] 127.0.0.1 /index.php/Seller/index/checkIsLogin
INFO: [ app_begin ] --START--
INFO: Run Behavior\ReadHtmlCacheBehavior [ RunTime:0.000674s ]
INFO: [ app_begin ] --END-- [ RunTime:0.001125s ]
SQL: SHOW COLUMNS FROM `qs_sqk_sys_config_def` [ RunTime:0.0041s ]
SQL: SELECT * FROM `qs_sqk_sys_config_def`  [ RunTime:0.0017s ]

[ 2018-05-15T10:54:16+08:00 ] 127.0.0.1 /index.php/Seller/index/checkIsLogin
INFO: [ app_begin ] --START--
INFO: Run Behavior\ReadHtmlCacheBehavior [ RunTime:0.000409s ]
INFO: [ app_begin ] --END-- [ RunTime:0.000795s ]
SQL: SHOW COLUMNS FROM `qs_sqk_sys_config_def` [ RunTime:0.0045s ]
SQL: SELECT * FROM `qs_sqk_sys_config_def`  [ RunTime:0.0014s ]

[ 2018-05-15T10:54:19+08:00 ] 127.0.0.1 /index.php/Seller/index/checkIsLogin
INFO: [ app_begin ] --START--
INFO: Run Behavior\ReadHtmlCacheBehavior [ RunTime:0.000414s ]
INFO: [ app_begin ] --END-- [ RunTime:0.000836s ]
SQL: SHOW COLUMNS FROM `qs_sqk_sys_config_def` [ RunTime:0.0056s ]
SQL: SELECT * FROM `qs_sqk_sys_config_def`  [ RunTime:0.0027s ]

[ 2018-05-15T10:54:22+08:00 ] 127.0.0.1 /index.php/Seller/index/checkIsLogin
INFO: [ app_begin ] --START--
INFO: Run Behavior\ReadHtmlCacheBehavior [ RunTime:0.000458s ]
INFO: [ app_begin ] --END-- [ RunTime:0.000863s ]
SQL: SHOW COLUMNS FROM `qs_sqk_sys_config_def` [ RunTime:0.0049s ]
SQL: SELECT * FROM `qs_sqk_sys_config_def`  [ RunTime:0.0017s ]

[ 2018-05-15T10:54:22+08:00 ] 127.0.0.1 /index.php/Seller/Seller/getSellerInfo?type=api
INFO: [ app_begin ] --START--
INFO: Run Behavior\ReadHtmlCacheBehavior [ RunTime:0.002118s ]
INFO: [ app_begin ] --END-- [ RunTime:0.002996s ]
SQL: SHOW COLUMNS FROM `qs_sqk_sys_config_def` [ RunTime:0.0057s ]
SQL: SELECT * FROM `qs_sqk_sys_config_def`  [ RunTime:0.0017s ]
SQL: SHOW COLUMNS FROM `qs_sqk_seller_info` [ RunTime:0.0044s ]
SQL: SELECT * FROM `qs_sqk_seller_info` WHERE `id` = 41 LIMIT 1   [ RunTime:0.0026s ]
SQL: SHOW COLUMNS FROM `qs_sqk_sys_all_attach` [ RunTime:0.0056s ]
SQL: SELECT * FROM `qs_sqk_sys_all_attach` WHERE `module_info_id` = 41 AND `module_name` = 'zz_seller' ORDER BY id desc  [ RunTime:0.0010s ]

[ 2018-05-15T10:54:24+08:00 ] 127.0.0.1 /index.php/Seller/index/checkIsLogin
INFO: [ app_begin ] --START--
INFO: Run Behavior\ReadHtmlCacheBehavior [ RunTime:0.000437s ]
INFO: [ app_begin ] --END-- [ RunTime:0.000869s ]
SQL: SHOW COLUMNS FROM `qs_sqk_sys_config_def` [ RunTime:0.0038s ]
SQL: SELECT * FROM `qs_sqk_sys_config_def`  [ RunTime:0.0019s ]

[ 2018-05-15T10:54:32+08:00 ] 127.0.0.1 /index.php/Seller/Seller/saveTxInfo
INFO: [ app_begin ] --START--
INFO: Run Behavior\ReadHtmlCacheBehavior [ RunTime:0.001813s ]
INFO: [ app_begin ] --END-- [ RunTime:0.002552s ]
SQL: SHOW COLUMNS FROM `qs_sqk_sys_config_def` [ RunTime:0.0036s ]
SQL: SELECT * FROM `qs_sqk_sys_config_def`  [ RunTime:0.0017s ]
SQL: SHOW COLUMNS FROM `qs_sqk_sys_all_attach` [ RunTime:0.0042s ]
SQL: UPDATE `qs_sqk_sys_all_attach` SET `module_info_id`='41' WHERE `id` = '407' [ RunTime:0.0022s ]
SQL: SELECT * FROM `qs_sqk_sys_all_attach` WHERE `id` = '407' LIMIT 1   [ RunTime:0.0016s ]
SQL: SHOW COLUMNS FROM `qs_sqk_seller_info` [ RunTime:0.0042s ]
SQL: UPDATE `qs_sqk_seller_info` SET `tx_path`='Public/Upload/tx_seller/2018-05-15/5afa4be6d3e89.jpg' WHERE ( id=41 ) [ RunTime:0.0009s ]

[ 2018-05-15T10:54:32+08:00 ] 127.0.0.1 /index.php/Seller/index/checkIsLogin
INFO: [ app_begin ] --START--
INFO: Run Behavior\ReadHtmlCacheBehavior [ RunTime:0.001839s ]
INFO: [ app_begin ] --END-- [ RunTime:0.002584s ]
SQL: SHOW COLUMNS FROM `qs_sqk_sys_config_def` [ RunTime:0.0044s ]
SQL: SELECT * FROM `qs_sqk_sys_config_def`  [ RunTime:0.0017s ]

[ 2018-05-15T10:54:47+08:00 ] 127.0.0.1 /index.php/Seller/index/checkIsLogin
INFO: [ app_begin ] --START--
INFO: Run Behavior\ReadHtmlCacheBehavior [ RunTime:0.001908s ]
INFO: [ app_begin ] --END-- [ RunTime:0.002648s ]
SQL: SHOW COLUMNS FROM `qs_sqk_sys_config_def` [ RunTime:0.0049s ]
SQL: SELECT * FROM `qs_sqk_sys_config_def`  [ RunTime:0.0016s ]

[ 2018-05-15T10:54:49+08:00 ] 127.0.0.1 /index.php/Seller/index/checkIsLogin
INFO: [ app_begin ] --START--
INFO: Run Behavior\ReadHtmlCacheBehavior [ RunTime:0.003527s ]
INFO: [ app_begin ] --END-- [ RunTime:0.004324s ]
SQL: SHOW COLUMNS FROM `qs_sqk_sys_config_def` [ RunTime:0.0042s ]
SQL: SELECT * FROM `qs_sqk_sys_config_def`  [ RunTime:0.0015s ]

[ 2018-05-15T10:54:51+08:00 ] 127.0.0.1 /index.php/Seller/Seller/getSellerInfo?type=api
INFO: [ app_begin ] --START--
INFO: Run Behavior\ReadHtmlCacheBehavior [ RunTime:0.000713s ]
INFO: [ app_begin ] --END-- [ RunTime:0.001216s ]
SQL: SHOW COLUMNS FROM `qs_sqk_sys_config_def` [ RunTime:0.0048s ]
SQL: SELECT * FROM `qs_sqk_sys_config_def`  [ RunTime:0.0021s ]
SQL: SHOW COLUMNS FROM `qs_sqk_seller_info` [ RunTime:0.0064s ]
SQL: SELECT * FROM `qs_sqk_seller_info` WHERE `id` = 42 LIMIT 1   [ RunTime:0.0027s ]
SQL: SHOW COLUMNS FROM `qs_sqk_sys_all_attach` [ RunTime:0.0056s ]
SQL: SELECT * FROM `qs_sqk_sys_all_attach` WHERE `module_info_id` = 42 AND `module_name` = 'zz_seller' ORDER BY id desc  [ RunTime:0.0011s ]

[ 2018-05-15T10:54:51+08:00 ] 127.0.0.1 /index.php/Seller/index/checkIsLogin
INFO: [ app_begin ] --START--
INFO: Run Behavior\ReadHtmlCacheBehavior [ RunTime:0.002237s ]
INFO: [ app_begin ] --END-- [ RunTime:0.003051s ]
SQL: SHOW COLUMNS FROM `qs_sqk_sys_config_def` [ RunTime:0.0052s ]
SQL: SELECT * FROM `qs_sqk_sys_config_def`  [ RunTime:0.0021s ]

[ 2018-05-15T10:54:52+08:00 ] 127.0.0.1 /index.php/Seller/index/checkIsLogin
INFO: [ app_begin ] --START--
INFO: Run Behavior\ReadHtmlCacheBehavior [ RunTime:0.001937s ]
INFO: [ app_begin ] --END-- [ RunTime:0.003274s ]
SQL: SHOW COLUMNS FROM `qs_sqk_sys_config_def` [ RunTime:0.0056s ]
SQL: SELECT * FROM `qs_sqk_sys_config_def`  [ RunTime:0.0039s ]

[ 2018-05-15T10:55:02+08:00 ] 127.0.0.1 /index.php/Seller/Seller/saveTxInfo
INFO: [ app_begin ] --START--
INFO: Run Behavior\ReadHtmlCacheBehavior [ RunTime:0.002402s ]
INFO: [ app_begin ] --END-- [ RunTime:0.003310s ]
SQL: SHOW COLUMNS FROM `qs_sqk_sys_config_def` [ RunTime:0.0051s ]
SQL: SELECT * FROM `qs_sqk_sys_config_def`  [ RunTime:0.0022s ]
SQL: SHOW COLUMNS FROM `qs_sqk_sys_all_attach` [ RunTime:0.0055s ]
SQL: UPDATE `qs_sqk_sys_all_attach` SET `module_info_id`='42' WHERE `id` = '408' [ RunTime:0.0018s ]
SQL: SELECT * FROM `qs_sqk_sys_all_attach` WHERE `id` = '408' LIMIT 1   [ RunTime:0.0017s ]
SQL: SHOW COLUMNS FROM `qs_sqk_seller_info` [ RunTime:0.0051s ]
SQL: UPDATE `qs_sqk_seller_info` SET `tx_path`='Public/Upload/tx_seller/2018-05-15/5afa4c04b9d37.jpg' WHERE ( id=42 ) [ RunTime:0.0010s ]

[ 2018-05-15T10:55:03+08:00 ] 127.0.0.1 /index.php/Seller/index/checkIsLogin
INFO: [ app_begin ] --START--
INFO: Run Behavior\ReadHtmlCacheBehavior [ RunTime:0.001870s ]
INFO: [ app_begin ] --END-- [ RunTime:0.002619s ]
SQL: SHOW COLUMNS FROM `qs_sqk_sys_config_def` [ RunTime:0.0061s ]
SQL: SELECT * FROM `qs_sqk_sys_config_def`  [ RunTime:0.0016s ]

[ 2018-05-15T10:55:11+08:00 ] 127.0.0.1 /index.php/Seller/index/checkIsLogin
INFO: [ app_begin ] --START--
INFO: Run Behavior\ReadHtmlCacheBehavior [ RunTime:0.001869s ]
INFO: [ app_begin ] --END-- [ RunTime:0.002606s ]
SQL: SHOW COLUMNS FROM `qs_sqk_sys_config_def` [ RunTime:0.0059s ]
SQL: SELECT * FROM `qs_sqk_sys_config_def`  [ RunTime:0.0016s ]

[ 2018-05-15T10:55:14+08:00 ] 127.0.0.1 /index.php/Seller/index/checkIsLogin
INFO: [ app_begin ] --START--
INFO: Run Behavior\ReadHtmlCacheBehavior [ RunTime:0.000691s ]
INFO: [ app_begin ] --END-- [ RunTime:0.001129s ]
SQL: SHOW COLUMNS FROM `qs_sqk_sys_config_def` [ RunTime:0.0037s ]
SQL: SELECT * FROM `qs_sqk_sys_config_def`  [ RunTime:0.0023s ]

[ 2018-05-15T10:55:17+08:00 ] 127.0.0.1 /index.php/Seller/index/checkIsLogin
INFO: [ app_begin ] --START--
INFO: Run Behavior\ReadHtmlCacheBehavior [ RunTime:0.000503s ]
INFO: [ app_begin ] --END-- [ RunTime:0.000887s ]
SQL: SHOW COLUMNS FROM `qs_sqk_sys_config_def` [ RunTime:0.0050s ]
SQL: SELECT * FROM `qs_sqk_sys_config_def`  [ RunTime:0.0021s ]

[ 2018-05-15T10:55:18+08:00 ] 127.0.0.1 /index.php/Seller/index/checkIsLogin
INFO: [ app_begin ] --START--
INFO: Run Behavior\ReadHtmlCacheBehavior [ RunTime:0.000519s ]
INFO: [ app_begin ] --END-- [ RunTime:0.000918s ]
SQL: SHOW COLUMNS FROM `qs_sqk_sys_config_def` [ RunTime:0.0060s ]
SQL: SELECT * FROM `qs_sqk_sys_config_def`  [ RunTime:0.0016s ]

[ 2018-05-15T10:55:18+08:00 ] 127.0.0.1 /index.php/Seller/Seller/getSellerInfo?type=api
INFO: [ app_begin ] --START--
INFO: Run Behavior\ReadHtmlCacheBehavior [ RunTime:0.000425s ]
INFO: [ app_begin ] --END-- [ RunTime:0.000821s ]
SQL: SHOW COLUMNS FROM `qs_sqk_sys_config_def` [ RunTime:0.0063s ]
SQL: SELECT * FROM `qs_sqk_sys_config_def`  [ RunTime:0.0016s ]
SQL: SHOW COLUMNS FROM `qs_sqk_seller_info` [ RunTime:0.0042s ]
SQL: SELECT * FROM `qs_sqk_seller_info` WHERE `id` = 43 LIMIT 1   [ RunTime:0.0029s ]
SQL: SHOW COLUMNS FROM `qs_sqk_sys_all_attach` [ RunTime:0.0040s ]
SQL: SELECT * FROM `qs_sqk_sys_all_attach` WHERE `module_info_id` = 43 AND `module_name` = 'zz_seller' ORDER BY id desc  [ RunTime:0.0010s ]

[ 2018-05-15T10:55:20+08:00 ] 127.0.0.1 /index.php/Seller/index/checkIsLogin
INFO: [ app_begin ] --START--
INFO: Run Behavior\ReadHtmlCacheBehavior [ RunTime:0.000705s ]
INFO: [ app_begin ] --END-- [ RunTime:0.001256s ]
SQL: SHOW COLUMNS FROM `qs_sqk_sys_config_def` [ RunTime:0.0056s ]
SQL: SELECT * FROM `qs_sqk_sys_config_def`  [ RunTime:0.0022s ]

[ 2018-05-15T10:55:30+08:00 ] 127.0.0.1 /index.php/Seller/Seller/saveTxInfo
INFO: [ app_begin ] --START--
INFO: Run Behavior\ReadHtmlCacheBehavior [ RunTime:0.002478s ]
INFO: [ app_begin ] --END-- [ RunTime:0.003344s ]
SQL: SHOW COLUMNS FROM `qs_sqk_sys_config_def` [ RunTime:0.0060s ]
SQL: SELECT * FROM `qs_sqk_sys_config_def`  [ RunTime:0.0018s ]
SQL: SHOW COLUMNS FROM `qs_sqk_sys_all_attach` [ RunTime:0.0048s ]
SQL: UPDATE `qs_sqk_sys_all_attach` SET `module_info_id`='43' WHERE `id` = '409' [ RunTime:0.0015s ]
SQL: SELECT * FROM `qs_sqk_sys_all_attach` WHERE `id` = '409' LIMIT 1   [ RunTime:0.0018s ]
SQL: SHOW COLUMNS FROM `qs_sqk_seller_info` [ RunTime:0.0049s ]
SQL: UPDATE `qs_sqk_seller_info` SET `tx_path`='Public/Upload/tx_seller/2018-05-15/5afa4c20cfc63.jpg' WHERE ( id=43 ) [ RunTime:0.0009s ]

[ 2018-05-15T10:55:30+08:00 ] 127.0.0.1 /index.php/Seller/index/checkIsLogin
INFO: [ app_begin ] --START--
INFO: Run Behavior\ReadHtmlCacheBehavior [ RunTime:0.002542s ]
INFO: [ app_begin ] --END-- [ RunTime:0.003511s ]
SQL: SHOW COLUMNS FROM `qs_sqk_sys_config_def` [ RunTime:0.0058s ]
SQL: SELECT * FROM `qs_sqk_sys_config_def`  [ RunTime:0.0022s ]

[ 2018-05-15T15:49:18+08:00 ] 127.0.0.1 /index.php/Seller/index/checkIsLogin
INFO: [ app_begin ] --START--
INFO: Run Behavior\ReadHtmlCacheBehavior [ RunTime:0.001037s ]
INFO: [ app_begin ] --END-- [ RunTime:0.001549s ]
SQL: SHOW COLUMNS FROM `qs_sqk_sys_config_def` [ RunTime:0.0059s ]
SQL: SELECT * FROM `qs_sqk_sys_config_def`  [ RunTime:0.0018s ]

[ 2018-05-15T15:49:22+08:00 ] 127.0.0.1 /index.php/Seller/Seller/getSellerInfo?type=api
INFO: [ app_begin ] --START--
INFO: Run Behavior\ReadHtmlCacheBehavior [ RunTime:0.000657s ]
INFO: [ app_begin ] --END-- [ RunTime:0.001144s ]
SQL: SHOW COLUMNS FROM `qs_sqk_sys_config_def` [ RunTime:0.0054s ]
SQL: SELECT * FROM `qs_sqk_sys_config_def`  [ RunTime:0.0017s ]
SQL: SHOW COLUMNS FROM `qs_sqk_seller_info` [ RunTime:0.0044s ]
SQL: SELECT * FROM `qs_sqk_seller_info` WHERE `id` = 43 LIMIT 1   [ RunTime:0.0043s ]
SQL: SHOW COLUMNS FROM `qs_sqk_sys_all_attach` [ RunTime:0.0042s ]
SQL: SELECT * FROM `qs_sqk_sys_all_attach` WHERE `module_info_id` = 43 AND `module_name` = 'zz_seller' ORDER BY id desc  [ RunTime:0.0012s ]

[ 2018-05-15T15:49:23+08:00 ] 127.0.0.1 /index.php/Seller/index/checkIsLogin
INFO: [ app_begin ] --START--
INFO: Run Behavior\ReadHtmlCacheBehavior [ RunTime:0.000900s ]
INFO: [ app_begin ] --END-- [ RunTime:0.001349s ]
SQL: SHOW COLUMNS FROM `qs_sqk_sys_config_def` [ RunTime:0.0055s ]
SQL: SELECT * FROM `qs_sqk_sys_config_def`  [ RunTime:0.0017s ]

[ 2018-05-15T15:49:56+08:00 ] 127.0.0.1 /index.php/Seller/Seller/saveSellerInfo
INFO: [ app_begin ] --START--
INFO: Run Behavior\ReadHtmlCacheBehavior [ RunTime:0.000795s ]
INFO: [ app_begin ] --END-- [ RunTime:0.001381s ]
SQL: SHOW COLUMNS FROM `qs_sqk_sys_config_def` [ RunTime:0.0057s ]
SQL: SELECT * FROM `qs_sqk_sys_config_def`  [ RunTime:0.0015s ]
SQL: SHOW COLUMNS FROM `qs_sqk_seller_info` [ RunTime:0.0059s ]
NOTIC: [8] Undefined index: validate E:\wamp\www\qskj_project_sqk_debug_git\qskj_sqk\sqk\ThinkPHP\Library\Think\Model.class.php 第 1185 行.
NOTIC: [8] Undefined index: auto E:\wamp\www\qskj_project_sqk_debug_git\qskj_sqk\sqk\ThinkPHP\Library\Think\Model.class.php 第 1128 行.
SQL: UPDATE `qs_sqk_seller_info` SET `tel`='13521447599',`address_id`='1',`business_license`='1324567894561234',`address`='朝阳区管庄新村D区',`name`='肯德基',`address_api_url`='116.606423,39.909222',`contacts`='哈哈哈' WHERE ( id=43 ) [ RunTime:0.0014s ]

[ 2018-05-15T15:49:56+08:00 ] 127.0.0.1 /index.php/Seller/Seller/getSellerInfo?type=api
INFO: [ app_begin ] --START--
INFO: Run Behavior\ReadHtmlCacheBehavior [ RunTime:0.000974s ]
INFO: [ app_begin ] --END-- [ RunTime:0.001401s ]
SQL: SHOW COLUMNS FROM `qs_sqk_sys_config_def` [ RunTime:0.0052s ]
SQL: SELECT * FROM `qs_sqk_sys_config_def`  [ RunTime:0.0016s ]
SQL: SHOW COLUMNS FROM `qs_sqk_seller_info` [ RunTime:0.0054s ]
SQL: SELECT * FROM `qs_sqk_seller_info` WHERE `id` = 43 LIMIT 1   [ RunTime:0.0039s ]
SQL: SHOW COLUMNS FROM `qs_sqk_sys_all_attach` [ RunTime:0.0057s ]
SQL: SELECT * FROM `qs_sqk_sys_all_attach` WHERE `module_info_id` = 43 AND `module_name` = 'zz_seller' ORDER BY id desc  [ RunTime:0.0013s ]

[ 2018-05-15T15:49:56+08:00 ] 127.0.0.1 /index.php/Seller/Seller/getSellerInfo?type=api
INFO: [ app_begin ] --START--
INFO: Run Behavior\ReadHtmlCacheBehavior [ RunTime:0.000488s ]
INFO: [ app_begin ] --END-- [ RunTime:0.000827s ]
SQL: SHOW COLUMNS FROM `qs_sqk_sys_config_def` [ RunTime:0.0038s ]
SQL: SELECT * FROM `qs_sqk_sys_config_def`  [ RunTime:0.0015s ]
SQL: SHOW COLUMNS FROM `qs_sqk_seller_info` [ RunTime:0.0046s ]
SQL: SELECT * FROM `qs_sqk_seller_info` WHERE `id` = 43 LIMIT 1   [ RunTime:0.0027s ]
SQL: SHOW COLUMNS FROM `qs_sqk_sys_all_attach` [ RunTime:0.0050s ]
SQL: SELECT * FROM `qs_sqk_sys_all_attach` WHERE `module_info_id` = 43 AND `module_name` = 'zz_seller' ORDER BY id desc  [ RunTime:0.0010s ]

[ 2018-05-15T15:52:32+08:00 ] 127.0.0.1 /index.php/Seller/index/checkIsLogin
INFO: [ app_begin ] --START--
INFO: Run Behavior\ReadHtmlCacheBehavior [ RunTime:0.000509s ]
INFO: [ app_begin ] --END-- [ RunTime:0.000901s ]
SQL: SHOW COLUMNS FROM `qs_sqk_sys_config_def` [ RunTime:0.0039s ]
SQL: SELECT * FROM `qs_sqk_sys_config_def`  [ RunTime:0.0018s ]

[ 2018-05-15T15:52:57+08:00 ] 127.0.0.1 /index.php/Seller/Seller/saveZzInfo
INFO: [ app_begin ] --START--
INFO: Run Behavior\ReadHtmlCacheBehavior [ RunTime:0.000935s ]
INFO: [ app_begin ] --END-- [ RunTime:0.001358s ]
SQL: SHOW COLUMNS FROM `qs_sqk_sys_config_def` [ RunTime:0.0047s ]
SQL: SELECT * FROM `qs_sqk_sys_config_def`  [ RunTime:0.0017s ]
SQL: SHOW COLUMNS FROM `qs_sqk_sys_all_attach` [ RunTime:0.0059s ]
SQL: UPDATE `qs_sqk_sys_all_attach` SET `module_info_id`='43' WHERE `id` = '411' [ RunTime:0.0018s ]
SQL: UPDATE `qs_sqk_sys_all_attach` SET `module_info_id`='43' WHERE `id` = '410' [ RunTime:0.0017s ]

[ 2018-05-15T15:52:57+08:00 ] 127.0.0.1 /index.php/Seller/index/checkIsLogin
INFO: [ app_begin ] --START--
INFO: Run Behavior\ReadHtmlCacheBehavior [ RunTime:0.001923s ]
INFO: [ app_begin ] --END-- [ RunTime:0.002732s ]
SQL: SHOW COLUMNS FROM `qs_sqk_sys_config_def` [ RunTime:0.0053s ]
SQL: SELECT * FROM `qs_sqk_sys_config_def`  [ RunTime:0.0017s ]

[ 2018-05-15T15:53:00+08:00 ] 127.0.0.1 /index.php/Seller/Seller/getSellerInfo?type=api
INFO: [ app_begin ] --START--
INFO: Run Behavior\ReadHtmlCacheBehavior [ RunTime:0.001049s ]
INFO: [ app_begin ] --END-- [ RunTime:0.001518s ]
SQL: SHOW COLUMNS FROM `qs_sqk_sys_config_def` [ RunTime:0.0052s ]
SQL: SELECT * FROM `qs_sqk_sys_config_def`  [ RunTime:0.0014s ]
SQL: SHOW COLUMNS FROM `qs_sqk_seller_info` [ RunTime:0.0059s ]
SQL: SELECT * FROM `qs_sqk_seller_info` WHERE `id` = 43 LIMIT 1   [ RunTime:0.0027s ]
SQL: SHOW COLUMNS FROM `qs_sqk_sys_all_attach` [ RunTime:0.0059s ]
SQL: SELECT * FROM `qs_sqk_sys_all_attach` WHERE `module_info_id` = 43 AND `module_name` = 'zz_seller' ORDER BY id desc  [ RunTime:0.0012s ]

[ 2018-05-15T15:53:00+08:00 ] 127.0.0.1 /index.php/Seller/index/checkIsLogin
INFO: [ app_begin ] --START--
INFO: Run Behavior\ReadHtmlCacheBehavior [ RunTime:0.002432s ]
INFO: [ app_begin ] --END-- [ RunTime:0.003201s ]
SQL: SHOW COLUMNS FROM `qs_sqk_sys_config_def` [ RunTime:0.0057s ]
SQL: SELECT * FROM `qs_sqk_sys_config_def`  [ RunTime:0.0017s ]

[ 2018-05-15T16:44:23+08:00 ] 127.0.0.1 /index.php/Seller/index/checkIsLogin
INFO: [ app_begin ] --START--
INFO: Run Behavior\ReadHtmlCacheBehavior [ RunTime:0.000514s ]
INFO: [ app_begin ] --END-- [ RunTime:0.000908s ]
SQL: SHOW COLUMNS FROM `qs_sqk_sys_config_def` [ RunTime:0.0066s ]
SQL: SELECT * FROM `qs_sqk_sys_config_def`  [ RunTime:0.0016s ]

[ 2018-05-15T16:44:25+08:00 ] 127.0.0.1 /index.php/Seller/index/checkIsLogin
INFO: [ app_begin ] --START--
INFO: Run Behavior\ReadHtmlCacheBehavior [ RunTime:0.000512s ]
INFO: [ app_begin ] --END-- [ RunTime:0.000929s ]
SQL: SHOW COLUMNS FROM `qs_sqk_sys_config_def` [ RunTime:0.0052s ]
SQL: SELECT * FROM `qs_sqk_sys_config_def`  [ RunTime:0.0019s ]

[ 2018-05-15T16:44:25+08:00 ] 127.0.0.1 /index.php/Seller/Seller/getSellerInfo?type=api
INFO: [ app_begin ] --START--
INFO: Run Behavior\ReadHtmlCacheBehavior [ RunTime:0.000596s ]
INFO: [ app_begin ] --END-- [ RunTime:0.001072s ]
SQL: SHOW COLUMNS FROM `qs_sqk_sys_config_def` [ RunTime:0.0037s ]
SQL: SELECT * FROM `qs_sqk_sys_config_def`  [ RunTime:0.0017s ]
SQL: SHOW COLUMNS FROM `qs_sqk_seller_info` [ RunTime:0.0057s ]
SQL: SELECT * FROM `qs_sqk_seller_info` WHERE `id` = 43 LIMIT 1   [ RunTime:0.0028s ]
SQL: SHOW COLUMNS FROM `qs_sqk_sys_all_attach` [ RunTime:0.0039s ]
SQL: SELECT * FROM `qs_sqk_sys_all_attach` WHERE `module_info_id` = 43 AND `module_name` = 'zz_seller' ORDER BY id desc  [ RunTime:0.0013s ]

[ 2018-05-15T16:44:27+08:00 ] 127.0.0.1 /index.php/Seller/Seller/getSellerInfo?type=api
INFO: [ app_begin ] --START--
INFO: Run Behavior\ReadHtmlCacheBehavior [ RunTime:0.000524s ]
INFO: [ app_begin ] --END-- [ RunTime:0.000890s ]
SQL: SHOW COLUMNS FROM `qs_sqk_sys_config_def` [ RunTime:0.0035s ]
SQL: SELECT * FROM `qs_sqk_sys_config_def`  [ RunTime:0.0016s ]
SQL: SHOW COLUMNS FROM `qs_sqk_seller_info` [ RunTime:0.0050s ]
SQL: SELECT * FROM `qs_sqk_seller_info` WHERE `id` = 43 LIMIT 1   [ RunTime:0.0020s ]
SQL: SHOW COLUMNS FROM `qs_sqk_sys_all_attach` [ RunTime:0.0051s ]
SQL: SELECT * FROM `qs_sqk_sys_all_attach` WHERE `module_info_id` = 43 AND `module_name` = 'zz_seller' ORDER BY id desc  [ RunTime:0.0011s ]

[ 2018-05-15T16:44:27+08:00 ] 127.0.0.1 /index.php/Seller/Seller/saveSellerInfo
INFO: [ app_begin ] --START--
INFO: Run Behavior\ReadHtmlCacheBehavior [ RunTime:0.000502s ]
INFO: [ app_begin ] --END-- [ RunTime:0.000889s ]
SQL: SHOW COLUMNS FROM `qs_sqk_sys_config_def` [ RunTime:0.0040s ]
SQL: SELECT * FROM `qs_sqk_sys_config_def`  [ RunTime:0.0015s ]
SQL: SHOW COLUMNS FROM `qs_sqk_seller_info` [ RunTime:0.0044s ]
NOTIC: [8] Undefined index: validate E:\wamp\www\qskj_project_sqk_debug_git\qskj_sqk\sqk\ThinkPHP\Library\Think\Model.class.php 第 1185 行.
NOTIC: [8] Undefined index: auto E:\wamp\www\qskj_project_sqk_debug_git\qskj_sqk\sqk\ThinkPHP\Library\Think\Model.class.php 第 1128 行.
SQL: UPDATE `qs_sqk_seller_info` SET `tel`='13521447599',`address_id`='1',`business_license`='1324567894561234',`address`='朝阳区管庄新村D区',`name`='肯德基',`address_api_url`='116.606423,39.909222',`contacts`='哈哈哈' WHERE ( id=43 ) [ RunTime:0.0015s ]

[ 2018-05-15T16:44:27+08:00 ] 127.0.0.1 /index.php/Seller/Seller/getSellerInfo?type=api
INFO: [ app_begin ] --START--
INFO: Run Behavior\ReadHtmlCacheBehavior [ RunTime:0.000563s ]
INFO: [ app_begin ] --END-- [ RunTime:0.000938s ]
SQL: SHOW COLUMNS FROM `qs_sqk_sys_config_def` [ RunTime:0.0060s ]
SQL: SELECT * FROM `qs_sqk_sys_config_def`  [ RunTime:0.0014s ]
SQL: SHOW COLUMNS FROM `qs_sqk_seller_info` [ RunTime:0.0054s ]
SQL: SELECT * FROM `qs_sqk_seller_info` WHERE `id` = 43 LIMIT 1   [ RunTime:0.0027s ]
SQL: SHOW COLUMNS FROM `qs_sqk_sys_all_attach` [ RunTime:0.0052s ]
SQL: SELECT * FROM `qs_sqk_sys_all_attach` WHERE `module_info_id` = 43 AND `module_name` = 'zz_seller' ORDER BY id desc  [ RunTime:0.0011s ]

[ 2018-05-15T16:44:29+08:00 ] 127.0.0.1 /index.php/Seller/index/checkIsLogin
INFO: [ app_begin ] --START--
INFO: Run Behavior\ReadHtmlCacheBehavior [ RunTime:0.000550s ]
INFO: [ app_begin ] --END-- [ RunTime:0.001004s ]
SQL: SHOW COLUMNS FROM `qs_sqk_sys_config_def` [ RunTime:0.0054s ]
SQL: SELECT * FROM `qs_sqk_sys_config_def`  [ RunTime:0.0032s ]

