[ 2018-05-14T13:37:25+08:00 ] 127.0.0.1 /index.php/Seller/index/checkIsLogin
INFO: [ app_begin ] --START--
INFO: Run Behavior\ReadHtmlCacheBehavior [ RunTime:0.000649s ]
INFO: [ app_begin ] --END-- [ RunTime:0.001131s ]
SQL: SHOW COLUMNS FROM `qs_sqk_sys_config_def` [ RunTime:0.0061s ]
SQL: SELECT * FROM `qs_sqk_sys_config_def`  [ RunTime:0.0017s ]

[ 2018-05-14T16:41:10+08:00 ] 127.0.0.1 /index.php/Seller/index/checkIsLogin
INFO: [ app_begin ] --START--
INFO: Run Behavior\ReadHtmlCacheBehavior [ RunTime:0.000671s ]
INFO: [ app_begin ] --END-- [ RunTime:0.001139s ]
SQL: SHOW COLUMNS FROM `qs_sqk_sys_config_def` [ RunTime:0.0046s ]
SQL: SELECT * FROM `qs_sqk_sys_config_def`  [ RunTime:0.0023s ]

[ 2018-05-14T16:41:15+08:00 ] 127.0.0.1 /index.php/Seller/index/checkIsLogin
INFO: [ app_begin ] --START--
INFO: Run Behavior\ReadHtmlCacheBehavior [ RunTime:0.000566s ]
INFO: [ app_begin ] --END-- [ RunTime:0.000983s ]
SQL: SHOW COLUMNS FROM `qs_sqk_sys_config_def` [ RunTime:0.0052s ]
SQL: SELECT * FROM `qs_sqk_sys_config_def`  [ RunTime:0.0019s ]

[ 2018-05-14T16:41:15+08:00 ] 127.0.0.1 /index.php/Seller/Seller/getSellerInfo?type=api
INFO: [ app_begin ] --START--
INFO: Run Behavior\ReadHtmlCacheBehavior [ RunTime:0.000596s ]
INFO: [ app_begin ] --END-- [ RunTime:0.001008s ]
SQL: SHOW COLUMNS FROM `qs_sqk_sys_config_def` [ RunTime:0.0044s ]
SQL: SELECT * FROM `qs_sqk_sys_config_def`  [ RunTime:0.0023s ]
SQL: SHOW COLUMNS FROM `qs_sqk_seller_info` [ RunTime:0.0047s ]
SQL: SELECT * FROM `qs_sqk_seller_info` WHERE `id` = 38 LIMIT 1   [ RunTime:0.0031s ]
SQL: SHOW COLUMNS FROM `qs_sqk_sys_all_attach` [ RunTime:0.0056s ]
SQL: SELECT * FROM `qs_sqk_sys_all_attach` WHERE `module_info_id` = 38 AND `module_name` = 'zz_seller' ORDER BY id desc  [ RunTime:0.0021s ]

[ 2018-05-14T16:41:19+08:00 ] 127.0.0.1 /index.php/Seller/index/checkIsLogin
INFO: [ app_begin ] --START--
INFO: Run Behavior\ReadHtmlCacheBehavior [ RunTime:0.000593s ]
INFO: [ app_begin ] --END-- [ RunTime:0.001060s ]
SQL: SHOW COLUMNS FROM `qs_sqk_sys_config_def` [ RunTime:0.0051s ]
SQL: SELECT * FROM `qs_sqk_sys_config_def`  [ RunTime:0.0029s ]

[ 2018-05-14T16:41:22+08:00 ] 127.0.0.1 /index.php/Seller/index/checkIsLogin
INFO: [ app_begin ] --START--
INFO: Run Behavior\ReadHtmlCacheBehavior [ RunTime:0.000853s ]
INFO: [ app_begin ] --END-- [ RunTime:0.001332s ]
SQL: SHOW COLUMNS FROM `qs_sqk_sys_config_def` [ RunTime:0.0060s ]
SQL: SELECT * FROM `qs_sqk_sys_config_def`  [ RunTime:0.0021s ]

[ 2018-05-14T16:50:35+08:00 ] 127.0.0.1 /index.php/Seller/Index/getApplyKeyCode
INFO: [ app_begin ] --START--
INFO: Run Behavior\ReadHtmlCacheBehavior [ RunTime:0.000492s ]
INFO: [ app_begin ] --END-- [ RunTime:0.000858s ]
SQL: SHOW COLUMNS FROM `qs_sqk_sys_config_def` [ RunTime:0.0050s ]
SQL: SELECT * FROM `qs_sqk_sys_config_def`  [ RunTime:0.0018s ]
SQL: SHOW COLUMNS FROM `qs_sqk_sys_userapp_info` [ RunTime:0.0052s ]
SQL: SELECT * FROM `qs_sqk_sys_userapp_info` WHERE ( tel="13521447599" ) LIMIT 1   [ RunTime:0.0029s ]
NOTIC: [8] Undefined variable: flag E:\wamp\www\qskj_project_sqk_debug_git\qskj_sqk\sqk\Application\Seller\Controller\IndexController.class.php 第 156 行.

[ 2018-05-14T16:51:07+08:00 ] 127.0.0.1 /index.php/Seller/Index/getApplyKeyCode
INFO: [ app_begin ] --START--
INFO: Run Behavior\ReadHtmlCacheBehavior [ RunTime:0.000498s ]
INFO: [ app_begin ] --END-- [ RunTime:0.000862s ]
SQL: SHOW COLUMNS FROM `qs_sqk_sys_config_def` [ RunTime:0.0058s ]
SQL: SELECT * FROM `qs_sqk_sys_config_def`  [ RunTime:0.0017s ]
SQL: SHOW COLUMNS FROM `qs_sqk_sys_userapp_info` [ RunTime:0.0057s ]
SQL: SELECT * FROM `qs_sqk_sys_userapp_info` WHERE ( tel="13521447599" ) LIMIT 1   [ RunTime:0.0030s ]
NOTIC: [8] Undefined variable: flag E:\wamp\www\qskj_project_sqk_debug_git\qskj_sqk\sqk\Application\Seller\Controller\IndexController.class.php 第 156 行.

[ 2018-05-14T16:52:47+08:00 ] 127.0.0.1 /index.php/Seller/Index/getApplyKeyCode
INFO: [ app_begin ] --START--
INFO: Run Behavior\ReadHtmlCacheBehavior [ RunTime:0.000588s ]
INFO: [ app_begin ] --END-- [ RunTime:0.001034s ]
SQL: SHOW COLUMNS FROM `qs_sqk_sys_config_def` [ RunTime:0.0062s ]
SQL: SELECT * FROM `qs_sqk_sys_config_def`  [ RunTime:0.0020s ]
SQL: SHOW COLUMNS FROM `qs_sqk_seller_info` [ RunTime:0.0046s ]
SQL: SELECT * FROM `qs_sqk_seller_info` WHERE ( tel="18610700082" ) LIMIT 1   [ RunTime:0.0021s ]

[ 2018-05-14T16:53:56+08:00 ] 127.0.0.1 /index.php/Seller/Index/getApplyKeyCode
INFO: [ app_begin ] --START--
INFO: Run Behavior\ReadHtmlCacheBehavior [ RunTime:0.000507s ]
INFO: [ app_begin ] --END-- [ RunTime:0.000903s ]
SQL: SHOW COLUMNS FROM `qs_sqk_sys_config_def` [ RunTime:0.0065s ]
SQL: SELECT * FROM `qs_sqk_sys_config_def`  [ RunTime:0.0017s ]
SQL: SHOW COLUMNS FROM `qs_sqk_seller_info` [ RunTime:0.0043s ]
SQL: SELECT * FROM `qs_sqk_seller_info` WHERE ( tel="18610700082" ) LIMIT 1   [ RunTime:0.0043s ]
NOTIC: [2] Creating default object from empty value E:\wamp\www\qskj_project_sqk_debug_git\qskj_sqk\sqk\Application\Seller\Controller\SmsController.class.php 第 44 行.
NOTIC: [2] Creating default object from empty value E:\wamp\www\qskj_project_sqk_debug_git\qskj_sqk\sqk\Application\Seller\Controller\SmsController.class.php 第 49 行.

