[ 2018-05-18T14:18:58+08:00 ] 192.168.1.42 /index.php/Seller/Qrcodeurl/kouFenExchange
INFO: [ app_begin ] --START--
INFO: Run Behavior\ReadHtmlCacheBehavior [ RunTime:0.000624s ]
INFO: [ app_begin ] --END-- [ RunTime:0.001080s ]
SQL: SHOW COLUMNS FROM `qs_sqk_sys_config_def` [ RunTime:0.0038s ]
SQL: SELECT * FROM `qs_sqk_sys_config_def`  [ RunTime:0.0016s ]
SQL: SHOW COLUMNS FROM `qs_sqk_integral_trading_record` [ RunTime:0.0050s ]
SQL: SHOW COLUMNS FROM `qs_sqk_sys_userapp_info` [ RunTime:0.0052s ]
SQL: SHOW COLUMNS FROM `qs_sqk_seller_info` [ RunTime:0.0042s ]
SQL: SELECT * FROM `qs_sqk_sys_userapp_info` WHERE `id` = 133 LIMIT 1   [ RunTime:0.0020s ]
SQL: SELECT * FROM `qs_sqk_seller_info` WHERE `id` = 38 LIMIT 1   [ RunTime:0.0013s ]

[ 2018-05-18T14:20:14+08:00 ] 192.168.1.42 /index.php/Seller/index/checkIsLogin
INFO: [ app_begin ] --START--
INFO: Run Behavior\ReadHtmlCacheBehavior [ RunTime:0.000427s ]
INFO: [ app_begin ] --END-- [ RunTime:0.000807s ]
SQL: SHOW COLUMNS FROM `qs_sqk_sys_config_def` [ RunTime:0.0041s ]
SQL: SELECT * FROM `qs_sqk_sys_config_def`  [ RunTime:0.0015s ]

[ 2018-05-18T17:02:01+08:00 ] 127.0.0.1 /index.php/Seller/Index/saveSellerInfo
INFO: [ app_begin ] --START--
INFO: Run Behavior\ReadHtmlCacheBehavior [ RunTime:0.000637s ]
INFO: [ app_begin ] --END-- [ RunTime:0.001090s ]
SQL: SHOW COLUMNS FROM `qs_sqk_sys_config_def` [ RunTime:0.0050s ]
SQL: SELECT * FROM `qs_sqk_sys_config_def`  [ RunTime:0.0027s ]
SQL: SHOW COLUMNS FROM `qs_sqk_seller_info` [ RunTime:0.0051s ]
NOTIC: [8] Undefined index: validate E:\wamp\www\qskj_project_sqk_debug_git\qskj_sqk\sqk\ThinkPHP\Library\Think\Model.class.php 第 1185 行.
NOTIC: [8] Undefined index: auto E:\wamp\www\qskj_project_sqk_debug_git\qskj_sqk\sqk\ThinkPHP\Library\Think\Model.class.php 第 1128 行.
NOTIC: [8] Undefined variable: seller_id E:\wamp\www\qskj_project_sqk_debug_git\qskj_sqk\sqk\Application\Seller\Controller\IndexController.class.php 第 195 行.
ERR: 1064:Erreur de syntaxe près de ')' à la ligne 1
 [ SQL语句 ] : UPDATE `qs_sqk_seller_info` SET `tel`='',`address_id`='1',`business_license`='1111111111111111111111',`address`='北京市通州区九棵树',`name`='中国人民很行',`address_api_url`='116.663922,39.896462',`contacts`='忘忧草',`tx_path`='1' WHERE ( id= )
ERR: 1064:Erreur de syntaxe près de ')' à la ligne 1
 [ SQL语句 ] : UPDATE `qs_sqk_seller_info` SET `tel`='',`address_id`='1',`business_license`='1111111111111111111111',`address`='北京市通州区九棵树',`name`='中国人民很行',`address_api_url`='116.663922,39.896462',`contacts`='忘忧草',`tx_path`='1' WHERE ( id= )

[ 2018-05-18T17:05:37+08:00 ] 127.0.0.1 /index.php/Seller/Index/saveSellerInfo
INFO: [ app_begin ] --START--
INFO: Run Behavior\ReadHtmlCacheBehavior [ RunTime:0.000988s ]
INFO: [ app_begin ] --END-- [ RunTime:0.001476s ]
SQL: SHOW COLUMNS FROM `qs_sqk_sys_config_def` [ RunTime:0.0051s ]
SQL: SELECT * FROM `qs_sqk_sys_config_def`  [ RunTime:0.0021s ]
SQL: SHOW COLUMNS FROM `qs_sqk_seller_info` [ RunTime:0.0052s ]
NOTIC: [8] Undefined index: validate E:\wamp\www\qskj_project_sqk_debug_git\qskj_sqk\sqk\ThinkPHP\Library\Think\Model.class.php 第 1185 行.
NOTIC: [8] Undefined index: auto E:\wamp\www\qskj_project_sqk_debug_git\qskj_sqk\sqk\ThinkPHP\Library\Think\Model.class.php 第 1128 行.
SQL: INSERT INTO `qs_sqk_seller_info` (`tel`,`address_id`,`business_license`,`address`,`name`,`address_api_url`,`contacts`,`tx_path`) VALUES ('','1','1111111111111111111111','北京市通州区九棵树','中国人民很行','116.663922,39.896462','忘忧草','1') [ RunTime:0.0019s ]
NOTIC: [8] Undefined index: openid E:\wamp\www\qskj_project_sqk_debug_git\qskj_sqk\sqk\Application\Seller\Controller\IndexController.class.php 第 197 行.
SQL: SHOW COLUMNS FROM `qs_sqk_seller_wechat_binding` [ RunTime:0.0038s ]
ERR: 1048:Le champ 'open_id' ne peut être vide (null)
 [ SQL语句 ] : INSERT INTO `qs_sqk_seller_wechat_binding` (`seller_id`,`open_id`,`name`,`headimgurl`) VALUES ('44',NULL,'忘忧草','1')
ERR: 1048:Le champ 'open_id' ne peut être vide (null)
 [ SQL语句 ] : INSERT INTO `qs_sqk_seller_wechat_binding` (`seller_id`,`open_id`,`name`,`headimgurl`) VALUES ('44',NULL,'忘忧草','1')

[ 2018-05-18T17:06:28+08:00 ] 127.0.0.1 /index.php/Seller/Index/saveSellerInfo
INFO: [ app_begin ] --START--
INFO: Run Behavior\ReadHtmlCacheBehavior [ RunTime:0.000407s ]
INFO: [ app_begin ] --END-- [ RunTime:0.000794s ]
SQL: SHOW COLUMNS FROM `qs_sqk_sys_config_def` [ RunTime:0.0040s ]
SQL: SELECT * FROM `qs_sqk_sys_config_def`  [ RunTime:0.0018s ]
SQL: SHOW COLUMNS FROM `qs_sqk_seller_info` [ RunTime:0.0055s ]
NOTIC: [8] Undefined index: validate E:\wamp\www\qskj_project_sqk_debug_git\qskj_sqk\sqk\ThinkPHP\Library\Think\Model.class.php 第 1185 行.
NOTIC: [8] Undefined index: auto E:\wamp\www\qskj_project_sqk_debug_git\qskj_sqk\sqk\ThinkPHP\Library\Think\Model.class.php 第 1128 行.
ERR: 1062:Duplicata du champ '' pour la clef 'tel_2'
 [ SQL语句 ] : INSERT INTO `qs_sqk_seller_info` (`tel`,`address_id`,`business_license`,`address`,`name`,`address_api_url`,`contacts`,`tx_path`) VALUES ('','1','1111111111111111111111','北京市通州区九棵树','中国人民很行','116.663922,39.896462','忘忧草','1')
ERR: 1062:Duplicata du champ '' pour la clef 'tel_2'
 [ SQL语句 ] : INSERT INTO `qs_sqk_seller_info` (`tel`,`address_id`,`business_license`,`address`,`name`,`address_api_url`,`contacts`,`tx_path`) VALUES ('','1','1111111111111111111111','北京市通州区九棵树','中国人民很行','116.663922,39.896462','忘忧草','1')

[ 2018-05-18T17:07:00+08:00 ] 127.0.0.1 /index.php/Seller/Index/saveSellerInfo
INFO: [ app_begin ] --START--
INFO: Run Behavior\ReadHtmlCacheBehavior [ RunTime:0.000666s ]
INFO: [ app_begin ] --END-- [ RunTime:0.001096s ]
SQL: SHOW COLUMNS FROM `qs_sqk_sys_config_def` [ RunTime:0.0051s ]
SQL: SELECT * FROM `qs_sqk_sys_config_def`  [ RunTime:0.0025s ]
SQL: SHOW COLUMNS FROM `qs_sqk_seller_info` [ RunTime:0.0048s ]
NOTIC: [8] Undefined index: validate E:\wamp\www\qskj_project_sqk_debug_git\qskj_sqk\sqk\ThinkPHP\Library\Think\Model.class.php 第 1185 行.
NOTIC: [8] Undefined index: auto E:\wamp\www\qskj_project_sqk_debug_git\qskj_sqk\sqk\ThinkPHP\Library\Think\Model.class.php 第 1128 行.
ERR: 1062:Duplicata du champ '13521447599' pour la clef 'tel_2'
 [ SQL语句 ] : INSERT INTO `qs_sqk_seller_info` (`tel`,`address_id`,`business_license`,`address`,`name`,`address_api_url`,`contacts`,`tx_path`) VALUES ('13521447599','1','1111111111111111111111','北京市通州区九棵树','中国人民很行','116.663922,39.896462','忘忧草','1')
ERR: 1062:Duplicata du champ '13521447599' pour la clef 'tel_2'
 [ SQL语句 ] : INSERT INTO `qs_sqk_seller_info` (`tel`,`address_id`,`business_license`,`address`,`name`,`address_api_url`,`contacts`,`tx_path`) VALUES ('13521447599','1','1111111111111111111111','北京市通州区九棵树','中国人民很行','116.663922,39.896462','忘忧草','1')

[ 2018-05-18T17:08:10+08:00 ] 127.0.0.1 /index.php/Seller/Index/saveSellerInfo
INFO: [ app_begin ] --START--
INFO: Run Behavior\ReadHtmlCacheBehavior [ RunTime:0.000424s ]
INFO: [ app_begin ] --END-- [ RunTime:0.000877s ]
SQL: SHOW COLUMNS FROM `qs_sqk_sys_config_def` [ RunTime:0.0043s ]
SQL: SELECT * FROM `qs_sqk_sys_config_def`  [ RunTime:0.0019s ]
SQL: SHOW COLUMNS FROM `qs_sqk_seller_info` [ RunTime:0.0053s ]
NOTIC: [8] Undefined index: validate E:\wamp\www\qskj_project_sqk_debug_git\qskj_sqk\sqk\ThinkPHP\Library\Think\Model.class.php 第 1185 行.
NOTIC: [8] Undefined index: auto E:\wamp\www\qskj_project_sqk_debug_git\qskj_sqk\sqk\ThinkPHP\Library\Think\Model.class.php 第 1128 行.
ERR: 1062:Duplicata du champ '13521447599' pour la clef 'tel_2'
 [ SQL语句 ] : INSERT INTO `qs_sqk_seller_info` (`tel`,`address_id`,`business_license`,`address`,`name`,`address_api_url`,`contacts`,`tx_path`) VALUES ('13521447599','1','1111111111111111111111','北京市通州区九棵树','中国人民很行','116.663922,39.896462','忘忧草','1')
ERR: 1062:Duplicata du champ '13521447599' pour la clef 'tel_2'
 [ SQL语句 ] : INSERT INTO `qs_sqk_seller_info` (`tel`,`address_id`,`business_license`,`address`,`name`,`address_api_url`,`contacts`,`tx_path`) VALUES ('13521447599','1','1111111111111111111111','北京市通州区九棵树','中国人民很行','116.663922,39.896462','忘忧草','1')

[ 2018-05-18T17:08:10+08:00 ] 127.0.0.1 /index.php/Seller/Index/saveSellerInfo
INFO: [ app_begin ] --START--
INFO: Run Behavior\ReadHtmlCacheBehavior [ RunTime:0.000422s ]
INFO: [ app_begin ] --END-- [ RunTime:0.000780s ]
SQL: SHOW COLUMNS FROM `qs_sqk_sys_config_def` [ RunTime:0.0051s ]
SQL: SELECT * FROM `qs_sqk_sys_config_def`  [ RunTime:0.0020s ]
SQL: SHOW COLUMNS FROM `qs_sqk_seller_info` [ RunTime:0.0050s ]
NOTIC: [8] Undefined index: validate E:\wamp\www\qskj_project_sqk_debug_git\qskj_sqk\sqk\ThinkPHP\Library\Think\Model.class.php 第 1185 行.
NOTIC: [8] Undefined index: auto E:\wamp\www\qskj_project_sqk_debug_git\qskj_sqk\sqk\ThinkPHP\Library\Think\Model.class.php 第 1128 行.
ERR: 1062:Duplicata du champ '13521447599' pour la clef 'tel_2'
 [ SQL语句 ] : INSERT INTO `qs_sqk_seller_info` (`tel`,`address_id`,`business_license`,`address`,`name`,`address_api_url`,`contacts`,`tx_path`) VALUES ('13521447599','1','1111111111111111111111','北京市通州区九棵树','中国人民很行','116.663922,39.896462','忘忧草','1')
ERR: 1062:Duplicata du champ '13521447599' pour la clef 'tel_2'
 [ SQL语句 ] : INSERT INTO `qs_sqk_seller_info` (`tel`,`address_id`,`business_license`,`address`,`name`,`address_api_url`,`contacts`,`tx_path`) VALUES ('13521447599','1','1111111111111111111111','北京市通州区九棵树','中国人民很行','116.663922,39.896462','忘忧草','1')

[ 2018-05-18T17:08:16+08:00 ] 127.0.0.1 /index.php/Seller/Index/saveSellerInfo
INFO: [ app_begin ] --START--
INFO: Run Behavior\ReadHtmlCacheBehavior [ RunTime:0.000427s ]
INFO: [ app_begin ] --END-- [ RunTime:0.000772s ]
SQL: SHOW COLUMNS FROM `qs_sqk_sys_config_def` [ RunTime:0.0049s ]
SQL: SELECT * FROM `qs_sqk_sys_config_def`  [ RunTime:0.0019s ]
SQL: SHOW COLUMNS FROM `qs_sqk_seller_info` [ RunTime:0.0046s ]
NOTIC: [8] Undefined index: headimgurl E:\wamp\www\qskj_project_sqk_debug_git\qskj_sqk\sqk\Application\Seller\Controller\IndexController.class.php 第 189 行.
NOTIC: [8] Undefined index: validate E:\wamp\www\qskj_project_sqk_debug_git\qskj_sqk\sqk\ThinkPHP\Library\Think\Model.class.php 第 1185 行.
NOTIC: [8] Undefined index: auto E:\wamp\www\qskj_project_sqk_debug_git\qskj_sqk\sqk\ThinkPHP\Library\Think\Model.class.php 第 1128 行.
ERR: 1048:Le champ 'tx_path' ne peut être vide (null)
 [ SQL语句 ] : INSERT INTO `qs_sqk_seller_info` (`tel`,`address_id`,`business_license`,`address`,`name`,`address_api_url`,`contacts`,`tx_path`) VALUES ('13521447599','1','1111111111111111111111','北京市通州区九棵树','中国人民很行','116.663922,39.896462','忘忧草',NULL)
ERR: 1048:Le champ 'tx_path' ne peut être vide (null)
 [ SQL语句 ] : INSERT INTO `qs_sqk_seller_info` (`tel`,`address_id`,`business_license`,`address`,`name`,`address_api_url`,`contacts`,`tx_path`) VALUES ('13521447599','1','1111111111111111111111','北京市通州区九棵树','中国人民很行','116.663922,39.896462','忘忧草',NULL)

[ 2018-05-18T17:08:46+08:00 ] 127.0.0.1 /index.php/Seller/Index/saveSellerInfo
INFO: [ app_begin ] --START--
INFO: Run Behavior\ReadHtmlCacheBehavior [ RunTime:0.000643s ]
INFO: [ app_begin ] --END-- [ RunTime:0.001128s ]
SQL: SHOW COLUMNS FROM `qs_sqk_sys_config_def` [ RunTime:0.0050s ]
SQL: SELECT * FROM `qs_sqk_sys_config_def`  [ RunTime:0.0056s ]
SQL: SHOW COLUMNS FROM `qs_sqk_seller_info` [ RunTime:0.0057s ]
NOTIC: [8] Undefined index: validate E:\wamp\www\qskj_project_sqk_debug_git\qskj_sqk\sqk\ThinkPHP\Library\Think\Model.class.php 第 1185 行.
NOTIC: [8] Undefined index: auto E:\wamp\www\qskj_project_sqk_debug_git\qskj_sqk\sqk\ThinkPHP\Library\Think\Model.class.php 第 1128 行.
ERR: 1062:Duplicata du champ '13521447599' pour la clef 'tel_2'
 [ SQL语句 ] : INSERT INTO `qs_sqk_seller_info` (`tel`,`address_id`,`business_license`,`address`,`name`,`address_api_url`,`contacts`,`tx_path`) VALUES ('13521447599','1','1111111111111111111111','北京市通州区九棵树','中国人民很行','116.663922,39.896462','忘忧草','http://thirdwx.qlogo.cn/mmopen/vi_32/Q0j4TwGTfTKHRoX9H0IXWmiaxlXzb3O9ILcicFoZqRjRZWe0xKk0bdPqiag4shDYyXw94TL6pDRiaV4svlVlKraBnw/132')
ERR: 1062:Duplicata du champ '13521447599' pour la clef 'tel_2'
 [ SQL语句 ] : INSERT INTO `qs_sqk_seller_info` (`tel`,`address_id`,`business_license`,`address`,`name`,`address_api_url`,`contacts`,`tx_path`) VALUES ('13521447599','1','1111111111111111111111','北京市通州区九棵树','中国人民很行','116.663922,39.896462','忘忧草','http://thirdwx.qlogo.cn/mmopen/vi_32/Q0j4TwGTfTKHRoX9H0IXWmiaxlXzb3O9ILcicFoZqRjRZWe0xKk0bdPqiag4shDYyXw94TL6pDRiaV4svlVlKraBnw/132')

[ 2018-05-18T17:10:37+08:00 ] 127.0.0.1 /index.php/Seller/Index/saveSellerInfo
INFO: [ app_begin ] --START--
INFO: Run Behavior\ReadHtmlCacheBehavior [ RunTime:0.000515s ]
INFO: [ app_begin ] --END-- [ RunTime:0.000933s ]
SQL: SHOW COLUMNS FROM `qs_sqk_sys_config_def` [ RunTime:0.0041s ]
SQL: SELECT * FROM `qs_sqk_sys_config_def`  [ RunTime:0.0016s ]
SQL: SHOW COLUMNS FROM `qs_sqk_seller_info` [ RunTime:0.0052s ]
NOTIC: [8] Undefined index: validate E:\wamp\www\qskj_project_sqk_debug_git\qskj_sqk\sqk\ThinkPHP\Library\Think\Model.class.php 第 1185 行.
NOTIC: [8] Undefined index: auto E:\wamp\www\qskj_project_sqk_debug_git\qskj_sqk\sqk\ThinkPHP\Library\Think\Model.class.php 第 1128 行.
ERR: 1062:Duplicata du champ '13521447599' pour la clef 'tel_2'
 [ SQL语句 ] : INSERT INTO `qs_sqk_seller_info` (`tel`,`address_id`,`business_license`,`address`,`name`,`address_api_url`,`contacts`,`tx_path`) VALUES ('13521447599','1','1111111111111111111111','北京市通州区九棵树','中国人民很行','116.663922,39.896462','忘忧草','http://thirdwx.qlogo.cn/mmopen/vi_32/Q0j4TwGTfTKHRoX9H0IXWmiaxlXzb3O9ILcicFoZqRjRZWe0xKk0bdPqiag4shDYyXw94TL6pDRiaV4svlVlKraBnw/132')
ERR: 1062:Duplicata du champ '13521447599' pour la clef 'tel_2'
 [ SQL语句 ] : INSERT INTO `qs_sqk_seller_info` (`tel`,`address_id`,`business_license`,`address`,`name`,`address_api_url`,`contacts`,`tx_path`) VALUES ('13521447599','1','1111111111111111111111','北京市通州区九棵树','中国人民很行','116.663922,39.896462','忘忧草','http://thirdwx.qlogo.cn/mmopen/vi_32/Q0j4TwGTfTKHRoX9H0IXWmiaxlXzb3O9ILcicFoZqRjRZWe0xKk0bdPqiag4shDYyXw94TL6pDRiaV4svlVlKraBnw/132')

[ 2018-05-18T17:12:08+08:00 ] 127.0.0.1 /index.php/Seller/Index/saveSellerInfo
INFO: [ app_begin ] --START--
INFO: Run Behavior\ReadHtmlCacheBehavior [ RunTime:0.000640s ]
INFO: [ app_begin ] --END-- [ RunTime:0.001137s ]
SQL: SHOW COLUMNS FROM `qs_sqk_sys_config_def` [ RunTime:0.0038s ]
SQL: SELECT * FROM `qs_sqk_sys_config_def`  [ RunTime:0.0016s ]
SQL: SHOW COLUMNS FROM `qs_sqk_seller_info` [ RunTime:0.0053s ]
NOTIC: [8] Undefined index: validate E:\wamp\www\qskj_project_sqk_debug_git\qskj_sqk\sqk\ThinkPHP\Library\Think\Model.class.php 第 1185 行.
SQL: SELECT * FROM `qs_sqk_seller_info` WHERE `tel` = '13521447599' LIMIT 1   [ RunTime:0.0027s ]

[ 2018-05-18T17:12:52+08:00 ] 127.0.0.1 /index.php/Seller/Index/saveSellerInfo
INFO: [ app_begin ] --START--
INFO: Run Behavior\ReadHtmlCacheBehavior [ RunTime:0.000419s ]
INFO: [ app_begin ] --END-- [ RunTime:0.000793s ]
SQL: SHOW COLUMNS FROM `qs_sqk_sys_config_def` [ RunTime:0.0046s ]
SQL: SELECT * FROM `qs_sqk_sys_config_def`  [ RunTime:0.0021s ]
SQL: SHOW COLUMNS FROM `qs_sqk_seller_info` [ RunTime:0.0043s ]
NOTIC: [8] Undefined index: validate E:\wamp\www\qskj_project_sqk_debug_git\qskj_sqk\sqk\ThinkPHP\Library\Think\Model.class.php 第 1185 行.
SQL: SELECT * FROM `qs_sqk_seller_info` WHERE `tel` = '13521447590' LIMIT 1   [ RunTime:0.0026s ]
NOTIC: [8] Undefined index: auto E:\wamp\www\qskj_project_sqk_debug_git\qskj_sqk\sqk\ThinkPHP\Library\Think\Model.class.php 第 1128 行.
SQL: INSERT INTO `qs_sqk_seller_info` (`tel`,`address_id`,`business_license`,`address`,`name`,`address_api_url`,`contacts`,`tx_path`) VALUES ('13521447590','1','7894561234566','北京市朝阳区','中国人民很行','116.449562,39.926373','忘忧草','http://thirdwx.qlogo.cn/mmopen/vi_32/Q0j4TwGTfTKHRoX9H0IXWmiaxlXzb3O9ILcicFoZqRjRZWe0xKk0bdPqiag4shDYyXw94TL6pDRiaV4svlVlKraBnw/132') [ RunTime:0.0015s ]
SQL: SHOW COLUMNS FROM `qs_sqk_seller_wechat_binding` [ RunTime:0.0038s ]
SQL: INSERT INTO `qs_sqk_seller_wechat_binding` (`seller_id`,`open_id`,`name`,`headimgurl`) VALUES ('45','oadwq03_g0B0lvOGQG6Id5vUIwNQ','忘忧草','http://thirdwx.qlogo.cn/mmopen/vi_32/Q0j4TwGTfTKHRoX9H0IXWmiaxlXzb3O9ILcicFoZqRjRZWe0xKk0bdPqiag4shDYyXw94TL6pDRiaV4svlVlKraBnw/132') [ RunTime:0.0010s ]

[ 2018-05-18T17:17:12+08:00 ] 127.0.0.1 /index.php/Seller/Index/saveSellerInfo
INFO: [ app_begin ] --START--
INFO: Run Behavior\ReadHtmlCacheBehavior [ RunTime:0.000708s ]
INFO: [ app_begin ] --END-- [ RunTime:0.001154s ]
SQL: SHOW COLUMNS FROM `qs_sqk_sys_config_def` [ RunTime:0.0044s ]
SQL: SELECT * FROM `qs_sqk_sys_config_def`  [ RunTime:0.0020s ]
SQL: SHOW COLUMNS FROM `qs_sqk_seller_info` [ RunTime:0.0047s ]
NOTIC: [8] Undefined index: validate E:\wamp\www\qskj_project_sqk_debug_git\qskj_sqk\sqk\ThinkPHP\Library\Think\Model.class.php 第 1185 行.
SQL: SELECT * FROM `qs_sqk_seller_info` WHERE `tel` = '13521447590' LIMIT 1   [ RunTime:0.0029s ]

[ 2018-05-18T17:17:34+08:00 ] 127.0.0.1 /index.php/Seller/Index/saveSellerInfo
INFO: [ app_begin ] --START--
INFO: Run Behavior\ReadHtmlCacheBehavior [ RunTime:0.000494s ]
INFO: [ app_begin ] --END-- [ RunTime:0.000880s ]
SQL: SHOW COLUMNS FROM `qs_sqk_sys_config_def` [ RunTime:0.0041s ]
SQL: SELECT * FROM `qs_sqk_sys_config_def`  [ RunTime:0.0019s ]
SQL: SHOW COLUMNS FROM `qs_sqk_seller_info` [ RunTime:0.0053s ]
NOTIC: [8] Undefined index: validate E:\wamp\www\qskj_project_sqk_debug_git\qskj_sqk\sqk\ThinkPHP\Library\Think\Model.class.php 第 1185 行.
SQL: SELECT * FROM `qs_sqk_seller_info` WHERE `tel` = '13521447591' LIMIT 1   [ RunTime:0.0034s ]
NOTIC: [8] Undefined index: auto E:\wamp\www\qskj_project_sqk_debug_git\qskj_sqk\sqk\ThinkPHP\Library\Think\Model.class.php 第 1128 行.
SQL: SHOW COLUMNS FROM `qs_sqk_seller_info` [ RunTime:0.0033s ]
SQL: INSERT INTO `qs_sqk_seller_info` (`tel`,`address_id`,`business_license`,`address`,`name`,`address_api_url`,`contacts`,`tx_path`) VALUES ('13521447591','1','7894561234566','北京市朝阳区','中国人民很行','116.449562,39.926373','忘忧草','http://thirdwx.qlogo.cn/mmopen/vi_32/Q0j4TwGTfTKHRoX9H0IXWmiaxlXzb3O9ILcicFoZqRjRZWe0xKk0bdPqiag4shDYyXw94TL6pDRiaV4svlVlKraBnw/132') [ RunTime:0.0011s ]
SQL: SHOW COLUMNS FROM `qs_sqk_seller_wechat_binding` [ RunTime:0.0051s ]
SQL: INSERT INTO `qs_sqk_seller_wechat_binding` (`seller_id`,`open_id`,`name`,`headimgurl`) VALUES ('46','oadwq03_g0B0lvOGQG6Id5vUIwNQ','忘忧草','http://thirdwx.qlogo.cn/mmopen/vi_32/Q0j4TwGTfTKHRoX9H0IXWmiaxlXzb3O9ILcicFoZqRjRZWe0xKk0bdPqiag4shDYyXw94TL6pDRiaV4svlVlKraBnw/132') [ RunTime:0.0042s ]

[ 2018-05-18T17:19:04+08:00 ] 127.0.0.1 /index.php/Seller/Index/saveSellerInfo
INFO: [ app_begin ] --START--
INFO: Run Behavior\ReadHtmlCacheBehavior [ RunTime:0.000525s ]
INFO: [ app_begin ] --END-- [ RunTime:0.001001s ]
SQL: SHOW COLUMNS FROM `qs_sqk_sys_config_def` [ RunTime:0.0050s ]
SQL: SELECT * FROM `qs_sqk_sys_config_def`  [ RunTime:0.0021s ]
SQL: SHOW COLUMNS FROM `qs_sqk_seller_info` [ RunTime:0.0046s ]
NOTIC: [8] Undefined index: validate E:\wamp\www\qskj_project_sqk_debug_git\qskj_sqk\sqk\ThinkPHP\Library\Think\Model.class.php 第 1185 行.
SQL: SELECT * FROM `qs_sqk_seller_info` WHERE `tel` = '13521447590' LIMIT 1   [ RunTime:0.0026s ]
NOTIC: [8] Undefined index: auto E:\wamp\www\qskj_project_sqk_debug_git\qskj_sqk\sqk\ThinkPHP\Library\Think\Model.class.php 第 1128 行.
SQL: SHOW COLUMNS FROM `qs_sqk_seller_info` [ RunTime:0.0045s ]
SQL: INSERT INTO `qs_sqk_seller_info` (`tel`,`address_id`,`business_license`,`address`,`name`,`address_api_url`,`contacts`,`tx_path`) VALUES ('13521447590','1','7894561234566','北京市朝阳区','中国人民很行','116.449562,39.926373','忘忧草','http://thirdwx.qlogo.cn/mmopen/vi_32/Q0j4TwGTfTKHRoX9H0IXWmiaxlXzb3O9ILcicFoZqRjRZWe0xKk0bdPqiag4shDYyXw94TL6pDRiaV4svlVlKraBnw/132') [ RunTime:0.0008s ]
SQL: SHOW COLUMNS FROM `qs_sqk_seller_wechat_binding` [ RunTime:0.0040s ]
SQL: INSERT INTO `qs_sqk_seller_wechat_binding` (`seller_id`,`open_id`,`name`,`headimgurl`) VALUES ('47','oadwq03_g0B0lvOGQG6Id5vUIwNQ','忘忧草','http://thirdwx.qlogo.cn/mmopen/vi_32/Q0j4TwGTfTKHRoX9H0IXWmiaxlXzb3O9ILcicFoZqRjRZWe0xKk0bdPqiag4shDYyXw94TL6pDRiaV4svlVlKraBnw/132') [ RunTime:0.0010s ]

[ 2018-05-18T17:20:11+08:00 ] 127.0.0.1 /index.php/Seller/Index/saveSellerInfo
INFO: [ app_begin ] --START--
INFO: Run Behavior\ReadHtmlCacheBehavior [ RunTime:0.000639s ]
INFO: [ app_begin ] --END-- [ RunTime:0.001141s ]
SQL: SHOW COLUMNS FROM `qs_sqk_sys_config_def` [ RunTime:0.0037s ]
SQL: SELECT * FROM `qs_sqk_sys_config_def`  [ RunTime:0.0026s ]
SQL: SHOW COLUMNS FROM `qs_sqk_seller_info` [ RunTime:0.0042s ]
NOTIC: [8] Undefined index: validate E:\wamp\www\qskj_project_sqk_debug_git\qskj_sqk\sqk\ThinkPHP\Library\Think\Model.class.php 第 1185 行.
SQL: SELECT * FROM `qs_sqk_seller_info` WHERE `tel` = '13521447590' LIMIT 1   [ RunTime:0.0029s ]

[ 2018-05-18T17:20:13+08:00 ] 127.0.0.1 /index.php/Seller/Index/saveSellerInfo
INFO: [ app_begin ] --START--
INFO: Run Behavior\ReadHtmlCacheBehavior [ RunTime:0.000430s ]
INFO: [ app_begin ] --END-- [ RunTime:0.000829s ]
SQL: SHOW COLUMNS FROM `qs_sqk_sys_config_def` [ RunTime:0.0054s ]
SQL: SELECT * FROM `qs_sqk_sys_config_def`  [ RunTime:0.0019s ]
SQL: SHOW COLUMNS FROM `qs_sqk_seller_info` [ RunTime:0.0045s ]
NOTIC: [8] Undefined index: validate E:\wamp\www\qskj_project_sqk_debug_git\qskj_sqk\sqk\ThinkPHP\Library\Think\Model.class.php 第 1185 行.
SQL: SELECT * FROM `qs_sqk_seller_info` WHERE `tel` = '13521447590' LIMIT 1   [ RunTime:0.0029s ]

[ 2018-05-18T17:20:15+08:00 ] 127.0.0.1 /index.php/Seller/Index/saveSellerInfo
INFO: [ app_begin ] --START--
INFO: Run Behavior\ReadHtmlCacheBehavior [ RunTime:0.000422s ]
INFO: [ app_begin ] --END-- [ RunTime:0.000804s ]
SQL: SHOW COLUMNS FROM `qs_sqk_sys_config_def` [ RunTime:0.0068s ]
SQL: SELECT * FROM `qs_sqk_sys_config_def`  [ RunTime:0.0045s ]
SQL: SHOW COLUMNS FROM `qs_sqk_seller_info` [ RunTime:0.0043s ]
NOTIC: [8] Undefined index: validate E:\wamp\www\qskj_project_sqk_debug_git\qskj_sqk\sqk\ThinkPHP\Library\Think\Model.class.php 第 1185 行.
SQL: SELECT * FROM `qs_sqk_seller_info` WHERE `tel` = '13521447590' LIMIT 1   [ RunTime:0.0054s ]

