[ 2018-05-10T16:18:29+08:00 ] 192.168.1.42 /index.php/Seller/index/checkIsLogin
INFO: [ app_begin ] --START--
INFO: Run Behavior\ReadHtmlCacheBehavior [ RunTime:0.000594s ]
INFO: [ app_begin ] --END-- [ RunTime:0.001116s ]
SQL: SHOW COLUMNS FROM `qs_sqk_sys_config_def` [ RunTime:0.0041s ]
SQL: SELECT * FROM `qs_sqk_sys_config_def`  [ RunTime:0.0017s ]
NOTIC: [8] Undefined variable: data E:\wamp\www\qskj_project_sqk_debug_git\qskj_sqk\sqk\Application\Seller\Controller\IndexController.class.php 第 65 行.

[ 2018-05-10T16:18:32+08:00 ] 192.168.1.42 /index.php/Seller/index/checkIsLogin
INFO: [ app_begin ] --START--
INFO: Run Behavior\ReadHtmlCacheBehavior [ RunTime:0.000418s ]
INFO: [ app_begin ] --END-- [ RunTime:0.000755s ]
SQL: SHOW COLUMNS FROM `qs_sqk_sys_config_def` [ RunTime:0.0061s ]
SQL: SELECT * FROM `qs_sqk_sys_config_def`  [ RunTime:0.0015s ]
NOTIC: [8] Undefined variable: data E:\wamp\www\qskj_project_sqk_debug_git\qskj_sqk\sqk\Application\Seller\Controller\IndexController.class.php 第 65 行.

[ 2018-05-10T16:18:32+08:00 ] 192.168.1.42 /index.php/Seller/Goods/getList
INFO: [ app_begin ] --START--
INFO: Run Behavior\ReadHtmlCacheBehavior [ RunTime:0.000946s ]
INFO: [ app_begin ] --END-- [ RunTime:0.001443s ]
SQL: SHOW COLUMNS FROM `qs_sqk_sys_config_def` [ RunTime:0.0059s ]
SQL: SELECT * FROM `qs_sqk_sys_config_def`  [ RunTime:0.0017s ]
SQL: SHOW COLUMNS FROM `qs_sqk_seller_integral_goods` [ RunTime:0.0058s ]
NOTIC: [8] Use of undefined constant LEFT - assumed 'LEFT' E:\wamp\www\qskj_project_sqk_debug_git\qskj_sqk\sqk\Application\Admin\Model\BaseModel.class.php 第 93 行.
NOTIC: [8] Use of undefined constant LEFT - assumed 'LEFT' E:\wamp\www\qskj_project_sqk_debug_git\qskj_sqk\sqk\Application\Admin\Model\BaseModel.class.php 第 93 行.
SQL: SELECT qs_sqk_seller_integral_goods.*,qs_sqk_seller_info.name as seller_name FROM `qs_sqk_seller_integral_goods` LEFT JOIN qs_sqk_goods_exchange_record ON qs_sqk_goods_exchange_record.goods_id=qs_sqk_seller_integral_goods.id LEFT JOIN qs_sqk_seller_info ON qs_sqk_seller_info.id=qs_sqk_seller_integral_goods.seller_id  WHERE qs_sqk_seller_integral_goods.seller_id = '38' GROUP BY qs_sqk_seller_integral_goods.id ORDER BY qs_sqk_seller_integral_goods.id desc  [ RunTime:0.0072s ]
SQL: SELECT COUNT(*) AS tp_count FROM `qs_sqk_seller_integral_goods` LIMIT 1   [ RunTime:0.0013s ]
NOTIC: [8] Undefined variable: num E:\wamp\www\qskj_project_sqk_debug_git\qskj_sqk\sqk\Application\Seller\Controller\GoodsController.class.php 第 138 行.

[ 2018-05-10T16:18:35+08:00 ] 192.168.1.42 /index.php/Seller/index/checkIsLogin
INFO: [ app_begin ] --START--
INFO: Run Behavior\ReadHtmlCacheBehavior [ RunTime:0.001642s ]
INFO: [ app_begin ] --END-- [ RunTime:0.003165s ]
SQL: SHOW COLUMNS FROM `qs_sqk_sys_config_def` [ RunTime:0.0050s ]
SQL: SELECT * FROM `qs_sqk_sys_config_def`  [ RunTime:0.0016s ]
NOTIC: [8] Undefined variable: data E:\wamp\www\qskj_project_sqk_debug_git\qskj_sqk\sqk\Application\Seller\Controller\IndexController.class.php 第 65 行.

[ 2018-05-10T16:18:37+08:00 ] 192.168.1.42 /index.php/Seller/index/checkIsLogin
INFO: [ app_begin ] --START--
INFO: Run Behavior\ReadHtmlCacheBehavior [ RunTime:0.001382s ]
INFO: [ app_begin ] --END-- [ RunTime:0.001804s ]
SQL: SHOW COLUMNS FROM `qs_sqk_sys_config_def` [ RunTime:0.0051s ]
SQL: SELECT * FROM `qs_sqk_sys_config_def`  [ RunTime:0.0016s ]
NOTIC: [8] Undefined variable: data E:\wamp\www\qskj_project_sqk_debug_git\qskj_sqk\sqk\Application\Seller\Controller\IndexController.class.php 第 65 行.

[ 2018-05-10T16:18:42+08:00 ] 192.168.1.42 /index.php/Seller/index/checkIsLogin
INFO: [ app_begin ] --START--
INFO: Run Behavior\ReadHtmlCacheBehavior [ RunTime:0.000962s ]
INFO: [ app_begin ] --END-- [ RunTime:0.001443s ]
SQL: SHOW COLUMNS FROM `qs_sqk_sys_config_def` [ RunTime:0.0039s ]
SQL: SELECT * FROM `qs_sqk_sys_config_def`  [ RunTime:0.0018s ]
NOTIC: [8] Undefined variable: data E:\wamp\www\qskj_project_sqk_debug_git\qskj_sqk\sqk\Application\Seller\Controller\IndexController.class.php 第 65 行.

[ 2018-05-10T16:18:53+08:00 ] 192.168.1.42 /index.php/Seller/index/checkIsLogin
INFO: [ app_begin ] --START--
INFO: Run Behavior\ReadHtmlCacheBehavior [ RunTime:0.001384s ]
INFO: [ app_begin ] --END-- [ RunTime:0.002065s ]
SQL: SHOW COLUMNS FROM `qs_sqk_sys_config_def` [ RunTime:0.0055s ]
SQL: SELECT * FROM `qs_sqk_sys_config_def`  [ RunTime:0.0016s ]
NOTIC: [8] Undefined variable: data E:\wamp\www\qskj_project_sqk_debug_git\qskj_sqk\sqk\Application\Seller\Controller\IndexController.class.php 第 65 行.

[ 2018-05-10T16:19:11+08:00 ] 192.168.1.42 /index.php/Seller/index/checkIsLogin
INFO: [ app_begin ] --START--
INFO: Run Behavior\ReadHtmlCacheBehavior [ RunTime:0.001303s ]
INFO: [ app_begin ] --END-- [ RunTime:0.001871s ]
SQL: SHOW COLUMNS FROM `qs_sqk_sys_config_def` [ RunTime:0.0040s ]
SQL: SELECT * FROM `qs_sqk_sys_config_def`  [ RunTime:0.0014s ]
NOTIC: [8] Undefined variable: data E:\wamp\www\qskj_project_sqk_debug_git\qskj_sqk\sqk\Application\Seller\Controller\IndexController.class.php 第 65 行.

[ 2018-05-10T16:19:15+08:00 ] 192.168.1.42 /index.php/Seller/index/checkIsLogin
INFO: [ app_begin ] --START--
INFO: Run Behavior\ReadHtmlCacheBehavior [ RunTime:0.002024s ]
INFO: [ app_begin ] --END-- [ RunTime:0.002905s ]
SQL: SHOW COLUMNS FROM `qs_sqk_sys_config_def` [ RunTime:0.0036s ]
SQL: SELECT * FROM `qs_sqk_sys_config_def`  [ RunTime:0.0019s ]
NOTIC: [8] Undefined variable: data E:\wamp\www\qskj_project_sqk_debug_git\qskj_sqk\sqk\Application\Seller\Controller\IndexController.class.php 第 65 行.

[ 2018-05-10T16:19:18+08:00 ] 192.168.1.42 /index.php/Seller/index/checkIsLogin
INFO: [ app_begin ] --START--
INFO: Run Behavior\ReadHtmlCacheBehavior [ RunTime:0.001020s ]
INFO: [ app_begin ] --END-- [ RunTime:0.001578s ]
SQL: SHOW COLUMNS FROM `qs_sqk_sys_config_def` [ RunTime:0.0048s ]
SQL: SELECT * FROM `qs_sqk_sys_config_def`  [ RunTime:0.0017s ]
NOTIC: [8] Undefined variable: data E:\wamp\www\qskj_project_sqk_debug_git\qskj_sqk\sqk\Application\Seller\Controller\IndexController.class.php 第 65 行.

[ 2018-05-10T16:19:19+08:00 ] 192.168.1.42 /index.php/Seller/index/checkIsLogin
INFO: [ app_begin ] --START--
INFO: Run Behavior\ReadHtmlCacheBehavior [ RunTime:0.000908s ]
INFO: [ app_begin ] --END-- [ RunTime:0.001343s ]
SQL: SHOW COLUMNS FROM `qs_sqk_sys_config_def` [ RunTime:0.0041s ]
SQL: SELECT * FROM `qs_sqk_sys_config_def`  [ RunTime:0.0019s ]
NOTIC: [8] Undefined variable: data E:\wamp\www\qskj_project_sqk_debug_git\qskj_sqk\sqk\Application\Seller\Controller\IndexController.class.php 第 65 行.

[ 2018-05-10T16:19:24+08:00 ] 192.168.1.42 /index.php/Seller/index/checkIsLogin
INFO: [ app_begin ] --START--
INFO: Run Behavior\ReadHtmlCacheBehavior [ RunTime:0.000861s ]
INFO: [ app_begin ] --END-- [ RunTime:0.001287s ]
SQL: SHOW COLUMNS FROM `qs_sqk_sys_config_def` [ RunTime:0.0058s ]
SQL: SELECT * FROM `qs_sqk_sys_config_def`  [ RunTime:0.0016s ]
NOTIC: [8] Undefined variable: data E:\wamp\www\qskj_project_sqk_debug_git\qskj_sqk\sqk\Application\Seller\Controller\IndexController.class.php 第 65 行.

[ 2018-05-10T16:19:26+08:00 ] 192.168.1.42 /index.php/Seller/Goods/getList
INFO: [ app_begin ] --START--
INFO: Run Behavior\ReadHtmlCacheBehavior [ RunTime:0.000491s ]
INFO: [ app_begin ] --END-- [ RunTime:0.000923s ]
SQL: SHOW COLUMNS FROM `qs_sqk_sys_config_def` [ RunTime:0.0059s ]
SQL: SELECT * FROM `qs_sqk_sys_config_def`  [ RunTime:0.0018s ]
SQL: SHOW COLUMNS FROM `qs_sqk_seller_integral_goods` [ RunTime:0.0058s ]
NOTIC: [8] Use of undefined constant LEFT - assumed 'LEFT' E:\wamp\www\qskj_project_sqk_debug_git\qskj_sqk\sqk\Application\Admin\Model\BaseModel.class.php 第 93 行.
NOTIC: [8] Use of undefined constant LEFT - assumed 'LEFT' E:\wamp\www\qskj_project_sqk_debug_git\qskj_sqk\sqk\Application\Admin\Model\BaseModel.class.php 第 93 行.
SQL: SELECT qs_sqk_seller_integral_goods.*,qs_sqk_seller_info.name as seller_name FROM `qs_sqk_seller_integral_goods` LEFT JOIN qs_sqk_goods_exchange_record ON qs_sqk_goods_exchange_record.goods_id=qs_sqk_seller_integral_goods.id LEFT JOIN qs_sqk_seller_info ON qs_sqk_seller_info.id=qs_sqk_seller_integral_goods.seller_id  WHERE qs_sqk_seller_integral_goods.seller_id = '38' GROUP BY qs_sqk_seller_integral_goods.id ORDER BY qs_sqk_seller_integral_goods.id desc  [ RunTime:0.0078s ]
SQL: SELECT COUNT(*) AS tp_count FROM `qs_sqk_seller_integral_goods` LIMIT 1   [ RunTime:0.0012s ]
NOTIC: [8] Undefined variable: num E:\wamp\www\qskj_project_sqk_debug_git\qskj_sqk\sqk\Application\Seller\Controller\GoodsController.class.php 第 138 行.

[ 2018-05-10T16:19:26+08:00 ] 192.168.1.42 /index.php/Seller/index/checkIsLogin
INFO: [ app_begin ] --START--
INFO: Run Behavior\ReadHtmlCacheBehavior [ RunTime:0.001055s ]
INFO: [ app_begin ] --END-- [ RunTime:0.001567s ]
SQL: SHOW COLUMNS FROM `qs_sqk_sys_config_def` [ RunTime:0.0058s ]
SQL: SELECT * FROM `qs_sqk_sys_config_def`  [ RunTime:0.0014s ]
NOTIC: [8] Undefined variable: data E:\wamp\www\qskj_project_sqk_debug_git\qskj_sqk\sqk\Application\Seller\Controller\IndexController.class.php 第 65 行.

[ 2018-05-10T16:19:28+08:00 ] 192.168.1.42 /index.php/Seller/index/checkIsLogin
INFO: [ app_begin ] --START--
INFO: Run Behavior\ReadHtmlCacheBehavior [ RunTime:0.001171s ]
INFO: [ app_begin ] --END-- [ RunTime:0.001728s ]
SQL: SHOW COLUMNS FROM `qs_sqk_sys_config_def` [ RunTime:0.0036s ]
SQL: SELECT * FROM `qs_sqk_sys_config_def`  [ RunTime:0.0014s ]
NOTIC: [8] Undefined variable: data E:\wamp\www\qskj_project_sqk_debug_git\qskj_sqk\sqk\Application\Seller\Controller\IndexController.class.php 第 65 行.

[ 2018-05-10T16:19:38+08:00 ] 192.168.1.42 /index.php/Seller/Goods/getList
INFO: [ app_begin ] --START--
INFO: Run Behavior\ReadHtmlCacheBehavior [ RunTime:0.000495s ]
INFO: [ app_begin ] --END-- [ RunTime:0.000959s ]
SQL: SHOW COLUMNS FROM `qs_sqk_sys_config_def` [ RunTime:0.0055s ]
SQL: SELECT * FROM `qs_sqk_sys_config_def`  [ RunTime:0.0031s ]
SQL: SHOW COLUMNS FROM `qs_sqk_seller_integral_goods` [ RunTime:0.0049s ]
NOTIC: [8] Use of undefined constant LEFT - assumed 'LEFT' E:\wamp\www\qskj_project_sqk_debug_git\qskj_sqk\sqk\Application\Admin\Model\BaseModel.class.php 第 93 行.
NOTIC: [8] Use of undefined constant LEFT - assumed 'LEFT' E:\wamp\www\qskj_project_sqk_debug_git\qskj_sqk\sqk\Application\Admin\Model\BaseModel.class.php 第 93 行.
SQL: SELECT qs_sqk_seller_integral_goods.*,qs_sqk_seller_info.name as seller_name FROM `qs_sqk_seller_integral_goods` LEFT JOIN qs_sqk_goods_exchange_record ON qs_sqk_goods_exchange_record.goods_id=qs_sqk_seller_integral_goods.id LEFT JOIN qs_sqk_seller_info ON qs_sqk_seller_info.id=qs_sqk_seller_integral_goods.seller_id  WHERE qs_sqk_seller_integral_goods.seller_id = '38' GROUP BY qs_sqk_seller_integral_goods.id ORDER BY qs_sqk_seller_integral_goods.id desc  [ RunTime:0.0066s ]
SQL: SELECT COUNT(*) AS tp_count FROM `qs_sqk_seller_integral_goods` LIMIT 1   [ RunTime:0.0011s ]
NOTIC: [8] Undefined variable: num E:\wamp\www\qskj_project_sqk_debug_git\qskj_sqk\sqk\Application\Seller\Controller\GoodsController.class.php 第 138 行.

[ 2018-05-10T16:19:38+08:00 ] 192.168.1.42 /index.php/Seller/index/checkIsLogin
INFO: [ app_begin ] --START--
INFO: Run Behavior\ReadHtmlCacheBehavior [ RunTime:0.001047s ]
INFO: [ app_begin ] --END-- [ RunTime:0.001563s ]
SQL: SHOW COLUMNS FROM `qs_sqk_sys_config_def` [ RunTime:0.0062s ]
SQL: SELECT * FROM `qs_sqk_sys_config_def`  [ RunTime:0.0019s ]
NOTIC: [8] Undefined variable: data E:\wamp\www\qskj_project_sqk_debug_git\qskj_sqk\sqk\Application\Seller\Controller\IndexController.class.php 第 65 行.

[ 2018-05-10T16:20:13+08:00 ] 192.168.1.42 /index.php/Seller/index/checkIsLogin
INFO: [ app_begin ] --START--
INFO: Run Behavior\ReadHtmlCacheBehavior [ RunTime:0.000491s ]
INFO: [ app_begin ] --END-- [ RunTime:0.000940s ]
SQL: SHOW COLUMNS FROM `qs_sqk_sys_config_def` [ RunTime:0.0054s ]
SQL: SELECT * FROM `qs_sqk_sys_config_def`  [ RunTime:0.0017s ]
NOTIC: [8] Undefined variable: data E:\wamp\www\qskj_project_sqk_debug_git\qskj_sqk\sqk\Application\Seller\Controller\IndexController.class.php 第 65 行.

[ 2018-05-10T16:20:15+08:00 ] 192.168.1.42 /index.php/Seller/index/checkIsLogin
INFO: [ app_begin ] --START--
INFO: Run Behavior\ReadHtmlCacheBehavior [ RunTime:0.000393s ]
INFO: [ app_begin ] --END-- [ RunTime:0.000788s ]
SQL: SHOW COLUMNS FROM `qs_sqk_sys_config_def` [ RunTime:0.0049s ]
SQL: SELECT * FROM `qs_sqk_sys_config_def`  [ RunTime:0.0016s ]
NOTIC: [8] Undefined variable: data E:\wamp\www\qskj_project_sqk_debug_git\qskj_sqk\sqk\Application\Seller\Controller\IndexController.class.php 第 65 行.

[ 2018-05-10T16:20:26+08:00 ] 192.168.1.42 /index.php/Seller/index/checkIsLogin
INFO: [ app_begin ] --START--
INFO: Run Behavior\ReadHtmlCacheBehavior [ RunTime:0.001153s ]
INFO: [ app_begin ] --END-- [ RunTime:0.002203s ]
SQL: SHOW COLUMNS FROM `qs_sqk_sys_config_def` [ RunTime:0.0052s ]
SQL: SELECT * FROM `qs_sqk_sys_config_def`  [ RunTime:0.0017s ]
NOTIC: [8] Undefined variable: data E:\wamp\www\qskj_project_sqk_debug_git\qskj_sqk\sqk\Application\Seller\Controller\IndexController.class.php 第 65 行.

[ 2018-05-10T16:20:28+08:00 ] 192.168.1.42 /index.php/Seller/index/checkIsLogin
INFO: [ app_begin ] --START--
INFO: Run Behavior\ReadHtmlCacheBehavior [ RunTime:0.000420s ]
INFO: [ app_begin ] --END-- [ RunTime:0.000812s ]
SQL: SHOW COLUMNS FROM `qs_sqk_sys_config_def` [ RunTime:0.0040s ]
SQL: SELECT * FROM `qs_sqk_sys_config_def`  [ RunTime:0.0017s ]
NOTIC: [8] Undefined variable: data E:\wamp\www\qskj_project_sqk_debug_git\qskj_sqk\sqk\Application\Seller\Controller\IndexController.class.php 第 65 行.

[ 2018-05-10T16:20:28+08:00 ] 192.168.1.42 /index.php/Seller/Prom/getMyPromList
INFO: [ app_begin ] --START--
INFO: Run Behavior\ReadHtmlCacheBehavior [ RunTime:0.000630s ]
INFO: [ app_begin ] --END-- [ RunTime:0.001064s ]
SQL: SHOW COLUMNS FROM `qs_sqk_sys_config_def` [ RunTime:0.0052s ]
SQL: SELECT * FROM `qs_sqk_sys_config_def`  [ RunTime:0.0020s ]
SQL: SELECT * FROM `qs_sqk_sys_config_def`  [ RunTime:0.0024s ]
SQL: SHOW COLUMNS FROM `qs_sqk_seller_info` [ RunTime:0.0053s ]
SQL: SELECT * FROM `qs_sqk_seller_info` WHERE `id` = 38 LIMIT 1   [ RunTime:0.0028s ]
SQL: SHOW COLUMNS FROM `qs_sqk_sys_all_attach` [ RunTime:0.0042s ]
SQL: SELECT * FROM `qs_sqk_sys_all_attach` WHERE `module_info_id` = 38 AND `module_name` = 'zz_seller' ORDER BY id desc  [ RunTime:0.0011s ]
NOTIC: [8] Undefined index: type E:\wamp\www\qskj_project_sqk_debug_git\qskj_sqk\sqk\Application\Seller\Controller\SellerController.class.php 第 104 行.
SQL: SHOW COLUMNS FROM `qs_sqk_seller_prom_info` [ RunTime:0.0046s ]
SQL: SELECT * FROM `qs_sqk_seller_prom_info` WHERE `seller_id` = '38' ORDER BY id desc  [ RunTime:0.0020s ]
SQL: SELECT COUNT(*) AS tp_count FROM `qs_sqk_seller_prom_info` WHERE `seller_id` = '38' LIMIT 1   [ RunTime:0.0012s ]
SQL: SELECT COUNT(*) AS tp_count FROM `qs_sqk_seller_prom_info` WHERE ( seller_id=38 and status=1 ) LIMIT 1   [ RunTime:0.0012s ]
SQL: SELECT COUNT(*) AS tp_count FROM `qs_sqk_seller_prom_info` WHERE ( seller_id=38 and status=3 ) LIMIT 1   [ RunTime:0.0012s ]
SQL: SELECT COUNT(*) AS tp_count FROM `qs_sqk_seller_prom_info` WHERE ( seller_id=38 and (status=0 or status=2) ) LIMIT 1   [ RunTime:0.0012s ]
SQL: SHOW COLUMNS FROM `qs_sqk_sys_all_attach` [ RunTime:0.0046s ]
SQL: SELECT * FROM `qs_sqk_sys_all_attach` WHERE ( module_name="sellerProm" and module_info_id=24 )  [ RunTime:0.0011s ]
SQL: SELECT * FROM `qs_sqk_sys_all_attach` WHERE ( module_name="sellerProm" and module_info_id=23 )  [ RunTime:0.0012s ]
SQL: SELECT * FROM `qs_sqk_sys_all_attach` WHERE ( module_name="sellerProm" and module_info_id=20 )  [ RunTime:0.0012s ]
SQL: SELECT * FROM `qs_sqk_sys_all_attach` WHERE ( module_name="sellerProm" and module_info_id=19 )  [ RunTime:0.0012s ]
SQL: SELECT * FROM `qs_sqk_sys_all_attach` WHERE ( module_name="sellerProm" and module_info_id=18 )  [ RunTime:0.0013s ]

[ 2018-05-10T16:20:28+08:00 ] 192.168.1.42 /index.php/Seller/index/checkIsLogin
INFO: [ app_begin ] --START--
INFO: Run Behavior\ReadHtmlCacheBehavior [ RunTime:0.001047s ]
INFO: [ app_begin ] --END-- [ RunTime:0.001534s ]
SQL: SHOW COLUMNS FROM `qs_sqk_sys_config_def` [ RunTime:0.0054s ]
SQL: SELECT * FROM `qs_sqk_sys_config_def`  [ RunTime:0.0017s ]
NOTIC: [8] Undefined variable: data E:\wamp\www\qskj_project_sqk_debug_git\qskj_sqk\sqk\Application\Seller\Controller\IndexController.class.php 第 65 行.

[ 2018-05-10T16:20:30+08:00 ] 192.168.1.42 /index.php/Seller/index/checkIsLogin
INFO: [ app_begin ] --START--
INFO: Run Behavior\ReadHtmlCacheBehavior [ RunTime:0.000476s ]
INFO: [ app_begin ] --END-- [ RunTime:0.000898s ]
SQL: SHOW COLUMNS FROM `qs_sqk_sys_config_def` [ RunTime:0.0042s ]
SQL: SELECT * FROM `qs_sqk_sys_config_def`  [ RunTime:0.0014s ]
NOTIC: [8] Undefined variable: data E:\wamp\www\qskj_project_sqk_debug_git\qskj_sqk\sqk\Application\Seller\Controller\IndexController.class.php 第 65 行.

[ 2018-05-10T16:20:31+08:00 ] 192.168.1.42 /index.php/Seller/index/checkIsLogin
INFO: [ app_begin ] --START--
INFO: Run Behavior\ReadHtmlCacheBehavior [ RunTime:0.001124s ]
INFO: [ app_begin ] --END-- [ RunTime:0.002095s ]
SQL: SHOW COLUMNS FROM `qs_sqk_sys_config_def` [ RunTime:0.0066s ]
SQL: SELECT * FROM `qs_sqk_sys_config_def`  [ RunTime:0.0016s ]
NOTIC: [8] Undefined variable: data E:\wamp\www\qskj_project_sqk_debug_git\qskj_sqk\sqk\Application\Seller\Controller\IndexController.class.php 第 65 行.

[ 2018-05-10T16:24:01+08:00 ] 127.0.0.1 /index.php/Seller/index/checkIsLogin
INFO: [ app_begin ] --START--
INFO: Run Behavior\ReadHtmlCacheBehavior [ RunTime:0.000636s ]
INFO: [ app_begin ] --END-- [ RunTime:0.001098s ]
SQL: SHOW COLUMNS FROM `qs_sqk_sys_config_def` [ RunTime:0.0052s ]
SQL: SELECT * FROM `qs_sqk_sys_config_def`  [ RunTime:0.0013s ]
NOTIC: [8] Undefined variable: data E:\wamp\www\qskj_project_sqk_debug_git\qskj_sqk\sqk\Application\Seller\Controller\IndexController.class.php 第 65 行.

[ 2018-05-10T16:24:06+08:00 ] 127.0.0.1 /index.php/Seller/index/checkIsLogin
INFO: [ app_begin ] --START--
INFO: Run Behavior\ReadHtmlCacheBehavior [ RunTime:0.000972s ]
INFO: [ app_begin ] --END-- [ RunTime:0.001497s ]
SQL: SHOW COLUMNS FROM `qs_sqk_sys_config_def` [ RunTime:0.0039s ]
SQL: SELECT * FROM `qs_sqk_sys_config_def`  [ RunTime:0.0013s ]
NOTIC: [8] Undefined variable: data E:\wamp\www\qskj_project_sqk_debug_git\qskj_sqk\sqk\Application\Seller\Controller\IndexController.class.php 第 65 行.

[ 2018-05-10T16:24:09+08:00 ] 127.0.0.1 /index.php/Seller/index/checkIsLogin
INFO: [ app_begin ] --START--
INFO: Run Behavior\ReadHtmlCacheBehavior [ RunTime:0.000914s ]
INFO: [ app_begin ] --END-- [ RunTime:0.001388s ]
SQL: SHOW COLUMNS FROM `qs_sqk_sys_config_def` [ RunTime:0.0045s ]
SQL: SELECT * FROM `qs_sqk_sys_config_def`  [ RunTime:0.0015s ]
NOTIC: [8] Undefined variable: data E:\wamp\www\qskj_project_sqk_debug_git\qskj_sqk\sqk\Application\Seller\Controller\IndexController.class.php 第 65 行.

[ 2018-05-10T16:24:20+08:00 ] 127.0.0.1 /index.php/Seller/index/checkIsLogin
INFO: [ app_begin ] --START--
INFO: Run Behavior\ReadHtmlCacheBehavior [ RunTime:0.000911s ]
INFO: [ app_begin ] --END-- [ RunTime:0.001416s ]
SQL: SHOW COLUMNS FROM `qs_sqk_sys_config_def` [ RunTime:0.0043s ]
SQL: SELECT * FROM `qs_sqk_sys_config_def`  [ RunTime:0.0015s ]
NOTIC: [8] Undefined variable: data E:\wamp\www\qskj_project_sqk_debug_git\qskj_sqk\sqk\Application\Seller\Controller\IndexController.class.php 第 65 行.

[ 2018-05-10T16:24:21+08:00 ] 127.0.0.1 /index.php/Seller/index/checkIsLogin
INFO: [ app_begin ] --START--
INFO: Run Behavior\ReadHtmlCacheBehavior [ RunTime:0.000888s ]
INFO: [ app_begin ] --END-- [ RunTime:0.001331s ]
SQL: SHOW COLUMNS FROM `qs_sqk_sys_config_def` [ RunTime:0.0047s ]
SQL: SELECT * FROM `qs_sqk_sys_config_def`  [ RunTime:0.0018s ]
NOTIC: [8] Undefined variable: data E:\wamp\www\qskj_project_sqk_debug_git\qskj_sqk\sqk\Application\Seller\Controller\IndexController.class.php 第 65 行.

[ 2018-05-10T16:24:40+08:00 ] 127.0.0.1 /index.php/Seller/index/checkIsLogin
INFO: [ app_begin ] --START--
INFO: Run Behavior\ReadHtmlCacheBehavior [ RunTime:0.000908s ]
INFO: [ app_begin ] --END-- [ RunTime:0.001353s ]
SQL: SHOW COLUMNS FROM `qs_sqk_sys_config_def` [ RunTime:0.0051s ]
SQL: SELECT * FROM `qs_sqk_sys_config_def`  [ RunTime:0.0026s ]
NOTIC: [8] Undefined variable: data E:\wamp\www\qskj_project_sqk_debug_git\qskj_sqk\sqk\Application\Seller\Controller\IndexController.class.php 第 65 行.

[ 2018-05-10T16:24:40+08:00 ] 127.0.0.1 /index.php/Seller/Goods/getList
INFO: [ app_begin ] --START--
INFO: Run Behavior\ReadHtmlCacheBehavior [ RunTime:0.001207s ]
INFO: [ app_begin ] --END-- [ RunTime:0.001813s ]
SQL: SHOW COLUMNS FROM `qs_sqk_sys_config_def` [ RunTime:0.0047s ]
SQL: SELECT * FROM `qs_sqk_sys_config_def`  [ RunTime:0.0014s ]
SQL: SHOW COLUMNS FROM `qs_sqk_seller_integral_goods` [ RunTime:0.0054s ]
NOTIC: [8] Use of undefined constant LEFT - assumed 'LEFT' E:\wamp\www\qskj_project_sqk_debug_git\qskj_sqk\sqk\Application\Admin\Model\BaseModel.class.php 第 93 行.
NOTIC: [8] Use of undefined constant LEFT - assumed 'LEFT' E:\wamp\www\qskj_project_sqk_debug_git\qskj_sqk\sqk\Application\Admin\Model\BaseModel.class.php 第 93 行.
SQL: SELECT qs_sqk_seller_integral_goods.*,qs_sqk_seller_info.name as seller_name FROM `qs_sqk_seller_integral_goods` LEFT JOIN qs_sqk_goods_exchange_record ON qs_sqk_goods_exchange_record.goods_id=qs_sqk_seller_integral_goods.id LEFT JOIN qs_sqk_seller_info ON qs_sqk_seller_info.id=qs_sqk_seller_integral_goods.seller_id  WHERE qs_sqk_seller_integral_goods.seller_id = '38' GROUP BY qs_sqk_seller_integral_goods.id ORDER BY qs_sqk_seller_integral_goods.id desc  [ RunTime:0.0078s ]
SQL: SELECT COUNT(*) AS tp_count FROM `qs_sqk_seller_integral_goods` LIMIT 1   [ RunTime:0.0011s ]
NOTIC: [8] Undefined variable: num E:\wamp\www\qskj_project_sqk_debug_git\qskj_sqk\sqk\Application\Seller\Controller\GoodsController.class.php 第 138 行.

[ 2018-05-10T16:24:41+08:00 ] 127.0.0.1 /index.php/Seller/index/checkIsLogin
INFO: [ app_begin ] --START--
INFO: Run Behavior\ReadHtmlCacheBehavior [ RunTime:0.000934s ]
INFO: [ app_begin ] --END-- [ RunTime:0.001460s ]
SQL: SHOW COLUMNS FROM `qs_sqk_sys_config_def` [ RunTime:0.0057s ]
SQL: SELECT * FROM `qs_sqk_sys_config_def`  [ RunTime:0.0014s ]
NOTIC: [8] Undefined variable: data E:\wamp\www\qskj_project_sqk_debug_git\qskj_sqk\sqk\Application\Seller\Controller\IndexController.class.php 第 65 行.

[ 2018-05-10T16:24:55+08:00 ] 127.0.0.1 /index.php/Seller/index/checkIsLogin
INFO: [ app_begin ] --START--
INFO: Run Behavior\ReadHtmlCacheBehavior [ RunTime:0.000882s ]
INFO: [ app_begin ] --END-- [ RunTime:0.001331s ]
SQL: SHOW COLUMNS FROM `qs_sqk_sys_config_def` [ RunTime:0.0059s ]
SQL: SELECT * FROM `qs_sqk_sys_config_def`  [ RunTime:0.0018s ]
NOTIC: [8] Undefined variable: data E:\wamp\www\qskj_project_sqk_debug_git\qskj_sqk\sqk\Application\Seller\Controller\IndexController.class.php 第 65 行.

[ 2018-05-10T16:33:28+08:00 ] 127.0.0.1 /index.php/Seller/index/checkIsLogin
INFO: [ app_begin ] --START--
INFO: Run Behavior\ReadHtmlCacheBehavior [ RunTime:0.000610s ]
INFO: [ app_begin ] --END-- [ RunTime:0.001033s ]
SQL: SHOW COLUMNS FROM `qs_sqk_sys_config_def` [ RunTime:0.0059s ]
SQL: SELECT * FROM `qs_sqk_sys_config_def`  [ RunTime:0.0017s ]
NOTIC: [8] Undefined variable: data E:\wamp\www\qskj_project_sqk_debug_git\qskj_sqk\sqk\Application\Seller\Controller\IndexController.class.php 第 65 行.

[ 2018-05-10T16:33:29+08:00 ] 127.0.0.1 /index.php/Seller/qrcodeurl/transfer_qrcode
ERR: 非法操作:transfer_qrcode

[ 2018-05-10T16:33:56+08:00 ] 127.0.0.1 /index.php/Seller/index/checkIsLogin
INFO: [ app_begin ] --START--
INFO: Run Behavior\ReadHtmlCacheBehavior [ RunTime:0.001001s ]
INFO: [ app_begin ] --END-- [ RunTime:0.001526s ]
SQL: SHOW COLUMNS FROM `qs_sqk_sys_config_def` [ RunTime:0.0044s ]
SQL: SELECT * FROM `qs_sqk_sys_config_def`  [ RunTime:0.0016s ]
NOTIC: [8] Undefined variable: data E:\wamp\www\qskj_project_sqk_debug_git\qskj_sqk\sqk\Application\Seller\Controller\IndexController.class.php 第 65 行.

[ 2018-05-10T16:43:42+08:00 ] 192.168.1.26 /index.php/Seller/index/checkIsLogin
INFO: [ app_begin ] --START--
INFO: Run Behavior\ReadHtmlCacheBehavior [ RunTime:0.000520s ]
INFO: [ app_begin ] --END-- [ RunTime:0.000900s ]
SQL: SHOW COLUMNS FROM `qs_sqk_sys_config_def` [ RunTime:0.0057s ]
SQL: SELECT * FROM `qs_sqk_sys_config_def`  [ RunTime:0.0021s ]
NOTIC: [8] Undefined variable: data E:\wamp\www\qskj_project_sqk_debug_git\qskj_sqk\sqk\Application\Seller\Controller\IndexController.class.php 第 65 行.

[ 2018-05-10T16:43:47+08:00 ] 192.168.1.26 /index.php/Seller/index/checkIsLogin
INFO: [ app_begin ] --START--
INFO: Run Behavior\ReadHtmlCacheBehavior [ RunTime:0.001395s ]
INFO: [ app_begin ] --END-- [ RunTime:0.002083s ]
SQL: SHOW COLUMNS FROM `qs_sqk_sys_config_def` [ RunTime:0.0058s ]
SQL: SELECT * FROM `qs_sqk_sys_config_def`  [ RunTime:0.0016s ]
NOTIC: [8] Undefined variable: data E:\wamp\www\qskj_project_sqk_debug_git\qskj_sqk\sqk\Application\Seller\Controller\IndexController.class.php 第 65 行.

[ 2018-05-10T16:43:55+08:00 ] 192.168.1.26 /index.php/Seller/index/checkIsLogin
INFO: [ app_begin ] --START--
INFO: Run Behavior\ReadHtmlCacheBehavior [ RunTime:0.000961s ]
INFO: [ app_begin ] --END-- [ RunTime:0.001417s ]
SQL: SHOW COLUMNS FROM `qs_sqk_sys_config_def` [ RunTime:0.0042s ]
SQL: SELECT * FROM `qs_sqk_sys_config_def`  [ RunTime:0.0031s ]
NOTIC: [8] Undefined variable: data E:\wamp\www\qskj_project_sqk_debug_git\qskj_sqk\sqk\Application\Seller\Controller\IndexController.class.php 第 65 行.

[ 2018-05-10T16:43:57+08:00 ] 192.168.1.26 /index.php/Seller/index/checkIsLogin
INFO: [ app_begin ] --START--
INFO: Run Behavior\ReadHtmlCacheBehavior [ RunTime:0.001518s ]
INFO: [ app_begin ] --END-- [ RunTime:0.002479s ]
SQL: SHOW COLUMNS FROM `qs_sqk_sys_config_def` [ RunTime:0.0055s ]
SQL: SELECT * FROM `qs_sqk_sys_config_def`  [ RunTime:0.0018s ]
NOTIC: [8] Undefined variable: data E:\wamp\www\qskj_project_sqk_debug_git\qskj_sqk\sqk\Application\Seller\Controller\IndexController.class.php 第 65 行.

[ 2018-05-10T16:44:02+08:00 ] 192.168.1.26 /index.php/Seller/index/checkIsLogin
INFO: [ app_begin ] --START--
INFO: Run Behavior\ReadHtmlCacheBehavior [ RunTime:0.000888s ]
INFO: [ app_begin ] --END-- [ RunTime:0.001448s ]
SQL: SHOW COLUMNS FROM `qs_sqk_sys_config_def` [ RunTime:0.0037s ]
SQL: SELECT * FROM `qs_sqk_sys_config_def`  [ RunTime:0.0014s ]
NOTIC: [8] Undefined variable: data E:\wamp\www\qskj_project_sqk_debug_git\qskj_sqk\sqk\Application\Seller\Controller\IndexController.class.php 第 65 行.

[ 2018-05-10T16:44:05+08:00 ] 192.168.1.26 /index.php/Seller/index/checkIsLogin
INFO: [ app_begin ] --START--
INFO: Run Behavior\ReadHtmlCacheBehavior [ RunTime:0.000676s ]
INFO: [ app_begin ] --END-- [ RunTime:0.001100s ]
SQL: SHOW COLUMNS FROM `qs_sqk_sys_config_def` [ RunTime:0.0044s ]
SQL: SELECT * FROM `qs_sqk_sys_config_def`  [ RunTime:0.0017s ]
NOTIC: [8] Undefined variable: data E:\wamp\www\qskj_project_sqk_debug_git\qskj_sqk\sqk\Application\Seller\Controller\IndexController.class.php 第 65 行.

[ 2018-05-10T16:44:06+08:00 ] 192.168.1.26 /index.php/Seller/index/checkIsLogin
INFO: [ app_begin ] --START--
INFO: Run Behavior\ReadHtmlCacheBehavior [ RunTime:0.000806s ]
INFO: [ app_begin ] --END-- [ RunTime:0.001902s ]
SQL: SHOW COLUMNS FROM `qs_sqk_sys_config_def` [ RunTime:0.0059s ]
SQL: SELECT * FROM `qs_sqk_sys_config_def`  [ RunTime:0.0014s ]
NOTIC: [8] Undefined variable: data E:\wamp\www\qskj_project_sqk_debug_git\qskj_sqk\sqk\Application\Seller\Controller\IndexController.class.php 第 65 行.

[ 2018-05-10T16:44:06+08:00 ] 192.168.1.26 /index.php/Seller/Goods/getList
INFO: [ app_begin ] --START--
INFO: Run Behavior\ReadHtmlCacheBehavior [ RunTime:0.000993s ]
INFO: [ app_begin ] --END-- [ RunTime:0.001472s ]
SQL: SHOW COLUMNS FROM `qs_sqk_sys_config_def` [ RunTime:0.0041s ]
SQL: SELECT * FROM `qs_sqk_sys_config_def`  [ RunTime:0.0013s ]
SQL: SHOW COLUMNS FROM `qs_sqk_seller_integral_goods` [ RunTime:0.0043s ]
NOTIC: [8] Use of undefined constant LEFT - assumed 'LEFT' E:\wamp\www\qskj_project_sqk_debug_git\qskj_sqk\sqk\Application\Admin\Model\BaseModel.class.php 第 93 行.
NOTIC: [8] Use of undefined constant LEFT - assumed 'LEFT' E:\wamp\www\qskj_project_sqk_debug_git\qskj_sqk\sqk\Application\Admin\Model\BaseModel.class.php 第 93 行.
SQL: SELECT qs_sqk_seller_integral_goods.*,qs_sqk_seller_info.name as seller_name FROM `qs_sqk_seller_integral_goods` LEFT JOIN qs_sqk_goods_exchange_record ON qs_sqk_goods_exchange_record.goods_id=qs_sqk_seller_integral_goods.id LEFT JOIN qs_sqk_seller_info ON qs_sqk_seller_info.id=qs_sqk_seller_integral_goods.seller_id  WHERE qs_sqk_seller_integral_goods.seller_id = '38' GROUP BY qs_sqk_seller_integral_goods.id ORDER BY qs_sqk_seller_integral_goods.id desc  [ RunTime:0.0085s ]
SQL: SELECT COUNT(*) AS tp_count FROM `qs_sqk_seller_integral_goods` LIMIT 1   [ RunTime:0.0007s ]
NOTIC: [8] Undefined variable: num E:\wamp\www\qskj_project_sqk_debug_git\qskj_sqk\sqk\Application\Seller\Controller\GoodsController.class.php 第 138 行.

[ 2018-05-10T16:44:09+08:00 ] 192.168.1.26 /index.php/Seller/index/checkIsLogin
INFO: [ app_begin ] --START--
INFO: Run Behavior\ReadHtmlCacheBehavior [ RunTime:0.001025s ]
INFO: [ app_begin ] --END-- [ RunTime:0.001641s ]
SQL: SHOW COLUMNS FROM `qs_sqk_sys_config_def` [ RunTime:0.0062s ]
SQL: SELECT * FROM `qs_sqk_sys_config_def`  [ RunTime:0.0015s ]
NOTIC: [8] Undefined variable: data E:\wamp\www\qskj_project_sqk_debug_git\qskj_sqk\sqk\Application\Seller\Controller\IndexController.class.php 第 65 行.

[ 2018-05-10T16:44:10+08:00 ] 192.168.1.26 /index.php/Seller/index/checkIsLogin
INFO: [ app_begin ] --START--
INFO: Run Behavior\ReadHtmlCacheBehavior [ RunTime:0.001197s ]
INFO: [ app_begin ] --END-- [ RunTime:0.001785s ]
SQL: SHOW COLUMNS FROM `qs_sqk_sys_config_def` [ RunTime:0.0037s ]
SQL: SELECT * FROM `qs_sqk_sys_config_def`  [ RunTime:0.0017s ]
NOTIC: [8] Undefined variable: data E:\wamp\www\qskj_project_sqk_debug_git\qskj_sqk\sqk\Application\Seller\Controller\IndexController.class.php 第 65 行.

[ 2018-05-10T16:44:14+08:00 ] 192.168.1.26 /index.php/Seller/index/checkIsLogin
INFO: [ app_begin ] --START--
INFO: Run Behavior\ReadHtmlCacheBehavior [ RunTime:0.000877s ]
INFO: [ app_begin ] --END-- [ RunTime:0.001289s ]
SQL: SHOW COLUMNS FROM `qs_sqk_sys_config_def` [ RunTime:0.0044s ]
SQL: SELECT * FROM `qs_sqk_sys_config_def`  [ RunTime:0.0015s ]
NOTIC: [8] Undefined variable: data E:\wamp\www\qskj_project_sqk_debug_git\qskj_sqk\sqk\Application\Seller\Controller\IndexController.class.php 第 65 行.

[ 2018-05-10T16:44:15+08:00 ] 192.168.1.26 /index.php/Seller/index/checkIsLogin
INFO: [ app_begin ] --START--
INFO: Run Behavior\ReadHtmlCacheBehavior [ RunTime:0.000901s ]
INFO: [ app_begin ] --END-- [ RunTime:0.001297s ]
SQL: SHOW COLUMNS FROM `qs_sqk_sys_config_def` [ RunTime:0.0038s ]
SQL: SELECT * FROM `qs_sqk_sys_config_def`  [ RunTime:0.0014s ]
NOTIC: [8] Undefined variable: data E:\wamp\www\qskj_project_sqk_debug_git\qskj_sqk\sqk\Application\Seller\Controller\IndexController.class.php 第 65 行.

[ 2018-05-10T16:44:17+08:00 ] 192.168.1.26 /index.php/Seller/index/checkIsLogin
INFO: [ app_begin ] --START--
INFO: Run Behavior\ReadHtmlCacheBehavior [ RunTime:0.000834s ]
INFO: [ app_begin ] --END-- [ RunTime:0.001237s ]
SQL: SHOW COLUMNS FROM `qs_sqk_sys_config_def` [ RunTime:0.0055s ]
SQL: SELECT * FROM `qs_sqk_sys_config_def`  [ RunTime:0.0020s ]
NOTIC: [8] Undefined variable: data E:\wamp\www\qskj_project_sqk_debug_git\qskj_sqk\sqk\Application\Seller\Controller\IndexController.class.php 第 65 行.

[ 2018-05-10T16:44:19+08:00 ] 192.168.1.26 /index.php/Seller/index/checkIsLogin
INFO: [ app_begin ] --START--
INFO: Run Behavior\ReadHtmlCacheBehavior [ RunTime:0.000443s ]
INFO: [ app_begin ] --END-- [ RunTime:0.000839s ]
SQL: SHOW COLUMNS FROM `qs_sqk_sys_config_def` [ RunTime:0.0060s ]
SQL: SELECT * FROM `qs_sqk_sys_config_def`  [ RunTime:0.0017s ]
NOTIC: [8] Undefined variable: data E:\wamp\www\qskj_project_sqk_debug_git\qskj_sqk\sqk\Application\Seller\Controller\IndexController.class.php 第 65 行.

[ 2018-05-10T16:44:22+08:00 ] 192.168.1.26 /index.php/Seller/index/checkIsLogin
INFO: [ app_begin ] --START--
INFO: Run Behavior\ReadHtmlCacheBehavior [ RunTime:0.000589s ]
INFO: [ app_begin ] --END-- [ RunTime:0.001120s ]
SQL: SHOW COLUMNS FROM `qs_sqk_sys_config_def` [ RunTime:0.0044s ]
SQL: SELECT * FROM `qs_sqk_sys_config_def`  [ RunTime:0.0015s ]
NOTIC: [8] Undefined variable: data E:\wamp\www\qskj_project_sqk_debug_git\qskj_sqk\sqk\Application\Seller\Controller\IndexController.class.php 第 65 行.

[ 2018-05-10T16:44:23+08:00 ] 192.168.1.26 /index.php/Seller/index/checkIsLogin
INFO: [ app_begin ] --START--
INFO: Run Behavior\ReadHtmlCacheBehavior [ RunTime:0.000529s ]
INFO: [ app_begin ] --END-- [ RunTime:0.000999s ]
SQL: SHOW COLUMNS FROM `qs_sqk_sys_config_def` [ RunTime:0.0042s ]
SQL: SELECT * FROM `qs_sqk_sys_config_def`  [ RunTime:0.0016s ]
NOTIC: [8] Undefined variable: data E:\wamp\www\qskj_project_sqk_debug_git\qskj_sqk\sqk\Application\Seller\Controller\IndexController.class.php 第 65 行.

[ 2018-05-10T16:44:23+08:00 ] 192.168.1.26 /index.php/Seller/index/checkIsLogin
INFO: [ app_begin ] --START--
INFO: Run Behavior\ReadHtmlCacheBehavior [ RunTime:0.000631s ]
INFO: [ app_begin ] --END-- [ RunTime:0.001112s ]
SQL: SHOW COLUMNS FROM `qs_sqk_sys_config_def` [ RunTime:0.0057s ]
SQL: SELECT * FROM `qs_sqk_sys_config_def`  [ RunTime:0.0014s ]
NOTIC: [8] Undefined variable: data E:\wamp\www\qskj_project_sqk_debug_git\qskj_sqk\sqk\Application\Seller\Controller\IndexController.class.php 第 65 行.

[ 2018-05-10T16:44:23+08:00 ] 192.168.1.26 /index.php/Seller/Prom/getMyPromList
INFO: [ app_begin ] --START--
INFO: Run Behavior\ReadHtmlCacheBehavior [ RunTime:0.001142s ]
INFO: [ app_begin ] --END-- [ RunTime:0.001707s ]
SQL: SHOW COLUMNS FROM `qs_sqk_sys_config_def` [ RunTime:0.0045s ]
SQL: SELECT * FROM `qs_sqk_sys_config_def`  [ RunTime:0.0017s ]
SQL: SELECT * FROM `qs_sqk_sys_config_def`  [ RunTime:0.0014s ]
SQL: SHOW COLUMNS FROM `qs_sqk_seller_info` [ RunTime:0.0049s ]
SQL: SELECT * FROM `qs_sqk_seller_info` WHERE `id` = 38 LIMIT 1   [ RunTime:0.0029s ]
SQL: SHOW COLUMNS FROM `qs_sqk_sys_all_attach` [ RunTime:0.0032s ]
SQL: SELECT * FROM `qs_sqk_sys_all_attach` WHERE `module_info_id` = 38 AND `module_name` = 'zz_seller' ORDER BY id desc  [ RunTime:0.0010s ]
NOTIC: [8] Undefined index: type E:\wamp\www\qskj_project_sqk_debug_git\qskj_sqk\sqk\Application\Seller\Controller\SellerController.class.php 第 119 行.
SQL: SHOW COLUMNS FROM `qs_sqk_seller_prom_info` [ RunTime:0.0047s ]
SQL: SELECT * FROM `qs_sqk_seller_prom_info` WHERE `seller_id` = '38' ORDER BY id desc  [ RunTime:0.0018s ]
SQL: SELECT COUNT(*) AS tp_count FROM `qs_sqk_seller_prom_info` WHERE `seller_id` = '38' LIMIT 1   [ RunTime:0.0011s ]
SQL: SELECT COUNT(*) AS tp_count FROM `qs_sqk_seller_prom_info` WHERE ( seller_id=38 and status=1 ) LIMIT 1   [ RunTime:0.0011s ]
SQL: SELECT COUNT(*) AS tp_count FROM `qs_sqk_seller_prom_info` WHERE ( seller_id=38 and status=3 ) LIMIT 1   [ RunTime:0.0019s ]
SQL: SELECT COUNT(*) AS tp_count FROM `qs_sqk_seller_prom_info` WHERE ( seller_id=38 and (status=0 or status=2) ) LIMIT 1   [ RunTime:0.0015s ]
SQL: SHOW COLUMNS FROM `qs_sqk_sys_all_attach` [ RunTime:0.0043s ]
SQL: SELECT * FROM `qs_sqk_sys_all_attach` WHERE ( module_name="sellerProm" and module_info_id=24 )  [ RunTime:0.0011s ]
SQL: SELECT * FROM `qs_sqk_sys_all_attach` WHERE ( module_name="sellerProm" and module_info_id=23 )  [ RunTime:0.0012s ]
SQL: SELECT * FROM `qs_sqk_sys_all_attach` WHERE ( module_name="sellerProm" and module_info_id=20 )  [ RunTime:0.0011s ]
SQL: SELECT * FROM `qs_sqk_sys_all_attach` WHERE ( module_name="sellerProm" and module_info_id=19 )  [ RunTime:0.0011s ]
SQL: SELECT * FROM `qs_sqk_sys_all_attach` WHERE ( module_name="sellerProm" and module_info_id=18 )  [ RunTime:0.0010s ]

[ 2018-05-10T16:44:37+08:00 ] 192.168.1.26 /index.php/Seller/index/checkIsLogin
INFO: [ app_begin ] --START--
INFO: Run Behavior\ReadHtmlCacheBehavior [ RunTime:0.000417s ]
INFO: [ app_begin ] --END-- [ RunTime:0.000800s ]
SQL: SHOW COLUMNS FROM `qs_sqk_sys_config_def` [ RunTime:0.0038s ]
SQL: SELECT * FROM `qs_sqk_sys_config_def`  [ RunTime:0.0016s ]
NOTIC: [8] Undefined variable: data E:\wamp\www\qskj_project_sqk_debug_git\qskj_sqk\sqk\Application\Seller\Controller\IndexController.class.php 第 65 行.

[ 2018-05-10T16:44:37+08:00 ] 192.168.1.26 /index.php/Seller/index/checkIsLogin
INFO: [ app_begin ] --START--
INFO: Run Behavior\ReadHtmlCacheBehavior [ RunTime:0.000721s ]
INFO: [ app_begin ] --END-- [ RunTime:0.001147s ]
SQL: SHOW COLUMNS FROM `qs_sqk_sys_config_def` [ RunTime:0.0054s ]
SQL: SELECT * FROM `qs_sqk_sys_config_def`  [ RunTime:0.0016s ]
NOTIC: [8] Undefined variable: data E:\wamp\www\qskj_project_sqk_debug_git\qskj_sqk\sqk\Application\Seller\Controller\IndexController.class.php 第 65 行.

[ 2018-05-10T16:44:37+08:00 ] 192.168.1.26 /index.php/Seller/Prom/getMyPromList
INFO: [ app_begin ] --START--
INFO: Run Behavior\ReadHtmlCacheBehavior [ RunTime:0.000898s ]
INFO: [ app_begin ] --END-- [ RunTime:0.001355s ]
SQL: SHOW COLUMNS FROM `qs_sqk_sys_config_def` [ RunTime:0.0051s ]
SQL: SELECT * FROM `qs_sqk_sys_config_def`  [ RunTime:0.0018s ]
SQL: SELECT * FROM `qs_sqk_sys_config_def`  [ RunTime:0.0018s ]
SQL: SHOW COLUMNS FROM `qs_sqk_seller_info` [ RunTime:0.0055s ]
SQL: SELECT * FROM `qs_sqk_seller_info` WHERE `id` = 38 LIMIT 1   [ RunTime:0.0027s ]
SQL: SHOW COLUMNS FROM `qs_sqk_sys_all_attach` [ RunTime:0.0041s ]
SQL: SELECT * FROM `qs_sqk_sys_all_attach` WHERE `module_info_id` = 38 AND `module_name` = 'zz_seller' ORDER BY id desc  [ RunTime:0.0011s ]
NOTIC: [8] Undefined index: type E:\wamp\www\qskj_project_sqk_debug_git\qskj_sqk\sqk\Application\Seller\Controller\SellerController.class.php 第 119 行.
SQL: SHOW COLUMNS FROM `qs_sqk_seller_prom_info` [ RunTime:0.0042s ]
SQL: SELECT * FROM `qs_sqk_seller_prom_info` WHERE `seller_id` = '38' ORDER BY id desc  [ RunTime:0.0018s ]
SQL: SELECT COUNT(*) AS tp_count FROM `qs_sqk_seller_prom_info` WHERE `seller_id` = '38' LIMIT 1   [ RunTime:0.0011s ]
SQL: SELECT COUNT(*) AS tp_count FROM `qs_sqk_seller_prom_info` WHERE ( seller_id=38 and status=1 ) LIMIT 1   [ RunTime:0.0013s ]
SQL: SELECT COUNT(*) AS tp_count FROM `qs_sqk_seller_prom_info` WHERE ( seller_id=38 and status=3 ) LIMIT 1   [ RunTime:0.0012s ]
SQL: SELECT COUNT(*) AS tp_count FROM `qs_sqk_seller_prom_info` WHERE ( seller_id=38 and (status=0 or status=2) ) LIMIT 1   [ RunTime:0.0012s ]
SQL: SHOW COLUMNS FROM `qs_sqk_sys_all_attach` [ RunTime:0.0030s ]
SQL: SELECT * FROM `qs_sqk_sys_all_attach` WHERE ( module_name="sellerProm" and module_info_id=24 )  [ RunTime:0.0011s ]
SQL: SELECT * FROM `qs_sqk_sys_all_attach` WHERE ( module_name="sellerProm" and module_info_id=23 )  [ RunTime:0.0012s ]
SQL: SELECT * FROM `qs_sqk_sys_all_attach` WHERE ( module_name="sellerProm" and module_info_id=20 )  [ RunTime:0.0012s ]
SQL: SELECT * FROM `qs_sqk_sys_all_attach` WHERE ( module_name="sellerProm" and module_info_id=19 )  [ RunTime:0.0012s ]
SQL: SELECT * FROM `qs_sqk_sys_all_attach` WHERE ( module_name="sellerProm" and module_info_id=18 )  [ RunTime:0.0012s ]

[ 2018-05-10T17:07:54+08:00 ] 192.168.1.26 /index.php/Seller/index/checkIsLogin
INFO: [ app_begin ] --START--
INFO: Run Behavior\ReadHtmlCacheBehavior [ RunTime:0.001137s ]
INFO: [ app_begin ] --END-- [ RunTime:0.001985s ]
SQL: SHOW COLUMNS FROM `qs_sqk_sys_config_def` [ RunTime:0.0046s ]
SQL: SELECT * FROM `qs_sqk_sys_config_def`  [ RunTime:0.0017s ]
NOTIC: [8] Undefined variable: data E:\wamp\www\qskj_project_sqk_debug_git\qskj_sqk\sqk\Application\Seller\Controller\IndexController.class.php 第 65 行.

[ 2018-05-10T17:08:44+08:00 ] 192.168.1.26 /index.php/Seller/index/checkIsLogin
INFO: [ app_begin ] --START--
INFO: Run Behavior\ReadHtmlCacheBehavior [ RunTime:0.001280s ]
INFO: [ app_begin ] --END-- [ RunTime:0.001934s ]
SQL: SHOW COLUMNS FROM `qs_sqk_sys_config_def` [ RunTime:0.0075s ]
SQL: SELECT * FROM `qs_sqk_sys_config_def`  [ RunTime:0.0016s ]
NOTIC: [8] Undefined variable: data E:\wamp\www\qskj_project_sqk_debug_git\qskj_sqk\sqk\Application\Seller\Controller\IndexController.class.php 第 65 行.

[ 2018-05-10T17:09:09+08:00 ] 192.168.1.26 /index.php/Seller/index/checkIsLogin
INFO: [ app_begin ] --START--
INFO: Run Behavior\ReadHtmlCacheBehavior [ RunTime:0.000580s ]
INFO: [ app_begin ] --END-- [ RunTime:0.001021s ]
SQL: SHOW COLUMNS FROM `qs_sqk_sys_config_def` [ RunTime:0.0055s ]
SQL: SELECT * FROM `qs_sqk_sys_config_def`  [ RunTime:0.0016s ]
NOTIC: [8] Undefined variable: data E:\wamp\www\qskj_project_sqk_debug_git\qskj_sqk\sqk\Application\Seller\Controller\IndexController.class.php 第 65 行.

[ 2018-05-10T17:09:15+08:00 ] 192.168.1.26 /index.php/Seller/index/checkIsLogin
INFO: [ app_begin ] --START--
INFO: Run Behavior\ReadHtmlCacheBehavior [ RunTime:0.000469s ]
INFO: [ app_begin ] --END-- [ RunTime:0.000816s ]
SQL: SHOW COLUMNS FROM `qs_sqk_sys_config_def` [ RunTime:0.0037s ]
SQL: SELECT * FROM `qs_sqk_sys_config_def`  [ RunTime:0.0018s ]
NOTIC: [8] Undefined variable: data E:\wamp\www\qskj_project_sqk_debug_git\qskj_sqk\sqk\Application\Seller\Controller\IndexController.class.php 第 65 行.

[ 2018-05-10T17:14:20+08:00 ] 192.168.1.26 /index.php/Seller/index/checkIsLogin
INFO: [ app_begin ] --START--
INFO: Run Behavior\ReadHtmlCacheBehavior [ RunTime:0.000932s ]
INFO: [ app_begin ] --END-- [ RunTime:0.001408s ]
SQL: SHOW COLUMNS FROM `qs_sqk_sys_config_def` [ RunTime:0.0056s ]
SQL: SELECT * FROM `qs_sqk_sys_config_def`  [ RunTime:0.0015s ]
NOTIC: [8] Undefined variable: data E:\wamp\www\qskj_project_sqk_debug_git\qskj_sqk\sqk\Application\Seller\Controller\IndexController.class.php 第 65 行.

