[ 2018-05-11T08:40:47+08:00 ] 192.168.1.26 /index.php/Seller/index/checkIsLogin
INFO: [ app_begin ] --START--
INFO: Run Behavior\ReadHtmlCacheBehavior [ RunTime:0.000645s ]
INFO: [ app_begin ] --END-- [ RunTime:0.001074s ]
SQL: SHOW COLUMNS FROM `qs_sqk_sys_config_def` [ RunTime:0.0055s ]
SQL: SELECT * FROM `qs_sqk_sys_config_def`  [ RunTime:0.0019s ]
NOTIC: [8] Undefined variable: data E:\wamp\www\qskj_project_sqk_debug_git\qskj_sqk\sqk\Application\Seller\Controller\IndexController.class.php 第 65 行.

[ 2018-05-11T08:43:10+08:00 ] 192.168.1.26 /index.php/Seller/index/checkIsLogin
INFO: [ app_begin ] --START--
INFO: Run Behavior\ReadHtmlCacheBehavior [ RunTime:0.000467s ]
INFO: [ app_begin ] --END-- [ RunTime:0.000804s ]
SQL: SHOW COLUMNS FROM `qs_sqk_sys_config_def` [ RunTime:0.0037s ]
SQL: SELECT * FROM `qs_sqk_sys_config_def`  [ RunTime:0.0015s ]
NOTIC: [8] Undefined variable: data E:\wamp\www\qskj_project_sqk_debug_git\qskj_sqk\sqk\Application\Seller\Controller\IndexController.class.php 第 65 行.

[ 2018-05-11T09:02:13+08:00 ] 127.0.0.1 /index.php/Seller/index/checkIsLogin
INFO: [ app_begin ] --START--
INFO: Run Behavior\ReadHtmlCacheBehavior [ RunTime:0.000509s ]
INFO: [ app_begin ] --END-- [ RunTime:0.001096s ]
SQL: SHOW COLUMNS FROM `qs_sqk_sys_config_def` [ RunTime:0.0051s ]
SQL: SELECT * FROM `qs_sqk_sys_config_def`  [ RunTime:0.0016s ]
NOTIC: [8] Undefined variable: data E:\wamp\www\qskj_project_sqk_debug_git\qskj_sqk\sqk\Application\Seller\Controller\IndexController.class.php 第 65 行.

[ 2018-05-11T09:02:24+08:00 ] 127.0.0.1 /index.php/Seller/Qrcodeurl/kouFenExchange
INFO: [ app_begin ] --START--
INFO: Run Behavior\ReadHtmlCacheBehavior [ RunTime:0.000407s ]
INFO: [ app_begin ] --END-- [ RunTime:0.000766s ]
SQL: SHOW COLUMNS FROM `qs_sqk_sys_config_def` [ RunTime:0.0043s ]
SQL: SELECT * FROM `qs_sqk_sys_config_def`  [ RunTime:0.0017s ]
SQL: SHOW COLUMNS FROM `qs_sqk_integral_trading_record` [ RunTime:0.0047s ]
SQL: SHOW COLUMNS FROM `qs_sqk_sys_userapp_info` [ RunTime:0.0057s ]
SQL: SHOW COLUMNS FROM `qs_sqk_seller_info` [ RunTime:0.0054s ]
SQL: SELECT * FROM `qs_sqk_sys_userapp_info` WHERE `id` = 105 LIMIT 1   [ RunTime:0.0021s ]
SQL: INSERT INTO `qs_sqk_integral_trading_record` (`income_id`,`payment_id`,`income_type`,`payment_type`,`trading_integral`,`trading_time`,`exchange_method_id`,`trading_number`) VALUES ('38','105','2','3','123','2018-05-11 09:02:24','2','11264544201805117132') [ RunTime:0.0009s ]
SQL: UPDATE `qs_sqk_sys_userapp_info` SET `integral_num`=integral_num-123 WHERE `id` = 105 [ RunTime:0.0012s ]
SQL: UPDATE `qs_sqk_seller_info` SET `integral_num`=integral_num+123 WHERE `id` = 38 [ RunTime:0.0013s ]
SQL: UPDATE `qs_sqk_seller_info` SET `exp_num`=exp_num+123 WHERE `id` = 38 [ RunTime:0.0006s ]
SQL: UPDATE `qs_sqk_integral_trading_record` SET `status`='1' WHERE `id` = 60 [ RunTime:0.0013s ]

[ 2018-05-11T09:02:45+08:00 ] 127.0.0.1 /index.php/Seller/Qrcodeurl/kouFenExchange
INFO: [ app_begin ] --START--
INFO: Run Behavior\ReadHtmlCacheBehavior [ RunTime:0.000417s ]
INFO: [ app_begin ] --END-- [ RunTime:0.000843s ]
SQL: SHOW COLUMNS FROM `qs_sqk_sys_config_def` [ RunTime:0.0045s ]
SQL: SELECT * FROM `qs_sqk_sys_config_def`  [ RunTime:0.0015s ]
SQL: SHOW COLUMNS FROM `qs_sqk_integral_trading_record` [ RunTime:0.0049s ]
SQL: SHOW COLUMNS FROM `qs_sqk_sys_userapp_info` [ RunTime:0.0061s ]
SQL: SHOW COLUMNS FROM `qs_sqk_seller_info` [ RunTime:0.0059s ]
SQL: SELECT * FROM `qs_sqk_sys_userapp_info` WHERE `id` = 105 LIMIT 1   [ RunTime:0.0024s ]
SQL: INSERT INTO `qs_sqk_integral_trading_record` (`income_id`,`payment_id`,`income_type`,`payment_type`,`trading_integral`,`trading_time`,`exchange_method_id`,`trading_number`) VALUES ('38','105','2','3','78','2018-05-11 09:02:45','2','11264565201805116648') [ RunTime:0.0010s ]
SQL: UPDATE `qs_sqk_sys_userapp_info` SET `integral_num`=integral_num-78 WHERE `id` = 105 [ RunTime:0.0012s ]
SQL: UPDATE `qs_sqk_seller_info` SET `integral_num`=integral_num+78 WHERE `id` = 38 [ RunTime:0.0012s ]
SQL: UPDATE `qs_sqk_seller_info` SET `exp_num`=exp_num+78 WHERE `id` = 38 [ RunTime:0.0012s ]
SQL: UPDATE `qs_sqk_integral_trading_record` SET `status`='1' WHERE `id` = 61 [ RunTime:0.0012s ]

[ 2018-05-11T09:03:09+08:00 ] 127.0.0.1 /index.php/Seller/index/checkIsLogin
INFO: [ app_begin ] --START--
INFO: Run Behavior\ReadHtmlCacheBehavior [ RunTime:0.000427s ]
INFO: [ app_begin ] --END-- [ RunTime:0.000920s ]
SQL: SHOW COLUMNS FROM `qs_sqk_sys_config_def` [ RunTime:0.0067s ]
SQL: SELECT * FROM `qs_sqk_sys_config_def`  [ RunTime:0.0016s ]
NOTIC: [8] Undefined variable: data E:\wamp\www\qskj_project_sqk_debug_git\qskj_sqk\sqk\Application\Seller\Controller\IndexController.class.php 第 65 行.

[ 2018-05-11T09:03:09+08:00 ] 127.0.0.1 /index.php/Seller/Goods/getList
INFO: [ app_begin ] --START--
INFO: Run Behavior\ReadHtmlCacheBehavior [ RunTime:0.000467s ]
INFO: [ app_begin ] --END-- [ RunTime:0.000884s ]
SQL: SHOW COLUMNS FROM `qs_sqk_sys_config_def` [ RunTime:0.0051s ]
SQL: SELECT * FROM `qs_sqk_sys_config_def`  [ RunTime:0.0021s ]
SQL: SHOW COLUMNS FROM `qs_sqk_seller_integral_goods` [ RunTime:0.0052s ]
NOTIC: [8] Use of undefined constant LEFT - assumed 'LEFT' E:\wamp\www\qskj_project_sqk_debug_git\qskj_sqk\sqk\Application\Admin\Model\BaseModel.class.php 第 93 行.
NOTIC: [8] Use of undefined constant LEFT - assumed 'LEFT' E:\wamp\www\qskj_project_sqk_debug_git\qskj_sqk\sqk\Application\Admin\Model\BaseModel.class.php 第 93 行.
SQL: SELECT qs_sqk_seller_integral_goods.*,qs_sqk_seller_info.name as seller_name FROM `qs_sqk_seller_integral_goods` LEFT JOIN qs_sqk_goods_exchange_record ON qs_sqk_goods_exchange_record.goods_id=qs_sqk_seller_integral_goods.id LEFT JOIN qs_sqk_seller_info ON qs_sqk_seller_info.id=qs_sqk_seller_integral_goods.seller_id  WHERE qs_sqk_seller_integral_goods.seller_id = '38' GROUP BY qs_sqk_seller_integral_goods.id ORDER BY qs_sqk_seller_integral_goods.id desc  [ RunTime:0.0095s ]
SQL: SELECT COUNT(*) AS tp_count FROM `qs_sqk_seller_integral_goods` LIMIT 1   [ RunTime:0.0012s ]
NOTIC: [8] Undefined variable: num E:\wamp\www\qskj_project_sqk_debug_git\qskj_sqk\sqk\Application\Seller\Controller\GoodsController.class.php 第 138 行.

[ 2018-05-11T09:03:12+08:00 ] 127.0.0.1 /index.php/Seller/index/checkIsLogin
INFO: [ app_begin ] --START--
INFO: Run Behavior\ReadHtmlCacheBehavior [ RunTime:0.000649s ]
INFO: [ app_begin ] --END-- [ RunTime:0.001124s ]
SQL: SHOW COLUMNS FROM `qs_sqk_sys_config_def` [ RunTime:0.0062s ]
SQL: SELECT * FROM `qs_sqk_sys_config_def`  [ RunTime:0.0023s ]
NOTIC: [8] Undefined variable: data E:\wamp\www\qskj_project_sqk_debug_git\qskj_sqk\sqk\Application\Seller\Controller\IndexController.class.php 第 65 行.

[ 2018-05-11T09:14:00+08:00 ] 127.0.0.1 /index.php/Seller/Qrcodeurl/kouFenExchange
INFO: [ app_begin ] --START--
INFO: Run Behavior\ReadHtmlCacheBehavior [ RunTime:0.000403s ]
INFO: [ app_begin ] --END-- [ RunTime:0.000758s ]
SQL: SHOW COLUMNS FROM `qs_sqk_sys_config_def` [ RunTime:0.0058s ]
SQL: SELECT * FROM `qs_sqk_sys_config_def`  [ RunTime:0.0015s ]

[ 2018-05-11T09:15:00+08:00 ] 192.168.1.26 /index.php/Seller/index/checkIsLogin
INFO: [ app_begin ] --START--
INFO: Run Behavior\ReadHtmlCacheBehavior [ RunTime:0.000768s ]
INFO: [ app_begin ] --END-- [ RunTime:0.001448s ]
SQL: SHOW COLUMNS FROM `qs_sqk_sys_config_def` [ RunTime:0.0056s ]
SQL: SELECT * FROM `qs_sqk_sys_config_def`  [ RunTime:0.0016s ]
NOTIC: [8] Undefined variable: data E:\wamp\www\qskj_project_sqk_debug_git\qskj_sqk\sqk\Application\Seller\Controller\IndexController.class.php 第 65 行.

[ 2018-05-11T09:15:00+08:00 ] 192.168.1.26 /index.php/Seller/Goods/getList
INFO: [ app_begin ] --START--
INFO: Run Behavior\ReadHtmlCacheBehavior [ RunTime:0.000734s ]
INFO: [ app_begin ] --END-- [ RunTime:0.001137s ]
SQL: SHOW COLUMNS FROM `qs_sqk_sys_config_def` [ RunTime:0.0036s ]
SQL: SELECT * FROM `qs_sqk_sys_config_def`  [ RunTime:0.0015s ]
SQL: SHOW COLUMNS FROM `qs_sqk_seller_integral_goods` [ RunTime:0.0058s ]
NOTIC: [8] Use of undefined constant LEFT - assumed 'LEFT' E:\wamp\www\qskj_project_sqk_debug_git\qskj_sqk\sqk\Application\Admin\Model\BaseModel.class.php 第 93 行.
NOTIC: [8] Use of undefined constant LEFT - assumed 'LEFT' E:\wamp\www\qskj_project_sqk_debug_git\qskj_sqk\sqk\Application\Admin\Model\BaseModel.class.php 第 93 行.
SQL: SELECT qs_sqk_seller_integral_goods.*,qs_sqk_seller_info.name as seller_name FROM `qs_sqk_seller_integral_goods` LEFT JOIN qs_sqk_goods_exchange_record ON qs_sqk_goods_exchange_record.goods_id=qs_sqk_seller_integral_goods.id LEFT JOIN qs_sqk_seller_info ON qs_sqk_seller_info.id=qs_sqk_seller_integral_goods.seller_id  WHERE qs_sqk_seller_integral_goods.seller_id = '38' GROUP BY qs_sqk_seller_integral_goods.id ORDER BY qs_sqk_seller_integral_goods.id desc  [ RunTime:0.0085s ]
SQL: SELECT COUNT(*) AS tp_count FROM `qs_sqk_seller_integral_goods` LIMIT 1   [ RunTime:0.0005s ]
NOTIC: [8] Undefined variable: num E:\wamp\www\qskj_project_sqk_debug_git\qskj_sqk\sqk\Application\Seller\Controller\GoodsController.class.php 第 138 行.

[ 2018-05-11T09:15:05+08:00 ] 192.168.1.26 /index.php/Seller/index/checkIsLogin
INFO: [ app_begin ] --START--
INFO: Run Behavior\ReadHtmlCacheBehavior [ RunTime:0.000868s ]
INFO: [ app_begin ] --END-- [ RunTime:0.001620s ]
SQL: SHOW COLUMNS FROM `qs_sqk_sys_config_def` [ RunTime:0.0041s ]
SQL: SELECT * FROM `qs_sqk_sys_config_def`  [ RunTime:0.0015s ]
NOTIC: [8] Undefined variable: data E:\wamp\www\qskj_project_sqk_debug_git\qskj_sqk\sqk\Application\Seller\Controller\IndexController.class.php 第 65 行.

[ 2018-05-11T09:15:05+08:00 ] 192.168.1.26 /index.php/Seller/Goods/getList
INFO: [ app_begin ] --START--
INFO: Run Behavior\ReadHtmlCacheBehavior [ RunTime:0.000625s ]
INFO: [ app_begin ] --END-- [ RunTime:0.001052s ]
SQL: SHOW COLUMNS FROM `qs_sqk_sys_config_def` [ RunTime:0.0051s ]
SQL: SELECT * FROM `qs_sqk_sys_config_def`  [ RunTime:0.0014s ]
SQL: SHOW COLUMNS FROM `qs_sqk_seller_integral_goods` [ RunTime:0.0061s ]
NOTIC: [8] Use of undefined constant LEFT - assumed 'LEFT' E:\wamp\www\qskj_project_sqk_debug_git\qskj_sqk\sqk\Application\Admin\Model\BaseModel.class.php 第 93 行.
NOTIC: [8] Use of undefined constant LEFT - assumed 'LEFT' E:\wamp\www\qskj_project_sqk_debug_git\qskj_sqk\sqk\Application\Admin\Model\BaseModel.class.php 第 93 行.
SQL: SELECT qs_sqk_seller_integral_goods.*,qs_sqk_seller_info.name as seller_name FROM `qs_sqk_seller_integral_goods` LEFT JOIN qs_sqk_goods_exchange_record ON qs_sqk_goods_exchange_record.goods_id=qs_sqk_seller_integral_goods.id LEFT JOIN qs_sqk_seller_info ON qs_sqk_seller_info.id=qs_sqk_seller_integral_goods.seller_id  WHERE qs_sqk_seller_integral_goods.seller_id = '38' AND qs_sqk_seller_integral_goods.status = 0 GROUP BY qs_sqk_seller_integral_goods.id ORDER BY qs_sqk_seller_integral_goods.id desc  [ RunTime:0.0068s ]
SQL: SELECT COUNT(*) AS tp_count FROM `qs_sqk_seller_integral_goods` LIMIT 1   [ RunTime:0.0013s ]
NOTIC: [8] Undefined variable: num E:\wamp\www\qskj_project_sqk_debug_git\qskj_sqk\sqk\Application\Seller\Controller\GoodsController.class.php 第 138 行.

[ 2018-05-11T09:15:07+08:00 ] 192.168.1.26 /index.php/Seller/index/checkIsLogin
INFO: [ app_begin ] --START--
INFO: Run Behavior\ReadHtmlCacheBehavior [ RunTime:0.000554s ]
INFO: [ app_begin ] --END-- [ RunTime:0.000951s ]
SQL: SHOW COLUMNS FROM `qs_sqk_sys_config_def` [ RunTime:0.0053s ]
SQL: SELECT * FROM `qs_sqk_sys_config_def`  [ RunTime:0.0021s ]
NOTIC: [8] Undefined variable: data E:\wamp\www\qskj_project_sqk_debug_git\qskj_sqk\sqk\Application\Seller\Controller\IndexController.class.php 第 65 行.

[ 2018-05-11T09:15:07+08:00 ] 192.168.1.26 /index.php/Seller/Goods/getList
INFO: [ app_begin ] --START--
INFO: Run Behavior\ReadHtmlCacheBehavior [ RunTime:0.000448s ]
INFO: [ app_begin ] --END-- [ RunTime:0.000837s ]
SQL: SHOW COLUMNS FROM `qs_sqk_sys_config_def` [ RunTime:0.0039s ]
SQL: SELECT * FROM `qs_sqk_sys_config_def`  [ RunTime:0.0015s ]
SQL: SHOW COLUMNS FROM `qs_sqk_seller_integral_goods` [ RunTime:0.0066s ]
NOTIC: [8] Use of undefined constant LEFT - assumed 'LEFT' E:\wamp\www\qskj_project_sqk_debug_git\qskj_sqk\sqk\Application\Admin\Model\BaseModel.class.php 第 93 行.
NOTIC: [8] Use of undefined constant LEFT - assumed 'LEFT' E:\wamp\www\qskj_project_sqk_debug_git\qskj_sqk\sqk\Application\Admin\Model\BaseModel.class.php 第 93 行.
SQL: SELECT qs_sqk_seller_integral_goods.*,qs_sqk_seller_info.name as seller_name FROM `qs_sqk_seller_integral_goods` LEFT JOIN qs_sqk_goods_exchange_record ON qs_sqk_goods_exchange_record.goods_id=qs_sqk_seller_integral_goods.id LEFT JOIN qs_sqk_seller_info ON qs_sqk_seller_info.id=qs_sqk_seller_integral_goods.seller_id  WHERE qs_sqk_seller_integral_goods.seller_id = '38' AND qs_sqk_seller_integral_goods.status = 1 GROUP BY qs_sqk_seller_integral_goods.id ORDER BY qs_sqk_seller_integral_goods.id desc  [ RunTime:0.0089s ]
SQL: SELECT COUNT(*) AS tp_count FROM `qs_sqk_seller_integral_goods` LIMIT 1   [ RunTime:0.0004s ]
NOTIC: [8] Undefined variable: num E:\wamp\www\qskj_project_sqk_debug_git\qskj_sqk\sqk\Application\Seller\Controller\GoodsController.class.php 第 138 行.

[ 2018-05-11T09:15:10+08:00 ] 192.168.1.26 /index.php/Seller/index/checkIsLogin
INFO: [ app_begin ] --START--
INFO: Run Behavior\ReadHtmlCacheBehavior [ RunTime:0.000420s ]
INFO: [ app_begin ] --END-- [ RunTime:0.000786s ]
SQL: SHOW COLUMNS FROM `qs_sqk_sys_config_def` [ RunTime:0.0039s ]
SQL: SELECT * FROM `qs_sqk_sys_config_def`  [ RunTime:0.0014s ]
NOTIC: [8] Undefined variable: data E:\wamp\www\qskj_project_sqk_debug_git\qskj_sqk\sqk\Application\Seller\Controller\IndexController.class.php 第 65 行.

[ 2018-05-11T09:15:10+08:00 ] 192.168.1.26 /index.php/Seller/Goods/getList
INFO: [ app_begin ] --START--
INFO: Run Behavior\ReadHtmlCacheBehavior [ RunTime:0.000435s ]
INFO: [ app_begin ] --END-- [ RunTime:0.000827s ]
SQL: SHOW COLUMNS FROM `qs_sqk_sys_config_def` [ RunTime:0.0062s ]
SQL: SELECT * FROM `qs_sqk_sys_config_def`  [ RunTime:0.0017s ]
SQL: SHOW COLUMNS FROM `qs_sqk_seller_integral_goods` [ RunTime:0.0063s ]
NOTIC: [8] Use of undefined constant LEFT - assumed 'LEFT' E:\wamp\www\qskj_project_sqk_debug_git\qskj_sqk\sqk\Application\Admin\Model\BaseModel.class.php 第 93 行.
NOTIC: [8] Use of undefined constant LEFT - assumed 'LEFT' E:\wamp\www\qskj_project_sqk_debug_git\qskj_sqk\sqk\Application\Admin\Model\BaseModel.class.php 第 93 行.
SQL: SELECT qs_sqk_seller_integral_goods.*,qs_sqk_seller_info.name as seller_name FROM `qs_sqk_seller_integral_goods` LEFT JOIN qs_sqk_goods_exchange_record ON qs_sqk_goods_exchange_record.goods_id=qs_sqk_seller_integral_goods.id LEFT JOIN qs_sqk_seller_info ON qs_sqk_seller_info.id=qs_sqk_seller_integral_goods.seller_id  WHERE qs_sqk_seller_integral_goods.seller_id = '38' AND qs_sqk_seller_integral_goods.status = 2 GROUP BY qs_sqk_seller_integral_goods.id ORDER BY qs_sqk_seller_integral_goods.id desc  [ RunTime:0.0056s ]
SQL: SELECT COUNT(*) AS tp_count FROM `qs_sqk_seller_integral_goods` LIMIT 1   [ RunTime:0.0012s ]
NOTIC: [8] Undefined variable: num E:\wamp\www\qskj_project_sqk_debug_git\qskj_sqk\sqk\Application\Seller\Controller\GoodsController.class.php 第 138 行.

[ 2018-05-11T09:15:14+08:00 ] 192.168.1.26 /index.php/Seller/index/checkIsLogin
INFO: [ app_begin ] --START--
INFO: Run Behavior\ReadHtmlCacheBehavior [ RunTime:0.000774s ]
INFO: [ app_begin ] --END-- [ RunTime:0.001431s ]
SQL: SHOW COLUMNS FROM `qs_sqk_sys_config_def` [ RunTime:0.0041s ]
SQL: SELECT * FROM `qs_sqk_sys_config_def`  [ RunTime:0.0015s ]
NOTIC: [8] Undefined variable: data E:\wamp\www\qskj_project_sqk_debug_git\qskj_sqk\sqk\Application\Seller\Controller\IndexController.class.php 第 65 行.

[ 2018-05-11T09:15:15+08:00 ] 192.168.1.26 /index.php/Seller/index/checkIsLogin
INFO: [ app_begin ] --START--
INFO: Run Behavior\ReadHtmlCacheBehavior [ RunTime:0.000415s ]
INFO: [ app_begin ] --END-- [ RunTime:0.000821s ]
SQL: SHOW COLUMNS FROM `qs_sqk_sys_config_def` [ RunTime:0.0050s ]
SQL: SELECT * FROM `qs_sqk_sys_config_def`  [ RunTime:0.0016s ]
NOTIC: [8] Undefined variable: data E:\wamp\www\qskj_project_sqk_debug_git\qskj_sqk\sqk\Application\Seller\Controller\IndexController.class.php 第 65 行.

[ 2018-05-11T09:15:20+08:00 ] 192.168.1.26 /index.php/Seller/index/checkIsLogin
INFO: [ app_begin ] --START--
INFO: Run Behavior\ReadHtmlCacheBehavior [ RunTime:0.001263s ]
INFO: [ app_begin ] --END-- [ RunTime:0.002366s ]
SQL: SHOW COLUMNS FROM `qs_sqk_sys_config_def` [ RunTime:0.0052s ]
SQL: SELECT * FROM `qs_sqk_sys_config_def`  [ RunTime:0.0018s ]
NOTIC: [8] Undefined variable: data E:\wamp\www\qskj_project_sqk_debug_git\qskj_sqk\sqk\Application\Seller\Controller\IndexController.class.php 第 65 行.

[ 2018-05-11T09:15:21+08:00 ] 192.168.1.26 /index.php/Seller/index/checkIsLogin
INFO: [ app_begin ] --START--
INFO: Run Behavior\ReadHtmlCacheBehavior [ RunTime:0.000398s ]
INFO: [ app_begin ] --END-- [ RunTime:0.000767s ]
SQL: SHOW COLUMNS FROM `qs_sqk_sys_config_def` [ RunTime:0.0044s ]
SQL: SELECT * FROM `qs_sqk_sys_config_def`  [ RunTime:0.0020s ]
NOTIC: [8] Undefined variable: data E:\wamp\www\qskj_project_sqk_debug_git\qskj_sqk\sqk\Application\Seller\Controller\IndexController.class.php 第 65 行.

[ 2018-05-11T09:15:23+08:00 ] 192.168.1.26 /index.php/Seller/index/checkIsLogin
INFO: [ app_begin ] --START--
INFO: Run Behavior\ReadHtmlCacheBehavior [ RunTime:0.000395s ]
INFO: [ app_begin ] --END-- [ RunTime:0.000745s ]
SQL: SHOW COLUMNS FROM `qs_sqk_sys_config_def` [ RunTime:0.0044s ]
SQL: SELECT * FROM `qs_sqk_sys_config_def`  [ RunTime:0.0016s ]
NOTIC: [8] Undefined variable: data E:\wamp\www\qskj_project_sqk_debug_git\qskj_sqk\sqk\Application\Seller\Controller\IndexController.class.php 第 65 行.

[ 2018-05-11T09:15:24+08:00 ] 192.168.1.26 /index.php/Seller/index/checkIsLogin
INFO: [ app_begin ] --START--
INFO: Run Behavior\ReadHtmlCacheBehavior [ RunTime:0.000413s ]
INFO: [ app_begin ] --END-- [ RunTime:0.000777s ]
SQL: SHOW COLUMNS FROM `qs_sqk_sys_config_def` [ RunTime:0.0058s ]
SQL: SELECT * FROM `qs_sqk_sys_config_def`  [ RunTime:0.0025s ]
NOTIC: [8] Undefined variable: data E:\wamp\www\qskj_project_sqk_debug_git\qskj_sqk\sqk\Application\Seller\Controller\IndexController.class.php 第 65 行.

[ 2018-05-11T09:15:24+08:00 ] 192.168.1.26 /index.php/Seller/Prom/getMyPromList
INFO: [ app_begin ] --START--
INFO: Run Behavior\ReadHtmlCacheBehavior [ RunTime:0.000415s ]
INFO: [ app_begin ] --END-- [ RunTime:0.000780s ]
SQL: SHOW COLUMNS FROM `qs_sqk_sys_config_def` [ RunTime:0.0037s ]
SQL: SELECT * FROM `qs_sqk_sys_config_def`  [ RunTime:0.0016s ]
SQL: SELECT * FROM `qs_sqk_sys_config_def`  [ RunTime:0.0016s ]
SQL: SHOW COLUMNS FROM `qs_sqk_seller_info` [ RunTime:0.0056s ]
SQL: SELECT * FROM `qs_sqk_seller_info` WHERE `id` = 38 LIMIT 1   [ RunTime:0.0034s ]
SQL: SHOW COLUMNS FROM `qs_sqk_sys_all_attach` [ RunTime:0.0056s ]
SQL: SELECT * FROM `qs_sqk_sys_all_attach` WHERE `module_info_id` = 38 AND `module_name` = 'zz_seller' ORDER BY id desc  [ RunTime:0.0014s ]
NOTIC: [8] Undefined index: type E:\wamp\www\qskj_project_sqk_debug_git\qskj_sqk\sqk\Application\Seller\Controller\SellerController.class.php 第 119 行.
SQL: SHOW COLUMNS FROM `qs_sqk_seller_prom_info` [ RunTime:0.0047s ]
SQL: SELECT * FROM `qs_sqk_seller_prom_info` WHERE `seller_id` = '38' ORDER BY id desc  [ RunTime:0.0021s ]
SQL: SELECT COUNT(*) AS tp_count FROM `qs_sqk_seller_prom_info` WHERE `seller_id` = '38' LIMIT 1   [ RunTime:0.0013s ]
SQL: SELECT COUNT(*) AS tp_count FROM `qs_sqk_seller_prom_info` WHERE ( seller_id=38 and status=1 ) LIMIT 1   [ RunTime:0.0011s ]
SQL: SELECT COUNT(*) AS tp_count FROM `qs_sqk_seller_prom_info` WHERE ( seller_id=38 and status=3 ) LIMIT 1   [ RunTime:0.0016s ]
SQL: SELECT COUNT(*) AS tp_count FROM `qs_sqk_seller_prom_info` WHERE ( seller_id=38 and (status=0 or status=2) ) LIMIT 1   [ RunTime:0.0011s ]
SQL: SHOW COLUMNS FROM `qs_sqk_sys_all_attach` [ RunTime:0.0040s ]
SQL: SELECT * FROM `qs_sqk_sys_all_attach` WHERE ( module_name="sellerProm" and module_info_id=24 )  [ RunTime:0.0011s ]
SQL: SELECT * FROM `qs_sqk_sys_all_attach` WHERE ( module_name="sellerProm" and module_info_id=23 )  [ RunTime:0.0012s ]
SQL: SELECT * FROM `qs_sqk_sys_all_attach` WHERE ( module_name="sellerProm" and module_info_id=20 )  [ RunTime:0.0011s ]
SQL: SELECT * FROM `qs_sqk_sys_all_attach` WHERE ( module_name="sellerProm" and module_info_id=19 )  [ RunTime:0.0013s ]
SQL: SELECT * FROM `qs_sqk_sys_all_attach` WHERE ( module_name="sellerProm" and module_info_id=18 )  [ RunTime:0.0012s ]

[ 2018-05-11T09:15:24+08:00 ] 192.168.1.26 /index.php/Seller/index/checkIsLogin
INFO: [ app_begin ] --START--
INFO: Run Behavior\ReadHtmlCacheBehavior [ RunTime:0.000393s ]
INFO: [ app_begin ] --END-- [ RunTime:0.000736s ]
SQL: SHOW COLUMNS FROM `qs_sqk_sys_config_def` [ RunTime:0.0059s ]
SQL: SELECT * FROM `qs_sqk_sys_config_def`  [ RunTime:0.0015s ]
NOTIC: [8] Undefined variable: data E:\wamp\www\qskj_project_sqk_debug_git\qskj_sqk\sqk\Application\Seller\Controller\IndexController.class.php 第 65 行.

[ 2018-05-11T09:15:33+08:00 ] 192.168.1.26 /index.php/Seller/index/checkIsLogin
INFO: [ app_begin ] --START--
INFO: Run Behavior\ReadHtmlCacheBehavior [ RunTime:0.000507s ]
INFO: [ app_begin ] --END-- [ RunTime:0.001044s ]
SQL: SHOW COLUMNS FROM `qs_sqk_sys_config_def` [ RunTime:0.0051s ]
SQL: SELECT * FROM `qs_sqk_sys_config_def`  [ RunTime:0.0015s ]
NOTIC: [8] Undefined variable: data E:\wamp\www\qskj_project_sqk_debug_git\qskj_sqk\sqk\Application\Seller\Controller\IndexController.class.php 第 65 行.

[ 2018-05-11T09:18:36+08:00 ] 127.0.0.1 /index.php/Seller/index/checkIsLogin
INFO: [ app_begin ] --START--
INFO: Run Behavior\ReadHtmlCacheBehavior [ RunTime:0.000408s ]
INFO: [ app_begin ] --END-- [ RunTime:0.000772s ]
SQL: SHOW COLUMNS FROM `qs_sqk_sys_config_def` [ RunTime:0.0056s ]
SQL: SELECT * FROM `qs_sqk_sys_config_def`  [ RunTime:0.0015s ]
NOTIC: [8] Undefined variable: data E:\wamp\www\qskj_project_sqk_debug_git\qskj_sqk\sqk\Application\Seller\Controller\IndexController.class.php 第 65 行.

[ 2018-05-11T09:18:36+08:00 ] 127.0.0.1 /index.php/Seller/Goods/getList
INFO: [ app_begin ] --START--
INFO: Run Behavior\ReadHtmlCacheBehavior [ RunTime:0.000483s ]
INFO: [ app_begin ] --END-- [ RunTime:0.000833s ]
SQL: SHOW COLUMNS FROM `qs_sqk_sys_config_def` [ RunTime:0.0066s ]
SQL: SELECT * FROM `qs_sqk_sys_config_def`  [ RunTime:0.0023s ]
SQL: SHOW COLUMNS FROM `qs_sqk_seller_integral_goods` [ RunTime:0.0101s ]
NOTIC: [8] Use of undefined constant LEFT - assumed 'LEFT' E:\wamp\www\qskj_project_sqk_debug_git\qskj_sqk\sqk\Application\Admin\Model\BaseModel.class.php 第 93 行.
NOTIC: [8] Use of undefined constant LEFT - assumed 'LEFT' E:\wamp\www\qskj_project_sqk_debug_git\qskj_sqk\sqk\Application\Admin\Model\BaseModel.class.php 第 93 行.
SQL: SELECT qs_sqk_seller_integral_goods.*,qs_sqk_seller_info.name as seller_name FROM `qs_sqk_seller_integral_goods` LEFT JOIN qs_sqk_goods_exchange_record ON qs_sqk_goods_exchange_record.goods_id=qs_sqk_seller_integral_goods.id LEFT JOIN qs_sqk_seller_info ON qs_sqk_seller_info.id=qs_sqk_seller_integral_goods.seller_id  WHERE qs_sqk_seller_integral_goods.seller_id = '38' GROUP BY qs_sqk_seller_integral_goods.id ORDER BY qs_sqk_seller_integral_goods.id desc  [ RunTime:0.0072s ]
SQL: SELECT COUNT(*) AS tp_count FROM `qs_sqk_seller_integral_goods` LIMIT 1   [ RunTime:0.0011s ]
NOTIC: [8] Undefined variable: num E:\wamp\www\qskj_project_sqk_debug_git\qskj_sqk\sqk\Application\Seller\Controller\GoodsController.class.php 第 138 行.

[ 2018-05-11T09:18:45+08:00 ] 127.0.0.1 /index.php/Seller/index/checkIsLogin
INFO: [ app_begin ] --START--
INFO: Run Behavior\ReadHtmlCacheBehavior [ RunTime:0.000485s ]
INFO: [ app_begin ] --END-- [ RunTime:0.000872s ]
SQL: SHOW COLUMNS FROM `qs_sqk_sys_config_def` [ RunTime:0.0066s ]
SQL: SELECT * FROM `qs_sqk_sys_config_def`  [ RunTime:0.0014s ]
NOTIC: [8] Undefined variable: data E:\wamp\www\qskj_project_sqk_debug_git\qskj_sqk\sqk\Application\Seller\Controller\IndexController.class.php 第 65 行.

[ 2018-05-11T09:18:51+08:00 ] 127.0.0.1 /index.php/Seller/index/checkIsLogin
INFO: [ app_begin ] --START--
INFO: Run Behavior\ReadHtmlCacheBehavior [ RunTime:0.000506s ]
INFO: [ app_begin ] --END-- [ RunTime:0.000899s ]
SQL: SHOW COLUMNS FROM `qs_sqk_sys_config_def` [ RunTime:0.0037s ]
SQL: SELECT * FROM `qs_sqk_sys_config_def`  [ RunTime:0.0014s ]
NOTIC: [8] Undefined variable: data E:\wamp\www\qskj_project_sqk_debug_git\qskj_sqk\sqk\Application\Seller\Controller\IndexController.class.php 第 65 行.

[ 2018-05-11T09:18:51+08:00 ] 127.0.0.1 /index.php/Seller/Goods/getList
INFO: [ app_begin ] --START--
INFO: Run Behavior\ReadHtmlCacheBehavior [ RunTime:0.000421s ]
INFO: [ app_begin ] --END-- [ RunTime:0.000898s ]
SQL: SHOW COLUMNS FROM `qs_sqk_sys_config_def` [ RunTime:0.0060s ]
SQL: SELECT * FROM `qs_sqk_sys_config_def`  [ RunTime:0.0018s ]
SQL: SHOW COLUMNS FROM `qs_sqk_seller_integral_goods` [ RunTime:0.0055s ]
NOTIC: [8] Use of undefined constant LEFT - assumed 'LEFT' E:\wamp\www\qskj_project_sqk_debug_git\qskj_sqk\sqk\Application\Admin\Model\BaseModel.class.php 第 93 行.
NOTIC: [8] Use of undefined constant LEFT - assumed 'LEFT' E:\wamp\www\qskj_project_sqk_debug_git\qskj_sqk\sqk\Application\Admin\Model\BaseModel.class.php 第 93 行.
SQL: SELECT qs_sqk_seller_integral_goods.*,qs_sqk_seller_info.name as seller_name FROM `qs_sqk_seller_integral_goods` LEFT JOIN qs_sqk_goods_exchange_record ON qs_sqk_goods_exchange_record.goods_id=qs_sqk_seller_integral_goods.id LEFT JOIN qs_sqk_seller_info ON qs_sqk_seller_info.id=qs_sqk_seller_integral_goods.seller_id  WHERE qs_sqk_seller_integral_goods.seller_id = '38' GROUP BY qs_sqk_seller_integral_goods.id ORDER BY qs_sqk_seller_integral_goods.id desc  [ RunTime:0.0086s ]
SQL: SELECT COUNT(*) AS tp_count FROM `qs_sqk_seller_integral_goods` LIMIT 1   [ RunTime:0.0011s ]
NOTIC: [8] Undefined variable: num E:\wamp\www\qskj_project_sqk_debug_git\qskj_sqk\sqk\Application\Seller\Controller\GoodsController.class.php 第 138 行.

[ 2018-05-11T09:19:14+08:00 ] 127.0.0.1 /index.php/Seller/index/checkIsLogin
INFO: [ app_begin ] --START--
INFO: Run Behavior\ReadHtmlCacheBehavior [ RunTime:0.000482s ]
INFO: [ app_begin ] --END-- [ RunTime:0.000905s ]
SQL: SHOW COLUMNS FROM `qs_sqk_sys_config_def` [ RunTime:0.0044s ]
SQL: SELECT * FROM `qs_sqk_sys_config_def`  [ RunTime:0.0013s ]
NOTIC: [8] Undefined variable: data E:\wamp\www\qskj_project_sqk_debug_git\qskj_sqk\sqk\Application\Seller\Controller\IndexController.class.php 第 65 行.

[ 2018-05-11T09:22:00+08:00 ] 127.0.0.1 /index.php/Seller/Qrcodeurl/kouFenExchange
INFO: [ app_begin ] --START--
INFO: Run Behavior\ReadHtmlCacheBehavior [ RunTime:0.000686s ]
INFO: [ app_begin ] --END-- [ RunTime:0.001144s ]
SQL: SHOW COLUMNS FROM `qs_sqk_sys_config_def` [ RunTime:0.0037s ]
SQL: SELECT * FROM `qs_sqk_sys_config_def`  [ RunTime:0.0015s ]
SQL: SHOW COLUMNS FROM `qs_sqk_integral_trading_record` [ RunTime:0.0050s ]
SQL: SHOW COLUMNS FROM `qs_sqk_sys_userapp_info` [ RunTime:0.0060s ]
SQL: SHOW COLUMNS FROM `qs_sqk_seller_info` [ RunTime:0.0061s ]
SQL: SELECT * FROM `qs_sqk_sys_userapp_info` WHERE `id` = 105 LIMIT 1   [ RunTime:0.0021s ]

[ 2018-05-11T09:22:06+08:00 ] 127.0.0.1 /index.php/Seller/Qrcodeurl/kouFenExchange
INFO: [ app_begin ] --START--
INFO: Run Behavior\ReadHtmlCacheBehavior [ RunTime:0.000482s ]
INFO: [ app_begin ] --END-- [ RunTime:0.000829s ]
SQL: SHOW COLUMNS FROM `qs_sqk_sys_config_def` [ RunTime:0.0054s ]
SQL: SELECT * FROM `qs_sqk_sys_config_def`  [ RunTime:0.0016s ]
SQL: SHOW COLUMNS FROM `qs_sqk_integral_trading_record` [ RunTime:0.0050s ]
SQL: SHOW COLUMNS FROM `qs_sqk_sys_userapp_info` [ RunTime:0.0056s ]
SQL: SHOW COLUMNS FROM `qs_sqk_seller_info` [ RunTime:0.0067s ]
SQL: SELECT * FROM `qs_sqk_sys_userapp_info` WHERE `id` = 105 LIMIT 1   [ RunTime:0.0021s ]
SQL: INSERT INTO `qs_sqk_integral_trading_record` (`income_id`,`payment_id`,`income_type`,`payment_type`,`trading_integral`,`trading_time`,`exchange_method_id`,`trading_number`) VALUES ('38','105','2','3','123','2018-05-11 09:22:06','2','11265726201805118183') [ RunTime:0.0013s ]
SQL: UPDATE `qs_sqk_sys_userapp_info` SET `integral_num`=integral_num-123 WHERE `id` = 105 [ RunTime:0.0012s ]
SQL: UPDATE `qs_sqk_seller_info` SET `integral_num`=integral_num+123 WHERE `id` = 38 [ RunTime:0.0013s ]
SQL: UPDATE `qs_sqk_seller_info` SET `exp_num`=exp_num+123 WHERE `id` = 38 [ RunTime:0.0011s ]
SQL: UPDATE `qs_sqk_integral_trading_record` SET `status`='1' WHERE `id` = 62 [ RunTime:0.0012s ]

[ 2018-05-11T09:23:01+08:00 ] 127.0.0.1 /index.php/Seller/Qrcodeurl/kouFenExchange
INFO: [ app_begin ] --START--
INFO: Run Behavior\ReadHtmlCacheBehavior [ RunTime:0.000467s ]
INFO: [ app_begin ] --END-- [ RunTime:0.000843s ]
SQL: SHOW COLUMNS FROM `qs_sqk_sys_config_def` [ RunTime:0.0049s ]
SQL: SELECT * FROM `qs_sqk_sys_config_def`  [ RunTime:0.0017s ]
SQL: SHOW COLUMNS FROM `qs_sqk_integral_trading_record` [ RunTime:0.0084s ]
SQL: SHOW COLUMNS FROM `qs_sqk_sys_userapp_info` [ RunTime:0.0056s ]
SQL: SHOW COLUMNS FROM `qs_sqk_seller_info` [ RunTime:0.0056s ]
SQL: SELECT * FROM `qs_sqk_sys_userapp_info` WHERE `id` = 105 LIMIT 1   [ RunTime:0.0016s ]
SQL: INSERT INTO `qs_sqk_integral_trading_record` (`income_id`,`payment_id`,`income_type`,`payment_type`,`trading_integral`,`trading_time`,`exchange_method_id`,`trading_number`) VALUES ('38','105','2','3','123','2018-05-11 09:23:01','2','11265781201805114256') [ RunTime:0.0013s ]
SQL: UPDATE `qs_sqk_sys_userapp_info` SET `integral_num`=integral_num-123 WHERE `id` = 105 [ RunTime:0.0013s ]
SQL: UPDATE `qs_sqk_seller_info` SET `integral_num`=integral_num+123 WHERE `id` = 38 [ RunTime:0.0012s ]
SQL: UPDATE `qs_sqk_seller_info` SET `exp_num`=exp_num+123 WHERE `id` = 38 [ RunTime:0.0012s ]
SQL: UPDATE `qs_sqk_integral_trading_record` SET `status`='1' WHERE `id` = 63 [ RunTime:0.0013s ]

[ 2018-05-11T09:23:31+08:00 ] 127.0.0.1 /index.php/Seller/Qrcodeurl/kouFenExchange
INFO: [ app_begin ] --START--
INFO: Run Behavior\ReadHtmlCacheBehavior [ RunTime:0.000383s ]
INFO: [ app_begin ] --END-- [ RunTime:0.000726s ]
SQL: SHOW COLUMNS FROM `qs_sqk_sys_config_def` [ RunTime:0.0050s ]
SQL: SELECT * FROM `qs_sqk_sys_config_def`  [ RunTime:0.0015s ]
SQL: SHOW COLUMNS FROM `qs_sqk_integral_trading_record` [ RunTime:0.0059s ]
SQL: SHOW COLUMNS FROM `qs_sqk_sys_userapp_info` [ RunTime:0.0055s ]
SQL: SHOW COLUMNS FROM `qs_sqk_seller_info` [ RunTime:0.0054s ]
SQL: SELECT * FROM `qs_sqk_sys_userapp_info` WHERE `id` = 105 LIMIT 1   [ RunTime:0.0021s ]
SQL: INSERT INTO `qs_sqk_integral_trading_record` (`income_id`,`payment_id`,`income_type`,`payment_type`,`trading_integral`,`trading_time`,`exchange_method_id`,`trading_number`) VALUES ('38','105','2','3','123','2018-05-11 09:23:31','2','11265811201805117625') [ RunTime:0.0011s ]
SQL: UPDATE `qs_sqk_sys_userapp_info` SET `integral_num`=integral_num-123 WHERE `id` = 105 [ RunTime:0.0012s ]
SQL: UPDATE `qs_sqk_seller_info` SET `integral_num`=integral_num+123 WHERE `id` = 38 [ RunTime:0.0012s ]
SQL: UPDATE `qs_sqk_seller_info` SET `exp_num`=exp_num+123 WHERE `id` = 38 [ RunTime:0.0013s ]
SQL: UPDATE `qs_sqk_integral_trading_record` SET `status`='1' WHERE `id` = 64 [ RunTime:0.0008s ]

[ 2018-05-11T09:24:12+08:00 ] 127.0.0.1 /index.php/Seller/Qrcodeurl/kouFenExchange
INFO: [ app_begin ] --START--
INFO: Run Behavior\ReadHtmlCacheBehavior [ RunTime:0.000397s ]
INFO: [ app_begin ] --END-- [ RunTime:0.000779s ]
SQL: SHOW COLUMNS FROM `qs_sqk_sys_config_def` [ RunTime:0.0051s ]
SQL: SELECT * FROM `qs_sqk_sys_config_def`  [ RunTime:0.0015s ]
SQL: SHOW COLUMNS FROM `qs_sqk_integral_trading_record` [ RunTime:0.0054s ]
SQL: SHOW COLUMNS FROM `qs_sqk_sys_userapp_info` [ RunTime:0.0067s ]
SQL: SHOW COLUMNS FROM `qs_sqk_seller_info` [ RunTime:0.0049s ]
SQL: SELECT * FROM `qs_sqk_sys_userapp_info` WHERE `id` = 105 LIMIT 1   [ RunTime:0.0022s ]
SQL: INSERT INTO `qs_sqk_integral_trading_record` (`income_id`,`payment_id`,`income_type`,`payment_type`,`trading_integral`,`trading_time`,`exchange_method_id`,`trading_number`) VALUES ('38','105','2','3','123','2018-05-11 09:24:12','2','11265852201805112023') [ RunTime:0.0009s ]
SQL: UPDATE `qs_sqk_sys_userapp_info` SET `integral_num`=integral_num-123 WHERE `id` = 105 [ RunTime:0.0013s ]
SQL: UPDATE `qs_sqk_seller_info` SET `integral_num`=integral_num+123 WHERE `id` = 38 [ RunTime:0.0012s ]
SQL: UPDATE `qs_sqk_seller_info` SET `exp_num`=exp_num+123 WHERE `id` = 38 [ RunTime:0.0011s ]
SQL: UPDATE `qs_sqk_integral_trading_record` SET `status`='1' WHERE `id` = 65 [ RunTime:0.0012s ]

[ 2018-05-11T09:32:52+08:00 ] 127.0.0.1 /index.php/Seller/index/checkIsLogin
INFO: [ app_begin ] --START--
INFO: Run Behavior\ReadHtmlCacheBehavior [ RunTime:0.000493s ]
INFO: [ app_begin ] --END-- [ RunTime:0.000862s ]
SQL: SHOW COLUMNS FROM `qs_sqk_sys_config_def` [ RunTime:0.0065s ]
SQL: SELECT * FROM `qs_sqk_sys_config_def`  [ RunTime:0.0027s ]
NOTIC: [8] Undefined variable: data E:\wamp\www\qskj_project_sqk_debug_git\qskj_sqk\sqk\Application\Seller\Controller\IndexController.class.php 第 65 行.

[ 2018-05-11T09:32:52+08:00 ] 127.0.0.1 /index.php/Seller/Goods/getList
INFO: [ app_begin ] --START--
INFO: Run Behavior\ReadHtmlCacheBehavior [ RunTime:0.000616s ]
INFO: [ app_begin ] --END-- [ RunTime:0.001054s ]
SQL: SHOW COLUMNS FROM `qs_sqk_sys_config_def` [ RunTime:0.0059s ]
SQL: SELECT * FROM `qs_sqk_sys_config_def`  [ RunTime:0.0016s ]
SQL: SHOW COLUMNS FROM `qs_sqk_seller_integral_goods` [ RunTime:0.0044s ]
NOTIC: [8] Use of undefined constant LEFT - assumed 'LEFT' E:\wamp\www\qskj_project_sqk_debug_git\qskj_sqk\sqk\Application\Admin\Model\BaseModel.class.php 第 93 行.
NOTIC: [8] Use of undefined constant LEFT - assumed 'LEFT' E:\wamp\www\qskj_project_sqk_debug_git\qskj_sqk\sqk\Application\Admin\Model\BaseModel.class.php 第 93 行.
SQL: SELECT qs_sqk_seller_integral_goods.*,qs_sqk_seller_info.name as seller_name FROM `qs_sqk_seller_integral_goods` LEFT JOIN qs_sqk_goods_exchange_record ON qs_sqk_goods_exchange_record.goods_id=qs_sqk_seller_integral_goods.id LEFT JOIN qs_sqk_seller_info ON qs_sqk_seller_info.id=qs_sqk_seller_integral_goods.seller_id  WHERE qs_sqk_seller_integral_goods.seller_id = '38' GROUP BY qs_sqk_seller_integral_goods.id ORDER BY qs_sqk_seller_integral_goods.id desc  [ RunTime:0.0085s ]
SQL: SELECT COUNT(*) AS tp_count FROM `qs_sqk_seller_integral_goods` LIMIT 1   [ RunTime:0.0011s ]
NOTIC: [8] Undefined variable: num E:\wamp\www\qskj_project_sqk_debug_git\qskj_sqk\sqk\Application\Seller\Controller\GoodsController.class.php 第 138 行.

[ 2018-05-11T09:33:33+08:00 ] 127.0.0.1 /index.php/Seller/index/checkIsLogin
INFO: [ app_begin ] --START--
INFO: Run Behavior\ReadHtmlCacheBehavior [ RunTime:0.000393s ]
INFO: [ app_begin ] --END-- [ RunTime:0.000742s ]
SQL: SHOW COLUMNS FROM `qs_sqk_sys_config_def` [ RunTime:0.0040s ]
SQL: SELECT * FROM `qs_sqk_sys_config_def`  [ RunTime:0.0017s ]
NOTIC: [8] Undefined variable: data E:\wamp\www\qskj_project_sqk_debug_git\qskj_sqk\sqk\Application\Seller\Controller\IndexController.class.php 第 65 行.

[ 2018-05-11T09:34:22+08:00 ] 127.0.0.1 /index.php/Seller/index/checkIsLogin
INFO: [ app_begin ] --START--
INFO: Run Behavior\ReadHtmlCacheBehavior [ RunTime:0.000642s ]
INFO: [ app_begin ] --END-- [ RunTime:0.001126s ]
SQL: SHOW COLUMNS FROM `qs_sqk_sys_config_def` [ RunTime:0.0056s ]
SQL: SELECT * FROM `qs_sqk_sys_config_def`  [ RunTime:0.0017s ]
NOTIC: [8] Undefined variable: data E:\wamp\www\qskj_project_sqk_debug_git\qskj_sqk\sqk\Application\Seller\Controller\IndexController.class.php 第 65 行.

[ 2018-05-11T09:34:22+08:00 ] 127.0.0.1 /index.php/Seller/Goods/getList
INFO: [ app_begin ] --START--
INFO: Run Behavior\ReadHtmlCacheBehavior [ RunTime:0.000427s ]
INFO: [ app_begin ] --END-- [ RunTime:0.000884s ]
SQL: SHOW COLUMNS FROM `qs_sqk_sys_config_def` [ RunTime:0.0052s ]
SQL: SELECT * FROM `qs_sqk_sys_config_def`  [ RunTime:0.0015s ]
SQL: SHOW COLUMNS FROM `qs_sqk_seller_integral_goods` [ RunTime:0.0052s ]
NOTIC: [8] Use of undefined constant LEFT - assumed 'LEFT' E:\wamp\www\qskj_project_sqk_debug_git\qskj_sqk\sqk\Application\Admin\Model\BaseModel.class.php 第 93 行.
NOTIC: [8] Use of undefined constant LEFT - assumed 'LEFT' E:\wamp\www\qskj_project_sqk_debug_git\qskj_sqk\sqk\Application\Admin\Model\BaseModel.class.php 第 93 行.
SQL: SELECT qs_sqk_seller_integral_goods.*,qs_sqk_seller_info.name as seller_name FROM `qs_sqk_seller_integral_goods` LEFT JOIN qs_sqk_goods_exchange_record ON qs_sqk_goods_exchange_record.goods_id=qs_sqk_seller_integral_goods.id LEFT JOIN qs_sqk_seller_info ON qs_sqk_seller_info.id=qs_sqk_seller_integral_goods.seller_id  WHERE qs_sqk_seller_integral_goods.seller_id = '38' GROUP BY qs_sqk_seller_integral_goods.id ORDER BY qs_sqk_seller_integral_goods.id desc  [ RunTime:0.0075s ]
SQL: SELECT COUNT(*) AS tp_count FROM `qs_sqk_seller_integral_goods` LIMIT 1   [ RunTime:0.0011s ]
NOTIC: [8] Undefined variable: num E:\wamp\www\qskj_project_sqk_debug_git\qskj_sqk\sqk\Application\Seller\Controller\GoodsController.class.php 第 138 行.

[ 2018-05-11T09:34:24+08:00 ] 127.0.0.1 /index.php/Seller/index/checkIsLogin
INFO: [ app_begin ] --START--
INFO: Run Behavior\ReadHtmlCacheBehavior [ RunTime:0.000428s ]
INFO: [ app_begin ] --END-- [ RunTime:0.000853s ]
SQL: SHOW COLUMNS FROM `qs_sqk_sys_config_def` [ RunTime:0.0052s ]
SQL: SELECT * FROM `qs_sqk_sys_config_def`  [ RunTime:0.0019s ]
NOTIC: [8] Undefined variable: data E:\wamp\www\qskj_project_sqk_debug_git\qskj_sqk\sqk\Application\Seller\Controller\IndexController.class.php 第 65 行.

[ 2018-05-11T09:35:18+08:00 ] 127.0.0.1 /index.php/Seller/index/checkIsLogin
INFO: [ app_begin ] --START--
INFO: Run Behavior\ReadHtmlCacheBehavior [ RunTime:0.000435s ]
INFO: [ app_begin ] --END-- [ RunTime:0.000879s ]
SQL: SHOW COLUMNS FROM `qs_sqk_sys_config_def` [ RunTime:0.0047s ]
SQL: SELECT * FROM `qs_sqk_sys_config_def`  [ RunTime:0.0023s ]
NOTIC: [8] Undefined variable: data E:\wamp\www\qskj_project_sqk_debug_git\qskj_sqk\sqk\Application\Seller\Controller\IndexController.class.php 第 65 行.

[ 2018-05-11T09:35:18+08:00 ] 127.0.0.1 /index.php/Seller/Goods/getList
INFO: [ app_begin ] --START--
INFO: Run Behavior\ReadHtmlCacheBehavior [ RunTime:0.000689s ]
INFO: [ app_begin ] --END-- [ RunTime:0.001200s ]
SQL: SHOW COLUMNS FROM `qs_sqk_sys_config_def` [ RunTime:0.0056s ]
SQL: SELECT * FROM `qs_sqk_sys_config_def`  [ RunTime:0.0017s ]
SQL: SHOW COLUMNS FROM `qs_sqk_seller_integral_goods` [ RunTime:0.0048s ]
NOTIC: [8] Use of undefined constant LEFT - assumed 'LEFT' E:\wamp\www\qskj_project_sqk_debug_git\qskj_sqk\sqk\Application\Admin\Model\BaseModel.class.php 第 93 行.
NOTIC: [8] Use of undefined constant LEFT - assumed 'LEFT' E:\wamp\www\qskj_project_sqk_debug_git\qskj_sqk\sqk\Application\Admin\Model\BaseModel.class.php 第 93 行.
SQL: SELECT qs_sqk_seller_integral_goods.*,qs_sqk_seller_info.name as seller_name FROM `qs_sqk_seller_integral_goods` LEFT JOIN qs_sqk_goods_exchange_record ON qs_sqk_goods_exchange_record.goods_id=qs_sqk_seller_integral_goods.id LEFT JOIN qs_sqk_seller_info ON qs_sqk_seller_info.id=qs_sqk_seller_integral_goods.seller_id  WHERE qs_sqk_seller_integral_goods.seller_id = '38' GROUP BY qs_sqk_seller_integral_goods.id ORDER BY qs_sqk_seller_integral_goods.id desc  [ RunTime:0.0081s ]
SQL: SELECT COUNT(*) AS tp_count FROM `qs_sqk_seller_integral_goods` LIMIT 1   [ RunTime:0.0021s ]
NOTIC: [8] Undefined variable: num E:\wamp\www\qskj_project_sqk_debug_git\qskj_sqk\sqk\Application\Seller\Controller\GoodsController.class.php 第 138 行.

[ 2018-05-11T09:35:32+08:00 ] 127.0.0.1 /index.php/Seller/index/checkIsLogin
INFO: [ app_begin ] --START--
INFO: Run Behavior\ReadHtmlCacheBehavior [ RunTime:0.000457s ]
INFO: [ app_begin ] --END-- [ RunTime:0.000892s ]
SQL: SHOW COLUMNS FROM `qs_sqk_sys_config_def` [ RunTime:0.0061s ]
SQL: SELECT * FROM `qs_sqk_sys_config_def`  [ RunTime:0.0014s ]
NOTIC: [8] Undefined variable: data E:\wamp\www\qskj_project_sqk_debug_git\qskj_sqk\sqk\Application\Seller\Controller\IndexController.class.php 第 65 行.

[ 2018-05-11T09:35:36+08:00 ] 127.0.0.1 /index.php/Seller/index/checkIsLogin
INFO: [ app_begin ] --START--
INFO: Run Behavior\ReadHtmlCacheBehavior [ RunTime:0.000488s ]
INFO: [ app_begin ] --END-- [ RunTime:0.000883s ]
SQL: SHOW COLUMNS FROM `qs_sqk_sys_config_def` [ RunTime:0.0061s ]
SQL: SELECT * FROM `qs_sqk_sys_config_def`  [ RunTime:0.0015s ]
NOTIC: [8] Undefined variable: data E:\wamp\www\qskj_project_sqk_debug_git\qskj_sqk\sqk\Application\Seller\Controller\IndexController.class.php 第 65 行.

[ 2018-05-11T09:35:36+08:00 ] 127.0.0.1 /index.php/Seller/Goods/getList
INFO: [ app_begin ] --START--
INFO: Run Behavior\ReadHtmlCacheBehavior [ RunTime:0.000436s ]
INFO: [ app_begin ] --END-- [ RunTime:0.000873s ]
SQL: SHOW COLUMNS FROM `qs_sqk_sys_config_def` [ RunTime:0.0057s ]
SQL: SELECT * FROM `qs_sqk_sys_config_def`  [ RunTime:0.0015s ]
SQL: SHOW COLUMNS FROM `qs_sqk_seller_integral_goods` [ RunTime:0.0066s ]
NOTIC: [8] Use of undefined constant LEFT - assumed 'LEFT' E:\wamp\www\qskj_project_sqk_debug_git\qskj_sqk\sqk\Application\Admin\Model\BaseModel.class.php 第 93 行.
NOTIC: [8] Use of undefined constant LEFT - assumed 'LEFT' E:\wamp\www\qskj_project_sqk_debug_git\qskj_sqk\sqk\Application\Admin\Model\BaseModel.class.php 第 93 行.
SQL: SELECT qs_sqk_seller_integral_goods.*,qs_sqk_seller_info.name as seller_name FROM `qs_sqk_seller_integral_goods` LEFT JOIN qs_sqk_goods_exchange_record ON qs_sqk_goods_exchange_record.goods_id=qs_sqk_seller_integral_goods.id LEFT JOIN qs_sqk_seller_info ON qs_sqk_seller_info.id=qs_sqk_seller_integral_goods.seller_id  WHERE qs_sqk_seller_integral_goods.seller_id = '38' GROUP BY qs_sqk_seller_integral_goods.id ORDER BY qs_sqk_seller_integral_goods.id desc  [ RunTime:0.0085s ]
SQL: SELECT COUNT(*) AS tp_count FROM `qs_sqk_seller_integral_goods` LIMIT 1   [ RunTime:0.0013s ]
NOTIC: [8] Undefined variable: num E:\wamp\www\qskj_project_sqk_debug_git\qskj_sqk\sqk\Application\Seller\Controller\GoodsController.class.php 第 138 行.

[ 2018-05-11T09:55:36+08:00 ] 127.0.0.1 /index.php/Seller/index/checkIsLogin
INFO: [ app_begin ] --START--
INFO: Run Behavior\ReadHtmlCacheBehavior [ RunTime:0.000404s ]
INFO: [ app_begin ] --END-- [ RunTime:0.000763s ]
SQL: SHOW COLUMNS FROM `qs_sqk_sys_config_def` [ RunTime:0.0051s ]
SQL: SELECT * FROM `qs_sqk_sys_config_def`  [ RunTime:0.0017s ]
NOTIC: [8] Undefined variable: data E:\wamp\www\qskj_project_sqk_debug_git\qskj_sqk\sqk\Application\Seller\Controller\IndexController.class.php 第 56 行.

[ 2018-05-11T09:55:43+08:00 ] 127.0.0.1 /index.php/Seller/index/checkIsLogin
INFO: [ app_begin ] --START--
INFO: Run Behavior\ReadHtmlCacheBehavior [ RunTime:0.000464s ]
INFO: [ app_begin ] --END-- [ RunTime:0.000905s ]
SQL: SHOW COLUMNS FROM `qs_sqk_sys_config_def` [ RunTime:0.0037s ]
SQL: SELECT * FROM `qs_sqk_sys_config_def`  [ RunTime:0.0018s ]
NOTIC: [8] Undefined variable: data E:\wamp\www\qskj_project_sqk_debug_git\qskj_sqk\sqk\Application\Seller\Controller\IndexController.class.php 第 56 行.

[ 2018-05-11T09:56:18+08:00 ] 127.0.0.1 /index.php/Seller/index/checkIsLogin
INFO: [ app_begin ] --START--
INFO: Run Behavior\ReadHtmlCacheBehavior [ RunTime:0.000419s ]
INFO: [ app_begin ] --END-- [ RunTime:0.001098s ]
SQL: SHOW COLUMNS FROM `qs_sqk_sys_config_def` [ RunTime:0.0050s ]
SQL: SELECT * FROM `qs_sqk_sys_config_def`  [ RunTime:0.0017s ]

[ 2018-05-11T09:56:33+08:00 ] 127.0.0.1 /index.php/Seller/index/checkIsLogin
INFO: [ app_begin ] --START--
INFO: Run Behavior\ReadHtmlCacheBehavior [ RunTime:0.000410s ]
INFO: [ app_begin ] --END-- [ RunTime:0.000889s ]
SQL: SHOW COLUMNS FROM `qs_sqk_sys_config_def` [ RunTime:0.0041s ]
SQL: SELECT * FROM `qs_sqk_sys_config_def`  [ RunTime:0.0017s ]

[ 2018-05-11T09:57:41+08:00 ] 127.0.0.1 /index.php/Seller/index/checkIsLogin
INFO: [ app_begin ] --START--
INFO: Run Behavior\ReadHtmlCacheBehavior [ RunTime:0.000420s ]
INFO: [ app_begin ] --END-- [ RunTime:0.000931s ]
SQL: SHOW COLUMNS FROM `qs_sqk_sys_config_def` [ RunTime:0.0048s ]
SQL: SELECT * FROM `qs_sqk_sys_config_def`  [ RunTime:0.0016s ]

[ 2018-05-11T09:57:47+08:00 ] 127.0.0.1 /index.php/Seller/index/checkIsLogin
INFO: [ app_begin ] --START--
INFO: Run Behavior\ReadHtmlCacheBehavior [ RunTime:0.000409s ]
INFO: [ app_begin ] --END-- [ RunTime:0.000850s ]
SQL: SHOW COLUMNS FROM `qs_sqk_sys_config_def` [ RunTime:0.0038s ]
SQL: SELECT * FROM `qs_sqk_sys_config_def`  [ RunTime:0.0019s ]

[ 2018-05-11T09:57:50+08:00 ] 127.0.0.1 /index.php/Seller/Qrcodeurl/exchangeGoods
INFO: [ app_begin ] --START--
INFO: Run Behavior\ReadHtmlCacheBehavior [ RunTime:0.000401s ]
INFO: [ app_begin ] --END-- [ RunTime:0.000817s ]
SQL: SHOW COLUMNS FROM `qs_sqk_sys_config_def` [ RunTime:0.0041s ]
SQL: SELECT * FROM `qs_sqk_sys_config_def`  [ RunTime:0.0022s ]
NOTIC: [8] Undefined variable: flag E:\wamp\www\qskj_project_sqk_debug_git\qskj_sqk\sqk\Application\Seller\Controller\QrcodeurlController.class.php 第 144 行.
NOTIC: [8] Undefined variable: relation_id E:\wamp\www\qskj_project_sqk_debug_git\qskj_sqk\sqk\Application\Seller\Controller\QrcodeurlController.class.php 第 165 行.

[ 2018-05-11T09:59:03+08:00 ] 127.0.0.1 /index.php/Seller/index/checkIsLogin
INFO: [ app_begin ] --START--
INFO: Run Behavior\ReadHtmlCacheBehavior [ RunTime:0.000422s ]
INFO: [ app_begin ] --END-- [ RunTime:0.000806s ]
SQL: SHOW COLUMNS FROM `qs_sqk_sys_config_def` [ RunTime:0.0046s ]
SQL: SELECT * FROM `qs_sqk_sys_config_def`  [ RunTime:0.0019s ]

[ 2018-05-11T09:59:05+08:00 ] 127.0.0.1 /index.php/Seller/Qrcodeurl/exchangeGoods
INFO: [ app_begin ] --START--
INFO: Run Behavior\ReadHtmlCacheBehavior [ RunTime:0.000397s ]
INFO: [ app_begin ] --END-- [ RunTime:0.000748s ]
SQL: SHOW COLUMNS FROM `qs_sqk_sys_config_def` [ RunTime:0.0039s ]
SQL: SELECT * FROM `qs_sqk_sys_config_def`  [ RunTime:0.0014s ]
SQL: SHOW COLUMNS FROM `qs_sqk_goods_exchange_record` [ RunTime:0.0052s ]
SQL: INSERT INTO `qs_sqk_goods_exchange_record` (`seller_id`,`goods_id`,`exchange_integral`,`user_id`,`exchange_number`,`exchange_method_id`,`status`) VALUES ('38','8','29','106','11267945201805119438','1','1') [ RunTime:0.0019s ]
SQL: SHOW COLUMNS FROM `qs_sqk_integral_trading_record` [ RunTime:0.0056s ]
SQL: INSERT INTO `qs_sqk_integral_trading_record` (`income_id`,`payment_id`,`income_type`,`payment_type`,`trading_number`,`trading_integral`,`exchange_method_id`,`relation_id`,`status`) VALUES ('38','106','2','3','11267945201805119438','29','1','40','1') [ RunTime:0.0010s ]
SQL: SHOW COLUMNS FROM `qs_sqk_seller_info` [ RunTime:0.0040s ]
SQL: UPDATE `qs_sqk_seller_info` SET `integral_num`=integral_num+29 WHERE ( id=38 ) [ RunTime:0.0010s ]
SQL: SHOW COLUMNS FROM `qs_sqk_seller_info` [ RunTime:0.0044s ]
SQL: UPDATE `qs_sqk_seller_info` SET `exp_num`=exp_num+29 WHERE ( id=38 ) [ RunTime:0.0012s ]
SQL: SHOW COLUMNS FROM `qs_sqk_sys_userapp_info` [ RunTime:0.0045s ]
SQL: UPDATE `qs_sqk_sys_userapp_info` SET `integral_num`=integral_num-29 WHERE ( id=106 ) [ RunTime:0.0010s ]
SQL: SHOW COLUMNS FROM `qs_sqk_seller_info` [ RunTime:0.0047s ]
SQL: SELECT * FROM `qs_sqk_seller_info` WHERE `id` = '38' LIMIT 1   [ RunTime:0.0011s ]
SQL: SHOW COLUMNS FROM `qs_sqk_sys_userapp_info` [ RunTime:0.0038s ]
SQL: SELECT * FROM `qs_sqk_sys_userapp_info` WHERE `id` = '106' LIMIT 1   [ RunTime:0.0018s ]
SQL: SHOW COLUMNS FROM `qs_sqk_seller_integral_goods` [ RunTime:0.0041s ]
SQL: SELECT * FROM `qs_sqk_seller_integral_goods` WHERE `id` = '8' LIMIT 1   [ RunTime:0.0018s ]

[ 2018-05-11T10:08:27+08:00 ] 127.0.0.1 /index.php/Seller/index/checkIsLogin
INFO: [ app_begin ] --START--
INFO: Run Behavior\ReadHtmlCacheBehavior [ RunTime:0.000612s ]
INFO: [ app_begin ] --END-- [ RunTime:0.001041s ]
SQL: SHOW COLUMNS FROM `qs_sqk_sys_config_def` [ RunTime:0.0067s ]
SQL: SELECT * FROM `qs_sqk_sys_config_def`  [ RunTime:0.0014s ]

[ 2018-05-11T10:08:29+08:00 ] 127.0.0.1 /index.php/Seller/Qrcodeurl/exchangeGoods
INFO: [ app_begin ] --START--
INFO: Run Behavior\ReadHtmlCacheBehavior [ RunTime:0.000408s ]
INFO: [ app_begin ] --END-- [ RunTime:0.000750s ]
SQL: SHOW COLUMNS FROM `qs_sqk_sys_config_def` [ RunTime:0.0051s ]
SQL: SELECT * FROM `qs_sqk_sys_config_def`  [ RunTime:0.0016s ]
SQL: SHOW COLUMNS FROM `qs_sqk_goods_exchange_record` [ RunTime:0.0048s ]
SQL: INSERT INTO `qs_sqk_goods_exchange_record` (`seller_id`,`goods_id`,`exchange_integral`,`user_id`,`exchange_number`,`exchange_method_id`,`status`) VALUES ('38','8','29','106','11268509201805114383','1','1') [ RunTime:0.0013s ]
SQL: SHOW COLUMNS FROM `qs_sqk_integral_trading_record` [ RunTime:0.0034s ]
SQL: INSERT INTO `qs_sqk_integral_trading_record` (`income_id`,`payment_id`,`income_type`,`payment_type`,`trading_number`,`trading_integral`,`exchange_method_id`,`relation_id`,`status`) VALUES ('38','106','2','3','11268509201805114383','29','1','41','1') [ RunTime:0.0010s ]
SQL: SHOW COLUMNS FROM `qs_sqk_seller_info` [ RunTime:0.0035s ]
SQL: UPDATE `qs_sqk_seller_info` SET `integral_num`=integral_num+29 WHERE ( id=38 ) [ RunTime:0.0009s ]
SQL: SHOW COLUMNS FROM `qs_sqk_seller_info` [ RunTime:0.0042s ]
SQL: UPDATE `qs_sqk_seller_info` SET `exp_num`=exp_num+29 WHERE ( id=38 ) [ RunTime:0.0009s ]
SQL: SHOW COLUMNS FROM `qs_sqk_sys_userapp_info` [ RunTime:0.0036s ]
SQL: UPDATE `qs_sqk_sys_userapp_info` SET `integral_num`=integral_num-29 WHERE ( id=106 ) [ RunTime:0.0009s ]
SQL: SHOW COLUMNS FROM `qs_sqk_seller_info` [ RunTime:0.0047s ]
SQL: SELECT * FROM `qs_sqk_seller_info` WHERE `id` = '38' LIMIT 1   [ RunTime:0.0010s ]
SQL: SHOW COLUMNS FROM `qs_sqk_sys_userapp_info` [ RunTime:0.0038s ]
SQL: SELECT * FROM `qs_sqk_sys_userapp_info` WHERE `id` = '106' LIMIT 1   [ RunTime:0.0009s ]
SQL: SHOW COLUMNS FROM `qs_sqk_seller_integral_goods` [ RunTime:0.0041s ]
SQL: SELECT * FROM `qs_sqk_seller_integral_goods` WHERE `id` = '8' LIMIT 1   [ RunTime:0.0017s ]

[ 2018-05-11T10:08:59+08:00 ] 127.0.0.1 /index.php/Seller/index/checkIsLogin
INFO: [ app_begin ] --START--
INFO: Run Behavior\ReadHtmlCacheBehavior [ RunTime:0.000396s ]
INFO: [ app_begin ] --END-- [ RunTime:0.000747s ]
SQL: SHOW COLUMNS FROM `qs_sqk_sys_config_def` [ RunTime:0.0057s ]
SQL: SELECT * FROM `qs_sqk_sys_config_def`  [ RunTime:0.0015s ]

[ 2018-05-11T16:49:49+08:00 ] 127.0.0.1 /index.php/Seller/index/checkIsLogin
INFO: [ app_begin ] --START--
INFO: Run Behavior\ReadHtmlCacheBehavior [ RunTime:0.000631s ]
INFO: [ app_begin ] --END-- [ RunTime:0.001079s ]
SQL: SHOW COLUMNS FROM `qs_sqk_sys_config_def` [ RunTime:0.0063s ]
SQL: SELECT * FROM `qs_sqk_sys_config_def`  [ RunTime:0.0017s ]

[ 2018-05-11T16:49:51+08:00 ] 127.0.0.1 /index.php/Seller/index/checkIsLogin
INFO: [ app_begin ] --START--
INFO: Run Behavior\ReadHtmlCacheBehavior [ RunTime:0.000518s ]
INFO: [ app_begin ] --END-- [ RunTime:0.000898s ]
SQL: SHOW COLUMNS FROM `qs_sqk_sys_config_def` [ RunTime:0.0053s ]
SQL: SELECT * FROM `qs_sqk_sys_config_def`  [ RunTime:0.0021s ]

[ 2018-05-11T16:49:51+08:00 ] 127.0.0.1 /index.php/Seller/Seller/getSellerInfo?type=api
INFO: [ app_begin ] --START--
INFO: Run Behavior\ReadHtmlCacheBehavior [ RunTime:0.000639s ]
INFO: [ app_begin ] --END-- [ RunTime:0.001092s ]
SQL: SHOW COLUMNS FROM `qs_sqk_sys_config_def` [ RunTime:0.0038s ]
SQL: SELECT * FROM `qs_sqk_sys_config_def`  [ RunTime:0.0028s ]
SQL: SHOW COLUMNS FROM `qs_sqk_seller_info` [ RunTime:0.0046s ]
SQL: SELECT * FROM `qs_sqk_seller_info` WHERE `id` = 38 LIMIT 1   [ RunTime:0.0029s ]
SQL: SHOW COLUMNS FROM `qs_sqk_sys_all_attach` [ RunTime:0.0058s ]
SQL: SELECT * FROM `qs_sqk_sys_all_attach` WHERE `module_info_id` = 38 AND `module_name` = 'zz_seller' ORDER BY id desc  [ RunTime:0.0018s ]

[ 2018-05-11T16:49:54+08:00 ] 127.0.0.1 /index.php/Seller/index/checkIsLogin
INFO: [ app_begin ] --START--
INFO: Run Behavior\ReadHtmlCacheBehavior [ RunTime:0.000407s ]
INFO: [ app_begin ] --END-- [ RunTime:0.000851s ]
SQL: SHOW COLUMNS FROM `qs_sqk_sys_config_def` [ RunTime:0.0043s ]
SQL: SELECT * FROM `qs_sqk_sys_config_def`  [ RunTime:0.0013s ]

[ 2018-05-11T16:50:21+08:00 ] 127.0.0.1 /index.php/Seller/index/checkIsLogin
INFO: [ app_begin ] --START--
INFO: Run Behavior\ReadHtmlCacheBehavior [ RunTime:0.000399s ]
INFO: [ app_begin ] --END-- [ RunTime:0.000754s ]
SQL: SHOW COLUMNS FROM `qs_sqk_sys_config_def` [ RunTime:0.0048s ]
SQL: SELECT * FROM `qs_sqk_sys_config_def`  [ RunTime:0.0016s ]

[ 2018-05-11T16:50:25+08:00 ] 127.0.0.1 /index.php/Seller/seller/seller_hom
ERR: 非法操作:seller_hom

[ 2018-05-11T16:50:31+08:00 ] 127.0.0.1 /index.php/Seller/index/checkIsLogin
INFO: [ app_begin ] --START--
INFO: Run Behavior\ReadHtmlCacheBehavior [ RunTime:0.000508s ]
INFO: [ app_begin ] --END-- [ RunTime:0.001001s ]
SQL: SHOW COLUMNS FROM `qs_sqk_sys_config_def` [ RunTime:0.0037s ]
SQL: SELECT * FROM `qs_sqk_sys_config_def`  [ RunTime:0.0013s ]

[ 2018-05-11T16:50:46+08:00 ] 127.0.0.1 /index.php/Seller/index/checkIsLogin
INFO: [ app_begin ] --START--
INFO: Run Behavior\ReadHtmlCacheBehavior [ RunTime:0.000502s ]
INFO: [ app_begin ] --END-- [ RunTime:0.000972s ]
SQL: SHOW COLUMNS FROM `qs_sqk_sys_config_def` [ RunTime:0.0041s ]
SQL: SELECT * FROM `qs_sqk_sys_config_def`  [ RunTime:0.0017s ]

[ 2018-05-11T16:50:53+08:00 ] 127.0.0.1 /index.php/Seller/Seller/saveTxInfo
INFO: [ app_begin ] --START--
INFO: Run Behavior\ReadHtmlCacheBehavior [ RunTime:0.002059s ]
INFO: [ app_begin ] --END-- [ RunTime:0.002882s ]
SQL: SHOW COLUMNS FROM `qs_sqk_sys_config_def` [ RunTime:0.0071s ]
SQL: SELECT * FROM `qs_sqk_sys_config_def`  [ RunTime:0.0016s ]
SQL: SHOW COLUMNS FROM `qs_sqk_sys_all_attach` [ RunTime:0.0046s ]
SQL: UPDATE `qs_sqk_sys_all_attach` SET `module_info_id`='38' WHERE `id` = '404' [ RunTime:0.0016s ]
SQL: SELECT * FROM `qs_sqk_sys_all_attach` WHERE `id` = '404' LIMIT 1   [ RunTime:0.0021s ]
SQL: SHOW COLUMNS FROM `qs_sqk_seller_info` [ RunTime:0.0038s ]
SQL: UPDATE `qs_sqk_seller_info` SET `tx_path`='Public/Upload/tx_seller/2018-05-11/5af5596a820c3.jpg' WHERE ( id=38 ) [ RunTime:0.0009s ]

[ 2018-05-11T16:50:53+08:00 ] 127.0.0.1 /index.php/Seller/index/checkIsLogin
INFO: [ app_begin ] --START--
INFO: Run Behavior\ReadHtmlCacheBehavior [ RunTime:0.000431s ]
INFO: [ app_begin ] --END-- [ RunTime:0.000843s ]
SQL: SHOW COLUMNS FROM `qs_sqk_sys_config_def` [ RunTime:0.0061s ]
SQL: SELECT * FROM `qs_sqk_sys_config_def`  [ RunTime:0.0016s ]

[ 2018-05-11T16:50:56+08:00 ] 127.0.0.1 /index.php/Seller/index/checkIsLogin
INFO: [ app_begin ] --START--
INFO: Run Behavior\ReadHtmlCacheBehavior [ RunTime:0.000454s ]
INFO: [ app_begin ] --END-- [ RunTime:0.000861s ]
SQL: SHOW COLUMNS FROM `qs_sqk_sys_config_def` [ RunTime:0.0058s ]
SQL: SELECT * FROM `qs_sqk_sys_config_def`  [ RunTime:0.0016s ]

