[ 2018-05-18T14:00:07+08:00 ] 127.0.0.1 /index.php/admin/login/checkIsLogin
INFO: [ app_begin ] --START--
INFO: Run Behavior\ReadHtmlCacheBehavior [ RunTime:0.000722s ]
INFO: [ app_begin ] --END-- [ RunTime:0.001315s ]
SQL: SHOW COLUMNS FROM `qs_sqk_sys_config_def` [ RunTime:0.0038s ]
SQL: SELECT * FROM `qs_sqk_sys_config_def`  [ RunTime:0.0028s ]
NOTIC: [8] Undefined variable: return E:\wamp\www\qskj_project_sqk_debug_git\qskj_sqk\sqk\Application\Admin\Controller\LoginController.class.php 第 115 行.

[ 2018-05-18T14:00:07+08:00 ] 127.0.0.1 /index.php/admin/SysPrivInfo/getPriviledges
INFO: [ app_begin ] --START--
INFO: Run Behavior\ReadHtmlCacheBehavior [ RunTime:0.000772s ]
INFO: [ app_begin ] --END-- [ RunTime:0.001240s ]
SQL: SHOW COLUMNS FROM `qs_sqk_sys_config_def` [ RunTime:0.0038s ]
SQL: SELECT * FROM `qs_sqk_sys_config_def`  [ RunTime:0.0021s ]
SQL: SHOW COLUMNS FROM `qs_sqk_sys_priv_cat` [ RunTime:0.0039s ]
SQL: SHOW COLUMNS FROM `qs_sqk_sys_priv_info` [ RunTime:0.0039s ]
NOTIC: [8] Undefined index: user_id E:\wamp\www\qskj_project_sqk_debug_git\qskj_sqk\sqk\Application\Admin\Controller\SysPrivInfoController.class.php 第 103 行.
INFO: [ app_end ] --START--
INFO: Run Behavior\ShowPageTraceBehavior [ RunTime:0.000787s ]
INFO: [ app_end ] --END-- [ RunTime:0.000887s ]

[ 2018-05-18T14:00:13+08:00 ] 127.0.0.1 /index.php/Admin/Login/loginSys
INFO: [ app_begin ] --START--
INFO: Run Behavior\ReadHtmlCacheBehavior [ RunTime:0.000548s ]
INFO: [ app_begin ] --END-- [ RunTime:0.000999s ]
SQL: SHOW COLUMNS FROM `qs_sqk_sys_config_def` [ RunTime:0.0041s ]
SQL: SELECT * FROM `qs_sqk_sys_config_def`  [ RunTime:0.0015s ]
SQL: SHOW COLUMNS FROM `qs_sqk_sys_user_info` [ RunTime:0.0162s ]
SQL: SELECT * FROM `qs_sqk_sys_user_info` WHERE ( binary usr="super" and pwd="592d510020d3eacdc3d5c89e2e148f7467de3e82" ) LIMIT 1   [ RunTime:0.0020s ]
NOTIC: [2048] Declaration of Admin\Controller\SysUserInfoController::getData() should be compatible with Admin\Controller\BaseDBController::getData($model, $id) E:\wamp\www\qskj_project_sqk_debug_git\qskj_sqk\sqk\Application\Admin\Controller\SysUserInfoController.class.php 第 14 行.
SQL: SELECT * FROM `qs_sqk_sys_config_def`  [ RunTime:0.0021s ]
SQL: SHOW COLUMNS FROM `qs_sqk_sys_user_group` [ RunTime:0.0043s ]
SQL: SHOW COLUMNS FROM `qs_sqk_sys_user_info` [ RunTime:0.0031s ]
SQL: SHOW COLUMNS FROM `qs_sqk_sys_priv_cat` [ RunTime:0.0029s ]
SQL: SHOW COLUMNS FROM `qs_sqk_sys_priv_info` [ RunTime:0.0031s ]
SQL: SHOW COLUMNS FROM `qs_sqk_seller_info` [ RunTime:0.0040s ]
SQL: SHOW COLUMNS FROM `qs_sqk_sys_user_group` [ RunTime:0.0031s ]
SQL: SELECT * FROM `qs_sqk_sys_user_group` WHERE ( id=5 ) LIMIT 1   [ RunTime:0.0011s ]
NOTIC: [8] Undefined index: HTTP_X_REAL_IP E:\wamp\www\qskj_project_sqk_debug_git\qskj_sqk\sqk\ThinkPHP\Common\functions.php 第 1477 行.
SQL: UPDATE `qs_sqk_sys_user_info` SET `last_ip`='127.0.0.1',`last_login_time`='2018-05-18 14:00:13' WHERE ( id=1 ) [ RunTime:0.0010s ]
SQL: SELECT * FROM `qs_sqk_sys_config_def`  [ RunTime:0.0013s ]
SQL: SHOW COLUMNS FROM `qs_sqk_sys_action_log` [ RunTime:0.0202s ]
SQL: INSERT INTO `qs_sqk_sys_action_log` (`c_name`,`a_name`,`action_info`,`user_name`,`ip`) VALUES ('login','loginSys','登录系统','管理员','127.0.0.1') [ RunTime:0.0009s ]

[ 2018-05-18T14:00:14+08:00 ] 127.0.0.1 /index.php/admin/login/checkIsLogin
INFO: [ app_begin ] --START--
INFO: Run Behavior\ReadHtmlCacheBehavior [ RunTime:0.000521s ]
INFO: [ app_begin ] --END-- [ RunTime:0.000905s ]
SQL: SHOW COLUMNS FROM `qs_sqk_sys_config_def` [ RunTime:0.0052s ]
SQL: SELECT * FROM `qs_sqk_sys_config_def`  [ RunTime:0.0024s ]
NOTIC: [8] Use of undefined constant SYSTEM_TOKEN - assumed 'SYSTEM_TOKEN' E:\wamp\www\qskj_project_sqk_debug_git\qskj_sqk\sqk\Application\Admin\Controller\LoginController.class.php 第 94 行.

[ 2018-05-18T14:00:14+08:00 ] 127.0.0.1 /index.php/admin/SysPrivInfo/getPriviledges
INFO: [ app_begin ] --START--
INFO: Run Behavior\ReadHtmlCacheBehavior [ RunTime:0.000676s ]
INFO: [ app_begin ] --END-- [ RunTime:0.001200s ]
SQL: SHOW COLUMNS FROM `qs_sqk_sys_config_def` [ RunTime:0.0039s ]
SQL: SELECT * FROM `qs_sqk_sys_config_def`  [ RunTime:0.0022s ]
SQL: SHOW COLUMNS FROM `qs_sqk_sys_priv_cat` [ RunTime:0.0038s ]
SQL: SHOW COLUMNS FROM `qs_sqk_sys_priv_info` [ RunTime:0.0043s ]
SQL: SHOW COLUMNS FROM `qs_sqk_sys_priv_info` [ RunTime:0.0041s ]
SQL: SELECT `pri_value` FROM `qs_sqk_sys_priv_info`  [ RunTime:0.0029s ]
SQL: SHOW COLUMNS FROM `qs_sqk_sys_user_info` [ RunTime:0.0039s ]
SQL: SELECT * FROM `qs_sqk_sys_user_info` WHERE ( id=1 ) LIMIT 1   [ RunTime:0.0014s ]
SQL: SHOW COLUMNS FROM `qs_sqk_sys_user_group` [ RunTime:0.0030s ]
SQL: SELECT * FROM `qs_sqk_sys_user_group` WHERE ( id=5 ) LIMIT 1   [ RunTime:0.0011s ]
NOTIC: [8] Undefined variable: return E:\wamp\www\qskj_project_sqk_debug_git\qskj_sqk\sqk\Application\Admin\Controller\SysPrivInfoController.class.php 第 118 行.

[ 2018-05-18T14:00:14+08:00 ] 127.0.0.1 /index.php/Admin/Index/getTxNum
INFO: [ app_begin ] --START--
INFO: Run Behavior\ReadHtmlCacheBehavior [ RunTime:0.000417s ]
INFO: [ app_begin ] --END-- [ RunTime:0.000806s ]
SQL: SHOW COLUMNS FROM `qs_sqk_sys_config_def` [ RunTime:0.0039s ]
SQL: SELECT * FROM `qs_sqk_sys_config_def`  [ RunTime:0.0017s ]
SQL: SHOW COLUMNS FROM `qs_sqk_seller_info` [ RunTime:0.0043s ]
SQL: SELECT COUNT(*) AS tp_count FROM `qs_sqk_seller_info` WHERE ( status=0 ) LIMIT 1   [ RunTime:0.0015s ]
SQL: SHOW COLUMNS FROM `qs_sqk_seller_prom_info` [ RunTime:0.0046s ]
SQL: SELECT COUNT(*) AS tp_count FROM `qs_sqk_seller_prom_info` WHERE ( status=0 ) LIMIT 1   [ RunTime:0.0024s ]
SQL: SHOW COLUMNS FROM `qs_sqk_seller_complaint` [ RunTime:0.0147s ]
SQL: SELECT COUNT(*) AS tp_count FROM `qs_sqk_seller_complaint` WHERE ( status=0 ) LIMIT 1   [ RunTime:0.0014s ]

[ 2018-05-18T14:00:14+08:00 ] 127.0.0.1 /index.php/admin/login/checkIsLogin
INFO: [ app_begin ] --START--
INFO: Run Behavior\ReadHtmlCacheBehavior [ RunTime:0.000467s ]
INFO: [ app_begin ] --END-- [ RunTime:0.001640s ]
SQL: SHOW COLUMNS FROM `qs_sqk_sys_config_def` [ RunTime:0.0036s ]
SQL: SELECT * FROM `qs_sqk_sys_config_def`  [ RunTime:0.0017s ]
NOTIC: [8] Use of undefined constant SYSTEM_TOKEN - assumed 'SYSTEM_TOKEN' E:\wamp\www\qskj_project_sqk_debug_git\qskj_sqk\sqk\Application\Admin\Controller\LoginController.class.php 第 94 行.

[ 2018-05-18T14:00:14+08:00 ] 127.0.0.1 /index.php/admin/SysPrivInfo/getPriviledges
INFO: [ app_begin ] --START--
INFO: Run Behavior\ReadHtmlCacheBehavior [ RunTime:0.000636s ]
INFO: [ app_begin ] --END-- [ RunTime:0.001097s ]
SQL: SHOW COLUMNS FROM `qs_sqk_sys_config_def` [ RunTime:0.0047s ]
SQL: SELECT * FROM `qs_sqk_sys_config_def`  [ RunTime:0.0036s ]
SQL: SHOW COLUMNS FROM `qs_sqk_sys_priv_cat` [ RunTime:0.0038s ]
SQL: SHOW COLUMNS FROM `qs_sqk_sys_priv_info` [ RunTime:0.0036s ]
SQL: SHOW COLUMNS FROM `qs_sqk_sys_priv_info` [ RunTime:0.0039s ]
SQL: SELECT `pri_value` FROM `qs_sqk_sys_priv_info`  [ RunTime:0.0012s ]
SQL: SHOW COLUMNS FROM `qs_sqk_sys_user_info` [ RunTime:0.0034s ]
SQL: SELECT * FROM `qs_sqk_sys_user_info` WHERE ( id=1 ) LIMIT 1   [ RunTime:0.0011s ]
SQL: SHOW COLUMNS FROM `qs_sqk_sys_user_group` [ RunTime:0.0030s ]
SQL: SELECT * FROM `qs_sqk_sys_user_group` WHERE ( id=5 ) LIMIT 1   [ RunTime:0.0011s ]
NOTIC: [8] Undefined variable: return E:\wamp\www\qskj_project_sqk_debug_git\qskj_sqk\sqk\Application\Admin\Controller\SysPrivInfoController.class.php 第 118 行.

[ 2018-05-18T14:00:14+08:00 ] 127.0.0.1 /index.php/Admin/Index/getTxNum
INFO: [ app_begin ] --START--
INFO: Run Behavior\ReadHtmlCacheBehavior [ RunTime:0.000559s ]
INFO: [ app_begin ] --END-- [ RunTime:0.000953s ]
SQL: SHOW COLUMNS FROM `qs_sqk_sys_config_def` [ RunTime:0.0041s ]
SQL: SELECT * FROM `qs_sqk_sys_config_def`  [ RunTime:0.0021s ]
SQL: SHOW COLUMNS FROM `qs_sqk_seller_info` [ RunTime:0.0040s ]
SQL: SELECT COUNT(*) AS tp_count FROM `qs_sqk_seller_info` WHERE ( status=0 ) LIMIT 1   [ RunTime:0.0014s ]
SQL: SHOW COLUMNS FROM `qs_sqk_seller_prom_info` [ RunTime:0.0039s ]
SQL: SELECT COUNT(*) AS tp_count FROM `qs_sqk_seller_prom_info` WHERE ( status=0 ) LIMIT 1   [ RunTime:0.0011s ]
SQL: SHOW COLUMNS FROM `qs_sqk_seller_complaint` [ RunTime:0.0036s ]
SQL: SELECT COUNT(*) AS tp_count FROM `qs_sqk_seller_complaint` WHERE ( status=0 ) LIMIT 1   [ RunTime:0.0012s ]

[ 2018-05-18T14:00:17+08:00 ] 127.0.0.1 /index.php/admin/login/checkIsLogin
INFO: [ app_begin ] --START--
INFO: Run Behavior\ReadHtmlCacheBehavior [ RunTime:0.000525s ]
INFO: [ app_begin ] --END-- [ RunTime:0.001014s ]
SQL: SHOW COLUMNS FROM `qs_sqk_sys_config_def` [ RunTime:0.0039s ]
SQL: SELECT * FROM `qs_sqk_sys_config_def`  [ RunTime:0.0018s ]
NOTIC: [8] Use of undefined constant SYSTEM_TOKEN - assumed 'SYSTEM_TOKEN' E:\wamp\www\qskj_project_sqk_debug_git\qskj_sqk\sqk\Application\Admin\Controller\LoginController.class.php 第 94 行.

[ 2018-05-18T14:00:17+08:00 ] 127.0.0.1 /index.php/admin/SysPrivInfo/getPriviledges
INFO: [ app_begin ] --START--
INFO: Run Behavior\ReadHtmlCacheBehavior [ RunTime:0.000441s ]
INFO: [ app_begin ] --END-- [ RunTime:0.000841s ]
SQL: SHOW COLUMNS FROM `qs_sqk_sys_config_def` [ RunTime:0.0064s ]
SQL: SELECT * FROM `qs_sqk_sys_config_def`  [ RunTime:0.0021s ]
SQL: SHOW COLUMNS FROM `qs_sqk_sys_priv_cat` [ RunTime:0.0056s ]
SQL: SHOW COLUMNS FROM `qs_sqk_sys_priv_info` [ RunTime:0.0036s ]
SQL: SHOW COLUMNS FROM `qs_sqk_sys_priv_info` [ RunTime:0.0039s ]
SQL: SELECT `pri_value` FROM `qs_sqk_sys_priv_info`  [ RunTime:0.0013s ]
SQL: SHOW COLUMNS FROM `qs_sqk_sys_user_info` [ RunTime:0.0034s ]
SQL: SELECT * FROM `qs_sqk_sys_user_info` WHERE ( id=1 ) LIMIT 1   [ RunTime:0.0010s ]
SQL: SHOW COLUMNS FROM `qs_sqk_sys_user_group` [ RunTime:0.0029s ]
SQL: SELECT * FROM `qs_sqk_sys_user_group` WHERE ( id=5 ) LIMIT 1   [ RunTime:0.0011s ]
NOTIC: [8] Undefined variable: return E:\wamp\www\qskj_project_sqk_debug_git\qskj_sqk\sqk\Application\Admin\Controller\SysPrivInfoController.class.php 第 118 行.

[ 2018-05-18T14:03:14+08:00 ] 127.0.0.1 /index.php/Admin/Index/getTxNum
INFO: [ app_begin ] --START--
INFO: Run Behavior\ReadHtmlCacheBehavior [ RunTime:0.000879s ]
INFO: [ app_begin ] --END-- [ RunTime:0.001534s ]
SQL: SHOW COLUMNS FROM `qs_sqk_sys_config_def` [ RunTime:0.0045s ]
SQL: SELECT * FROM `qs_sqk_sys_config_def`  [ RunTime:0.0019s ]
SQL: SHOW COLUMNS FROM `qs_sqk_seller_info` [ RunTime:0.0041s ]
SQL: SELECT COUNT(*) AS tp_count FROM `qs_sqk_seller_info` WHERE ( status=0 ) LIMIT 1   [ RunTime:0.0012s ]
SQL: SHOW COLUMNS FROM `qs_sqk_seller_prom_info` [ RunTime:0.0041s ]
SQL: SELECT COUNT(*) AS tp_count FROM `qs_sqk_seller_prom_info` WHERE ( status=0 ) LIMIT 1   [ RunTime:0.0011s ]
SQL: SHOW COLUMNS FROM `qs_sqk_seller_complaint` [ RunTime:0.0030s ]
SQL: SELECT COUNT(*) AS tp_count FROM `qs_sqk_seller_complaint` WHERE ( status=0 ) LIMIT 1   [ RunTime:0.0011s ]

[ 2018-05-18T14:06:14+08:00 ] 127.0.0.1 /index.php/Admin/Index/getTxNum
INFO: [ app_begin ] --START--
INFO: Run Behavior\ReadHtmlCacheBehavior [ RunTime:0.000629s ]
INFO: [ app_begin ] --END-- [ RunTime:0.001061s ]
SQL: SHOW COLUMNS FROM `qs_sqk_sys_config_def` [ RunTime:0.0039s ]
SQL: SELECT * FROM `qs_sqk_sys_config_def`  [ RunTime:0.0020s ]
SQL: SHOW COLUMNS FROM `qs_sqk_seller_info` [ RunTime:0.0043s ]
SQL: SELECT COUNT(*) AS tp_count FROM `qs_sqk_seller_info` WHERE ( status=0 ) LIMIT 1   [ RunTime:0.0018s ]
SQL: SHOW COLUMNS FROM `qs_sqk_seller_prom_info` [ RunTime:0.0042s ]
SQL: SELECT COUNT(*) AS tp_count FROM `qs_sqk_seller_prom_info` WHERE ( status=0 ) LIMIT 1   [ RunTime:0.0012s ]
SQL: SHOW COLUMNS FROM `qs_sqk_seller_complaint` [ RunTime:0.0032s ]
SQL: SELECT COUNT(*) AS tp_count FROM `qs_sqk_seller_complaint` WHERE ( status=0 ) LIMIT 1   [ RunTime:0.0011s ]

[ 2018-05-18T14:09:14+08:00 ] 127.0.0.1 /index.php/Admin/Index/getTxNum
INFO: [ app_begin ] --START--
INFO: Run Behavior\ReadHtmlCacheBehavior [ RunTime:0.000685s ]
INFO: [ app_begin ] --END-- [ RunTime:0.001164s ]
SQL: SHOW COLUMNS FROM `qs_sqk_sys_config_def` [ RunTime:0.0048s ]
SQL: SELECT * FROM `qs_sqk_sys_config_def`  [ RunTime:0.0025s ]
SQL: SHOW COLUMNS FROM `qs_sqk_seller_info` [ RunTime:0.0043s ]
SQL: SELECT COUNT(*) AS tp_count FROM `qs_sqk_seller_info` WHERE ( status=0 ) LIMIT 1   [ RunTime:0.0014s ]
SQL: SHOW COLUMNS FROM `qs_sqk_seller_prom_info` [ RunTime:0.0038s ]
SQL: SELECT COUNT(*) AS tp_count FROM `qs_sqk_seller_prom_info` WHERE ( status=0 ) LIMIT 1   [ RunTime:0.0011s ]
SQL: SHOW COLUMNS FROM `qs_sqk_seller_complaint` [ RunTime:0.0029s ]
SQL: SELECT COUNT(*) AS tp_count FROM `qs_sqk_seller_complaint` WHERE ( status=0 ) LIMIT 1   [ RunTime:0.0011s ]

[ 2018-05-18T14:12:14+08:00 ] 127.0.0.1 /index.php/Admin/Index/getTxNum
INFO: [ app_begin ] --START--
INFO: Run Behavior\ReadHtmlCacheBehavior [ RunTime:0.000635s ]
INFO: [ app_begin ] --END-- [ RunTime:0.001075s ]
SQL: SHOW COLUMNS FROM `qs_sqk_sys_config_def` [ RunTime:0.0044s ]
SQL: SELECT * FROM `qs_sqk_sys_config_def`  [ RunTime:0.0020s ]
SQL: SHOW COLUMNS FROM `qs_sqk_seller_info` [ RunTime:0.0044s ]
SQL: SELECT COUNT(*) AS tp_count FROM `qs_sqk_seller_info` WHERE ( status=0 ) LIMIT 1   [ RunTime:0.0018s ]
SQL: SHOW COLUMNS FROM `qs_sqk_seller_prom_info` [ RunTime:0.0051s ]
SQL: SELECT COUNT(*) AS tp_count FROM `qs_sqk_seller_prom_info` WHERE ( status=0 ) LIMIT 1   [ RunTime:0.0013s ]
SQL: SHOW COLUMNS FROM `qs_sqk_seller_complaint` [ RunTime:0.0030s ]
SQL: SELECT COUNT(*) AS tp_count FROM `qs_sqk_seller_complaint` WHERE ( status=0 ) LIMIT 1   [ RunTime:0.0012s ]

[ 2018-05-18T14:15:14+08:00 ] 127.0.0.1 /index.php/Admin/Index/getTxNum
INFO: [ app_begin ] --START--
INFO: Run Behavior\ReadHtmlCacheBehavior [ RunTime:0.000614s ]
INFO: [ app_begin ] --END-- [ RunTime:0.001048s ]
SQL: SHOW COLUMNS FROM `qs_sqk_sys_config_def` [ RunTime:0.0040s ]
SQL: SELECT * FROM `qs_sqk_sys_config_def`  [ RunTime:0.0019s ]
SQL: SHOW COLUMNS FROM `qs_sqk_seller_info` [ RunTime:0.0041s ]
SQL: SELECT COUNT(*) AS tp_count FROM `qs_sqk_seller_info` WHERE ( status=0 ) LIMIT 1   [ RunTime:0.0014s ]
SQL: SHOW COLUMNS FROM `qs_sqk_seller_prom_info` [ RunTime:0.0041s ]
SQL: SELECT COUNT(*) AS tp_count FROM `qs_sqk_seller_prom_info` WHERE ( status=0 ) LIMIT 1   [ RunTime:0.0011s ]
SQL: SHOW COLUMNS FROM `qs_sqk_seller_complaint` [ RunTime:0.0029s ]
SQL: SELECT COUNT(*) AS tp_count FROM `qs_sqk_seller_complaint` WHERE ( status=0 ) LIMIT 1   [ RunTime:0.0011s ]

[ 2018-05-18T14:18:14+08:00 ] 127.0.0.1 /index.php/Admin/Index/getTxNum
INFO: [ app_begin ] --START--
INFO: Run Behavior\ReadHtmlCacheBehavior [ RunTime:0.000616s ]
INFO: [ app_begin ] --END-- [ RunTime:0.001061s ]
SQL: SHOW COLUMNS FROM `qs_sqk_sys_config_def` [ RunTime:0.0043s ]
SQL: SELECT * FROM `qs_sqk_sys_config_def`  [ RunTime:0.0023s ]
SQL: SHOW COLUMNS FROM `qs_sqk_seller_info` [ RunTime:0.0046s ]
SQL: SELECT COUNT(*) AS tp_count FROM `qs_sqk_seller_info` WHERE ( status=0 ) LIMIT 1   [ RunTime:0.0013s ]
SQL: SHOW COLUMNS FROM `qs_sqk_seller_prom_info` [ RunTime:0.0041s ]
SQL: SELECT COUNT(*) AS tp_count FROM `qs_sqk_seller_prom_info` WHERE ( status=0 ) LIMIT 1   [ RunTime:0.0011s ]
SQL: SHOW COLUMNS FROM `qs_sqk_seller_complaint` [ RunTime:0.0032s ]
SQL: SELECT COUNT(*) AS tp_count FROM `qs_sqk_seller_complaint` WHERE ( status=0 ) LIMIT 1   [ RunTime:0.0011s ]

[ 2018-05-18T14:21:14+08:00 ] 127.0.0.1 /index.php/Admin/Index/getTxNum
INFO: [ app_begin ] --START--
INFO: Run Behavior\ReadHtmlCacheBehavior [ RunTime:0.000850s ]
INFO: [ app_begin ] --END-- [ RunTime:0.001445s ]
SQL: SHOW COLUMNS FROM `qs_sqk_sys_config_def` [ RunTime:0.0040s ]
SQL: SELECT * FROM `qs_sqk_sys_config_def`  [ RunTime:0.0023s ]
SQL: SHOW COLUMNS FROM `qs_sqk_seller_info` [ RunTime:0.0045s ]
SQL: SELECT COUNT(*) AS tp_count FROM `qs_sqk_seller_info` WHERE ( status=0 ) LIMIT 1   [ RunTime:0.0015s ]
SQL: SHOW COLUMNS FROM `qs_sqk_seller_prom_info` [ RunTime:0.0040s ]
SQL: SELECT COUNT(*) AS tp_count FROM `qs_sqk_seller_prom_info` WHERE ( status=0 ) LIMIT 1   [ RunTime:0.0011s ]
SQL: SHOW COLUMNS FROM `qs_sqk_seller_complaint` [ RunTime:0.0036s ]
SQL: SELECT COUNT(*) AS tp_count FROM `qs_sqk_seller_complaint` WHERE ( status=0 ) LIMIT 1   [ RunTime:0.0013s ]

[ 2018-05-18T14:24:14+08:00 ] 127.0.0.1 /index.php/Admin/Index/getTxNum
INFO: [ app_begin ] --START--
INFO: Run Behavior\ReadHtmlCacheBehavior [ RunTime:0.000653s ]
INFO: [ app_begin ] --END-- [ RunTime:0.001320s ]
SQL: SHOW COLUMNS FROM `qs_sqk_sys_config_def` [ RunTime:0.0046s ]
SQL: SELECT * FROM `qs_sqk_sys_config_def`  [ RunTime:0.0016s ]
SQL: SHOW COLUMNS FROM `qs_sqk_seller_info` [ RunTime:0.0043s ]
SQL: SELECT COUNT(*) AS tp_count FROM `qs_sqk_seller_info` WHERE ( status=0 ) LIMIT 1   [ RunTime:0.0013s ]
SQL: SHOW COLUMNS FROM `qs_sqk_seller_prom_info` [ RunTime:0.0042s ]
SQL: SELECT COUNT(*) AS tp_count FROM `qs_sqk_seller_prom_info` WHERE ( status=0 ) LIMIT 1   [ RunTime:0.0010s ]
SQL: SHOW COLUMNS FROM `qs_sqk_seller_complaint` [ RunTime:0.0033s ]
SQL: SELECT COUNT(*) AS tp_count FROM `qs_sqk_seller_complaint` WHERE ( status=0 ) LIMIT 1   [ RunTime:0.0010s ]

[ 2018-05-18T14:27:14+08:00 ] 127.0.0.1 /index.php/Admin/Index/getTxNum
INFO: [ app_begin ] --START--
INFO: Run Behavior\ReadHtmlCacheBehavior [ RunTime:0.000733s ]
INFO: [ app_begin ] --END-- [ RunTime:0.001236s ]
SQL: SHOW COLUMNS FROM `qs_sqk_sys_config_def` [ RunTime:0.0053s ]
SQL: SELECT * FROM `qs_sqk_sys_config_def`  [ RunTime:0.0027s ]
SQL: SHOW COLUMNS FROM `qs_sqk_seller_info` [ RunTime:0.0042s ]
SQL: SELECT COUNT(*) AS tp_count FROM `qs_sqk_seller_info` WHERE ( status=0 ) LIMIT 1   [ RunTime:0.0016s ]
SQL: SHOW COLUMNS FROM `qs_sqk_seller_prom_info` [ RunTime:0.0043s ]
SQL: SELECT COUNT(*) AS tp_count FROM `qs_sqk_seller_prom_info` WHERE ( status=0 ) LIMIT 1   [ RunTime:0.0010s ]
SQL: SHOW COLUMNS FROM `qs_sqk_seller_complaint` [ RunTime:0.0035s ]
SQL: SELECT COUNT(*) AS tp_count FROM `qs_sqk_seller_complaint` WHERE ( status=0 ) LIMIT 1   [ RunTime:0.0011s ]

[ 2018-05-18T14:30:14+08:00 ] 127.0.0.1 /index.php/Admin/Index/getTxNum
INFO: [ app_begin ] --START--
INFO: Run Behavior\ReadHtmlCacheBehavior [ RunTime:0.000653s ]
INFO: [ app_begin ] --END-- [ RunTime:0.001076s ]
SQL: SHOW COLUMNS FROM `qs_sqk_sys_config_def` [ RunTime:0.0042s ]
SQL: SELECT * FROM `qs_sqk_sys_config_def`  [ RunTime:0.0021s ]
SQL: SHOW COLUMNS FROM `qs_sqk_seller_info` [ RunTime:0.0044s ]
SQL: SELECT COUNT(*) AS tp_count FROM `qs_sqk_seller_info` WHERE ( status=0 ) LIMIT 1   [ RunTime:0.0013s ]
SQL: SHOW COLUMNS FROM `qs_sqk_seller_prom_info` [ RunTime:0.0040s ]
SQL: SELECT COUNT(*) AS tp_count FROM `qs_sqk_seller_prom_info` WHERE ( status=0 ) LIMIT 1   [ RunTime:0.0010s ]
SQL: SHOW COLUMNS FROM `qs_sqk_seller_complaint` [ RunTime:0.0030s ]
SQL: SELECT COUNT(*) AS tp_count FROM `qs_sqk_seller_complaint` WHERE ( status=0 ) LIMIT 1   [ RunTime:0.0011s ]

[ 2018-05-18T14:33:14+08:00 ] 127.0.0.1 /index.php/Admin/Index/getTxNum
INFO: [ app_begin ] --START--
INFO: Run Behavior\ReadHtmlCacheBehavior [ RunTime:0.000624s ]
INFO: [ app_begin ] --END-- [ RunTime:0.001061s ]
SQL: SHOW COLUMNS FROM `qs_sqk_sys_config_def` [ RunTime:0.0041s ]
SQL: SELECT * FROM `qs_sqk_sys_config_def`  [ RunTime:0.0018s ]
SQL: SHOW COLUMNS FROM `qs_sqk_seller_info` [ RunTime:0.0039s ]
SQL: SELECT COUNT(*) AS tp_count FROM `qs_sqk_seller_info` WHERE ( status=0 ) LIMIT 1   [ RunTime:0.0013s ]
SQL: SHOW COLUMNS FROM `qs_sqk_seller_prom_info` [ RunTime:0.0038s ]
SQL: SELECT COUNT(*) AS tp_count FROM `qs_sqk_seller_prom_info` WHERE ( status=0 ) LIMIT 1   [ RunTime:0.0011s ]
SQL: SHOW COLUMNS FROM `qs_sqk_seller_complaint` [ RunTime:0.0032s ]
SQL: SELECT COUNT(*) AS tp_count FROM `qs_sqk_seller_complaint` WHERE ( status=0 ) LIMIT 1   [ RunTime:0.0012s ]

[ 2018-05-18T14:36:14+08:00 ] 127.0.0.1 /index.php/Admin/Index/getTxNum
INFO: [ app_begin ] --START--
INFO: Run Behavior\ReadHtmlCacheBehavior [ RunTime:0.000862s ]
INFO: [ app_begin ] --END-- [ RunTime:0.001456s ]
SQL: SHOW COLUMNS FROM `qs_sqk_sys_config_def` [ RunTime:0.0041s ]
SQL: SELECT * FROM `qs_sqk_sys_config_def`  [ RunTime:0.0020s ]
SQL: SHOW COLUMNS FROM `qs_sqk_seller_info` [ RunTime:0.0039s ]
SQL: SELECT COUNT(*) AS tp_count FROM `qs_sqk_seller_info` WHERE ( status=0 ) LIMIT 1   [ RunTime:0.0015s ]
SQL: SHOW COLUMNS FROM `qs_sqk_seller_prom_info` [ RunTime:0.0046s ]
SQL: SELECT COUNT(*) AS tp_count FROM `qs_sqk_seller_prom_info` WHERE ( status=0 ) LIMIT 1   [ RunTime:0.0010s ]
SQL: SHOW COLUMNS FROM `qs_sqk_seller_complaint` [ RunTime:0.0033s ]
SQL: SELECT COUNT(*) AS tp_count FROM `qs_sqk_seller_complaint` WHERE ( status=0 ) LIMIT 1   [ RunTime:0.0011s ]

[ 2018-05-18T14:39:14+08:00 ] 127.0.0.1 /index.php/Admin/Index/getTxNum
INFO: [ app_begin ] --START--
INFO: Run Behavior\ReadHtmlCacheBehavior [ RunTime:0.000784s ]
INFO: [ app_begin ] --END-- [ RunTime:0.001335s ]
SQL: SHOW COLUMNS FROM `qs_sqk_sys_config_def` [ RunTime:0.0042s ]
SQL: SELECT * FROM `qs_sqk_sys_config_def`  [ RunTime:0.0017s ]
SQL: SHOW COLUMNS FROM `qs_sqk_seller_info` [ RunTime:0.0040s ]
SQL: SELECT COUNT(*) AS tp_count FROM `qs_sqk_seller_info` WHERE ( status=0 ) LIMIT 1   [ RunTime:0.0013s ]
SQL: SHOW COLUMNS FROM `qs_sqk_seller_prom_info` [ RunTime:0.0036s ]
SQL: SELECT COUNT(*) AS tp_count FROM `qs_sqk_seller_prom_info` WHERE ( status=0 ) LIMIT 1   [ RunTime:0.0011s ]
SQL: SHOW COLUMNS FROM `qs_sqk_seller_complaint` [ RunTime:0.0030s ]
SQL: SELECT COUNT(*) AS tp_count FROM `qs_sqk_seller_complaint` WHERE ( status=0 ) LIMIT 1   [ RunTime:0.0010s ]

[ 2018-05-18T14:42:14+08:00 ] 127.0.0.1 /index.php/Admin/Index/getTxNum
INFO: [ app_begin ] --START--
INFO: Run Behavior\ReadHtmlCacheBehavior [ RunTime:0.000677s ]
INFO: [ app_begin ] --END-- [ RunTime:0.001134s ]
SQL: SHOW COLUMNS FROM `qs_sqk_sys_config_def` [ RunTime:0.0043s ]
SQL: SELECT * FROM `qs_sqk_sys_config_def`  [ RunTime:0.0021s ]
SQL: SHOW COLUMNS FROM `qs_sqk_seller_info` [ RunTime:0.0039s ]
SQL: SELECT COUNT(*) AS tp_count FROM `qs_sqk_seller_info` WHERE ( status=0 ) LIMIT 1   [ RunTime:0.0014s ]
SQL: SHOW COLUMNS FROM `qs_sqk_seller_prom_info` [ RunTime:0.0040s ]
SQL: SELECT COUNT(*) AS tp_count FROM `qs_sqk_seller_prom_info` WHERE ( status=0 ) LIMIT 1   [ RunTime:0.0012s ]
SQL: SHOW COLUMNS FROM `qs_sqk_seller_complaint` [ RunTime:0.0032s ]
SQL: SELECT COUNT(*) AS tp_count FROM `qs_sqk_seller_complaint` WHERE ( status=0 ) LIMIT 1   [ RunTime:0.0011s ]

[ 2018-05-18T14:45:14+08:00 ] 127.0.0.1 /index.php/Admin/Index/getTxNum
INFO: [ app_begin ] --START--
INFO: Run Behavior\ReadHtmlCacheBehavior [ RunTime:0.000788s ]
INFO: [ app_begin ] --END-- [ RunTime:0.001337s ]
SQL: SHOW COLUMNS FROM `qs_sqk_sys_config_def` [ RunTime:0.0039s ]
SQL: SELECT * FROM `qs_sqk_sys_config_def`  [ RunTime:0.0018s ]
SQL: SHOW COLUMNS FROM `qs_sqk_seller_info` [ RunTime:0.0043s ]
SQL: SELECT COUNT(*) AS tp_count FROM `qs_sqk_seller_info` WHERE ( status=0 ) LIMIT 1   [ RunTime:0.0016s ]
SQL: SHOW COLUMNS FROM `qs_sqk_seller_prom_info` [ RunTime:0.0046s ]
SQL: SELECT COUNT(*) AS tp_count FROM `qs_sqk_seller_prom_info` WHERE ( status=0 ) LIMIT 1   [ RunTime:0.0013s ]
SQL: SHOW COLUMNS FROM `qs_sqk_seller_complaint` [ RunTime:0.0031s ]
SQL: SELECT COUNT(*) AS tp_count FROM `qs_sqk_seller_complaint` WHERE ( status=0 ) LIMIT 1   [ RunTime:0.0011s ]

[ 2018-05-18T14:48:14+08:00 ] 127.0.0.1 /index.php/Admin/Index/getTxNum
INFO: [ app_begin ] --START--
INFO: Run Behavior\ReadHtmlCacheBehavior [ RunTime:0.000626s ]
INFO: [ app_begin ] --END-- [ RunTime:0.001047s ]
SQL: SHOW COLUMNS FROM `qs_sqk_sys_config_def` [ RunTime:0.0037s ]
SQL: SELECT * FROM `qs_sqk_sys_config_def`  [ RunTime:0.0018s ]
SQL: SHOW COLUMNS FROM `qs_sqk_seller_info` [ RunTime:0.0045s ]
SQL: SELECT COUNT(*) AS tp_count FROM `qs_sqk_seller_info` WHERE ( status=0 ) LIMIT 1   [ RunTime:0.0012s ]
SQL: SHOW COLUMNS FROM `qs_sqk_seller_prom_info` [ RunTime:0.0040s ]
SQL: SELECT COUNT(*) AS tp_count FROM `qs_sqk_seller_prom_info` WHERE ( status=0 ) LIMIT 1   [ RunTime:0.0011s ]
SQL: SHOW COLUMNS FROM `qs_sqk_seller_complaint` [ RunTime:0.0029s ]
SQL: SELECT COUNT(*) AS tp_count FROM `qs_sqk_seller_complaint` WHERE ( status=0 ) LIMIT 1   [ RunTime:0.0011s ]

[ 2018-05-18T14:51:14+08:00 ] 127.0.0.1 /index.php/Admin/Index/getTxNum
INFO: [ app_begin ] --START--
INFO: Run Behavior\ReadHtmlCacheBehavior [ RunTime:0.000789s ]
INFO: [ app_begin ] --END-- [ RunTime:0.001324s ]
SQL: SHOW COLUMNS FROM `qs_sqk_sys_config_def` [ RunTime:0.0043s ]
SQL: SELECT * FROM `qs_sqk_sys_config_def`  [ RunTime:0.0018s ]
SQL: SHOW COLUMNS FROM `qs_sqk_seller_info` [ RunTime:0.0040s ]
SQL: SELECT COUNT(*) AS tp_count FROM `qs_sqk_seller_info` WHERE ( status=0 ) LIMIT 1   [ RunTime:0.0012s ]
SQL: SHOW COLUMNS FROM `qs_sqk_seller_prom_info` [ RunTime:0.0038s ]
SQL: SELECT COUNT(*) AS tp_count FROM `qs_sqk_seller_prom_info` WHERE ( status=0 ) LIMIT 1   [ RunTime:0.0010s ]
SQL: SHOW COLUMNS FROM `qs_sqk_seller_complaint` [ RunTime:0.0032s ]
SQL: SELECT COUNT(*) AS tp_count FROM `qs_sqk_seller_complaint` WHERE ( status=0 ) LIMIT 1   [ RunTime:0.0011s ]

[ 2018-05-18T14:54:14+08:00 ] 127.0.0.1 /index.php/Admin/Index/getTxNum
INFO: [ app_begin ] --START--
INFO: Run Behavior\ReadHtmlCacheBehavior [ RunTime:0.000990s ]
INFO: [ app_begin ] --END-- [ RunTime:0.001684s ]
SQL: SHOW COLUMNS FROM `qs_sqk_sys_config_def` [ RunTime:0.0042s ]
SQL: SELECT * FROM `qs_sqk_sys_config_def`  [ RunTime:0.0019s ]
SQL: SHOW COLUMNS FROM `qs_sqk_seller_info` [ RunTime:0.0045s ]
SQL: SELECT COUNT(*) AS tp_count FROM `qs_sqk_seller_info` WHERE ( status=0 ) LIMIT 1   [ RunTime:0.0013s ]
SQL: SHOW COLUMNS FROM `qs_sqk_seller_prom_info` [ RunTime:0.0042s ]
SQL: SELECT COUNT(*) AS tp_count FROM `qs_sqk_seller_prom_info` WHERE ( status=0 ) LIMIT 1   [ RunTime:0.0010s ]
SQL: SHOW COLUMNS FROM `qs_sqk_seller_complaint` [ RunTime:0.0048s ]
SQL: SELECT COUNT(*) AS tp_count FROM `qs_sqk_seller_complaint` WHERE ( status=0 ) LIMIT 1   [ RunTime:0.0010s ]

[ 2018-05-18T14:57:14+08:00 ] 127.0.0.1 /index.php/Admin/Index/getTxNum
INFO: [ app_begin ] --START--
INFO: Run Behavior\ReadHtmlCacheBehavior [ RunTime:0.000635s ]
INFO: [ app_begin ] --END-- [ RunTime:0.001093s ]
SQL: SHOW COLUMNS FROM `qs_sqk_sys_config_def` [ RunTime:0.0041s ]
SQL: SELECT * FROM `qs_sqk_sys_config_def`  [ RunTime:0.0018s ]
SQL: SHOW COLUMNS FROM `qs_sqk_seller_info` [ RunTime:0.0046s ]
SQL: SELECT COUNT(*) AS tp_count FROM `qs_sqk_seller_info` WHERE ( status=0 ) LIMIT 1   [ RunTime:0.0013s ]
SQL: SHOW COLUMNS FROM `qs_sqk_seller_prom_info` [ RunTime:0.0041s ]
SQL: SELECT COUNT(*) AS tp_count FROM `qs_sqk_seller_prom_info` WHERE ( status=0 ) LIMIT 1   [ RunTime:0.0011s ]
SQL: SHOW COLUMNS FROM `qs_sqk_seller_complaint` [ RunTime:0.0030s ]
SQL: SELECT COUNT(*) AS tp_count FROM `qs_sqk_seller_complaint` WHERE ( status=0 ) LIMIT 1   [ RunTime:0.0010s ]

[ 2018-05-18T15:00:14+08:00 ] 127.0.0.1 /index.php/Admin/Index/getTxNum
INFO: [ app_begin ] --START--
INFO: Run Behavior\ReadHtmlCacheBehavior [ RunTime:0.000939s ]
INFO: [ app_begin ] --END-- [ RunTime:0.001688s ]
SQL: SHOW COLUMNS FROM `qs_sqk_sys_config_def` [ RunTime:0.0049s ]
SQL: SELECT * FROM `qs_sqk_sys_config_def`  [ RunTime:0.0017s ]
SQL: SHOW COLUMNS FROM `qs_sqk_seller_info` [ RunTime:0.0046s ]
SQL: SELECT COUNT(*) AS tp_count FROM `qs_sqk_seller_info` WHERE ( status=0 ) LIMIT 1   [ RunTime:0.0013s ]
SQL: SHOW COLUMNS FROM `qs_sqk_seller_prom_info` [ RunTime:0.0044s ]
SQL: SELECT COUNT(*) AS tp_count FROM `qs_sqk_seller_prom_info` WHERE ( status=0 ) LIMIT 1   [ RunTime:0.0010s ]
SQL: SHOW COLUMNS FROM `qs_sqk_seller_complaint` [ RunTime:0.0033s ]
SQL: SELECT COUNT(*) AS tp_count FROM `qs_sqk_seller_complaint` WHERE ( status=0 ) LIMIT 1   [ RunTime:0.0011s ]

[ 2018-05-18T15:03:14+08:00 ] 127.0.0.1 /index.php/Admin/Index/getTxNum
INFO: [ app_begin ] --START--
INFO: Run Behavior\ReadHtmlCacheBehavior [ RunTime:0.000632s ]
INFO: [ app_begin ] --END-- [ RunTime:0.001066s ]
SQL: SHOW COLUMNS FROM `qs_sqk_sys_config_def` [ RunTime:0.0044s ]
SQL: SELECT * FROM `qs_sqk_sys_config_def`  [ RunTime:0.0018s ]
SQL: SHOW COLUMNS FROM `qs_sqk_seller_info` [ RunTime:0.0047s ]
SQL: SELECT COUNT(*) AS tp_count FROM `qs_sqk_seller_info` WHERE ( status=0 ) LIMIT 1   [ RunTime:0.0015s ]
SQL: SHOW COLUMNS FROM `qs_sqk_seller_prom_info` [ RunTime:0.0042s ]
SQL: SELECT COUNT(*) AS tp_count FROM `qs_sqk_seller_prom_info` WHERE ( status=0 ) LIMIT 1   [ RunTime:0.0011s ]
SQL: SHOW COLUMNS FROM `qs_sqk_seller_complaint` [ RunTime:0.0029s ]
SQL: SELECT COUNT(*) AS tp_count FROM `qs_sqk_seller_complaint` WHERE ( status=0 ) LIMIT 1   [ RunTime:0.0009s ]

[ 2018-05-18T15:06:14+08:00 ] 127.0.0.1 /index.php/Admin/Index/getTxNum
INFO: [ app_begin ] --START--
INFO: Run Behavior\ReadHtmlCacheBehavior [ RunTime:0.000787s ]
INFO: [ app_begin ] --END-- [ RunTime:0.001334s ]
SQL: SHOW COLUMNS FROM `qs_sqk_sys_config_def` [ RunTime:0.0046s ]
SQL: SELECT * FROM `qs_sqk_sys_config_def`  [ RunTime:0.0017s ]
SQL: SHOW COLUMNS FROM `qs_sqk_seller_info` [ RunTime:0.0041s ]
SQL: SELECT COUNT(*) AS tp_count FROM `qs_sqk_seller_info` WHERE ( status=0 ) LIMIT 1   [ RunTime:0.0016s ]
SQL: SHOW COLUMNS FROM `qs_sqk_seller_prom_info` [ RunTime:0.0050s ]
SQL: SELECT COUNT(*) AS tp_count FROM `qs_sqk_seller_prom_info` WHERE ( status=0 ) LIMIT 1   [ RunTime:0.0012s ]
SQL: SHOW COLUMNS FROM `qs_sqk_seller_complaint` [ RunTime:0.0030s ]
SQL: SELECT COUNT(*) AS tp_count FROM `qs_sqk_seller_complaint` WHERE ( status=0 ) LIMIT 1   [ RunTime:0.0011s ]

[ 2018-05-18T15:09:14+08:00 ] 127.0.0.1 /index.php/Admin/Index/getTxNum
INFO: [ app_begin ] --START--
INFO: Run Behavior\ReadHtmlCacheBehavior [ RunTime:0.000610s ]
INFO: [ app_begin ] --END-- [ RunTime:0.001039s ]
SQL: SHOW COLUMNS FROM `qs_sqk_sys_config_def` [ RunTime:0.0046s ]
SQL: SELECT * FROM `qs_sqk_sys_config_def`  [ RunTime:0.0018s ]
SQL: SHOW COLUMNS FROM `qs_sqk_seller_info` [ RunTime:0.0043s ]
SQL: SELECT COUNT(*) AS tp_count FROM `qs_sqk_seller_info` WHERE ( status=0 ) LIMIT 1   [ RunTime:0.0022s ]
SQL: SHOW COLUMNS FROM `qs_sqk_seller_prom_info` [ RunTime:0.0045s ]
SQL: SELECT COUNT(*) AS tp_count FROM `qs_sqk_seller_prom_info` WHERE ( status=0 ) LIMIT 1   [ RunTime:0.0018s ]
SQL: SHOW COLUMNS FROM `qs_sqk_seller_complaint` [ RunTime:0.0036s ]
SQL: SELECT COUNT(*) AS tp_count FROM `qs_sqk_seller_complaint` WHERE ( status=0 ) LIMIT 1   [ RunTime:0.0011s ]

[ 2018-05-18T15:12:14+08:00 ] 127.0.0.1 /index.php/Admin/Index/getTxNum
INFO: [ app_begin ] --START--
INFO: Run Behavior\ReadHtmlCacheBehavior [ RunTime:0.000646s ]
INFO: [ app_begin ] --END-- [ RunTime:0.001108s ]
SQL: SHOW COLUMNS FROM `qs_sqk_sys_config_def` [ RunTime:0.0049s ]
SQL: SELECT * FROM `qs_sqk_sys_config_def`  [ RunTime:0.0017s ]
SQL: SHOW COLUMNS FROM `qs_sqk_seller_info` [ RunTime:0.0046s ]
SQL: SELECT COUNT(*) AS tp_count FROM `qs_sqk_seller_info` WHERE ( status=0 ) LIMIT 1   [ RunTime:0.0016s ]
SQL: SHOW COLUMNS FROM `qs_sqk_seller_prom_info` [ RunTime:0.0043s ]
SQL: SELECT COUNT(*) AS tp_count FROM `qs_sqk_seller_prom_info` WHERE ( status=0 ) LIMIT 1   [ RunTime:0.0011s ]
SQL: SHOW COLUMNS FROM `qs_sqk_seller_complaint` [ RunTime:0.0104s ]
SQL: SELECT COUNT(*) AS tp_count FROM `qs_sqk_seller_complaint` WHERE ( status=0 ) LIMIT 1   [ RunTime:0.0012s ]

[ 2018-05-18T15:15:14+08:00 ] 127.0.0.1 /index.php/Admin/Index/getTxNum
INFO: [ app_begin ] --START--
INFO: Run Behavior\ReadHtmlCacheBehavior [ RunTime:0.000629s ]
INFO: [ app_begin ] --END-- [ RunTime:0.001066s ]
SQL: SHOW COLUMNS FROM `qs_sqk_sys_config_def` [ RunTime:0.0043s ]
SQL: SELECT * FROM `qs_sqk_sys_config_def`  [ RunTime:0.0018s ]
SQL: SHOW COLUMNS FROM `qs_sqk_seller_info` [ RunTime:0.0042s ]
SQL: SELECT COUNT(*) AS tp_count FROM `qs_sqk_seller_info` WHERE ( status=0 ) LIMIT 1   [ RunTime:0.0014s ]
SQL: SHOW COLUMNS FROM `qs_sqk_seller_prom_info` [ RunTime:0.0042s ]
SQL: SELECT COUNT(*) AS tp_count FROM `qs_sqk_seller_prom_info` WHERE ( status=0 ) LIMIT 1   [ RunTime:0.0015s ]
SQL: SHOW COLUMNS FROM `qs_sqk_seller_complaint` [ RunTime:0.0036s ]
SQL: SELECT COUNT(*) AS tp_count FROM `qs_sqk_seller_complaint` WHERE ( status=0 ) LIMIT 1   [ RunTime:0.0012s ]

[ 2018-05-18T15:18:14+08:00 ] 127.0.0.1 /index.php/Admin/Index/getTxNum
INFO: [ app_begin ] --START--
INFO: Run Behavior\ReadHtmlCacheBehavior [ RunTime:0.000725s ]
INFO: [ app_begin ] --END-- [ RunTime:0.001221s ]
SQL: SHOW COLUMNS FROM `qs_sqk_sys_config_def` [ RunTime:0.0049s ]
SQL: SELECT * FROM `qs_sqk_sys_config_def`  [ RunTime:0.0017s ]
SQL: SHOW COLUMNS FROM `qs_sqk_seller_info` [ RunTime:0.0049s ]
SQL: SELECT COUNT(*) AS tp_count FROM `qs_sqk_seller_info` WHERE ( status=0 ) LIMIT 1   [ RunTime:0.0014s ]
SQL: SHOW COLUMNS FROM `qs_sqk_seller_prom_info` [ RunTime:0.0049s ]
SQL: SELECT COUNT(*) AS tp_count FROM `qs_sqk_seller_prom_info` WHERE ( status=0 ) LIMIT 1   [ RunTime:0.0011s ]
SQL: SHOW COLUMNS FROM `qs_sqk_seller_complaint` [ RunTime:0.0030s ]
SQL: SELECT COUNT(*) AS tp_count FROM `qs_sqk_seller_complaint` WHERE ( status=0 ) LIMIT 1   [ RunTime:0.0012s ]

[ 2018-05-18T15:21:14+08:00 ] 127.0.0.1 /index.php/Admin/Index/getTxNum
INFO: [ app_begin ] --START--
INFO: Run Behavior\ReadHtmlCacheBehavior [ RunTime:0.001142s ]
INFO: [ app_begin ] --END-- [ RunTime:0.001926s ]
SQL: SHOW COLUMNS FROM `qs_sqk_sys_config_def` [ RunTime:0.0042s ]
SQL: SELECT * FROM `qs_sqk_sys_config_def`  [ RunTime:0.0022s ]
SQL: SHOW COLUMNS FROM `qs_sqk_seller_info` [ RunTime:0.0053s ]
SQL: SELECT COUNT(*) AS tp_count FROM `qs_sqk_seller_info` WHERE ( status=0 ) LIMIT 1   [ RunTime:0.0014s ]
SQL: SHOW COLUMNS FROM `qs_sqk_seller_prom_info` [ RunTime:0.0038s ]
SQL: SELECT COUNT(*) AS tp_count FROM `qs_sqk_seller_prom_info` WHERE ( status=0 ) LIMIT 1   [ RunTime:0.0013s ]
SQL: SHOW COLUMNS FROM `qs_sqk_seller_complaint` [ RunTime:0.0033s ]
SQL: SELECT COUNT(*) AS tp_count FROM `qs_sqk_seller_complaint` WHERE ( status=0 ) LIMIT 1   [ RunTime:0.0011s ]

[ 2018-05-18T15:24:14+08:00 ] 127.0.0.1 /index.php/Admin/Index/getTxNum
INFO: [ app_begin ] --START--
INFO: Run Behavior\ReadHtmlCacheBehavior [ RunTime:0.001087s ]
INFO: [ app_begin ] --END-- [ RunTime:0.001853s ]
SQL: SHOW COLUMNS FROM `qs_sqk_sys_config_def` [ RunTime:0.0039s ]
SQL: SELECT * FROM `qs_sqk_sys_config_def`  [ RunTime:0.0024s ]
SQL: SHOW COLUMNS FROM `qs_sqk_seller_info` [ RunTime:0.0041s ]
SQL: SELECT COUNT(*) AS tp_count FROM `qs_sqk_seller_info` WHERE ( status=0 ) LIMIT 1   [ RunTime:0.0013s ]
SQL: SHOW COLUMNS FROM `qs_sqk_seller_prom_info` [ RunTime:0.0043s ]
SQL: SELECT COUNT(*) AS tp_count FROM `qs_sqk_seller_prom_info` WHERE ( status=0 ) LIMIT 1   [ RunTime:0.0012s ]
SQL: SHOW COLUMNS FROM `qs_sqk_seller_complaint` [ RunTime:0.0034s ]
SQL: SELECT COUNT(*) AS tp_count FROM `qs_sqk_seller_complaint` WHERE ( status=0 ) LIMIT 1   [ RunTime:0.0011s ]

[ 2018-05-18T15:27:14+08:00 ] 127.0.0.1 /index.php/Admin/Index/getTxNum
INFO: [ app_begin ] --START--
INFO: Run Behavior\ReadHtmlCacheBehavior [ RunTime:0.000589s ]
INFO: [ app_begin ] --END-- [ RunTime:0.000952s ]
SQL: SHOW COLUMNS FROM `qs_sqk_sys_config_def` [ RunTime:0.0043s ]
SQL: SELECT * FROM `qs_sqk_sys_config_def`  [ RunTime:0.0020s ]
SQL: SHOW COLUMNS FROM `qs_sqk_seller_info` [ RunTime:0.0038s ]
SQL: SELECT COUNT(*) AS tp_count FROM `qs_sqk_seller_info` WHERE ( status=0 ) LIMIT 1   [ RunTime:0.0014s ]
SQL: SHOW COLUMNS FROM `qs_sqk_seller_prom_info` [ RunTime:0.0044s ]
SQL: SELECT COUNT(*) AS tp_count FROM `qs_sqk_seller_prom_info` WHERE ( status=0 ) LIMIT 1   [ RunTime:0.0011s ]
SQL: SHOW COLUMNS FROM `qs_sqk_seller_complaint` [ RunTime:0.0036s ]
SQL: SELECT COUNT(*) AS tp_count FROM `qs_sqk_seller_complaint` WHERE ( status=0 ) LIMIT 1   [ RunTime:0.0011s ]

[ 2018-05-18T15:30:14+08:00 ] 127.0.0.1 /index.php/Admin/Index/getTxNum
INFO: [ app_begin ] --START--
INFO: Run Behavior\ReadHtmlCacheBehavior [ RunTime:0.001317s ]
INFO: [ app_begin ] --END-- [ RunTime:0.002222s ]
SQL: SHOW COLUMNS FROM `qs_sqk_sys_config_def` [ RunTime:0.0048s ]
SQL: SELECT * FROM `qs_sqk_sys_config_def`  [ RunTime:0.0020s ]
SQL: SHOW COLUMNS FROM `qs_sqk_seller_info` [ RunTime:0.0049s ]
SQL: SELECT COUNT(*) AS tp_count FROM `qs_sqk_seller_info` WHERE ( status=0 ) LIMIT 1   [ RunTime:0.0019s ]
SQL: SHOW COLUMNS FROM `qs_sqk_seller_prom_info` [ RunTime:0.0046s ]
SQL: SELECT COUNT(*) AS tp_count FROM `qs_sqk_seller_prom_info` WHERE ( status=0 ) LIMIT 1   [ RunTime:0.0011s ]
SQL: SHOW COLUMNS FROM `qs_sqk_seller_complaint` [ RunTime:0.0036s ]
SQL: SELECT COUNT(*) AS tp_count FROM `qs_sqk_seller_complaint` WHERE ( status=0 ) LIMIT 1   [ RunTime:0.0011s ]

[ 2018-05-18T15:33:14+08:00 ] 127.0.0.1 /index.php/Admin/Index/getTxNum
INFO: [ app_begin ] --START--
INFO: Run Behavior\ReadHtmlCacheBehavior [ RunTime:0.000680s ]
INFO: [ app_begin ] --END-- [ RunTime:0.001159s ]
SQL: SHOW COLUMNS FROM `qs_sqk_sys_config_def` [ RunTime:0.0037s ]
SQL: SELECT * FROM `qs_sqk_sys_config_def`  [ RunTime:0.0018s ]
SQL: SHOW COLUMNS FROM `qs_sqk_seller_info` [ RunTime:0.0048s ]
SQL: SELECT COUNT(*) AS tp_count FROM `qs_sqk_seller_info` WHERE ( status=0 ) LIMIT 1   [ RunTime:0.0016s ]
SQL: SHOW COLUMNS FROM `qs_sqk_seller_prom_info` [ RunTime:0.0041s ]
SQL: SELECT COUNT(*) AS tp_count FROM `qs_sqk_seller_prom_info` WHERE ( status=0 ) LIMIT 1   [ RunTime:0.0011s ]
SQL: SHOW COLUMNS FROM `qs_sqk_seller_complaint` [ RunTime:0.0041s ]
SQL: SELECT COUNT(*) AS tp_count FROM `qs_sqk_seller_complaint` WHERE ( status=0 ) LIMIT 1   [ RunTime:0.0011s ]

[ 2018-05-18T15:36:14+08:00 ] 127.0.0.1 /index.php/Admin/Index/getTxNum
INFO: [ app_begin ] --START--
INFO: Run Behavior\ReadHtmlCacheBehavior [ RunTime:0.001000s ]
INFO: [ app_begin ] --END-- [ RunTime:0.001683s ]
SQL: SHOW COLUMNS FROM `qs_sqk_sys_config_def` [ RunTime:0.0040s ]
SQL: SELECT * FROM `qs_sqk_sys_config_def`  [ RunTime:0.0021s ]
SQL: SHOW COLUMNS FROM `qs_sqk_seller_info` [ RunTime:0.0047s ]
SQL: SELECT COUNT(*) AS tp_count FROM `qs_sqk_seller_info` WHERE ( status=0 ) LIMIT 1   [ RunTime:0.0016s ]
SQL: SHOW COLUMNS FROM `qs_sqk_seller_prom_info` [ RunTime:0.0049s ]
SQL: SELECT COUNT(*) AS tp_count FROM `qs_sqk_seller_prom_info` WHERE ( status=0 ) LIMIT 1   [ RunTime:0.0010s ]
SQL: SHOW COLUMNS FROM `qs_sqk_seller_complaint` [ RunTime:0.0030s ]
SQL: SELECT COUNT(*) AS tp_count FROM `qs_sqk_seller_complaint` WHERE ( status=0 ) LIMIT 1   [ RunTime:0.0011s ]

[ 2018-05-18T15:39:14+08:00 ] 127.0.0.1 /index.php/Admin/Index/getTxNum
INFO: [ app_begin ] --START--
INFO: Run Behavior\ReadHtmlCacheBehavior [ RunTime:0.000602s ]
INFO: [ app_begin ] --END-- [ RunTime:0.001104s ]
SQL: SHOW COLUMNS FROM `qs_sqk_sys_config_def` [ RunTime:0.0044s ]
SQL: SELECT * FROM `qs_sqk_sys_config_def`  [ RunTime:0.0016s ]
SQL: SHOW COLUMNS FROM `qs_sqk_seller_info` [ RunTime:0.0050s ]
SQL: SELECT COUNT(*) AS tp_count FROM `qs_sqk_seller_info` WHERE ( status=0 ) LIMIT 1   [ RunTime:0.0019s ]
SQL: SHOW COLUMNS FROM `qs_sqk_seller_prom_info` [ RunTime:0.0036s ]
SQL: SELECT COUNT(*) AS tp_count FROM `qs_sqk_seller_prom_info` WHERE ( status=0 ) LIMIT 1   [ RunTime:0.0011s ]
SQL: SHOW COLUMNS FROM `qs_sqk_seller_complaint` [ RunTime:0.0030s ]
SQL: SELECT COUNT(*) AS tp_count FROM `qs_sqk_seller_complaint` WHERE ( status=0 ) LIMIT 1   [ RunTime:0.0011s ]

[ 2018-05-18T15:42:14+08:00 ] 127.0.0.1 /index.php/Admin/Index/getTxNum
INFO: [ app_begin ] --START--
INFO: Run Behavior\ReadHtmlCacheBehavior [ RunTime:0.000606s ]
INFO: [ app_begin ] --END-- [ RunTime:0.001043s ]
SQL: SHOW COLUMNS FROM `qs_sqk_sys_config_def` [ RunTime:0.0044s ]
SQL: SELECT * FROM `qs_sqk_sys_config_def`  [ RunTime:0.0018s ]
SQL: SHOW COLUMNS FROM `qs_sqk_seller_info` [ RunTime:0.0052s ]
SQL: SELECT COUNT(*) AS tp_count FROM `qs_sqk_seller_info` WHERE ( status=0 ) LIMIT 1   [ RunTime:0.0014s ]
SQL: SHOW COLUMNS FROM `qs_sqk_seller_prom_info` [ RunTime:0.0044s ]
SQL: SELECT COUNT(*) AS tp_count FROM `qs_sqk_seller_prom_info` WHERE ( status=0 ) LIMIT 1   [ RunTime:0.0011s ]
SQL: SHOW COLUMNS FROM `qs_sqk_seller_complaint` [ RunTime:0.0035s ]
SQL: SELECT COUNT(*) AS tp_count FROM `qs_sqk_seller_complaint` WHERE ( status=0 ) LIMIT 1   [ RunTime:0.0011s ]

[ 2018-05-18T15:45:14+08:00 ] 127.0.0.1 /index.php/Admin/Index/getTxNum
INFO: [ app_begin ] --START--
INFO: Run Behavior\ReadHtmlCacheBehavior [ RunTime:0.000784s ]
INFO: [ app_begin ] --END-- [ RunTime:0.001315s ]
SQL: SHOW COLUMNS FROM `qs_sqk_sys_config_def` [ RunTime:0.0048s ]
SQL: SELECT * FROM `qs_sqk_sys_config_def`  [ RunTime:0.0018s ]
SQL: SHOW COLUMNS FROM `qs_sqk_seller_info` [ RunTime:0.0046s ]
SQL: SELECT COUNT(*) AS tp_count FROM `qs_sqk_seller_info` WHERE ( status=0 ) LIMIT 1   [ RunTime:0.0012s ]
SQL: SHOW COLUMNS FROM `qs_sqk_seller_prom_info` [ RunTime:0.0041s ]
SQL: SELECT COUNT(*) AS tp_count FROM `qs_sqk_seller_prom_info` WHERE ( status=0 ) LIMIT 1   [ RunTime:0.0010s ]
SQL: SHOW COLUMNS FROM `qs_sqk_seller_complaint` [ RunTime:0.0036s ]
SQL: SELECT COUNT(*) AS tp_count FROM `qs_sqk_seller_complaint` WHERE ( status=0 ) LIMIT 1   [ RunTime:0.0011s ]

[ 2018-05-18T15:48:14+08:00 ] 127.0.0.1 /index.php/Admin/Index/getTxNum
INFO: [ app_begin ] --START--
INFO: Run Behavior\ReadHtmlCacheBehavior [ RunTime:0.000776s ]
INFO: [ app_begin ] --END-- [ RunTime:0.001304s ]
SQL: SHOW COLUMNS FROM `qs_sqk_sys_config_def` [ RunTime:0.0047s ]
SQL: SELECT * FROM `qs_sqk_sys_config_def`  [ RunTime:0.0020s ]
SQL: SHOW COLUMNS FROM `qs_sqk_seller_info` [ RunTime:0.0047s ]
SQL: SELECT COUNT(*) AS tp_count FROM `qs_sqk_seller_info` WHERE ( status=0 ) LIMIT 1   [ RunTime:0.0012s ]
SQL: SHOW COLUMNS FROM `qs_sqk_seller_prom_info` [ RunTime:0.0039s ]
SQL: SELECT COUNT(*) AS tp_count FROM `qs_sqk_seller_prom_info` WHERE ( status=0 ) LIMIT 1   [ RunTime:0.0012s ]
SQL: SHOW COLUMNS FROM `qs_sqk_seller_complaint` [ RunTime:0.0037s ]
SQL: SELECT COUNT(*) AS tp_count FROM `qs_sqk_seller_complaint` WHERE ( status=0 ) LIMIT 1   [ RunTime:0.0011s ]

[ 2018-05-18T15:51:14+08:00 ] 127.0.0.1 /index.php/Admin/Index/getTxNum
INFO: [ app_begin ] --START--
INFO: Run Behavior\ReadHtmlCacheBehavior [ RunTime:0.000775s ]
INFO: [ app_begin ] --END-- [ RunTime:0.001310s ]
SQL: SHOW COLUMNS FROM `qs_sqk_sys_config_def` [ RunTime:0.0039s ]
SQL: SELECT * FROM `qs_sqk_sys_config_def`  [ RunTime:0.0018s ]
SQL: SHOW COLUMNS FROM `qs_sqk_seller_info` [ RunTime:0.0052s ]
SQL: SELECT COUNT(*) AS tp_count FROM `qs_sqk_seller_info` WHERE ( status=0 ) LIMIT 1   [ RunTime:0.0014s ]
SQL: SHOW COLUMNS FROM `qs_sqk_seller_prom_info` [ RunTime:0.0047s ]
SQL: SELECT COUNT(*) AS tp_count FROM `qs_sqk_seller_prom_info` WHERE ( status=0 ) LIMIT 1   [ RunTime:0.0011s ]
SQL: SHOW COLUMNS FROM `qs_sqk_seller_complaint` [ RunTime:0.0029s ]
SQL: SELECT COUNT(*) AS tp_count FROM `qs_sqk_seller_complaint` WHERE ( status=0 ) LIMIT 1   [ RunTime:0.0012s ]

[ 2018-05-18T15:54:14+08:00 ] 127.0.0.1 /index.php/Admin/Index/getTxNum
INFO: [ app_begin ] --START--
INFO: Run Behavior\ReadHtmlCacheBehavior [ RunTime:0.000879s ]
INFO: [ app_begin ] --END-- [ RunTime:0.001487s ]
SQL: SHOW COLUMNS FROM `qs_sqk_sys_config_def` [ RunTime:0.0208s ]
SQL: SELECT * FROM `qs_sqk_sys_config_def`  [ RunTime:0.0196s ]
SQL: SHOW COLUMNS FROM `qs_sqk_seller_info` [ RunTime:0.0214s ]
SQL: SELECT COUNT(*) AS tp_count FROM `qs_sqk_seller_info` WHERE ( status=0 ) LIMIT 1   [ RunTime:0.0190s ]
SQL: SHOW COLUMNS FROM `qs_sqk_seller_prom_info` [ RunTime:0.0220s ]
SQL: SELECT COUNT(*) AS tp_count FROM `qs_sqk_seller_prom_info` WHERE ( status=0 ) LIMIT 1   [ RunTime:0.0169s ]
SQL: SHOW COLUMNS FROM `qs_sqk_seller_complaint` [ RunTime:0.0218s ]
SQL: SELECT COUNT(*) AS tp_count FROM `qs_sqk_seller_complaint` WHERE ( status=0 ) LIMIT 1   [ RunTime:0.0176s ]

[ 2018-05-18T15:57:14+08:00 ] 127.0.0.1 /index.php/Admin/Index/getTxNum
INFO: [ app_begin ] --START--
INFO: Run Behavior\ReadHtmlCacheBehavior [ RunTime:0.000603s ]
INFO: [ app_begin ] --END-- [ RunTime:0.001064s ]
SQL: SHOW COLUMNS FROM `qs_sqk_sys_config_def` [ RunTime:0.0040s ]
SQL: SELECT * FROM `qs_sqk_sys_config_def`  [ RunTime:0.0020s ]
SQL: SHOW COLUMNS FROM `qs_sqk_seller_info` [ RunTime:0.0045s ]
SQL: SELECT COUNT(*) AS tp_count FROM `qs_sqk_seller_info` WHERE ( status=0 ) LIMIT 1   [ RunTime:0.0013s ]
SQL: SHOW COLUMNS FROM `qs_sqk_seller_prom_info` [ RunTime:0.0046s ]
SQL: SELECT COUNT(*) AS tp_count FROM `qs_sqk_seller_prom_info` WHERE ( status=0 ) LIMIT 1   [ RunTime:0.0023s ]
SQL: SHOW COLUMNS FROM `qs_sqk_seller_complaint` [ RunTime:0.0037s ]
SQL: SELECT COUNT(*) AS tp_count FROM `qs_sqk_seller_complaint` WHERE ( status=0 ) LIMIT 1   [ RunTime:0.0010s ]

[ 2018-05-18T16:00:14+08:00 ] 127.0.0.1 /index.php/Admin/Index/getTxNum
INFO: [ app_begin ] --START--
INFO: Run Behavior\ReadHtmlCacheBehavior [ RunTime:0.000621s ]
INFO: [ app_begin ] --END-- [ RunTime:0.001050s ]
SQL: SHOW COLUMNS FROM `qs_sqk_sys_config_def` [ RunTime:0.0050s ]
SQL: SELECT * FROM `qs_sqk_sys_config_def`  [ RunTime:0.0020s ]
SQL: SHOW COLUMNS FROM `qs_sqk_seller_info` [ RunTime:0.0048s ]
SQL: SELECT COUNT(*) AS tp_count FROM `qs_sqk_seller_info` WHERE ( status=0 ) LIMIT 1   [ RunTime:0.0013s ]
SQL: SHOW COLUMNS FROM `qs_sqk_seller_prom_info` [ RunTime:0.0044s ]
SQL: SELECT COUNT(*) AS tp_count FROM `qs_sqk_seller_prom_info` WHERE ( status=0 ) LIMIT 1   [ RunTime:0.0010s ]
SQL: SHOW COLUMNS FROM `qs_sqk_seller_complaint` [ RunTime:0.0033s ]
SQL: SELECT COUNT(*) AS tp_count FROM `qs_sqk_seller_complaint` WHERE ( status=0 ) LIMIT 1   [ RunTime:0.0012s ]

[ 2018-05-18T16:03:14+08:00 ] 127.0.0.1 /index.php/Admin/Index/getTxNum
INFO: [ app_begin ] --START--
INFO: Run Behavior\ReadHtmlCacheBehavior [ RunTime:0.001003s ]
INFO: [ app_begin ] --END-- [ RunTime:0.001706s ]
SQL: SHOW COLUMNS FROM `qs_sqk_sys_config_def` [ RunTime:0.0041s ]
SQL: SELECT * FROM `qs_sqk_sys_config_def`  [ RunTime:0.0021s ]
SQL: SHOW COLUMNS FROM `qs_sqk_seller_info` [ RunTime:0.0047s ]
SQL: SELECT COUNT(*) AS tp_count FROM `qs_sqk_seller_info` WHERE ( status=0 ) LIMIT 1   [ RunTime:0.0022s ]
SQL: SHOW COLUMNS FROM `qs_sqk_seller_prom_info` [ RunTime:0.0046s ]
SQL: SELECT COUNT(*) AS tp_count FROM `qs_sqk_seller_prom_info` WHERE ( status=0 ) LIMIT 1   [ RunTime:0.0014s ]
SQL: SHOW COLUMNS FROM `qs_sqk_seller_complaint` [ RunTime:0.0030s ]
SQL: SELECT COUNT(*) AS tp_count FROM `qs_sqk_seller_complaint` WHERE ( status=0 ) LIMIT 1   [ RunTime:0.0010s ]

[ 2018-05-18T16:06:14+08:00 ] 127.0.0.1 /index.php/Admin/Index/getTxNum
INFO: [ app_begin ] --START--
INFO: Run Behavior\ReadHtmlCacheBehavior [ RunTime:0.000824s ]
INFO: [ app_begin ] --END-- [ RunTime:0.001387s ]
SQL: SHOW COLUMNS FROM `qs_sqk_sys_config_def` [ RunTime:0.0042s ]
SQL: SELECT * FROM `qs_sqk_sys_config_def`  [ RunTime:0.0021s ]
SQL: SHOW COLUMNS FROM `qs_sqk_seller_info` [ RunTime:0.0044s ]
SQL: SELECT COUNT(*) AS tp_count FROM `qs_sqk_seller_info` WHERE ( status=0 ) LIMIT 1   [ RunTime:0.0012s ]
SQL: SHOW COLUMNS FROM `qs_sqk_seller_prom_info` [ RunTime:0.0051s ]
SQL: SELECT COUNT(*) AS tp_count FROM `qs_sqk_seller_prom_info` WHERE ( status=0 ) LIMIT 1   [ RunTime:0.0011s ]
SQL: SHOW COLUMNS FROM `qs_sqk_seller_complaint` [ RunTime:0.0033s ]
SQL: SELECT COUNT(*) AS tp_count FROM `qs_sqk_seller_complaint` WHERE ( status=0 ) LIMIT 1   [ RunTime:0.0011s ]

[ 2018-05-18T16:09:14+08:00 ] 127.0.0.1 /index.php/Admin/Index/getTxNum
INFO: [ app_begin ] --START--
INFO: Run Behavior\ReadHtmlCacheBehavior [ RunTime:0.001246s ]
INFO: [ app_begin ] --END-- [ RunTime:0.002035s ]
SQL: SHOW COLUMNS FROM `qs_sqk_sys_config_def` [ RunTime:0.0057s ]
SQL: SELECT * FROM `qs_sqk_sys_config_def`  [ RunTime:0.0021s ]
SQL: SHOW COLUMNS FROM `qs_sqk_seller_info` [ RunTime:0.0041s ]
SQL: SELECT COUNT(*) AS tp_count FROM `qs_sqk_seller_info` WHERE ( status=0 ) LIMIT 1   [ RunTime:0.0011s ]
SQL: SHOW COLUMNS FROM `qs_sqk_seller_prom_info` [ RunTime:0.0051s ]
SQL: SELECT COUNT(*) AS tp_count FROM `qs_sqk_seller_prom_info` WHERE ( status=0 ) LIMIT 1   [ RunTime:0.0009s ]
SQL: SHOW COLUMNS FROM `qs_sqk_seller_complaint` [ RunTime:0.0029s ]
SQL: SELECT COUNT(*) AS tp_count FROM `qs_sqk_seller_complaint` WHERE ( status=0 ) LIMIT 1   [ RunTime:0.0010s ]

[ 2018-05-18T16:12:14+08:00 ] 127.0.0.1 /index.php/Admin/Index/getTxNum
INFO: [ app_begin ] --START--
INFO: Run Behavior\ReadHtmlCacheBehavior [ RunTime:0.001158s ]
INFO: [ app_begin ] --END-- [ RunTime:0.001956s ]
SQL: SHOW COLUMNS FROM `qs_sqk_sys_config_def` [ RunTime:0.0044s ]
SQL: SELECT * FROM `qs_sqk_sys_config_def`  [ RunTime:0.0019s ]
SQL: SHOW COLUMNS FROM `qs_sqk_seller_info` [ RunTime:0.0048s ]
SQL: SELECT COUNT(*) AS tp_count FROM `qs_sqk_seller_info` WHERE ( status=0 ) LIMIT 1   [ RunTime:0.0012s ]
SQL: SHOW COLUMNS FROM `qs_sqk_seller_prom_info` [ RunTime:0.0044s ]
SQL: SELECT COUNT(*) AS tp_count FROM `qs_sqk_seller_prom_info` WHERE ( status=0 ) LIMIT 1   [ RunTime:0.0011s ]
SQL: SHOW COLUMNS FROM `qs_sqk_seller_complaint` [ RunTime:0.0042s ]
SQL: SELECT COUNT(*) AS tp_count FROM `qs_sqk_seller_complaint` WHERE ( status=0 ) LIMIT 1   [ RunTime:0.0012s ]

